<?xml version="1.0" encoding="UTF-8"?>
<coverage generated="1726288649003" clover="3.2.0">
  <project timestamp="1726288649003" name="All files">
    <metrics statements="382" coveredstatements="382" conditionals="66" coveredconditionals="65" methods="33" coveredmethods="33" elements="481" coveredelements="480" complexity="0" loc="382" ncloc="382" packages="1" files="4" classes="4"/>
    <file name="index.ts" path="C:\@turtlefly\Code\medama\packages\medama\src\index.ts">
      <metrics statements="2" coveredstatements="2" conditionals="1" coveredconditionals="1" methods="1" coveredmethods="1"/>
      <line num="1" count="1" type="cond" truecount="1" falsecount="0"/>
      <line num="2" count="1" type="stmt"/>
    </file>
    <file name="medama.ts" path="C:\@turtlefly\Code\medama\packages\medama\src\medama.ts">
      <metrics statements="69" coveredstatements="69" conditionals="15" coveredconditionals="14" methods="8" coveredmethods="8"/>
      <line num="1" count="1" type="stmt"/>
      <line num="2" count="1" type="stmt"/>
      <line num="3" count="1" type="stmt"/>
      <line num="4" count="1" type="stmt"/>
      <line num="5" count="1" type="stmt"/>
      <line num="6" count="1" type="stmt"/>
      <line num="7" count="1" type="stmt"/>
      <line num="8" count="1" type="stmt"/>
      <line num="9" count="1" type="stmt"/>
      <line num="10" count="1" type="stmt"/>
      <line num="11" count="1" type="stmt"/>
      <line num="12" count="1" type="stmt"/>
      <line num="13" count="1" type="stmt"/>
      <line num="14" count="1" type="cond" truecount="1" falsecount="0"/>
      <line num="15" count="47" type="stmt"/>
      <line num="16" count="47" type="stmt"/>
      <line num="17" count="47" type="stmt"/>
      <line num="18" count="47" type="stmt"/>
      <line num="19" count="47" type="cond" truecount="1" falsecount="0"/>
      <line num="20" count="46" type="stmt"/>
      <line num="21" count="46" type="stmt"/>
      <line num="22" count="46" type="stmt"/>
      <line num="23" count="46" type="cond" truecount="1" falsecount="0"/>
      <line num="24" count="68" type="stmt"/>
      <line num="25" count="46" type="stmt"/>
      <line num="26" count="46" type="stmt"/>
      <line num="27" count="46" type="stmt"/>
      <line num="28" count="46" type="stmt"/>
      <line num="29" count="46" type="stmt"/>
      <line num="30" count="47" type="stmt"/>
      <line num="31" count="47" type="stmt"/>
      <line num="32" count="47" type="cond" truecount="1" falsecount="0"/>
      <line num="33" count="47" type="stmt"/>
      <line num="34" count="47" type="cond" truecount="1" falsecount="0"/>
      <line num="35" count="162" type="stmt"/>
      <line num="36" count="162" type="cond" truecount="2" falsecount="0"/>
      <line num="37" count="162" type="stmt"/>
      <line num="38" count="162" type="stmt"/>
      <line num="39" count="162" type="stmt"/>
      <line num="40" count="162" type="stmt"/>
      <line num="41" count="47" type="stmt"/>
      <line num="42" count="47" type="stmt"/>
      <line num="43" count="47" type="cond" truecount="1" falsecount="0"/>
      <line num="44" count="23" type="stmt"/>
      <line num="45" count="23" type="stmt"/>
      <line num="46" count="23" type="stmt"/>
      <line num="47" count="23" type="stmt"/>
      <line num="48" count="47" type="stmt"/>
      <line num="49" count="47" type="stmt"/>
      <line num="50" count="47" type="stmt"/>
      <line num="51" count="47" type="stmt"/>
      <line num="52" count="47" type="stmt"/>
      <line num="53" count="47" type="stmt"/>
      <line num="54" count="1" type="stmt"/>
      <line num="55" count="1" type="cond" truecount="1" falsecount="0"/>
      <line num="56" count="46" type="stmt"/>
      <line num="57" count="46" type="stmt"/>
      <line num="58" count="46" type="cond" truecount="1" falsecount="0"/>
      <line num="59" count="18" type="cond" truecount="0" falsecount="1"/>
      <line num="60" count="18" type="stmt"/>
      <line num="61" count="46" type="stmt"/>
      <line num="62" count="46" type="stmt"/>
      <line num="63" count="46" type="cond" truecount="1" falsecount="0"/>
      <line num="64" count="68" type="cond" truecount="3" falsecount="0"/>
      <line num="65" count="68" type="stmt"/>
      <line num="66" count="46" type="stmt"/>
      <line num="67" count="46" type="stmt"/>
      <line num="68" count="46" type="stmt"/>
      <line num="69" count="46" type="stmt"/>
    </file>
    <file name="selectorStore.ts" path="C:\@turtlefly\Code\medama\packages\medama\src\selectorStore.ts">
      <metrics statements="134" coveredstatements="134" conditionals="19" coveredconditionals="19" methods="9" coveredmethods="9"/>
      <line num="1" count="1" type="stmt"/>
      <line num="2" count="1" type="stmt"/>
      <line num="3" count="1" type="stmt"/>
      <line num="4" count="1" type="stmt"/>
      <line num="5" count="1" type="stmt"/>
      <line num="6" count="1" type="stmt"/>
      <line num="7" count="1" type="stmt"/>
      <line num="8" count="1" type="stmt"/>
      <line num="9" count="1" type="cond" truecount="1" falsecount="0"/>
      <line num="10" count="71" type="stmt"/>
      <line num="11" count="71" type="stmt"/>
      <line num="12" count="71" type="stmt"/>
      <line num="13" count="71" type="stmt"/>
      <line num="14" count="71" type="stmt"/>
      <line num="15" count="71" type="stmt"/>
      <line num="16" count="71" type="stmt"/>
      <line num="17" count="71" type="cond" truecount="1" falsecount="0"/>
      <line num="18" count="317" type="stmt"/>
      <line num="19" count="317" type="cond" truecount="2" falsecount="0"/>
      <line num="20" count="317" type="stmt"/>
      <line num="21" count="317" type="stmt"/>
      <line num="22" count="317" type="stmt"/>
      <line num="23" count="317" type="stmt"/>
      <line num="24" count="317" type="stmt"/>
      <line num="25" count="71" type="stmt"/>
      <line num="26" count="71" type="stmt"/>
      <line num="27" count="71" type="cond" truecount="1" falsecount="0"/>
      <line num="28" count="246" type="stmt"/>
      <line num="29" count="246" type="stmt"/>
      <line num="30" count="246" type="stmt"/>
      <line num="31" count="71" type="stmt"/>
      <line num="32" count="71" type="stmt"/>
      <line num="33" count="71" type="cond" truecount="1" falsecount="0"/>
      <line num="34" count="71" type="stmt"/>
      <line num="35" count="71" type="stmt"/>
      <line num="36" count="71" type="stmt"/>
      <line num="37" count="71" type="stmt"/>
      <line num="38" count="71" type="stmt"/>
      <line num="39" count="71" type="stmt"/>
      <line num="40" count="71" type="cond" truecount="2" falsecount="0"/>
      <line num="41" count="71" type="stmt"/>
      <line num="42" count="71" type="stmt"/>
      <line num="43" count="71" type="stmt"/>
      <line num="44" count="71" type="stmt"/>
      <line num="45" count="1" type="stmt"/>
      <line num="46" count="1" type="stmt"/>
      <line num="47" count="1" type="stmt"/>
      <line num="48" count="1" type="stmt"/>
      <line num="49" count="1" type="stmt"/>
      <line num="50" count="1" type="stmt"/>
      <line num="51" count="1" type="stmt"/>
      <line num="52" count="1" type="stmt"/>
      <line num="53" count="1" type="stmt"/>
      <line num="54" count="1" type="stmt"/>
      <line num="55" count="1" type="stmt"/>
      <line num="56" count="1" type="stmt"/>
      <line num="57" count="1" type="stmt"/>
      <line num="58" count="1" type="cond" truecount="1" falsecount="0"/>
      <line num="59" count="273" type="stmt"/>
      <line num="60" count="273" type="stmt"/>
      <line num="61" count="273" type="stmt"/>
      <line num="62" count="273" type="stmt"/>
      <line num="63" count="273" type="stmt"/>
      <line num="64" count="273" type="stmt"/>
      <line num="65" count="273" type="stmt"/>
      <line num="66" count="273" type="stmt"/>
      <line num="67" count="273" type="stmt"/>
      <line num="68" count="273" type="stmt"/>
      <line num="69" count="273" type="stmt"/>
      <line num="70" count="273" type="stmt"/>
      <line num="71" count="273" type="stmt"/>
      <line num="72" count="273" type="stmt"/>
      <line num="73" count="273" type="stmt"/>
      <line num="74" count="273" type="stmt"/>
      <line num="75" count="273" type="stmt"/>
      <line num="76" count="273" type="stmt"/>
      <line num="77" count="273" type="stmt"/>
      <line num="78" count="273" type="cond" truecount="1" falsecount="0"/>
      <line num="79" count="273" type="stmt"/>
      <line num="80" count="273" type="cond" truecount="1" falsecount="0"/>
      <line num="81" count="73" type="stmt"/>
      <line num="82" count="73" type="stmt"/>
      <line num="83" count="73" type="cond" truecount="1" falsecount="0"/>
      <line num="84" count="37" type="stmt"/>
      <line num="85" count="73" type="stmt"/>
      <line num="86" count="273" type="stmt"/>
      <line num="87" count="273" type="stmt"/>
      <line num="88" count="273" type="cond" truecount="1" falsecount="0"/>
      <line num="89" count="326" type="stmt"/>
      <line num="90" count="326" type="stmt"/>
      <line num="91" count="326" type="stmt"/>
      <line num="92" count="326" type="stmt"/>
      <line num="93" count="326" type="stmt"/>
      <line num="94" count="326" type="stmt"/>
      <line num="95" count="326" type="cond" truecount="1" falsecount="0"/>
      <line num="96" count="15" type="stmt"/>
      <line num="97" count="15" type="stmt"/>
      <line num="98" count="15" type="stmt"/>
      <line num="99" count="326" type="stmt"/>
      <line num="100" count="326" type="cond" truecount="1" falsecount="0"/>
      <line num="101" count="326" type="stmt"/>
      <line num="102" count="326" type="stmt"/>
      <line num="103" count="326" type="stmt"/>
      <line num="104" count="273" type="stmt"/>
      <line num="105" count="273" type="stmt"/>
      <line num="106" count="273" type="stmt"/>
      <line num="107" count="273" type="stmt"/>
      <line num="108" count="273" type="stmt"/>
      <line num="109" count="273" type="stmt"/>
      <line num="110" count="273" type="stmt"/>
      <line num="111" count="273" type="cond" truecount="1" falsecount="0"/>
      <line num="112" count="206" type="stmt"/>
      <line num="113" count="206" type="stmt"/>
      <line num="114" count="206" type="stmt"/>
      <line num="115" count="206" type="cond" truecount="1" falsecount="0"/>
      <line num="116" count="128" type="stmt"/>
      <line num="117" count="128" type="stmt"/>
      <line num="118" count="128" type="stmt"/>
      <line num="119" count="128" type="stmt"/>
      <line num="120" count="128" type="stmt"/>
      <line num="121" count="78" type="cond" truecount="1" falsecount="0"/>
      <line num="122" count="78" type="stmt"/>
      <line num="123" count="78" type="stmt"/>
      <line num="124" count="78" type="cond" truecount="1" falsecount="0"/>
      <line num="125" count="83" type="stmt"/>
      <line num="126" count="78" type="stmt"/>
      <line num="127" count="78" type="stmt"/>
      <line num="128" count="78" type="stmt"/>
      <line num="129" count="273" type="stmt"/>
      <line num="130" count="273" type="stmt"/>
      <line num="131" count="273" type="stmt"/>
      <line num="132" count="273" type="stmt"/>
      <line num="133" count="273" type="stmt"/>
      <line num="134" count="273" type="stmt"/>
    </file>
    <file name="state.ts" path="C:\@turtlefly\Code\medama\packages\medama\src\state.ts">
      <metrics statements="177" coveredstatements="177" conditionals="31" coveredconditionals="31" methods="15" coveredmethods="15"/>
      <line num="1" count="1" type="stmt"/>
      <line num="2" count="1" type="stmt"/>
      <line num="3" count="1" type="stmt"/>
      <line num="4" count="1" type="stmt"/>
      <line num="5" count="1" type="stmt"/>
      <line num="6" count="1" type="stmt"/>
      <line num="7" count="1" type="stmt"/>
      <line num="8" count="1" type="stmt"/>
      <line num="9" count="1" type="stmt"/>
      <line num="10" count="1" type="stmt"/>
      <line num="11" count="1" type="stmt"/>
      <line num="12" count="1" type="stmt"/>
      <line num="13" count="1" type="stmt"/>
      <line num="14" count="1" type="stmt"/>
      <line num="15" count="1" type="stmt"/>
      <line num="16" count="1" type="stmt"/>
      <line num="17" count="1" type="stmt"/>
      <line num="18" count="1" type="stmt"/>
      <line num="19" count="1" type="stmt"/>
      <line num="20" count="1" type="stmt"/>
      <line num="21" count="1" type="stmt"/>
      <line num="22" count="1" type="stmt"/>
      <line num="23" count="1" type="cond" truecount="1" falsecount="0"/>
      <line num="24" count="72" type="stmt"/>
      <line num="25" count="72" type="stmt"/>
      <line num="26" count="72" type="stmt"/>
      <line num="27" count="72" type="stmt"/>
      <line num="28" count="72" type="stmt"/>
      <line num="29" count="72" type="stmt"/>
      <line num="30" count="72" type="stmt"/>
      <line num="31" count="72" type="stmt"/>
      <line num="32" count="72" type="stmt"/>
      <line num="33" count="72" type="stmt"/>
      <line num="34" count="72" type="stmt"/>
      <line num="35" count="72" type="stmt"/>
      <line num="36" count="72" type="stmt"/>
      <line num="37" count="72" type="stmt"/>
      <line num="38" count="72" type="stmt"/>
      <line num="39" count="72" type="stmt"/>
      <line num="40" count="72" type="stmt"/>
      <line num="41" count="72" type="cond" truecount="1" falsecount="0"/>
      <line num="42" count="773" type="stmt"/>
      <line num="43" count="773" type="cond" truecount="1" falsecount="0"/>
      <line num="44" count="72" type="stmt"/>
      <line num="45" count="72" type="stmt"/>
      <line num="46" count="72" type="cond" truecount="1" falsecount="0"/>
      <line num="47" count="565" type="stmt"/>
      <line num="48" count="565" type="stmt"/>
      <line num="49" count="565" type="stmt"/>
      <line num="50" count="72" type="stmt"/>
      <line num="51" count="72" type="stmt"/>
      <line num="52" count="72" type="cond" truecount="1" falsecount="0"/>
      <line num="53" count="72" type="cond" truecount="1" falsecount="0"/>
      <line num="54" count="72" type="stmt"/>
      <line num="55" count="72" type="cond" truecount="1" falsecount="0"/>
      <line num="56" count="175" type="cond" truecount="1" falsecount="0"/>
      <line num="57" count="175" type="stmt"/>
      <line num="58" count="175" type="stmt"/>
      <line num="59" count="175" type="stmt"/>
      <line num="60" count="175" type="stmt"/>
      <line num="61" count="72" type="stmt"/>
      <line num="62" count="72" type="stmt"/>
      <line num="63" count="72" type="cond" truecount="1" falsecount="0"/>
      <line num="64" count="282" type="stmt"/>
      <line num="65" count="282" type="stmt"/>
      <line num="66" count="282" type="stmt"/>
      <line num="67" count="72" type="stmt"/>
      <line num="68" count="72" type="stmt"/>
      <line num="69" count="72" type="stmt"/>
      <line num="70" count="72" type="stmt"/>
      <line num="71" count="72" type="stmt"/>
      <line num="72" count="72" type="stmt"/>
      <line num="73" count="72" type="stmt"/>
      <line num="74" count="72" type="stmt"/>
      <line num="75" count="72" type="stmt"/>
      <line num="76" count="72" type="stmt"/>
      <line num="77" count="72" type="stmt"/>
      <line num="78" count="72" type="cond" truecount="1" falsecount="0"/>
      <line num="79" count="533" type="stmt"/>
      <line num="80" count="533" type="stmt"/>
      <line num="81" count="533" type="stmt"/>
      <line num="82" count="533" type="cond" truecount="1" falsecount="0"/>
      <line num="83" count="395" type="cond" truecount="2" falsecount="0"/>
      <line num="84" count="395" type="stmt"/>
      <line num="85" count="395" type="stmt"/>
      <line num="86" count="528" type="cond" truecount="1" falsecount="0"/>
      <line num="87" count="528" type="stmt"/>
      <line num="88" count="72" type="stmt"/>
      <line num="89" count="72" type="stmt"/>
      <line num="90" count="72" type="cond" truecount="1" falsecount="0"/>
      <line num="91" count="240" type="stmt"/>
      <line num="92" count="240" type="stmt"/>
      <line num="93" count="240" type="stmt"/>
      <line num="94" count="240" type="stmt"/>
      <line num="95" count="240" type="stmt"/>
      <line num="96" count="240" type="cond" truecount="2" falsecount="0"/>
      <line num="97" count="240" type="stmt"/>
      <line num="98" count="240" type="stmt"/>
      <line num="99" count="72" type="stmt"/>
      <line num="100" count="72" type="stmt"/>
      <line num="101" count="72" type="stmt"/>
      <line num="102" count="72" type="stmt"/>
      <line num="103" count="72" type="stmt"/>
      <line num="104" count="72" type="stmt"/>
      <line num="105" count="72" type="stmt"/>
      <line num="106" count="72" type="stmt"/>
      <line num="107" count="72" type="stmt"/>
      <line num="108" count="72" type="stmt"/>
      <line num="109" count="1" type="stmt"/>
      <line num="110" count="1" type="stmt"/>
      <line num="111" count="1" type="stmt"/>
      <line num="112" count="1" type="stmt"/>
      <line num="113" count="1" type="stmt"/>
      <line num="114" count="1" type="stmt"/>
      <line num="115" count="1" type="stmt"/>
      <line num="116" count="1" type="cond" truecount="1" falsecount="0"/>
      <line num="117" count="286" type="stmt"/>
      <line num="118" count="286" type="stmt"/>
      <line num="119" count="286" type="stmt"/>
      <line num="120" count="286" type="stmt"/>
      <line num="121" count="286" type="stmt"/>
      <line num="122" count="286" type="cond" truecount="1" falsecount="0"/>
      <line num="123" count="127" type="cond" truecount="1" falsecount="0"/>
      <line num="124" count="291" type="stmt"/>
      <line num="125" count="127" type="stmt"/>
      <line num="126" count="286" type="stmt"/>
      <line num="127" count="286" type="stmt"/>
      <line num="128" count="286" type="stmt"/>
      <line num="129" count="286" type="stmt"/>
      <line num="130" count="286" type="stmt"/>
      <line num="131" count="286" type="cond" truecount="1" falsecount="0"/>
      <line num="132" count="209" type="cond" truecount="1" falsecount="0"/>
      <line num="133" count="286" type="stmt"/>
      <line num="134" count="286" type="stmt"/>
      <line num="135" count="286" type="stmt"/>
      <line num="136" count="286" type="stmt"/>
      <line num="137" count="286" type="stmt"/>
      <line num="138" count="286" type="stmt"/>
      <line num="139" count="286" type="cond" truecount="1" falsecount="0"/>
      <line num="140" count="400" type="stmt"/>
      <line num="141" count="400" type="stmt"/>
      <line num="142" count="400" type="cond" truecount="1" falsecount="0"/>
      <line num="143" count="291" type="stmt"/>
      <line num="144" count="400" type="stmt"/>
      <line num="145" count="286" type="stmt"/>
      <line num="146" count="286" type="stmt"/>
      <line num="147" count="286" type="stmt"/>
      <line num="148" count="286" type="stmt"/>
      <line num="149" count="1" type="stmt"/>
      <line num="150" count="1" type="stmt"/>
      <line num="151" count="1" type="stmt"/>
      <line num="152" count="1" type="stmt"/>
      <line num="153" count="1" type="stmt"/>
      <line num="154" count="1" type="cond" truecount="1" falsecount="0"/>
      <line num="155" count="73" type="stmt"/>
      <line num="156" count="73" type="stmt"/>
      <line num="157" count="73" type="stmt"/>
      <line num="158" count="73" type="cond" truecount="1" falsecount="0"/>
      <line num="159" count="188" type="stmt"/>
      <line num="160" count="73" type="stmt"/>
      <line num="161" count="73" type="stmt"/>
      <line num="162" count="73" type="cond" truecount="1" falsecount="0"/>
      <line num="163" count="184" type="cond" truecount="1" falsecount="0"/>
      <line num="164" count="188" type="cond" truecount="1" falsecount="0"/>
      <line num="165" count="222" type="cond" truecount="1" falsecount="0"/>
      <line num="166" count="208" type="cond" truecount="1" falsecount="0"/>
      <line num="167" count="208" type="stmt"/>
      <line num="168" count="208" type="stmt"/>
      <line num="169" count="188" type="stmt"/>
      <line num="170" count="184" type="stmt"/>
      <line num="171" count="184" type="stmt"/>
      <line num="172" count="184" type="stmt"/>
      <line num="173" count="184" type="stmt"/>
      <line num="174" count="73" type="stmt"/>
      <line num="175" count="73" type="stmt"/>
      <line num="176" count="73" type="stmt"/>
      <line num="177" count="73" type="stmt"/>
    </file>
  </project>
</coverage>
