<?xml version="1.0" encoding="UTF-8"?>
<coverage generated="1745897425906" clover="3.2.0">
  <project timestamp="1745897425906" name="All files">
    <metrics statements="2107" coveredstatements="2107" conditionals="291" coveredconditionals="291" methods="52" coveredmethods="52" elements="2450" coveredelements="2450" complexity="0" loc="2107" ncloc="2107" packages="2" files="5" classes="5"/>
    <package name="src">
      <metrics statements="647" coveredstatements="647" conditionals="74" coveredconditionals="74" methods="35" coveredmethods="35"/>
      <file name="index.ts" path="C:\@turtlefly\Code\medama-work\packages\medama\src\index.ts">
        <metrics statements="2" coveredstatements="2" conditionals="1" coveredconditionals="1" methods="1" coveredmethods="1"/>
        <line num="1" count="2" type="cond" truecount="1" falsecount="0"/>
        <line num="2" count="2" type="stmt"/>
      </file>
      <file name="medama.ts" path="C:\@turtlefly\Code\medama-work\packages\medama\src\medama.ts">
        <metrics statements="103" coveredstatements="103" conditionals="13" coveredconditionals="13" methods="6" coveredmethods="6"/>
        <line num="1" count="2" type="stmt"/>
        <line num="2" count="2" type="stmt"/>
        <line num="3" count="2" type="stmt"/>
        <line num="4" count="2" type="stmt"/>
        <line num="5" count="2" type="stmt"/>
        <line num="6" count="2" type="stmt"/>
        <line num="7" count="2" type="stmt"/>
        <line num="8" count="2" type="stmt"/>
        <line num="9" count="2" type="stmt"/>
        <line num="10" count="2" type="stmt"/>
        <line num="11" count="2" type="stmt"/>
        <line num="12" count="2" type="stmt"/>
        <line num="13" count="2" type="stmt"/>
        <line num="14" count="2" type="cond" truecount="1" falsecount="0"/>
        <line num="15" count="622" type="stmt"/>
        <line num="16" count="622" type="stmt"/>
        <line num="17" count="622" type="stmt"/>
        <line num="18" count="622" type="stmt"/>
        <line num="19" count="622" type="stmt"/>
        <line num="20" count="622" type="stmt"/>
        <line num="21" count="622" type="stmt"/>
        <line num="22" count="622" type="stmt"/>
        <line num="23" count="622" type="stmt"/>
        <line num="24" count="622" type="stmt"/>
        <line num="25" count="622" type="stmt"/>
        <line num="26" count="622" type="stmt"/>
        <line num="27" count="622" type="stmt"/>
        <line num="28" count="622" type="stmt"/>
        <line num="29" count="622" type="stmt"/>
        <line num="30" count="622" type="stmt"/>
        <line num="31" count="622" type="stmt"/>
        <line num="32" count="622" type="stmt"/>
        <line num="33" count="622" type="stmt"/>
        <line num="34" count="622" type="stmt"/>
        <line num="35" count="622" type="stmt"/>
        <line num="36" count="622" type="stmt"/>
        <line num="37" count="622" type="stmt"/>
        <line num="38" count="622" type="stmt"/>
        <line num="39" count="622" type="cond" truecount="1" falsecount="0"/>
        <line num="40" count="358" type="stmt"/>
        <line num="41" count="358" type="stmt"/>
        <line num="42" count="622" type="stmt"/>
        <line num="43" count="622" type="stmt"/>
        <line num="44" count="622" type="cond" truecount="1" falsecount="0"/>
        <line num="45" count="570" type="stmt"/>
        <line num="46" count="570" type="stmt"/>
        <line num="47" count="570" type="stmt"/>
        <line num="48" count="570" type="stmt"/>
        <line num="49" count="570" type="stmt"/>
        <line num="50" count="570" type="stmt"/>
        <line num="51" count="570" type="stmt"/>
        <line num="52" count="570" type="stmt"/>
        <line num="53" count="570" type="stmt"/>
        <line num="54" count="570" type="stmt"/>
        <line num="55" count="570" type="stmt"/>
        <line num="56" count="570" type="stmt"/>
        <line num="57" count="570" type="cond" truecount="1" falsecount="0"/>
        <line num="58" count="136" type="stmt"/>
        <line num="59" count="136" type="stmt"/>
        <line num="60" count="136" type="stmt"/>
        <line num="61" count="136" type="stmt"/>
        <line num="62" count="622" type="stmt"/>
        <line num="63" count="622" type="stmt"/>
        <line num="64" count="622" type="cond" truecount="1" falsecount="0"/>
        <line num="65" count="674" type="stmt"/>
        <line num="66" count="674" type="stmt"/>
        <line num="67" count="674" type="cond" truecount="1" falsecount="0"/>
        <line num="68" count="62" type="stmt"/>
        <line num="69" count="62" type="stmt"/>
        <line num="70" count="62" type="stmt"/>
        <line num="71" count="62" type="stmt"/>
        <line num="72" count="622" type="stmt"/>
        <line num="73" count="622" type="stmt"/>
        <line num="74" count="622" type="cond" truecount="1" falsecount="0"/>
        <line num="75" count="1286" type="stmt"/>
        <line num="76" count="1286" type="stmt"/>
        <line num="77" count="1286" type="cond" truecount="1" falsecount="0"/>
        <line num="78" count="1274" type="cond" truecount="1" falsecount="0"/>
        <line num="79" count="1274" type="stmt"/>
        <line num="80" count="1286" type="cond" truecount="1" falsecount="0"/>
        <line num="81" count="1262" type="cond" truecount="1" falsecount="0"/>
        <line num="82" count="1262" type="stmt"/>
        <line num="83" count="1262" type="stmt"/>
        <line num="84" count="1262" type="stmt"/>
        <line num="85" count="1286" type="cond" truecount="1" falsecount="0"/>
        <line num="86" count="98" type="stmt"/>
        <line num="87" count="98" type="stmt"/>
        <line num="88" count="98" type="stmt"/>
        <line num="89" count="98" type="stmt"/>
        <line num="90" count="622" type="stmt"/>
        <line num="91" count="622" type="stmt"/>
        <line num="92" count="622" type="cond" truecount="1" falsecount="0"/>
        <line num="93" count="62" type="stmt"/>
        <line num="94" count="62" type="stmt"/>
        <line num="95" count="62" type="stmt"/>
        <line num="96" count="62" type="stmt"/>
        <line num="97" count="62" type="stmt"/>
        <line num="98" count="622" type="stmt"/>
        <line num="99" count="622" type="stmt"/>
        <line num="100" count="622" type="stmt"/>
        <line num="101" count="622" type="stmt"/>
        <line num="102" count="622" type="stmt"/>
        <line num="103" count="622" type="stmt"/>
      </file>
      <file name="selectorStore.ts" path="C:\@turtlefly\Code\medama-work\packages\medama\src\selectorStore.ts">
        <metrics statements="290" coveredstatements="290" conditionals="31" coveredconditionals="31" methods="15" coveredmethods="15"/>
        <line num="1" count="2" type="stmt"/>
        <line num="2" count="2" type="stmt"/>
        <line num="3" count="2" type="stmt"/>
        <line num="4" count="2" type="stmt"/>
        <line num="5" count="2" type="stmt"/>
        <line num="6" count="2" type="stmt"/>
        <line num="7" count="2" type="stmt"/>
        <line num="8" count="2" type="stmt"/>
        <line num="9" count="2" type="stmt"/>
        <line num="10" count="2" type="stmt"/>
        <line num="11" count="2" type="stmt"/>
        <line num="12" count="2" type="stmt"/>
        <line num="13" count="2" type="stmt"/>
        <line num="14" count="2" type="stmt"/>
        <line num="15" count="2" type="stmt"/>
        <line num="16" count="2" type="stmt"/>
        <line num="17" count="2" type="stmt"/>
        <line num="18" count="2" type="stmt"/>
        <line num="19" count="2" type="stmt"/>
        <line num="20" count="2" type="stmt"/>
        <line num="21" count="2" type="stmt"/>
        <line num="22" count="2" type="stmt"/>
        <line num="23" count="2" type="stmt"/>
        <line num="24" count="2" type="stmt"/>
        <line num="25" count="2" type="stmt"/>
        <line num="26" count="2" type="stmt"/>
        <line num="27" count="2" type="stmt"/>
        <line num="28" count="2" type="stmt"/>
        <line num="29" count="2" type="stmt"/>
        <line num="30" count="2" type="cond" truecount="1" falsecount="0"/>
        <line num="31" count="684" type="stmt"/>
        <line num="32" count="684" type="stmt"/>
        <line num="33" count="684" type="stmt"/>
        <line num="34" count="684" type="stmt"/>
        <line num="35" count="684" type="stmt"/>
        <line num="36" count="684" type="stmt"/>
        <line num="37" count="684" type="stmt"/>
        <line num="38" count="684" type="stmt"/>
        <line num="39" count="684" type="stmt"/>
        <line num="40" count="684" type="stmt"/>
        <line num="41" count="684" type="stmt"/>
        <line num="42" count="684" type="stmt"/>
        <line num="43" count="684" type="stmt"/>
        <line num="44" count="684" type="stmt"/>
        <line num="45" count="684" type="stmt"/>
        <line num="46" count="684" type="stmt"/>
        <line num="47" count="684" type="stmt"/>
        <line num="48" count="684" type="stmt"/>
        <line num="49" count="684" type="stmt"/>
        <line num="50" count="684" type="stmt"/>
        <line num="51" count="684" type="cond" truecount="1" falsecount="0"/>
        <line num="52" count="1376" type="stmt"/>
        <line num="53" count="1376" type="cond" truecount="2" falsecount="0"/>
        <line num="54" count="1376" type="stmt"/>
        <line num="55" count="1376" type="stmt"/>
        <line num="56" count="1376" type="stmt"/>
        <line num="57" count="1376" type="stmt"/>
        <line num="58" count="1376" type="stmt"/>
        <line num="59" count="684" type="stmt"/>
        <line num="60" count="684" type="stmt"/>
        <line num="61" count="684" type="stmt"/>
        <line num="62" count="684" type="stmt"/>
        <line num="63" count="684" type="stmt"/>
        <line num="64" count="684" type="stmt"/>
        <line num="65" count="684" type="stmt"/>
        <line num="66" count="684" type="stmt"/>
        <line num="67" count="684" type="stmt"/>
        <line num="68" count="684" type="stmt"/>
        <line num="69" count="684" type="cond" truecount="1" falsecount="0"/>
        <line num="70" count="674" type="stmt"/>
        <line num="71" count="674" type="stmt"/>
        <line num="72" count="674" type="stmt"/>
        <line num="73" count="684" type="stmt"/>
        <line num="74" count="684" type="stmt"/>
        <line num="75" count="684" type="stmt"/>
        <line num="76" count="684" type="stmt"/>
        <line num="77" count="684" type="stmt"/>
        <line num="78" count="684" type="stmt"/>
        <line num="79" count="684" type="stmt"/>
        <line num="80" count="684" type="stmt"/>
        <line num="81" count="684" type="stmt"/>
        <line num="82" count="684" type="stmt"/>
        <line num="83" count="684" type="stmt"/>
        <line num="84" count="684" type="stmt"/>
        <line num="85" count="684" type="stmt"/>
        <line num="86" count="684" type="cond" truecount="1" falsecount="0"/>
        <line num="87" count="570" type="stmt"/>
        <line num="88" count="570" type="stmt"/>
        <line num="89" count="570" type="stmt"/>
        <line num="90" count="570" type="stmt"/>
        <line num="91" count="570" type="stmt"/>
        <line num="92" count="570" type="stmt"/>
        <line num="93" count="570" type="cond" truecount="1" falsecount="0"/>
        <line num="94" count="702" type="stmt"/>
        <line num="95" count="702" type="stmt"/>
        <line num="96" count="702" type="stmt"/>
        <line num="97" count="702" type="stmt"/>
        <line num="98" count="702" type="stmt"/>
        <line num="99" count="702" type="cond" truecount="1" falsecount="0"/>
        <line num="100" count="702" type="cond" truecount="1" falsecount="0"/>
        <line num="101" count="702" type="stmt"/>
        <line num="102" count="702" type="stmt"/>
        <line num="103" count="570" type="stmt"/>
        <line num="104" count="570" type="stmt"/>
        <line num="105" count="570" type="stmt"/>
        <line num="106" count="570" type="stmt"/>
        <line num="107" count="570" type="cond" truecount="1" falsecount="0"/>
        <line num="108" count="300" type="cond" truecount="1" falsecount="0"/>
        <line num="109" count="300" type="stmt"/>
        <line num="110" count="570" type="stmt"/>
        <line num="111" count="570" type="stmt"/>
        <line num="112" count="570" type="cond" truecount="1" falsecount="0"/>
        <line num="113" count="132" type="stmt"/>
        <line num="114" count="132" type="stmt"/>
        <line num="115" count="570" type="stmt"/>
        <line num="116" count="570" type="stmt"/>
        <line num="117" count="570" type="stmt"/>
        <line num="118" count="684" type="stmt"/>
        <line num="119" count="684" type="stmt"/>
        <line num="120" count="684" type="stmt"/>
        <line num="121" count="684" type="stmt"/>
        <line num="122" count="2" type="stmt"/>
        <line num="123" count="2" type="stmt"/>
        <line num="124" count="2" type="stmt"/>
        <line num="125" count="2" type="stmt"/>
        <line num="126" count="2" type="stmt"/>
        <line num="127" count="2" type="stmt"/>
        <line num="128" count="2" type="stmt"/>
        <line num="129" count="2" type="stmt"/>
        <line num="130" count="2" type="stmt"/>
        <line num="131" count="2" type="stmt"/>
        <line num="132" count="2" type="stmt"/>
        <line num="133" count="2" type="stmt"/>
        <line num="134" count="2" type="stmt"/>
        <line num="135" count="2" type="stmt"/>
        <line num="136" count="2" type="stmt"/>
        <line num="137" count="2" type="stmt"/>
        <line num="138" count="2" type="stmt"/>
        <line num="139" count="2" type="stmt"/>
        <line num="140" count="2" type="stmt"/>
        <line num="141" count="2" type="stmt"/>
        <line num="142" count="2" type="cond" truecount="1" falsecount="0"/>
        <line num="143" count="1113" type="stmt"/>
        <line num="144" count="1113" type="stmt"/>
        <line num="145" count="1113" type="stmt"/>
        <line num="146" count="1113" type="stmt"/>
        <line num="147" count="1113" type="stmt"/>
        <line num="148" count="1113" type="stmt"/>
        <line num="149" count="1113" type="stmt"/>
        <line num="150" count="1113" type="stmt"/>
        <line num="151" count="1113" type="stmt"/>
        <line num="152" count="1113" type="stmt"/>
        <line num="153" count="1113" type="stmt"/>
        <line num="154" count="1113" type="stmt"/>
        <line num="155" count="1113" type="stmt"/>
        <line num="156" count="1113" type="stmt"/>
        <line num="157" count="1113" type="stmt"/>
        <line num="158" count="1113" type="stmt"/>
        <line num="159" count="1113" type="cond" truecount="1" falsecount="0"/>
        <line num="160" count="1743" type="stmt"/>
        <line num="161" count="1113" type="stmt"/>
        <line num="162" count="1113" type="stmt"/>
        <line num="163" count="1113" type="stmt"/>
        <line num="164" count="1113" type="stmt"/>
        <line num="165" count="1113" type="stmt"/>
        <line num="166" count="1113" type="stmt"/>
        <line num="167" count="1113" type="stmt"/>
        <line num="168" count="1113" type="stmt"/>
        <line num="169" count="1113" type="stmt"/>
        <line num="170" count="1113" type="stmt"/>
        <line num="171" count="1113" type="stmt"/>
        <line num="172" count="1113" type="stmt"/>
        <line num="173" count="1113" type="stmt"/>
        <line num="174" count="1113" type="stmt"/>
        <line num="175" count="1113" type="stmt"/>
        <line num="176" count="1113" type="stmt"/>
        <line num="177" count="1113" type="stmt"/>
        <line num="178" count="1113" type="stmt"/>
        <line num="179" count="1113" type="stmt"/>
        <line num="180" count="1113" type="stmt"/>
        <line num="181" count="1113" type="stmt"/>
        <line num="182" count="1113" type="stmt"/>
        <line num="183" count="1113" type="stmt"/>
        <line num="184" count="1113" type="cond" truecount="1" falsecount="0"/>
        <line num="185" count="2252" type="cond" truecount="1" falsecount="0"/>
        <line num="186" count="1076" type="cond" truecount="1" falsecount="0"/>
        <line num="187" count="1076" type="cond" truecount="1" falsecount="0"/>
        <line num="188" count="1866" type="stmt"/>
        <line num="189" count="1866" type="cond" truecount="1" falsecount="0"/>
        <line num="190" count="1076" type="stmt"/>
        <line num="191" count="1076" type="stmt"/>
        <line num="192" count="1076" type="stmt"/>
        <line num="193" count="1113" type="stmt"/>
        <line num="194" count="1113" type="stmt"/>
        <line num="195" count="1113" type="cond" truecount="1" falsecount="0"/>
        <line num="196" count="471" type="cond" truecount="1" falsecount="0"/>
        <line num="197" count="1083" type="stmt"/>
        <line num="198" count="471" type="stmt"/>
        <line num="199" count="1113" type="stmt"/>
        <line num="200" count="1113" type="stmt"/>
        <line num="201" count="1113" type="stmt"/>
        <line num="202" count="1113" type="stmt"/>
        <line num="203" count="1113" type="stmt"/>
        <line num="204" count="1113" type="stmt"/>
        <line num="205" count="1113" type="stmt"/>
        <line num="206" count="1113" type="stmt"/>
        <line num="207" count="1113" type="stmt"/>
        <line num="208" count="1113" type="stmt"/>
        <line num="209" count="1113" type="stmt"/>
        <line num="210" count="1113" type="stmt"/>
        <line num="211" count="1113" type="stmt"/>
        <line num="212" count="1113" type="stmt"/>
        <line num="213" count="1113" type="stmt"/>
        <line num="214" count="1113" type="stmt"/>
        <line num="215" count="1113" type="stmt"/>
        <line num="216" count="1113" type="stmt"/>
        <line num="217" count="1113" type="stmt"/>
        <line num="218" count="1113" type="stmt"/>
        <line num="219" count="1113" type="cond" truecount="1" falsecount="0"/>
        <line num="220" count="1904" type="cond" truecount="1" falsecount="0"/>
        <line num="221" count="728" type="stmt"/>
        <line num="222" count="728" type="stmt"/>
        <line num="223" count="728" type="stmt"/>
        <line num="224" count="1113" type="stmt"/>
        <line num="225" count="1113" type="stmt"/>
        <line num="226" count="1113" type="stmt"/>
        <line num="227" count="1113" type="stmt"/>
        <line num="228" count="1113" type="stmt"/>
        <line num="229" count="1113" type="stmt"/>
        <line num="230" count="1113" type="stmt"/>
        <line num="231" count="1113" type="stmt"/>
        <line num="232" count="1113" type="stmt"/>
        <line num="233" count="1113" type="stmt"/>
        <line num="234" count="1113" type="stmt"/>
        <line num="235" count="1113" type="stmt"/>
        <line num="236" count="1113" type="stmt"/>
        <line num="237" count="1113" type="stmt"/>
        <line num="238" count="1113" type="stmt"/>
        <line num="239" count="1113" type="stmt"/>
        <line num="240" count="1113" type="cond" truecount="1" falsecount="0"/>
        <line num="241" count="1112" type="stmt"/>
        <line num="242" count="1112" type="stmt"/>
        <line num="243" count="1112" type="cond" truecount="2" falsecount="0"/>
        <line num="244" count="471" type="stmt"/>
        <line num="245" count="471" type="stmt"/>
        <line num="246" count="471" type="stmt"/>
        <line num="247" count="471" type="stmt"/>
        <line num="248" count="471" type="stmt"/>
        <line num="249" count="641" type="cond" truecount="1" falsecount="0"/>
        <line num="250" count="641" type="stmt"/>
        <line num="251" count="641" type="stmt"/>
        <line num="252" count="641" type="cond" truecount="1" falsecount="0"/>
        <line num="253" count="654" type="stmt"/>
        <line num="254" count="641" type="stmt"/>
        <line num="255" count="1113" type="stmt"/>
        <line num="256" count="1113" type="stmt"/>
        <line num="257" count="1113" type="stmt"/>
        <line num="258" count="1113" type="stmt"/>
        <line num="259" count="1113" type="stmt"/>
        <line num="260" count="1113" type="stmt"/>
        <line num="261" count="1113" type="stmt"/>
        <line num="262" count="1113" type="stmt"/>
        <line num="263" count="1113" type="stmt"/>
        <line num="264" count="1113" type="stmt"/>
        <line num="265" count="1113" type="cond" truecount="1" falsecount="0"/>
        <line num="266" count="568" type="stmt"/>
        <line num="267" count="568" type="stmt"/>
        <line num="268" count="568" type="cond" truecount="1" falsecount="0"/>
        <line num="269" count="242" type="stmt"/>
        <line num="270" count="568" type="stmt"/>
        <line num="271" count="1113" type="stmt"/>
        <line num="272" count="1113" type="stmt"/>
        <line num="273" count="1113" type="stmt"/>
        <line num="274" count="1113" type="stmt"/>
        <line num="275" count="1113" type="stmt"/>
        <line num="276" count="1113" type="stmt"/>
        <line num="277" count="1113" type="stmt"/>
        <line num="278" count="1113" type="stmt"/>
        <line num="279" count="1113" type="cond" truecount="1" falsecount="0"/>
        <line num="280" count="1263" type="stmt"/>
        <line num="281" count="1263" type="stmt"/>
        <line num="282" count="1263" type="stmt"/>
        <line num="283" count="1263" type="stmt"/>
        <line num="284" count="1113" type="stmt"/>
        <line num="285" count="1113" type="stmt"/>
        <line num="286" count="1113" type="stmt"/>
        <line num="287" count="1113" type="stmt"/>
        <line num="288" count="1113" type="stmt"/>
        <line num="289" count="1113" type="stmt"/>
        <line num="290" count="1113" type="stmt"/>
      </file>
      <file name="state.ts" path="C:\@turtlefly\Code\medama-work\packages\medama\src\state.ts">
        <metrics statements="252" coveredstatements="252" conditionals="29" coveredconditionals="29" methods="13" coveredmethods="13"/>
        <line num="1" count="2" type="stmt"/>
        <line num="2" count="2" type="stmt"/>
        <line num="3" count="2" type="stmt"/>
        <line num="4" count="2" type="stmt"/>
        <line num="5" count="2" type="stmt"/>
        <line num="6" count="2" type="stmt"/>
        <line num="7" count="2" type="stmt"/>
        <line num="8" count="2" type="stmt"/>
        <line num="9" count="2" type="stmt"/>
        <line num="10" count="2" type="stmt"/>
        <line num="11" count="2" type="stmt"/>
        <line num="12" count="2" type="stmt"/>
        <line num="13" count="2" type="stmt"/>
        <line num="14" count="2" type="stmt"/>
        <line num="15" count="2" type="stmt"/>
        <line num="16" count="2" type="stmt"/>
        <line num="17" count="2" type="stmt"/>
        <line num="18" count="2" type="stmt"/>
        <line num="19" count="2" type="stmt"/>
        <line num="20" count="2" type="stmt"/>
        <line num="21" count="2" type="stmt"/>
        <line num="22" count="2" type="stmt"/>
        <line num="23" count="2" type="stmt"/>
        <line num="24" count="2" type="stmt"/>
        <line num="25" count="2" type="stmt"/>
        <line num="26" count="2" type="stmt"/>
        <line num="27" count="2" type="stmt"/>
        <line num="28" count="2" type="stmt"/>
        <line num="29" count="2" type="stmt"/>
        <line num="30" count="2" type="stmt"/>
        <line num="31" count="2" type="stmt"/>
        <line num="32" count="2" type="stmt"/>
        <line num="33" count="2" type="stmt"/>
        <line num="34" count="2" type="stmt"/>
        <line num="35" count="2" type="stmt"/>
        <line num="36" count="2" type="stmt"/>
        <line num="37" count="2" type="stmt"/>
        <line num="38" count="2" type="stmt"/>
        <line num="39" count="2" type="stmt"/>
        <line num="40" count="2" type="stmt"/>
        <line num="41" count="2" type="stmt"/>
        <line num="42" count="2" type="stmt"/>
        <line num="43" count="2" type="stmt"/>
        <line num="44" count="2" type="stmt"/>
        <line num="45" count="2" type="stmt"/>
        <line num="46" count="2" type="stmt"/>
        <line num="47" count="2" type="stmt"/>
        <line num="48" count="2" type="stmt"/>
        <line num="49" count="2" type="stmt"/>
        <line num="50" count="2" type="stmt"/>
        <line num="51" count="2" type="stmt"/>
        <line num="52" count="2" type="stmt"/>
        <line num="53" count="2" type="stmt"/>
        <line num="54" count="2" type="stmt"/>
        <line num="55" count="2" type="stmt"/>
        <line num="56" count="2" type="stmt"/>
        <line num="57" count="2" type="cond" truecount="1" falsecount="0"/>
        <line num="58" count="686" type="stmt"/>
        <line num="59" count="686" type="stmt"/>
        <line num="60" count="686" type="stmt"/>
        <line num="61" count="686" type="stmt"/>
        <line num="62" count="686" type="stmt"/>
        <line num="63" count="686" type="stmt"/>
        <line num="64" count="686" type="stmt"/>
        <line num="65" count="686" type="stmt"/>
        <line num="66" count="686" type="stmt"/>
        <line num="67" count="686" type="stmt"/>
        <line num="68" count="686" type="stmt"/>
        <line num="69" count="686" type="stmt"/>
        <line num="70" count="686" type="stmt"/>
        <line num="71" count="686" type="cond" truecount="1" falsecount="0"/>
        <line num="72" count="5173" type="stmt"/>
        <line num="73" count="5173" type="cond" truecount="1" falsecount="0"/>
        <line num="74" count="686" type="stmt"/>
        <line num="75" count="686" type="stmt"/>
        <line num="76" count="686" type="stmt"/>
        <line num="77" count="686" type="stmt"/>
        <line num="78" count="686" type="stmt"/>
        <line num="79" count="686" type="stmt"/>
        <line num="80" count="686" type="stmt"/>
        <line num="81" count="686" type="stmt"/>
        <line num="82" count="686" type="stmt"/>
        <line num="83" count="686" type="stmt"/>
        <line num="84" count="686" type="cond" truecount="1" falsecount="0"/>
        <line num="85" count="3129" type="stmt"/>
        <line num="86" count="3129" type="stmt"/>
        <line num="87" count="3129" type="stmt"/>
        <line num="88" count="686" type="stmt"/>
        <line num="89" count="686" type="stmt"/>
        <line num="90" count="686" type="stmt"/>
        <line num="91" count="686" type="stmt"/>
        <line num="92" count="686" type="stmt"/>
        <line num="93" count="686" type="stmt"/>
        <line num="94" count="686" type="stmt"/>
        <line num="95" count="686" type="stmt"/>
        <line num="96" count="686" type="stmt"/>
        <line num="97" count="686" type="stmt"/>
        <line num="98" count="686" type="stmt"/>
        <line num="99" count="686" type="stmt"/>
        <line num="100" count="686" type="stmt"/>
        <line num="101" count="686" type="stmt"/>
        <line num="102" count="686" type="stmt"/>
        <line num="103" count="686" type="stmt"/>
        <line num="104" count="686" type="stmt"/>
        <line num="105" count="686" type="stmt"/>
        <line num="106" count="686" type="stmt"/>
        <line num="107" count="686" type="stmt"/>
        <line num="108" count="686" type="cond" truecount="1" falsecount="0"/>
        <line num="109" count="1854" type="stmt"/>
        <line num="110" count="1854" type="stmt"/>
        <line num="111" count="1854" type="stmt"/>
        <line num="112" count="1854" type="stmt"/>
        <line num="113" count="1854" type="cond" truecount="1" falsecount="0"/>
        <line num="114" count="1854" type="stmt"/>
        <line num="115" count="1854" type="stmt"/>
        <line num="116" count="1854" type="stmt"/>
        <line num="117" count="686" type="stmt"/>
        <line num="118" count="686" type="stmt"/>
        <line num="119" count="686" type="stmt"/>
        <line num="120" count="686" type="stmt"/>
        <line num="121" count="686" type="stmt"/>
        <line num="122" count="686" type="stmt"/>
        <line num="123" count="686" type="stmt"/>
        <line num="124" count="686" type="stmt"/>
        <line num="125" count="686" type="stmt"/>
        <line num="126" count="686" type="stmt"/>
        <line num="127" count="686" type="stmt"/>
        <line num="128" count="686" type="stmt"/>
        <line num="129" count="686" type="cond" truecount="1" falsecount="0"/>
        <line num="130" count="881" type="stmt"/>
        <line num="131" count="881" type="stmt"/>
        <line num="132" count="881" type="cond" truecount="1" falsecount="0"/>
        <line num="133" count="1865" type="stmt"/>
        <line num="134" count="1865" type="stmt"/>
        <line num="135" count="1865" type="cond" truecount="1" falsecount="0"/>
        <line num="136" count="1083" type="stmt"/>
        <line num="137" count="1865" type="stmt"/>
        <line num="138" count="881" type="stmt"/>
        <line num="139" count="881" type="stmt"/>
        <line num="140" count="881" type="cond" truecount="1" falsecount="0"/>
        <line num="141" count="1325" type="stmt"/>
        <line num="142" count="881" type="stmt"/>
        <line num="143" count="881" type="stmt"/>
        <line num="144" count="881" type="stmt"/>
        <line num="145" count="686" type="stmt"/>
        <line num="146" count="686" type="stmt"/>
        <line num="147" count="686" type="stmt"/>
        <line num="148" count="686" type="stmt"/>
        <line num="149" count="686" type="stmt"/>
        <line num="150" count="686" type="stmt"/>
        <line num="151" count="686" type="stmt"/>
        <line num="152" count="686" type="stmt"/>
        <line num="153" count="686" type="stmt"/>
        <line num="154" count="686" type="stmt"/>
        <line num="155" count="686" type="stmt"/>
        <line num="156" count="686" type="cond" truecount="1" falsecount="0"/>
        <line num="157" count="1275" type="stmt"/>
        <line num="158" count="1275" type="stmt"/>
        <line num="159" count="1275" type="cond" truecount="1" falsecount="0"/>
        <line num="160" count="1275" type="cond" truecount="2" falsecount="0"/>
        <line num="161" count="1275" type="stmt"/>
        <line num="162" count="1275" type="stmt"/>
        <line num="163" count="1275" type="stmt"/>
        <line num="164" count="1275" type="stmt"/>
        <line num="165" count="1275" type="stmt"/>
        <line num="166" count="1275" type="stmt"/>
        <line num="167" count="1275" type="stmt"/>
        <line num="168" count="686" type="stmt"/>
        <line num="169" count="686" type="stmt"/>
        <line num="170" count="686" type="stmt"/>
        <line num="171" count="686" type="stmt"/>
        <line num="172" count="686" type="stmt"/>
        <line num="173" count="686" type="stmt"/>
        <line num="174" count="686" type="stmt"/>
        <line num="175" count="686" type="stmt"/>
        <line num="176" count="686" type="stmt"/>
        <line num="177" count="686" type="stmt"/>
        <line num="178" count="686" type="stmt"/>
        <line num="179" count="686" type="stmt"/>
        <line num="180" count="686" type="stmt"/>
        <line num="181" count="686" type="cond" truecount="1" falsecount="0"/>
        <line num="182" count="3538" type="stmt"/>
        <line num="183" count="3538" type="stmt"/>
        <line num="184" count="3538" type="cond" truecount="1" falsecount="0"/>
        <line num="185" count="1745" type="cond" truecount="2" falsecount="0"/>
        <line num="186" count="1745" type="stmt"/>
        <line num="187" count="1745" type="stmt"/>
        <line num="188" count="1745" type="stmt"/>
        <line num="189" count="3513" type="cond" truecount="1" falsecount="0"/>
        <line num="190" count="3513" type="stmt"/>
        <line num="191" count="686" type="stmt"/>
        <line num="192" count="686" type="stmt"/>
        <line num="193" count="686" type="cond" truecount="1" falsecount="0"/>
        <line num="194" count="1635" type="stmt"/>
        <line num="195" count="1635" type="stmt"/>
        <line num="196" count="1635" type="stmt"/>
        <line num="197" count="1635" type="stmt"/>
        <line num="198" count="1635" type="stmt"/>
        <line num="199" count="1635" type="stmt"/>
        <line num="200" count="1635" type="stmt"/>
        <line num="201" count="1635" type="cond" truecount="2" falsecount="0"/>
        <line num="202" count="1635" type="stmt"/>
        <line num="203" count="1635" type="cond" truecount="2" falsecount="0"/>
        <line num="204" count="1635" type="stmt"/>
        <line num="205" count="1635" type="stmt"/>
        <line num="206" count="686" type="stmt"/>
        <line num="207" count="686" type="stmt"/>
        <line num="208" count="686" type="stmt"/>
        <line num="209" count="686" type="stmt"/>
        <line num="210" count="686" type="stmt"/>
        <line num="211" count="686" type="stmt"/>
        <line num="212" count="686" type="stmt"/>
        <line num="213" count="686" type="stmt"/>
        <line num="214" count="686" type="stmt"/>
        <line num="215" count="686" type="stmt"/>
        <line num="216" count="686" type="stmt"/>
        <line num="217" count="686" type="stmt"/>
        <line num="218" count="686" type="stmt"/>
        <line num="219" count="2" type="stmt"/>
        <line num="220" count="2" type="stmt"/>
        <line num="221" count="2" type="stmt"/>
        <line num="222" count="2" type="stmt"/>
        <line num="223" count="2" type="stmt"/>
        <line num="224" count="2" type="stmt"/>
        <line num="225" count="2" type="stmt"/>
        <line num="226" count="2" type="stmt"/>
        <line num="227" count="2" type="stmt"/>
        <line num="228" count="2" type="stmt"/>
        <line num="229" count="2" type="stmt"/>
        <line num="230" count="2" type="stmt"/>
        <line num="231" count="2" type="cond" truecount="1" falsecount="0"/>
        <line num="232" count="687" type="stmt"/>
        <line num="233" count="687" type="stmt"/>
        <line num="234" count="687" type="stmt"/>
        <line num="235" count="687" type="stmt"/>
        <line num="236" count="687" type="stmt"/>
        <line num="237" count="687" type="cond" truecount="1" falsecount="0"/>
        <line num="238" count="1328" type="cond" truecount="1" falsecount="0"/>
        <line num="239" count="1349" type="stmt"/>
        <line num="240" count="1328" type="stmt"/>
        <line num="241" count="687" type="stmt"/>
        <line num="242" count="687" type="stmt"/>
        <line num="243" count="687" type="cond" truecount="1" falsecount="0"/>
        <line num="244" count="1282" type="cond" truecount="1" falsecount="0"/>
        <line num="245" count="1120" type="stmt"/>
        <line num="246" count="1282" type="stmt"/>
        <line num="247" count="1282" type="stmt"/>
        <line num="248" count="1282" type="stmt"/>
        <line num="249" count="687" type="stmt"/>
        <line num="250" count="687" type="stmt"/>
        <line num="251" count="687" type="stmt"/>
        <line num="252" count="687" type="stmt"/>
      </file>
    </package>
    <package name="src.__tests__">
      <metrics statements="1460" coveredstatements="1460" conditionals="217" coveredconditionals="217" methods="17" coveredmethods="17"/>
      <file name="medama.testcases.ts" path="C:\@turtlefly\Code\medama-work\packages\medama\src\__tests__\medama.testcases.ts">
        <metrics statements="1460" coveredstatements="1460" conditionals="217" coveredconditionals="217" methods="17" coveredmethods="17"/>
        <line num="1" count="1" type="stmt"/>
        <line num="2" count="1" type="stmt"/>
        <line num="3" count="1" type="stmt"/>
        <line num="4" count="1" type="stmt"/>
        <line num="5" count="1" type="stmt"/>
        <line num="6" count="1" type="cond" truecount="1" falsecount="0"/>
        <line num="7" count="2" type="stmt"/>
        <line num="8" count="2" type="stmt"/>
        <line num="9" count="2" type="cond" truecount="1" falsecount="0"/>
        <line num="10" count="2" type="cond" truecount="1" falsecount="0"/>
        <line num="11" count="2" type="stmt"/>
        <line num="12" count="2" type="stmt"/>
        <line num="13" count="2" type="stmt"/>
        <line num="14" count="2" type="stmt"/>
        <line num="15" count="2" type="stmt"/>
        <line num="16" count="2" type="stmt"/>
        <line num="17" count="2" type="stmt"/>
        <line num="18" count="2" type="stmt"/>
        <line num="19" count="2" type="stmt"/>
        <line num="20" count="2" type="stmt"/>
        <line num="21" count="2" type="stmt"/>
        <line num="22" count="2" type="stmt"/>
        <line num="23" count="2" type="stmt"/>
        <line num="24" count="2" type="stmt"/>
        <line num="25" count="2" type="stmt"/>
        <line num="26" count="2" type="cond" truecount="1" falsecount="0"/>
        <line num="27" count="62" type="stmt"/>
        <line num="28" count="62" type="stmt"/>
        <line num="29" count="62" type="stmt"/>
        <line num="30" count="62" type="stmt"/>
        <line num="31" count="2" type="stmt"/>
        <line num="32" count="2" type="stmt"/>
        <line num="33" count="2" type="stmt"/>
        <line num="34" count="2" type="stmt"/>
        <line num="35" count="2" type="stmt"/>
        <line num="36" count="2" type="cond" truecount="1" falsecount="0"/>
        <line num="37" count="62" type="stmt"/>
        <line num="38" count="62" type="stmt"/>
        <line num="39" count="62" type="cond" truecount="1" falsecount="0"/>
        <line num="40" count="62" type="cond" truecount="1" falsecount="0"/>
        <line num="41" count="62" type="stmt"/>
        <line num="42" count="62" type="stmt"/>
        <line num="43" count="62" type="stmt"/>
        <line num="44" count="62" type="stmt"/>
        <line num="45" count="62" type="stmt"/>
        <line num="46" count="2" type="stmt"/>
        <line num="47" count="2" type="stmt"/>
        <line num="48" count="2" type="stmt"/>
        <line num="49" count="2" type="stmt"/>
        <line num="50" count="2" type="stmt"/>
        <line num="51" count="2" type="cond" truecount="1" falsecount="0"/>
        <line num="52" count="62" type="stmt"/>
        <line num="53" count="62" type="stmt"/>
        <line num="54" count="62" type="cond" truecount="1" falsecount="0"/>
        <line num="55" count="62" type="stmt"/>
        <line num="56" count="62" type="cond" truecount="1" falsecount="0"/>
        <line num="57" count="62" type="stmt"/>
        <line num="58" count="62" type="stmt"/>
        <line num="59" count="62" type="stmt"/>
        <line num="60" count="62" type="stmt"/>
        <line num="61" count="62" type="stmt"/>
        <line num="62" count="62" type="stmt"/>
        <line num="63" count="62" type="stmt"/>
        <line num="64" count="62" type="stmt"/>
        <line num="65" count="2" type="stmt"/>
        <line num="66" count="2" type="stmt"/>
        <line num="67" count="2" type="stmt"/>
        <line num="68" count="2" type="stmt"/>
        <line num="69" count="2" type="stmt"/>
        <line num="70" count="2" type="cond" truecount="1" falsecount="0"/>
        <line num="71" count="62" type="stmt"/>
        <line num="72" count="62" type="stmt"/>
        <line num="73" count="62" type="cond" truecount="1" falsecount="0"/>
        <line num="74" count="62" type="stmt"/>
        <line num="75" count="62" type="cond" truecount="1" falsecount="0"/>
        <line num="76" count="62" type="stmt"/>
        <line num="77" count="62" type="cond" truecount="1" falsecount="0"/>
        <line num="78" count="62" type="stmt"/>
        <line num="79" count="62" type="stmt"/>
        <line num="80" count="62" type="stmt"/>
        <line num="81" count="62" type="stmt"/>
        <line num="82" count="62" type="stmt"/>
        <line num="83" count="62" type="stmt"/>
        <line num="84" count="2" type="stmt"/>
        <line num="85" count="2" type="stmt"/>
        <line num="86" count="2" type="stmt"/>
        <line num="87" count="2" type="stmt"/>
        <line num="88" count="2" type="stmt"/>
        <line num="89" count="2" type="cond" truecount="1" falsecount="0"/>
        <line num="90" count="62" type="stmt"/>
        <line num="91" count="62" type="stmt"/>
        <line num="92" count="62" type="stmt"/>
        <line num="93" count="62" type="cond" truecount="1" falsecount="0"/>
        <line num="94" count="62" type="stmt"/>
        <line num="95" count="62" type="cond" truecount="2" falsecount="0"/>
        <line num="96" count="62" type="stmt"/>
        <line num="97" count="62" type="stmt"/>
        <line num="98" count="62" type="stmt"/>
        <line num="99" count="62" type="stmt"/>
        <line num="100" count="62" type="cond" truecount="1" falsecount="0"/>
        <line num="101" count="62" type="stmt"/>
        <line num="102" count="62" type="stmt"/>
        <line num="103" count="2" type="stmt"/>
        <line num="104" count="2" type="stmt"/>
        <line num="105" count="2" type="cond" truecount="1" falsecount="0"/>
        <line num="106" count="12" type="cond" truecount="1" falsecount="0"/>
        <line num="107" count="12" type="stmt"/>
        <line num="108" count="12" type="stmt"/>
        <line num="109" count="12" type="cond" truecount="1" falsecount="0"/>
        <line num="110" count="12" type="cond" truecount="1" falsecount="0"/>
        <line num="111" count="12" type="cond" truecount="1" falsecount="0"/>
        <line num="112" count="12" type="cond" truecount="1" falsecount="0"/>
        <line num="113" count="12" type="stmt"/>
        <line num="114" count="12" type="stmt"/>
        <line num="115" count="12" type="cond" truecount="1" falsecount="0"/>
        <line num="116" count="12" type="stmt"/>
        <line num="117" count="12" type="stmt"/>
        <line num="118" count="12" type="cond" truecount="1" falsecount="0"/>
        <line num="119" count="12" type="cond" truecount="1" falsecount="0"/>
        <line num="120" count="12" type="cond" truecount="1" falsecount="0"/>
        <line num="121" count="12" type="stmt"/>
        <line num="122" count="12" type="stmt"/>
        <line num="123" count="12" type="cond" truecount="1" falsecount="0"/>
        <line num="124" count="12" type="stmt"/>
        <line num="125" count="12" type="stmt"/>
        <line num="126" count="12" type="stmt"/>
        <line num="127" count="12" type="cond" truecount="1" falsecount="0"/>
        <line num="128" count="12" type="stmt"/>
        <line num="129" count="12" type="stmt"/>
        <line num="130" count="12" type="cond" truecount="1" falsecount="0"/>
        <line num="131" count="12" type="stmt"/>
        <line num="132" count="12" type="stmt"/>
        <line num="133" count="12" type="cond" truecount="1" falsecount="0"/>
        <line num="134" count="12" type="stmt"/>
        <line num="135" count="12" type="stmt"/>
        <line num="136" count="12" type="stmt"/>
        <line num="137" count="12" type="stmt"/>
        <line num="138" count="12" type="stmt"/>
        <line num="139" count="12" type="stmt"/>
        <line num="140" count="12" type="cond" truecount="1" falsecount="0"/>
        <line num="141" count="12" type="stmt"/>
        <line num="142" count="12" type="stmt"/>
        <line num="143" count="12" type="cond" truecount="1" falsecount="0"/>
        <line num="144" count="12" type="stmt"/>
        <line num="145" count="12" type="stmt"/>
        <line num="146" count="12" type="cond" truecount="1" falsecount="0"/>
        <line num="147" count="12" type="cond" truecount="1" falsecount="0"/>
        <line num="148" count="12" type="stmt"/>
        <line num="149" count="12" type="cond" truecount="1" falsecount="0"/>
        <line num="150" count="12" type="cond" truecount="1" falsecount="0"/>
        <line num="151" count="12" type="stmt"/>
        <line num="152" count="12" type="cond" truecount="1" falsecount="0"/>
        <line num="153" count="12" type="cond" truecount="1" falsecount="0"/>
        <line num="154" count="12" type="stmt"/>
        <line num="155" count="12" type="cond" truecount="1" falsecount="0"/>
        <line num="156" count="12" type="stmt"/>
        <line num="157" count="12" type="stmt"/>
        <line num="158" count="12" type="stmt"/>
        <line num="159" count="12" type="stmt"/>
        <line num="160" count="12" type="cond" truecount="1" falsecount="0"/>
        <line num="161" count="12" type="stmt"/>
        <line num="162" count="12" type="stmt"/>
        <line num="163" count="12" type="cond" truecount="1" falsecount="0"/>
        <line num="164" count="12" type="stmt"/>
        <line num="165" count="12" type="stmt"/>
        <line num="166" count="12" type="cond" truecount="1" falsecount="0"/>
        <line num="167" count="12" type="cond" truecount="1" falsecount="0"/>
        <line num="168" count="12" type="stmt"/>
        <line num="169" count="12" type="cond" truecount="1" falsecount="0"/>
        <line num="170" count="12" type="cond" truecount="1" falsecount="0"/>
        <line num="171" count="12" type="stmt"/>
        <line num="172" count="12" type="cond" truecount="1" falsecount="0"/>
        <line num="173" count="12" type="cond" truecount="1" falsecount="0"/>
        <line num="174" count="12" type="stmt"/>
        <line num="175" count="12" type="cond" truecount="1" falsecount="0"/>
        <line num="176" count="12" type="cond" truecount="1" falsecount="0"/>
        <line num="177" count="12" type="stmt"/>
        <line num="178" count="12" type="cond" truecount="1" falsecount="0"/>
        <line num="179" count="12" type="stmt"/>
        <line num="180" count="12" type="stmt"/>
        <line num="181" count="12" type="cond" truecount="1" falsecount="0"/>
        <line num="182" count="12" type="stmt"/>
        <line num="183" count="12" type="cond" truecount="1" falsecount="0"/>
        <line num="184" count="12" type="cond" truecount="1" falsecount="0"/>
        <line num="185" count="12" type="stmt"/>
        <line num="186" count="12" type="stmt"/>
        <line num="187" count="12" type="cond" truecount="1" falsecount="0"/>
        <line num="188" count="12" type="stmt"/>
        <line num="189" count="12" type="stmt"/>
        <line num="190" count="12" type="stmt"/>
        <line num="191" count="12" type="stmt"/>
        <line num="192" count="12" type="stmt"/>
        <line num="193" count="12" type="cond" truecount="1" falsecount="0"/>
        <line num="194" count="12" type="stmt"/>
        <line num="195" count="12" type="stmt"/>
        <line num="196" count="12" type="cond" truecount="1" falsecount="0"/>
        <line num="197" count="12" type="stmt"/>
        <line num="198" count="12" type="stmt"/>
        <line num="199" count="12" type="cond" truecount="1" falsecount="0"/>
        <line num="200" count="12" type="cond" truecount="1" falsecount="0"/>
        <line num="201" count="12" type="stmt"/>
        <line num="202" count="12" type="cond" truecount="1" falsecount="0"/>
        <line num="203" count="12" type="cond" truecount="1" falsecount="0"/>
        <line num="204" count="12" type="stmt"/>
        <line num="205" count="12" type="stmt"/>
        <line num="206" count="12" type="cond" truecount="1" falsecount="0"/>
        <line num="207" count="12" type="stmt"/>
        <line num="208" count="12" type="stmt"/>
        <line num="209" count="12" type="stmt"/>
        <line num="210" count="12" type="stmt"/>
        <line num="211" count="12" type="stmt"/>
        <line num="212" count="12" type="cond" truecount="1" falsecount="0"/>
        <line num="213" count="12" type="stmt"/>
        <line num="214" count="12" type="stmt"/>
        <line num="215" count="12" type="cond" truecount="1" falsecount="0"/>
        <line num="216" count="12" type="stmt"/>
        <line num="217" count="12" type="stmt"/>
        <line num="218" count="12" type="stmt"/>
        <line num="219" count="12" type="stmt"/>
        <line num="220" count="12" type="stmt"/>
        <line num="221" count="12" type="cond" truecount="1" falsecount="0"/>
        <line num="222" count="12" type="stmt"/>
        <line num="223" count="12" type="stmt"/>
        <line num="224" count="12" type="cond" truecount="1" falsecount="0"/>
        <line num="225" count="12" type="stmt"/>
        <line num="226" count="12" type="stmt"/>
        <line num="227" count="12" type="stmt"/>
        <line num="228" count="12" type="stmt"/>
        <line num="229" count="12" type="stmt"/>
        <line num="230" count="12" type="stmt"/>
        <line num="231" count="12" type="stmt"/>
        <line num="232" count="12" type="cond" truecount="1" falsecount="0"/>
        <line num="233" count="12" type="stmt"/>
        <line num="234" count="12" type="stmt"/>
        <line num="235" count="12" type="cond" truecount="1" falsecount="0"/>
        <line num="236" count="12" type="stmt"/>
        <line num="237" count="12" type="stmt"/>
        <line num="238" count="12" type="stmt"/>
        <line num="239" count="12" type="stmt"/>
        <line num="240" count="12" type="stmt"/>
        <line num="241" count="12" type="cond" truecount="1" falsecount="0"/>
        <line num="242" count="12" type="stmt"/>
        <line num="243" count="12" type="cond" truecount="1" falsecount="0"/>
        <line num="244" count="12" type="stmt"/>
        <line num="245" count="12" type="stmt"/>
        <line num="246" count="12" type="stmt"/>
        <line num="247" count="12" type="stmt"/>
        <line num="248" count="12" type="stmt"/>
        <line num="249" count="12" type="stmt"/>
        <line num="250" count="12" type="cond" truecount="1" falsecount="0"/>
        <line num="251" count="12" type="stmt"/>
        <line num="252" count="12" type="cond" truecount="1" falsecount="0"/>
        <line num="253" count="12" type="stmt"/>
        <line num="254" count="12" type="stmt"/>
        <line num="255" count="12" type="stmt"/>
        <line num="256" count="12" type="stmt"/>
        <line num="257" count="12" type="stmt"/>
        <line num="258" count="12" type="stmt"/>
        <line num="259" count="12" type="stmt"/>
        <line num="260" count="12" type="stmt"/>
        <line num="261" count="12" type="cond" truecount="1" falsecount="0"/>
        <line num="262" count="12" type="stmt"/>
        <line num="263" count="12" type="stmt"/>
        <line num="264" count="12" type="stmt"/>
        <line num="265" count="12" type="stmt"/>
        <line num="266" count="12" type="stmt"/>
        <line num="267" count="12" type="cond" truecount="1" falsecount="0"/>
        <line num="268" count="12" type="stmt"/>
        <line num="269" count="12" type="cond" truecount="1" falsecount="0"/>
        <line num="270" count="12" type="stmt"/>
        <line num="271" count="12" type="stmt"/>
        <line num="272" count="12" type="stmt"/>
        <line num="273" count="12" type="stmt"/>
        <line num="274" count="12" type="stmt"/>
        <line num="275" count="12" type="stmt"/>
        <line num="276" count="12" type="cond" truecount="1" falsecount="0"/>
        <line num="277" count="12" type="stmt"/>
        <line num="278" count="12" type="cond" truecount="1" falsecount="0"/>
        <line num="279" count="12" type="stmt"/>
        <line num="280" count="12" type="stmt"/>
        <line num="281" count="12" type="stmt"/>
        <line num="282" count="12" type="stmt"/>
        <line num="283" count="12" type="stmt"/>
        <line num="284" count="12" type="stmt"/>
        <line num="285" count="12" type="cond" truecount="1" falsecount="0"/>
        <line num="286" count="12" type="stmt"/>
        <line num="287" count="12" type="cond" truecount="1" falsecount="0"/>
        <line num="288" count="12" type="stmt"/>
        <line num="289" count="12" type="stmt"/>
        <line num="290" count="12" type="stmt"/>
        <line num="291" count="12" type="stmt"/>
        <line num="292" count="12" type="stmt"/>
        <line num="293" count="12" type="stmt"/>
        <line num="294" count="12" type="cond" truecount="1" falsecount="0"/>
        <line num="295" count="12" type="stmt"/>
        <line num="296" count="12" type="cond" truecount="1" falsecount="0"/>
        <line num="297" count="12" type="stmt"/>
        <line num="298" count="12" type="stmt"/>
        <line num="299" count="12" type="stmt"/>
        <line num="300" count="12" type="stmt"/>
        <line num="301" count="12" type="stmt"/>
        <line num="302" count="12" type="stmt"/>
        <line num="303" count="12" type="cond" truecount="1" falsecount="0"/>
        <line num="304" count="12" type="stmt"/>
        <line num="305" count="12" type="cond" truecount="1" falsecount="0"/>
        <line num="306" count="12" type="stmt"/>
        <line num="307" count="12" type="stmt"/>
        <line num="308" count="12" type="stmt"/>
        <line num="309" count="12" type="stmt"/>
        <line num="310" count="12" type="stmt"/>
        <line num="311" count="12" type="stmt"/>
        <line num="312" count="12" type="cond" truecount="1" falsecount="0"/>
        <line num="313" count="12" type="stmt"/>
        <line num="314" count="12" type="stmt"/>
        <line num="315" count="12" type="stmt"/>
        <line num="316" count="12" type="stmt"/>
        <line num="317" count="12" type="stmt"/>
        <line num="318" count="12" type="cond" truecount="1" falsecount="0"/>
        <line num="319" count="12" type="stmt"/>
        <line num="320" count="12" type="cond" truecount="1" falsecount="0"/>
        <line num="321" count="12" type="stmt"/>
        <line num="322" count="12" type="stmt"/>
        <line num="323" count="12" type="stmt"/>
        <line num="324" count="12" type="stmt"/>
        <line num="325" count="12" type="stmt"/>
        <line num="326" count="12" type="stmt"/>
        <line num="327" count="12" type="cond" truecount="1" falsecount="0"/>
        <line num="328" count="12" type="stmt"/>
        <line num="329" count="12" type="stmt"/>
        <line num="330" count="12" type="stmt"/>
        <line num="331" count="12" type="stmt"/>
        <line num="332" count="12" type="stmt"/>
        <line num="333" count="12" type="cond" truecount="1" falsecount="0"/>
        <line num="334" count="12" type="stmt"/>
        <line num="335" count="12" type="stmt"/>
        <line num="336" count="12" type="stmt"/>
        <line num="337" count="12" type="stmt"/>
        <line num="338" count="12" type="stmt"/>
        <line num="339" count="12" type="stmt"/>
        <line num="340" count="12" type="cond" truecount="1" falsecount="0"/>
        <line num="341" count="12" type="stmt"/>
        <line num="342" count="12" type="stmt"/>
        <line num="343" count="12" type="stmt"/>
        <line num="344" count="12" type="cond" truecount="1" falsecount="0"/>
        <line num="345" count="48" type="stmt"/>
        <line num="346" count="12" type="stmt"/>
        <line num="347" count="12" type="stmt"/>
        <line num="348" count="12" type="cond" truecount="1" falsecount="0"/>
        <line num="349" count="12" type="stmt"/>
        <line num="350" count="12" type="stmt"/>
        <line num="351" count="12" type="stmt"/>
        <line num="352" count="12" type="stmt"/>
        <line num="353" count="12" type="stmt"/>
        <line num="354" count="12" type="stmt"/>
        <line num="355" count="12" type="stmt"/>
        <line num="356" count="12" type="stmt"/>
        <line num="357" count="12" type="stmt"/>
        <line num="358" count="12" type="stmt"/>
        <line num="359" count="12" type="stmt"/>
        <line num="360" count="12" type="stmt"/>
        <line num="361" count="12" type="stmt"/>
        <line num="362" count="12" type="stmt"/>
        <line num="363" count="12" type="cond" truecount="1" falsecount="0"/>
        <line num="364" count="12" type="stmt"/>
        <line num="365" count="12" type="stmt"/>
        <line num="366" count="12" type="stmt"/>
        <line num="367" count="12" type="stmt"/>
        <line num="368" count="12" type="cond" truecount="1" falsecount="0"/>
        <line num="369" count="12" type="stmt"/>
        <line num="370" count="12" type="stmt"/>
        <line num="371" count="12" type="stmt"/>
        <line num="372" count="12" type="stmt"/>
        <line num="373" count="12" type="cond" truecount="1" falsecount="0"/>
        <line num="374" count="12" type="stmt"/>
        <line num="375" count="12" type="stmt"/>
        <line num="376" count="12" type="stmt"/>
        <line num="377" count="12" type="stmt"/>
        <line num="378" count="12" type="cond" truecount="1" falsecount="0"/>
        <line num="379" count="12" type="stmt"/>
        <line num="380" count="12" type="stmt"/>
        <line num="381" count="12" type="stmt"/>
        <line num="382" count="12" type="stmt"/>
        <line num="383" count="12" type="cond" truecount="1" falsecount="0"/>
        <line num="384" count="12" type="stmt"/>
        <line num="385" count="12" type="stmt"/>
        <line num="386" count="12" type="stmt"/>
        <line num="387" count="12" type="stmt"/>
        <line num="388" count="12" type="cond" truecount="1" falsecount="0"/>
        <line num="389" count="12" type="stmt"/>
        <line num="390" count="12" type="stmt"/>
        <line num="391" count="12" type="stmt"/>
        <line num="392" count="12" type="stmt"/>
        <line num="393" count="12" type="stmt"/>
        <line num="394" count="12" type="stmt"/>
        <line num="395" count="12" type="cond" truecount="1" falsecount="0"/>
        <line num="396" count="12" type="stmt"/>
        <line num="397" count="12" type="stmt"/>
        <line num="398" count="12" type="stmt"/>
        <line num="399" count="12" type="cond" truecount="1" falsecount="0"/>
        <line num="400" count="36" type="stmt"/>
        <line num="401" count="12" type="stmt"/>
        <line num="402" count="12" type="stmt"/>
        <line num="403" count="12" type="cond" truecount="1" falsecount="0"/>
        <line num="404" count="12" type="stmt"/>
        <line num="405" count="12" type="stmt"/>
        <line num="406" count="12" type="stmt"/>
        <line num="407" count="12" type="stmt"/>
        <line num="408" count="12" type="stmt"/>
        <line num="409" count="12" type="cond" truecount="1" falsecount="0"/>
        <line num="410" count="12" type="stmt"/>
        <line num="411" count="12" type="stmt"/>
        <line num="412" count="12" type="stmt"/>
        <line num="413" count="12" type="stmt"/>
        <line num="414" count="12" type="stmt"/>
        <line num="415" count="12" type="stmt"/>
        <line num="416" count="12" type="stmt"/>
        <line num="417" count="12" type="stmt"/>
        <line num="418" count="12" type="stmt"/>
        <line num="419" count="12" type="stmt"/>
        <line num="420" count="12" type="stmt"/>
        <line num="421" count="12" type="stmt"/>
        <line num="422" count="12" type="stmt"/>
        <line num="423" count="12" type="stmt"/>
        <line num="424" count="12" type="stmt"/>
        <line num="425" count="12" type="stmt"/>
        <line num="426" count="12" type="stmt"/>
        <line num="427" count="12" type="stmt"/>
        <line num="428" count="12" type="stmt"/>
        <line num="429" count="12" type="stmt"/>
        <line num="430" count="12" type="cond" truecount="1" falsecount="0"/>
        <line num="431" count="12" type="stmt"/>
        <line num="432" count="12" type="stmt"/>
        <line num="433" count="12" type="stmt"/>
        <line num="434" count="12" type="stmt"/>
        <line num="435" count="12" type="stmt"/>
        <line num="436" count="12" type="stmt"/>
        <line num="437" count="12" type="cond" truecount="1" falsecount="0"/>
        <line num="438" count="12" type="stmt"/>
        <line num="439" count="12" type="stmt"/>
        <line num="440" count="12" type="stmt"/>
        <line num="441" count="12" type="stmt"/>
        <line num="442" count="12" type="stmt"/>
        <line num="443" count="12" type="stmt"/>
        <line num="444" count="12" type="cond" truecount="1" falsecount="0"/>
        <line num="445" count="12" type="stmt"/>
        <line num="446" count="12" type="stmt"/>
        <line num="447" count="12" type="stmt"/>
        <line num="448" count="12" type="stmt"/>
        <line num="449" count="12" type="stmt"/>
        <line num="450" count="12" type="stmt"/>
        <line num="451" count="12" type="cond" truecount="1" falsecount="0"/>
        <line num="452" count="12" type="stmt"/>
        <line num="453" count="12" type="stmt"/>
        <line num="454" count="12" type="stmt"/>
        <line num="455" count="12" type="stmt"/>
        <line num="456" count="12" type="stmt"/>
        <line num="457" count="12" type="stmt"/>
        <line num="458" count="12" type="cond" truecount="1" falsecount="0"/>
        <line num="459" count="12" type="stmt"/>
        <line num="460" count="12" type="stmt"/>
        <line num="461" count="12" type="stmt"/>
        <line num="462" count="12" type="stmt"/>
        <line num="463" count="12" type="stmt"/>
        <line num="464" count="12" type="cond" truecount="1" falsecount="0"/>
        <line num="465" count="12" type="stmt"/>
        <line num="466" count="12" type="stmt"/>
        <line num="467" count="12" type="stmt"/>
        <line num="468" count="12" type="stmt"/>
        <line num="469" count="12" type="stmt"/>
        <line num="470" count="12" type="stmt"/>
        <line num="471" count="12" type="cond" truecount="1" falsecount="0"/>
        <line num="472" count="12" type="stmt"/>
        <line num="473" count="12" type="stmt"/>
        <line num="474" count="12" type="stmt"/>
        <line num="475" count="12" type="cond" truecount="1" falsecount="0"/>
        <line num="476" count="12" type="stmt"/>
        <line num="477" count="12" type="stmt"/>
        <line num="478" count="12" type="stmt"/>
        <line num="479" count="12" type="cond" truecount="1" falsecount="0"/>
        <line num="480" count="12" type="stmt"/>
        <line num="481" count="12" type="stmt"/>
        <line num="482" count="12" type="stmt"/>
        <line num="483" count="12" type="cond" truecount="1" falsecount="0"/>
        <line num="484" count="48" type="stmt"/>
        <line num="485" count="12" type="stmt"/>
        <line num="486" count="12" type="stmt"/>
        <line num="487" count="12" type="stmt"/>
        <line num="488" count="12" type="stmt"/>
        <line num="489" count="12" type="stmt"/>
        <line num="490" count="12" type="stmt"/>
        <line num="491" count="12" type="stmt"/>
        <line num="492" count="12" type="stmt"/>
        <line num="493" count="12" type="stmt"/>
        <line num="494" count="12" type="stmt"/>
        <line num="495" count="12" type="stmt"/>
        <line num="496" count="12" type="stmt"/>
        <line num="497" count="12" type="stmt"/>
        <line num="498" count="12" type="stmt"/>
        <line num="499" count="12" type="stmt"/>
        <line num="500" count="12" type="stmt"/>
        <line num="501" count="12" type="stmt"/>
        <line num="502" count="12" type="cond" truecount="1" falsecount="0"/>
        <line num="503" count="12" type="stmt"/>
        <line num="504" count="12" type="stmt"/>
        <line num="505" count="12" type="stmt"/>
        <line num="506" count="12" type="stmt"/>
        <line num="507" count="12" type="cond" truecount="1" falsecount="0"/>
        <line num="508" count="12" type="stmt"/>
        <line num="509" count="12" type="stmt"/>
        <line num="510" count="12" type="stmt"/>
        <line num="511" count="12" type="stmt"/>
        <line num="512" count="12" type="cond" truecount="1" falsecount="0"/>
        <line num="513" count="12" type="stmt"/>
        <line num="514" count="12" type="stmt"/>
        <line num="515" count="12" type="stmt"/>
        <line num="516" count="12" type="stmt"/>
        <line num="517" count="12" type="cond" truecount="1" falsecount="0"/>
        <line num="518" count="12" type="stmt"/>
        <line num="519" count="12" type="stmt"/>
        <line num="520" count="12" type="stmt"/>
        <line num="521" count="12" type="stmt"/>
        <line num="522" count="12" type="cond" truecount="1" falsecount="0"/>
        <line num="523" count="12" type="stmt"/>
        <line num="524" count="12" type="stmt"/>
        <line num="525" count="12" type="stmt"/>
        <line num="526" count="12" type="stmt"/>
        <line num="527" count="12" type="cond" truecount="1" falsecount="0"/>
        <line num="528" count="12" type="stmt"/>
        <line num="529" count="12" type="stmt"/>
        <line num="530" count="12" type="stmt"/>
        <line num="531" count="12" type="stmt"/>
        <line num="532" count="12" type="stmt"/>
        <line num="533" count="12" type="stmt"/>
        <line num="534" count="12" type="cond" truecount="1" falsecount="0"/>
        <line num="535" count="12" type="stmt"/>
        <line num="536" count="12" type="stmt"/>
        <line num="537" count="12" type="stmt"/>
        <line num="538" count="12" type="cond" truecount="1" falsecount="0"/>
        <line num="539" count="12" type="stmt"/>
        <line num="540" count="12" type="stmt"/>
        <line num="541" count="12" type="stmt"/>
        <line num="542" count="12" type="cond" truecount="1" falsecount="0"/>
        <line num="543" count="12" type="stmt"/>
        <line num="544" count="12" type="stmt"/>
        <line num="545" count="12" type="stmt"/>
        <line num="546" count="12" type="stmt"/>
        <line num="547" count="12" type="stmt"/>
        <line num="548" count="12" type="cond" truecount="1" falsecount="0"/>
        <line num="549" count="12" type="stmt"/>
        <line num="550" count="12" type="stmt"/>
        <line num="551" count="12" type="stmt"/>
        <line num="552" count="12" type="stmt"/>
        <line num="553" count="12" type="stmt"/>
        <line num="554" count="12" type="stmt"/>
        <line num="555" count="12" type="stmt"/>
        <line num="556" count="12" type="stmt"/>
        <line num="557" count="12" type="stmt"/>
        <line num="558" count="12" type="stmt"/>
        <line num="559" count="12" type="stmt"/>
        <line num="560" count="12" type="cond" truecount="1" falsecount="0"/>
        <line num="561" count="36" type="stmt"/>
        <line num="562" count="12" type="stmt"/>
        <line num="563" count="12" type="stmt"/>
        <line num="564" count="12" type="cond" truecount="1" falsecount="0"/>
        <line num="565" count="12" type="stmt"/>
        <line num="566" count="12" type="stmt"/>
        <line num="567" count="12" type="stmt"/>
        <line num="568" count="12" type="stmt"/>
        <line num="569" count="12" type="stmt"/>
        <line num="570" count="12" type="stmt"/>
        <line num="571" count="12" type="stmt"/>
        <line num="572" count="12" type="stmt"/>
        <line num="573" count="12" type="stmt"/>
        <line num="574" count="12" type="stmt"/>
        <line num="575" count="12" type="stmt"/>
        <line num="576" count="12" type="stmt"/>
        <line num="577" count="12" type="stmt"/>
        <line num="578" count="12" type="stmt"/>
        <line num="579" count="12" type="stmt"/>
        <line num="580" count="12" type="stmt"/>
        <line num="581" count="12" type="stmt"/>
        <line num="582" count="12" type="stmt"/>
        <line num="583" count="12" type="stmt"/>
        <line num="584" count="12" type="stmt"/>
        <line num="585" count="12" type="stmt"/>
        <line num="586" count="12" type="stmt"/>
        <line num="587" count="12" type="stmt"/>
        <line num="588" count="12" type="stmt"/>
        <line num="589" count="12" type="stmt"/>
        <line num="590" count="12" type="stmt"/>
        <line num="591" count="12" type="cond" truecount="1" falsecount="0"/>
        <line num="592" count="12" type="stmt"/>
        <line num="593" count="12" type="stmt"/>
        <line num="594" count="12" type="stmt"/>
        <line num="595" count="12" type="stmt"/>
        <line num="596" count="12" type="stmt"/>
        <line num="597" count="12" type="stmt"/>
        <line num="598" count="12" type="cond" truecount="1" falsecount="0"/>
        <line num="599" count="12" type="stmt"/>
        <line num="600" count="12" type="stmt"/>
        <line num="601" count="12" type="stmt"/>
        <line num="602" count="12" type="stmt"/>
        <line num="603" count="12" type="stmt"/>
        <line num="604" count="12" type="stmt"/>
        <line num="605" count="12" type="cond" truecount="1" falsecount="0"/>
        <line num="606" count="12" type="stmt"/>
        <line num="607" count="12" type="stmt"/>
        <line num="608" count="12" type="stmt"/>
        <line num="609" count="12" type="stmt"/>
        <line num="610" count="12" type="stmt"/>
        <line num="611" count="12" type="stmt"/>
        <line num="612" count="12" type="cond" truecount="1" falsecount="0"/>
        <line num="613" count="12" type="stmt"/>
        <line num="614" count="12" type="stmt"/>
        <line num="615" count="12" type="stmt"/>
        <line num="616" count="12" type="stmt"/>
        <line num="617" count="12" type="stmt"/>
        <line num="618" count="12" type="stmt"/>
        <line num="619" count="12" type="cond" truecount="1" falsecount="0"/>
        <line num="620" count="12" type="stmt"/>
        <line num="621" count="12" type="stmt"/>
        <line num="622" count="12" type="stmt"/>
        <line num="623" count="12" type="stmt"/>
        <line num="624" count="12" type="stmt"/>
        <line num="625" count="12" type="cond" truecount="1" falsecount="0"/>
        <line num="626" count="12" type="stmt"/>
        <line num="627" count="12" type="stmt"/>
        <line num="628" count="12" type="stmt"/>
        <line num="629" count="12" type="stmt"/>
        <line num="630" count="12" type="stmt"/>
        <line num="631" count="12" type="cond" truecount="1" falsecount="0"/>
        <line num="632" count="12" type="stmt"/>
        <line num="633" count="12" type="stmt"/>
        <line num="634" count="12" type="stmt"/>
        <line num="635" count="12" type="cond" truecount="1" falsecount="0"/>
        <line num="636" count="12" type="stmt"/>
        <line num="637" count="12" type="stmt"/>
        <line num="638" count="12" type="stmt"/>
        <line num="639" count="12" type="cond" truecount="1" falsecount="0"/>
        <line num="640" count="12" type="stmt"/>
        <line num="641" count="12" type="stmt"/>
        <line num="642" count="12" type="stmt"/>
        <line num="643" count="12" type="stmt"/>
        <line num="644" count="12" type="stmt"/>
        <line num="645" count="12" type="cond" truecount="1" falsecount="0"/>
        <line num="646" count="12" type="stmt"/>
        <line num="647" count="12" type="stmt"/>
        <line num="648" count="12" type="stmt"/>
        <line num="649" count="12" type="stmt"/>
        <line num="650" count="12" type="stmt"/>
        <line num="651" count="12" type="stmt"/>
        <line num="652" count="12" type="stmt"/>
        <line num="653" count="12" type="stmt"/>
        <line num="654" count="12" type="stmt"/>
        <line num="655" count="12" type="stmt"/>
        <line num="656" count="12" type="stmt"/>
        <line num="657" count="12" type="stmt"/>
        <line num="658" count="12" type="stmt"/>
        <line num="659" count="12" type="stmt"/>
        <line num="660" count="12" type="stmt"/>
        <line num="661" count="12" type="stmt"/>
        <line num="662" count="12" type="stmt"/>
        <line num="663" count="12" type="stmt"/>
        <line num="664" count="12" type="stmt"/>
        <line num="665" count="12" type="stmt"/>
        <line num="666" count="12" type="stmt"/>
        <line num="667" count="12" type="stmt"/>
        <line num="668" count="12" type="stmt"/>
        <line num="669" count="12" type="stmt"/>
        <line num="670" count="12" type="stmt"/>
        <line num="671" count="12" type="stmt"/>
        <line num="672" count="12" type="cond" truecount="1" falsecount="0"/>
        <line num="673" count="12" type="stmt"/>
        <line num="674" count="12" type="stmt"/>
        <line num="675" count="12" type="stmt"/>
        <line num="676" count="12" type="stmt"/>
        <line num="677" count="12" type="stmt"/>
        <line num="678" count="12" type="cond" truecount="1" falsecount="0"/>
        <line num="679" count="12" type="stmt"/>
        <line num="680" count="12" type="cond" truecount="1" falsecount="0"/>
        <line num="681" count="24" type="stmt"/>
        <line num="682" count="12" type="stmt"/>
        <line num="683" count="12" type="stmt"/>
        <line num="684" count="12" type="stmt"/>
        <line num="685" count="12" type="stmt"/>
        <line num="686" count="12" type="stmt"/>
        <line num="687" count="12" type="stmt"/>
        <line num="688" count="12" type="stmt"/>
        <line num="689" count="12" type="stmt"/>
        <line num="690" count="12" type="stmt"/>
        <line num="691" count="12" type="stmt"/>
        <line num="692" count="12" type="stmt"/>
        <line num="693" count="12" type="stmt"/>
        <line num="694" count="12" type="stmt"/>
        <line num="695" count="12" type="stmt"/>
        <line num="696" count="12" type="stmt"/>
        <line num="697" count="12" type="stmt"/>
        <line num="698" count="12" type="stmt"/>
        <line num="699" count="12" type="stmt"/>
        <line num="700" count="12" type="stmt"/>
        <line num="701" count="12" type="stmt"/>
        <line num="702" count="12" type="stmt"/>
        <line num="703" count="12" type="stmt"/>
        <line num="704" count="12" type="stmt"/>
        <line num="705" count="12" type="stmt"/>
        <line num="706" count="12" type="stmt"/>
        <line num="707" count="12" type="cond" truecount="1" falsecount="0"/>
        <line num="708" count="12" type="stmt"/>
        <line num="709" count="12" type="stmt"/>
        <line num="710" count="12" type="stmt"/>
        <line num="711" count="12" type="stmt"/>
        <line num="712" count="12" type="stmt"/>
        <line num="713" count="12" type="cond" truecount="1" falsecount="0"/>
        <line num="714" count="12" type="stmt"/>
        <line num="715" count="12" type="stmt"/>
        <line num="716" count="12" type="stmt"/>
        <line num="717" count="12" type="cond" truecount="1" falsecount="0"/>
        <line num="718" count="12" type="stmt"/>
        <line num="719" count="12" type="stmt"/>
        <line num="720" count="12" type="stmt"/>
        <line num="721" count="12" type="cond" truecount="1" falsecount="0"/>
        <line num="722" count="12" type="stmt"/>
        <line num="723" count="12" type="stmt"/>
        <line num="724" count="12" type="stmt"/>
        <line num="725" count="12" type="stmt"/>
        <line num="726" count="12" type="stmt"/>
        <line num="727" count="12" type="stmt"/>
        <line num="728" count="12" type="cond" truecount="1" falsecount="0"/>
        <line num="729" count="12" type="stmt"/>
        <line num="730" count="12" type="stmt"/>
        <line num="731" count="12" type="stmt"/>
        <line num="732" count="12" type="stmt"/>
        <line num="733" count="12" type="stmt"/>
        <line num="734" count="12" type="stmt"/>
        <line num="735" count="12" type="stmt"/>
        <line num="736" count="12" type="stmt"/>
        <line num="737" count="12" type="stmt"/>
        <line num="738" count="12" type="stmt"/>
        <line num="739" count="12" type="stmt"/>
        <line num="740" count="12" type="stmt"/>
        <line num="741" count="12" type="stmt"/>
        <line num="742" count="12" type="stmt"/>
        <line num="743" count="12" type="stmt"/>
        <line num="744" count="12" type="stmt"/>
        <line num="745" count="12" type="stmt"/>
        <line num="746" count="12" type="stmt"/>
        <line num="747" count="12" type="stmt"/>
        <line num="748" count="12" type="stmt"/>
        <line num="749" count="12" type="stmt"/>
        <line num="750" count="12" type="stmt"/>
        <line num="751" count="12" type="stmt"/>
        <line num="752" count="12" type="stmt"/>
        <line num="753" count="12" type="stmt"/>
        <line num="754" count="12" type="stmt"/>
        <line num="755" count="12" type="stmt"/>
        <line num="756" count="12" type="stmt"/>
        <line num="757" count="12" type="stmt"/>
        <line num="758" count="12" type="cond" truecount="1" falsecount="0"/>
        <line num="759" count="12" type="stmt"/>
        <line num="760" count="12" type="stmt"/>
        <line num="761" count="12" type="stmt"/>
        <line num="762" count="12" type="cond" truecount="1" falsecount="0"/>
        <line num="763" count="12" type="stmt"/>
        <line num="764" count="12" type="stmt"/>
        <line num="765" count="12" type="stmt"/>
        <line num="766" count="12" type="stmt"/>
        <line num="767" count="12" type="stmt"/>
        <line num="768" count="12" type="stmt"/>
        <line num="769" count="12" type="stmt"/>
        <line num="770" count="12" type="stmt"/>
        <line num="771" count="12" type="stmt"/>
        <line num="772" count="12" type="stmt"/>
        <line num="773" count="12" type="stmt"/>
        <line num="774" count="12" type="stmt"/>
        <line num="775" count="12" type="stmt"/>
        <line num="776" count="12" type="stmt"/>
        <line num="777" count="12" type="stmt"/>
        <line num="778" count="12" type="stmt"/>
        <line num="779" count="12" type="stmt"/>
        <line num="780" count="12" type="stmt"/>
        <line num="781" count="12" type="cond" truecount="1" falsecount="0"/>
        <line num="782" count="12" type="stmt"/>
        <line num="783" count="12" type="stmt"/>
        <line num="784" count="12" type="stmt"/>
        <line num="785" count="12" type="stmt"/>
        <line num="786" count="12" type="stmt"/>
        <line num="787" count="12" type="stmt"/>
        <line num="788" count="12" type="stmt"/>
        <line num="789" count="12" type="stmt"/>
        <line num="790" count="12" type="cond" truecount="1" falsecount="0"/>
        <line num="791" count="12" type="stmt"/>
        <line num="792" count="12" type="stmt"/>
        <line num="793" count="12" type="stmt"/>
        <line num="794" count="12" type="cond" truecount="1" falsecount="0"/>
        <line num="795" count="12" type="stmt"/>
        <line num="796" count="12" type="stmt"/>
        <line num="797" count="12" type="stmt"/>
        <line num="798" count="12" type="stmt"/>
        <line num="799" count="12" type="stmt"/>
        <line num="800" count="12" type="cond" truecount="1" falsecount="0"/>
        <line num="801" count="12" type="stmt"/>
        <line num="802" count="12" type="cond" truecount="1" falsecount="0"/>
        <line num="803" count="12" type="stmt"/>
        <line num="804" count="12" type="stmt"/>
        <line num="805" count="12" type="stmt"/>
        <line num="806" count="12" type="stmt"/>
        <line num="807" count="12" type="stmt"/>
        <line num="808" count="12" type="stmt"/>
        <line num="809" count="12" type="stmt"/>
        <line num="810" count="12" type="stmt"/>
        <line num="811" count="12" type="stmt"/>
        <line num="812" count="12" type="stmt"/>
        <line num="813" count="12" type="stmt"/>
        <line num="814" count="12" type="cond" truecount="1" falsecount="0"/>
[...]
        <line num="1083" count="12" type="stmt"/>
        <line num="1084" count="12" type="stmt"/>
        <line num="1085" count="12" type="cond" truecount="1" falsecount="0"/>
        <line num="1086" count="12" type="stmt"/>
        <line num="1087" count="12" type="stmt"/>
        <line num="1088" count="12" type="stmt"/>
        <line num="1089" count="12" type="stmt"/>
        <line num="1090" count="12" type="cond" truecount="1" falsecount="0"/>
        <line num="1091" count="24" type="stmt"/>
        <line num="1092" count="12" type="stmt"/>
        <line num="1093" count="12" type="stmt"/>
        <line num="1094" count="12" type="stmt"/>
        <line num="1095" count="12" type="stmt"/>
        <line num="1096" count="12" type="stmt"/>
        <line num="1097" count="12" type="stmt"/>
        <line num="1098" count="12" type="stmt"/>
        <line num="1099" count="12" type="cond" truecount="1" falsecount="0"/>
        <line num="1100" count="36" type="stmt"/>
        <line num="1101" count="12" type="stmt"/>
        <line num="1102" count="12" type="stmt"/>
        <line num="1103" count="12" type="stmt"/>
        <line num="1104" count="12" type="stmt"/>
        <line num="1105" count="12" type="stmt"/>
        <line num="1106" count="12" type="stmt"/>
        <line num="1107" count="12" type="stmt"/>
        <line num="1108" count="12" type="stmt"/>
        <line num="1109" count="12" type="stmt"/>
        <line num="1110" count="12" type="stmt"/>
        <line num="1111" count="12" type="stmt"/>
        <line num="1112" count="12" type="stmt"/>
        <line num="1113" count="12" type="stmt"/>
        <line num="1114" count="12" type="stmt"/>
        <line num="1115" count="12" type="stmt"/>
        <line num="1116" count="12" type="stmt"/>
        <line num="1117" count="12" type="stmt"/>
        <line num="1118" count="12" type="stmt"/>
        <line num="1119" count="12" type="stmt"/>
        <line num="1120" count="12" type="stmt"/>
        <line num="1121" count="12" type="stmt"/>
        <line num="1122" count="12" type="stmt"/>
        <line num="1123" count="12" type="stmt"/>
        <line num="1124" count="12" type="stmt"/>
        <line num="1125" count="12" type="stmt"/>
        <line num="1126" count="12" type="stmt"/>
        <line num="1127" count="12" type="stmt"/>
        <line num="1128" count="12" type="stmt"/>
        <line num="1129" count="12" type="stmt"/>
        <line num="1130" count="12" type="stmt"/>
        <line num="1131" count="12" type="stmt"/>
        <line num="1132" count="12" type="stmt"/>
        <line num="1133" count="12" type="stmt"/>
        <line num="1134" count="12" type="cond" truecount="1" falsecount="0"/>
        <line num="1135" count="12" type="stmt"/>
        <line num="1136" count="12" type="stmt"/>
        <line num="1137" count="12" type="stmt"/>
        <line num="1138" count="12" type="stmt"/>
        <line num="1139" count="12" type="stmt"/>
        <line num="1140" count="12" type="stmt"/>
        <line num="1141" count="12" type="cond" truecount="1" falsecount="0"/>
        <line num="1142" count="24" type="stmt"/>
        <line num="1143" count="12" type="stmt"/>
        <line num="1144" count="12" type="stmt"/>
        <line num="1145" count="12" type="stmt"/>
        <line num="1146" count="12" type="stmt"/>
        <line num="1147" count="12" type="stmt"/>
        <line num="1148" count="12" type="stmt"/>
        <line num="1149" count="12" type="stmt"/>
        <line num="1150" count="12" type="stmt"/>
        <line num="1151" count="12" type="stmt"/>
        <line num="1152" count="12" type="stmt"/>
        <line num="1153" count="12" type="stmt"/>
        <line num="1154" count="12" type="stmt"/>
        <line num="1155" count="12" type="cond" truecount="1" falsecount="0"/>
        <line num="1156" count="12" type="stmt"/>
        <line num="1157" count="12" type="stmt"/>
        <line num="1158" count="12" type="stmt"/>
        <line num="1159" count="12" type="stmt"/>
        <line num="1160" count="12" type="stmt"/>
        <line num="1161" count="12" type="cond" truecount="1" falsecount="0"/>
        <line num="1162" count="96" type="stmt"/>
        <line num="1163" count="12" type="stmt"/>
        <line num="1164" count="12" type="stmt"/>
        <line num="1165" count="12" type="cond" truecount="1" falsecount="0"/>
        <line num="1166" count="12" type="stmt"/>
        <line num="1167" count="12" type="stmt"/>
        <line num="1168" count="12" type="stmt"/>
        <line num="1169" count="12" type="stmt"/>
        <line num="1170" count="12" type="stmt"/>
        <line num="1171" count="12" type="stmt"/>
        <line num="1172" count="12" type="stmt"/>
        <line num="1173" count="12" type="stmt"/>
        <line num="1174" count="12" type="stmt"/>
        <line num="1175" count="12" type="stmt"/>
        <line num="1176" count="12" type="stmt"/>
        <line num="1177" count="12" type="stmt"/>
        <line num="1178" count="12" type="stmt"/>
        <line num="1179" count="12" type="cond" truecount="1" falsecount="0"/>
        <line num="1180" count="12" type="stmt"/>
        <line num="1181" count="12" type="stmt"/>
        <line num="1182" count="12" type="stmt"/>
        <line num="1183" count="12" type="stmt"/>
        <line num="1184" count="12" type="stmt"/>
        <line num="1185" count="12" type="stmt"/>
        <line num="1186" count="12" type="stmt"/>
        <line num="1187" count="12" type="stmt"/>
        <line num="1188" count="12" type="stmt"/>
        <line num="1189" count="12" type="stmt"/>
        <line num="1190" count="12" type="stmt"/>
        <line num="1191" count="12" type="stmt"/>
        <line num="1192" count="12" type="stmt"/>
        <line num="1193" count="12" type="stmt"/>
        <line num="1194" count="12" type="stmt"/>
        <line num="1195" count="12" type="stmt"/>
        <line num="1196" count="12" type="stmt"/>
        <line num="1197" count="12" type="stmt"/>
        <line num="1198" count="12" type="stmt"/>
        <line num="1199" count="12" type="stmt"/>
        <line num="1200" count="12" type="stmt"/>
        <line num="1201" count="12" type="stmt"/>
        <line num="1202" count="12" type="stmt"/>
        <line num="1203" count="12" type="stmt"/>
        <line num="1204" count="12" type="stmt"/>
        <line num="1205" count="12" type="stmt"/>
        <line num="1206" count="12" type="stmt"/>
        <line num="1207" count="12" type="stmt"/>
        <line num="1208" count="12" type="stmt"/>
        <line num="1209" count="12" type="stmt"/>
        <line num="1210" count="12" type="stmt"/>
        <line num="1211" count="12" type="stmt"/>
        <line num="1212" count="12" type="stmt"/>
        <line num="1213" count="12" type="stmt"/>
        <line num="1214" count="12" type="stmt"/>
        <line num="1215" count="12" type="stmt"/>
        <line num="1216" count="12" type="stmt"/>
        <line num="1217" count="12" type="stmt"/>
        <line num="1218" count="12" type="stmt"/>
        <line num="1219" count="12" type="stmt"/>
        <line num="1220" count="12" type="stmt"/>
        <line num="1221" count="12" type="stmt"/>
        <line num="1222" count="12" type="stmt"/>
        <line num="1223" count="12" type="stmt"/>
        <line num="1224" count="12" type="stmt"/>
        <line num="1225" count="12" type="stmt"/>
        <line num="1226" count="12" type="stmt"/>
        <line num="1227" count="12" type="stmt"/>
        <line num="1228" count="12" type="stmt"/>
        <line num="1229" count="12" type="stmt"/>
        <line num="1230" count="12" type="stmt"/>
        <line num="1231" count="12" type="stmt"/>
        <line num="1232" count="12" type="stmt"/>
        <line num="1233" count="12" type="stmt"/>
        <line num="1234" count="12" type="stmt"/>
        <line num="1235" count="12" type="stmt"/>
        <line num="1236" count="12" type="stmt"/>
        <line num="1237" count="12" type="stmt"/>
        <line num="1238" count="12" type="stmt"/>
        <line num="1239" count="12" type="stmt"/>
        <line num="1240" count="12" type="stmt"/>
        <line num="1241" count="12" type="stmt"/>
        <line num="1242" count="12" type="stmt"/>
        <line num="1243" count="12" type="cond" truecount="1" falsecount="0"/>
        <line num="1244" count="12" type="stmt"/>
        <line num="1245" count="12" type="stmt"/>
        <line num="1246" count="12" type="stmt"/>
        <line num="1247" count="12" type="stmt"/>
        <line num="1248" count="12" type="cond" truecount="1" falsecount="0"/>
        <line num="1249" count="12" type="stmt"/>
        <line num="1250" count="12" type="stmt"/>
        <line num="1251" count="12" type="stmt"/>
        <line num="1252" count="12" type="cond" truecount="1" falsecount="0"/>
        <line num="1253" count="24" type="stmt"/>
        <line num="1254" count="12" type="stmt"/>
        <line num="1255" count="12" type="stmt"/>
        <line num="1256" count="12" type="stmt"/>
        <line num="1257" count="12" type="stmt"/>
        <line num="1258" count="12" type="stmt"/>
        <line num="1259" count="12" type="stmt"/>
        <line num="1260" count="12" type="stmt"/>
        <line num="1261" count="12" type="stmt"/>
        <line num="1262" count="12" type="stmt"/>
        <line num="1263" count="12" type="stmt"/>
        <line num="1264" count="12" type="stmt"/>
        <line num="1265" count="12" type="stmt"/>
        <line num="1266" count="12" type="stmt"/>
        <line num="1267" count="12" type="stmt"/>
        <line num="1268" count="12" type="stmt"/>
        <line num="1269" count="12" type="stmt"/>
        <line num="1270" count="12" type="stmt"/>
        <line num="1271" count="12" type="stmt"/>
        <line num="1272" count="12" type="stmt"/>
        <line num="1273" count="12" type="stmt"/>
        <line num="1274" count="12" type="stmt"/>
        <line num="1275" count="12" type="stmt"/>
        <line num="1276" count="12" type="stmt"/>
        <line num="1277" count="12" type="stmt"/>
        <line num="1278" count="12" type="stmt"/>
        <line num="1279" count="12" type="stmt"/>
        <line num="1280" count="12" type="stmt"/>
        <line num="1281" count="12" type="stmt"/>
        <line num="1282" count="12" type="stmt"/>
        <line num="1283" count="12" type="stmt"/>
        <line num="1284" count="12" type="stmt"/>
        <line num="1285" count="12" type="stmt"/>
        <line num="1286" count="12" type="stmt"/>
        <line num="1287" count="12" type="stmt"/>
        <line num="1288" count="12" type="stmt"/>
        <line num="1289" count="12" type="stmt"/>
        <line num="1290" count="12" type="cond" truecount="1" falsecount="0"/>
        <line num="1291" count="12" type="stmt"/>
        <line num="1292" count="12" type="stmt"/>
        <line num="1293" count="12" type="stmt"/>
        <line num="1294" count="12" type="stmt"/>
        <line num="1295" count="12" type="stmt"/>
        <line num="1296" count="12" type="stmt"/>
        <line num="1297" count="12" type="stmt"/>
        <line num="1298" count="12" type="stmt"/>
        <line num="1299" count="12" type="stmt"/>
        <line num="1300" count="12" type="stmt"/>
        <line num="1301" count="12" type="cond" truecount="1" falsecount="0"/>
        <line num="1302" count="12" type="stmt"/>
        <line num="1303" count="12" type="stmt"/>
        <line num="1304" count="12" type="stmt"/>
        <line num="1305" count="12" type="stmt"/>
        <line num="1306" count="12" type="cond" truecount="1" falsecount="0"/>
        <line num="1307" count="12" type="stmt"/>
        <line num="1308" count="12" type="stmt"/>
        <line num="1309" count="12" type="stmt"/>
        <line num="1310" count="12" type="stmt"/>
        <line num="1311" count="12" type="stmt"/>
        <line num="1312" count="12" type="stmt"/>
        <line num="1313" count="12" type="stmt"/>
        <line num="1314" count="12" type="cond" truecount="1" falsecount="0"/>
        <line num="1315" count="24" type="stmt"/>
        <line num="1316" count="12" type="stmt"/>
        <line num="1317" count="12" type="stmt"/>
        <line num="1318" count="12" type="stmt"/>
        <line num="1319" count="12" type="stmt"/>
        <line num="1320" count="12" type="stmt"/>
        <line num="1321" count="12" type="stmt"/>
        <line num="1322" count="12" type="stmt"/>
        <line num="1323" count="12" type="stmt"/>
        <line num="1324" count="12" type="stmt"/>
        <line num="1325" count="12" type="stmt"/>
        <line num="1326" count="12" type="cond" truecount="1" falsecount="0"/>
        <line num="1327" count="12" type="stmt"/>
        <line num="1328" count="12" type="stmt"/>
        <line num="1329" count="12" type="stmt"/>
        <line num="1330" count="12" type="stmt"/>
        <line num="1331" count="12" type="cond" truecount="1" falsecount="0"/>
        <line num="1332" count="12" type="stmt"/>
        <line num="1333" count="12" type="stmt"/>
        <line num="1334" count="12" type="stmt"/>
        <line num="1335" count="12" type="stmt"/>
        <line num="1336" count="12" type="stmt"/>
        <line num="1337" count="12" type="stmt"/>
        <line num="1338" count="12" type="stmt"/>
        <line num="1339" count="12" type="stmt"/>
        <line num="1340" count="12" type="stmt"/>
        <line num="1341" count="12" type="stmt"/>
        <line num="1342" count="12" type="stmt"/>
        <line num="1343" count="12" type="stmt"/>
        <line num="1344" count="12" type="stmt"/>
        <line num="1345" count="12" type="stmt"/>
        <line num="1346" count="12" type="cond" truecount="1" falsecount="0"/>
        <line num="1347" count="12" type="stmt"/>
        <line num="1348" count="12" type="stmt"/>
        <line num="1349" count="12" type="stmt"/>
        <line num="1350" count="12" type="stmt"/>
        <line num="1351" count="12" type="cond" truecount="1" falsecount="0"/>
        <line num="1352" count="12" type="stmt"/>
        <line num="1353" count="12" type="stmt"/>
        <line num="1354" count="12" type="stmt"/>
        <line num="1355" count="12" type="stmt"/>
        <line num="1356" count="12" type="stmt"/>
        <line num="1357" count="12" type="stmt"/>
        <line num="1358" count="12" type="stmt"/>
        <line num="1359" count="12" type="stmt"/>
        <line num="1360" count="12" type="stmt"/>
        <line num="1361" count="12" type="stmt"/>
        <line num="1362" count="12" type="cond" truecount="1" falsecount="0"/>
        <line num="1363" count="12" type="stmt"/>
        <line num="1364" count="12" type="stmt"/>
        <line num="1365" count="12" type="stmt"/>
        <line num="1366" count="12" type="stmt"/>
        <line num="1367" count="12" type="cond" truecount="1" falsecount="0"/>
        <line num="1368" count="12" type="stmt"/>
        <line num="1369" count="12" type="stmt"/>
        <line num="1370" count="12" type="stmt"/>
        <line num="1371" count="12" type="cond" truecount="1" falsecount="0"/>
        <line num="1372" count="24" type="stmt"/>
        <line num="1373" count="12" type="stmt"/>
        <line num="1374" count="12" type="stmt"/>
        <line num="1375" count="12" type="stmt"/>
        <line num="1376" count="12" type="stmt"/>
        <line num="1377" count="12" type="stmt"/>
        <line num="1378" count="12" type="stmt"/>
        <line num="1379" count="12" type="stmt"/>
        <line num="1380" count="12" type="stmt"/>
        <line num="1381" count="12" type="stmt"/>
        <line num="1382" count="12" type="stmt"/>
        <line num="1383" count="12" type="cond" truecount="1" falsecount="0"/>
        <line num="1384" count="12" type="stmt"/>
        <line num="1385" count="12" type="stmt"/>
        <line num="1386" count="12" type="cond" truecount="1" falsecount="0"/>
        <line num="1387" count="12" type="stmt"/>
        <line num="1388" count="12" type="cond" truecount="1" falsecount="0"/>
        <line num="1389" count="12" type="stmt"/>
        <line num="1390" count="12" type="cond" truecount="1" falsecount="0"/>
        <line num="1391" count="12" type="stmt"/>
        <line num="1392" count="12" type="stmt"/>
        <line num="1393" count="12" type="stmt"/>
        <line num="1394" count="12" type="stmt"/>
        <line num="1395" count="12" type="stmt"/>
        <line num="1396" count="12" type="stmt"/>
        <line num="1397" count="12" type="cond" truecount="1" falsecount="0"/>
        <line num="1398" count="12" type="stmt"/>
        <line num="1399" count="12" type="cond" truecount="2" falsecount="0"/>
        <line num="1400" count="12" type="stmt"/>
        <line num="1401" count="12" type="stmt"/>
        <line num="1402" count="12" type="stmt"/>
        <line num="1403" count="12" type="stmt"/>
        <line num="1404" count="12" type="cond" truecount="1" falsecount="0"/>
        <line num="1405" count="12" type="stmt"/>
        <line num="1406" count="12" type="stmt"/>
        <line num="1407" count="12" type="stmt"/>
        <line num="1408" count="12" type="stmt"/>
        <line num="1409" count="12" type="cond" truecount="1" falsecount="0"/>
        <line num="1410" count="12" type="stmt"/>
        <line num="1411" count="12" type="stmt"/>
        <line num="1412" count="12" type="stmt"/>
        <line num="1413" count="12" type="stmt"/>
        <line num="1414" count="12" type="stmt"/>
        <line num="1415" count="12" type="cond" truecount="1" falsecount="0"/>
        <line num="1416" count="72" type="cond" truecount="2" falsecount="0"/>
        <line num="1417" count="12" type="stmt"/>
        <line num="1418" count="12" type="stmt"/>
        <line num="1419" count="12" type="cond" truecount="1" falsecount="0"/>
        <line num="1420" count="12" type="stmt"/>
        <line num="1421" count="12" type="stmt"/>
        <line num="1422" count="12" type="stmt"/>
        <line num="1423" count="12" type="stmt"/>
        <line num="1424" count="12" type="stmt"/>
        <line num="1425" count="12" type="stmt"/>
        <line num="1426" count="12" type="stmt"/>
        <line num="1427" count="12" type="stmt"/>
        <line num="1428" count="12" type="stmt"/>
        <line num="1429" count="12" type="stmt"/>
        <line num="1430" count="12" type="stmt"/>
        <line num="1431" count="12" type="stmt"/>
        <line num="1432" count="12" type="stmt"/>
        <line num="1433" count="12" type="stmt"/>
        <line num="1434" count="12" type="stmt"/>
        <line num="1435" count="12" type="stmt"/>
        <line num="1436" count="12" type="stmt"/>
        <line num="1437" count="12" type="stmt"/>
        <line num="1438" count="12" type="stmt"/>
        <line num="1439" count="12" type="stmt"/>
        <line num="1440" count="12" type="stmt"/>
        <line num="1441" count="12" type="stmt"/>
        <line num="1442" count="12" type="stmt"/>
        <line num="1443" count="12" type="stmt"/>
        <line num="1444" count="12" type="stmt"/>
        <line num="1445" count="12" type="stmt"/>
        <line num="1446" count="12" type="cond" truecount="1" falsecount="0"/>
        <line num="1447" count="12" type="stmt"/>
        <line num="1448" count="12" type="stmt"/>
        <line num="1449" count="12" type="stmt"/>
        <line num="1450" count="12" type="stmt"/>
        <line num="1451" count="12" type="stmt"/>
        <line num="1452" count="12" type="stmt"/>
        <line num="1453" count="12" type="stmt"/>
        <line num="1454" count="12" type="stmt"/>
        <line num="1455" count="12" type="stmt"/>
        <line num="1456" count="12" type="stmt"/>
        <line num="1457" count="12" type="stmt"/>
        <line num="1458" count="12" type="stmt"/>
        <line num="1459" count="2" type="stmt"/>
        <line num="1460" count="2" type="stmt"/>
      </file>
    </package>
  </project>
</coverage>
