{"C:\\@turtlefly\\Code\\medama\\packages\\medama\\src\\index.ts": {"path":"C:\\@turtlefly\\Code\\medama\\packages\\medama\\src\\index.ts","all":false,"statementMap":{"0":{"start":{"line":1,"column":0},"end":{"line":1,"column":40}},"1":{"start":{"line":2,"column":0},"end":{"line":2,"column":86}}},"s":{"0":1,"1":1},"branchMap":{"0":{"type":"branch","line":1,"loc":{"start":{"line":1,"column":9},"end":{"line":1,"column":40}},"locations":[{"start":{"line":1,"column":9},"end":{"line":1,"column":40}}]}},"b":{"0":[25]},"fnMap":{"0":{"name":"get","decl":{"start":{"line":1,"column":9},"end":{"line":1,"column":40}},"loc":{"start":{"line":1,"column":9},"end":{"line":1,"column":40}},"line":1}},"f":{"0":25}}
,"C:\\@turtlefly\\Code\\medama\\packages\\medama\\src\\medama.ts": {"path":"C:\\@turtlefly\\Code\\medama\\packages\\medama\\src\\medama.ts","all":false,"statementMap":{"0":{"start":{"line":1,"column":0},"end":{"line":1,"column":13}},"1":{"start":{"line":2,"column":0},"end":{"line":2,"column":15}},"2":{"start":{"line":3,"column":0},"end":{"line":3,"column":12}},"3":{"start":{"line":4,"column":0},"end":{"line":4,"column":13}},"4":{"start":{"line":5,"column":0},"end":{"line":5,"column":14}},"5":{"start":{"line":6,"column":0},"end":{"line":6,"column":11}},"6":{"start":{"line":7,"column":0},"end":{"line":7,"column":11}},"7":{"start":{"line":8,"column":0},"end":{"line":8,"column":19}},"8":{"start":{"line":9,"column":0},"end":{"line":9,"column":15}},"9":{"start":{"line":10,"column":0},"end":{"line":10,"column":24}},"10":{"start":{"line":11,"column":0},"end":{"line":11,"column":54}},"11":{"start":{"line":12,"column":0},"end":{"line":12,"column":43}},"12":{"start":{"line":13,"column":0},"end":{"line":13,"column":0}},"13":{"start":{"line":14,"column":0},"end":{"line":14,"column":97}},"14":{"start":{"line":15,"column":0},"end":{"line":15,"column":42}},"15":{"start":{"line":16,"column":0},"end":{"line":16,"column":0}},"16":{"start":{"line":17,"column":0},"end":{"line":17,"column":73}},"17":{"start":{"line":18,"column":0},"end":{"line":18,"column":0}},"18":{"start":{"line":19,"column":0},"end":{"line":19,"column":56}},"19":{"start":{"line":20,"column":0},"end":{"line":20,"column":33}},"20":{"start":{"line":21,"column":0},"end":{"line":21,"column":33}},"21":{"start":{"line":22,"column":0},"end":{"line":22,"column":8}},"22":{"start":{"line":23,"column":0},"end":{"line":23,"column":55}},"23":{"start":{"line":24,"column":0},"end":{"line":24,"column":66}},"24":{"start":{"line":25,"column":0},"end":{"line":25,"column":6}},"25":{"start":{"line":26,"column":0},"end":{"line":26,"column":0}},"26":{"start":{"line":27,"column":0},"end":{"line":27,"column":39}},"27":{"start":{"line":28,"column":0},"end":{"line":28,"column":0}},"28":{"start":{"line":29,"column":0},"end":{"line":29,"column":20}},"29":{"start":{"line":30,"column":0},"end":{"line":30,"column":4}},"30":{"start":{"line":31,"column":0},"end":{"line":31,"column":0}},"31":{"start":{"line":32,"column":0},"end":{"line":32,"column":93}},"32":{"start":{"line":33,"column":0},"end":{"line":33,"column":0}},"33":{"start":{"line":34,"column":0},"end":{"line":34,"column":54}},"34":{"start":{"line":35,"column":0},"end":{"line":35,"column":24}},"35":{"start":{"line":36,"column":0},"end":{"line":36,"column":100}},"36":{"start":{"line":37,"column":0},"end":{"line":37,"column":0}},"37":{"start":{"line":38,"column":0},"end":{"line":38,"column":35}},"38":{"start":{"line":39,"column":0},"end":{"line":39,"column":0}},"39":{"start":{"line":40,"column":0},"end":{"line":40,"column":24}},"40":{"start":{"line":41,"column":0},"end":{"line":41,"column":4}},"41":{"start":{"line":42,"column":0},"end":{"line":42,"column":0}},"42":{"start":{"line":43,"column":0},"end":{"line":43,"column":56}},"43":{"start":{"line":44,"column":0},"end":{"line":44,"column":49}},"44":{"start":{"line":45,"column":0},"end":{"line":45,"column":83}},"45":{"start":{"line":46,"column":0},"end":{"line":46,"column":21}},"46":{"start":{"line":47,"column":0},"end":{"line":47,"column":37}},"47":{"start":{"line":48,"column":0},"end":{"line":48,"column":4}},"48":{"start":{"line":49,"column":0},"end":{"line":49,"column":0}},"49":{"start":{"line":50,"column":0},"end":{"line":50,"column":70}},"50":{"start":{"line":51,"column":0},"end":{"line":51,"column":0}},"51":{"start":{"line":52,"column":0},"end":{"line":52,"column":29}},"52":{"start":{"line":53,"column":0},"end":{"line":53,"column":2}},"53":{"start":{"line":54,"column":0},"end":{"line":54,"column":0}},"54":{"start":{"line":55,"column":0},"end":{"line":55,"column":97}},"55":{"start":{"line":56,"column":0},"end":{"line":56,"column":68}},"56":{"start":{"line":57,"column":0},"end":{"line":57,"column":0}},"57":{"start":{"line":58,"column":0},"end":{"line":58,"column":29}},"58":{"start":{"line":59,"column":0},"end":{"line":59,"column":42}},"59":{"start":{"line":60,"column":0},"end":{"line":60,"column":45}},"60":{"start":{"line":61,"column":0},"end":{"line":61,"column":4}},"61":{"start":{"line":62,"column":0},"end":{"line":62,"column":0}},"62":{"start":{"line":63,"column":0},"end":{"line":63,"column":57}},"63":{"start":{"line":64,"column":0},"end":{"line":64,"column":42}},"64":{"start":{"line":65,"column":0},"end":{"line":65,"column":64}},"65":{"start":{"line":66,"column":0},"end":{"line":66,"column":4}},"66":{"start":{"line":67,"column":0},"end":{"line":67,"column":0}},"67":{"start":{"line":68,"column":0},"end":{"line":68,"column":38}},"68":{"start":{"line":69,"column":0},"end":{"line":69,"column":2}}},"s":{"0":1,"1":1,"2":1,"3":1,"4":1,"5":1,"6":1,"7":1,"8":1,"9":1,"10":1,"11":1,"12":1,"13":1,"14":47,"15":47,"16":47,"17":47,"18":47,"19":46,"20":46,"21":46,"22":46,"23":68,"24":46,"25":46,"26":46,"27":46,"28":46,"29":47,"30":47,"31":47,"32":47,"33":47,"34":162,"35":162,"36":162,"37":162,"38":162,"39":162,"40":47,"41":47,"42":47,"43":23,"44":23,"45":23,"46":23,"47":47,"48":47,"49":47,"50":47,"51":47,"52":47,"53":1,"54":1,"55":46,"56":46,"57":46,"58":18,"59":18,"60":46,"61":46,"62":46,"63":68,"64":68,"65":46,"66":46,"67":46,"68":46},"branchMap":{"0":{"type":"branch","line":14,"loc":{"start":{"line":14,"column":42},"end":{"line":53,"column":2}},"locations":[{"start":{"line":14,"column":42},"end":{"line":53,"column":2}}]},"1":{"type":"branch","line":19,"loc":{"start":{"line":19,"column":52},"end":{"line":30,"column":3}},"locations":[{"start":{"line":19,"column":52},"end":{"line":30,"column":3}}]},"2":{"type":"branch","line":23,"loc":{"start":{"line":23,"column":47},"end":{"line":24,"column":66}},"locations":[{"start":{"line":23,"column":47},"end":{"line":24,"column":66}}]},"3":{"type":"branch","line":32,"loc":{"start":{"line":32,"column":38},"end":{"line":32,"column":92}},"locations":[{"start":{"line":32,"column":38},"end":{"line":32,"column":92}}]},"4":{"type":"branch","line":34,"loc":{"start":{"line":34,"column":36},"end":{"line":41,"column":3}},"locations":[{"start":{"line":34,"column":36},"end":{"line":41,"column":3}}]},"5":{"type":"branch","line":36,"loc":{"start":{"line":36,"column":40},"end":{"line":36,"column":85}},"locations":[{"start":{"line":36,"column":40},"end":{"line":36,"column":85}}]},"6":{"type":"branch","line":36,"loc":{"start":{"line":36,"column":86},"end":{"line":36,"column":99}},"locations":[{"start":{"line":36,"column":86},"end":{"line":36,"column":99}}]},"7":{"type":"branch","line":43,"loc":{"start":{"line":43,"column":40},"end":{"line":48,"column":3}},"locations":[{"start":{"line":43,"column":40},"end":{"line":48,"column":3}}]},"8":{"type":"branch","line":55,"loc":{"start":{"line":55,"column":31},"end":{"line":69,"column":2}},"locations":[{"start":{"line":55,"column":31},"end":{"line":69,"column":2}}]},"9":{"type":"branch","line":58,"loc":{"start":{"line":58,"column":22},"end":{"line":61,"column":3}},"locations":[{"start":{"line":58,"column":22},"end":{"line":61,"column":3}}]},"10":{"type":"branch","line":59,"loc":{"start":{"line":59,"column":37},"end":{"line":59,"column":41}},"locations":[{"start":{"line":59,"column":37},"end":{"line":59,"column":41}}]},"11":{"type":"branch","line":63,"loc":{"start":{"line":63,"column":38},"end":{"line":66,"column":3}},"locations":[{"start":{"line":63,"column":38},"end":{"line":66,"column":3}}]},"12":{"type":"branch","line":64,"loc":{"start":{"line":64,"column":37},"end":{"line":64,"column":41}},"locations":[{"start":{"line":64,"column":37},"end":{"line":64,"column":41}}]},"13":{"type":"branch","line":64,"loc":{"start":{"line":64,"column":37},"end":{"line":64,"column":41}},"locations":[{"start":{"line":64,"column":37},"end":{"line":64,"column":41}}]},"14":{"type":"branch","line":64,"loc":{"start":{"line":64,"column":37},"end":{"line":64,"column":41}},"locations":[{"start":{"line":64,"column":37},"end":{"line":64,"column":41}}]}},"b":{"0":[47],"1":[46],"2":[68],"3":[90],"4":[162],"5":[146],"6":[16],"7":[23],"8":[46],"9":[18],"10":[0],"11":[68],"12":[14],"13":[54],"14":[14]},"fnMap":{"0":{"name":"createMedama","decl":{"start":{"line":14,"column":42},"end":{"line":53,"column":2}},"loc":{"start":{"line":14,"column":42},"end":{"line":53,"column":2}},"line":14},"1":{"name":"subscribeToState","decl":{"start":{"line":19,"column":52},"end":{"line":30,"column":3}},"loc":{"start":{"line":19,"column":52},"end":{"line":30,"column":3}},"line":19},"2":{"name":"readState","decl":{"start":{"line":32,"column":38},"end":{"line":32,"column":92}},"loc":{"start":{"line":32,"column":38},"end":{"line":32,"column":92}},"line":32},"3":{"name":"setState","decl":{"start":{"line":34,"column":36},"end":{"line":41,"column":3}},"loc":{"start":{"line":34,"column":36},"end":{"line":41,"column":3}},"line":34},"4":{"name":"resetState","decl":{"start":{"line":43,"column":40},"end":{"line":48,"column":3}},"loc":{"start":{"line":43,"column":40},"end":{"line":48,"column":3}},"line":43},"5":{"name":"createResubscribeStore","decl":{"start":{"line":55,"column":31},"end":{"line":69,"column":2}},"loc":{"start":{"line":55,"column":31},"end":{"line":69,"column":2}},"line":55},"6":{"name":"unsubscribe","decl":{"start":{"line":58,"column":22},"end":{"line":61,"column":3}},"loc":{"start":{"line":58,"column":22},"end":{"line":61,"column":3}},"line":58},"7":{"name":"resubscribe","decl":{"start":{"line":63,"column":38},"end":{"line":66,"column":3}},"loc":{"start":{"line":63,"column":38},"end":{"line":66,"column":3}},"line":63}},"f":{"0":47,"1":46,"2":90,"3":162,"4":23,"5":46,"6":18,"7":68}}
,"C:\\@turtlefly\\Code\\medama\\packages\\medama\\src\\selectorStore.ts": {"path":"C:\\@turtlefly\\Code\\medama\\packages\\medama\\src\\selectorStore.ts","all":false,"statementMap":{"0":{"start":{"line":1,"column":0},"end":{"line":1,"column":78}},"1":{"start":{"line":2,"column":0},"end":{"line":2,"column":55}},"2":{"start":{"line":3,"column":0},"end":{"line":3,"column":0}},"3":{"start":{"line":4,"column":0},"end":{"line":4,"column":3}},"4":{"start":{"line":5,"column":0},"end":{"line":5,"column":100}},"5":{"start":{"line":6,"column":0},"end":{"line":6,"column":91}},"6":{"start":{"line":7,"column":0},"end":{"line":7,"column":57}},"7":{"start":{"line":8,"column":0},"end":{"line":8,"column":3}},"8":{"start":{"line":9,"column":0},"end":{"line":9,"column":58}},"9":{"start":{"line":10,"column":0},"end":{"line":10,"column":57}},"10":{"start":{"line":11,"column":0},"end":{"line":11,"column":6}},"11":{"start":{"line":12,"column":0},"end":{"line":12,"column":48}},"12":{"start":{"line":13,"column":0},"end":{"line":13,"column":29}},"13":{"start":{"line":14,"column":0},"end":{"line":14,"column":27}},"14":{"start":{"line":15,"column":0},"end":{"line":15,"column":6}},"15":{"start":{"line":16,"column":0},"end":{"line":16,"column":0}},"16":{"start":{"line":17,"column":0},"end":{"line":17,"column":66}},"17":{"start":{"line":18,"column":0},"end":{"line":18,"column":26}},"18":{"start":{"line":19,"column":0},"end":{"line":19,"column":71}},"19":{"start":{"line":20,"column":0},"end":{"line":20,"column":62}},"20":{"start":{"line":21,"column":0},"end":{"line":21,"column":0}},"21":{"start":{"line":22,"column":0},"end":{"line":22,"column":60}},"22":{"start":{"line":23,"column":0},"end":{"line":23,"column":0}},"23":{"start":{"line":24,"column":0},"end":{"line":24,"column":26}},"24":{"start":{"line":25,"column":0},"end":{"line":25,"column":4}},"25":{"start":{"line":26,"column":0},"end":{"line":26,"column":0}},"26":{"start":{"line":27,"column":0},"end":{"line":27,"column":65}},"27":{"start":{"line":28,"column":0},"end":{"line":28,"column":53}},"28":{"start":{"line":29,"column":0},"end":{"line":29,"column":0}},"29":{"start":{"line":30,"column":0},"end":{"line":30,"column":22}},"30":{"start":{"line":31,"column":0},"end":{"line":31,"column":4}},"31":{"start":{"line":32,"column":0},"end":{"line":32,"column":0}},"32":{"start":{"line":33,"column":0},"end":{"line":33,"column":46}},"33":{"start":{"line":34,"column":0},"end":{"line":34,"column":33}},"34":{"start":{"line":35,"column":0},"end":{"line":35,"column":33}},"35":{"start":{"line":36,"column":0},"end":{"line":36,"column":8}},"36":{"start":{"line":37,"column":0},"end":{"line":37,"column":73}},"37":{"start":{"line":38,"column":0},"end":{"line":38,"column":61}},"38":{"start":{"line":39,"column":0},"end":{"line":39,"column":0}},"39":{"start":{"line":40,"column":0},"end":{"line":40,"column":68}},"40":{"start":{"line":41,"column":0},"end":{"line":41,"column":4}},"41":{"start":{"line":42,"column":0},"end":{"line":42,"column":0}},"42":{"start":{"line":43,"column":0},"end":{"line":43,"column":63}},"43":{"start":{"line":44,"column":0},"end":{"line":44,"column":2}},"44":{"start":{"line":45,"column":0},"end":{"line":45,"column":0}},"45":{"start":{"line":46,"column":0},"end":{"line":46,"column":78}},"46":{"start":{"line":47,"column":0},"end":{"line":47,"column":0}},"47":{"start":{"line":48,"column":0},"end":{"line":48,"column":26}},"48":{"start":{"line":49,"column":0},"end":{"line":49,"column":38}},"49":{"start":{"line":50,"column":0},"end":{"line":50,"column":20}},"50":{"start":{"line":51,"column":0},"end":{"line":51,"column":2}},"51":{"start":{"line":52,"column":0},"end":{"line":52,"column":0}},"52":{"start":{"line":53,"column":0},"end":{"line":53,"column":3}},"53":{"start":{"line":54,"column":0},"end":{"line":54,"column":95}},"54":{"start":{"line":55,"column":0},"end":{"line":55,"column":96}},"55":{"start":{"line":56,"column":0},"end":{"line":56,"column":49}},"56":{"start":{"line":57,"column":0},"end":{"line":57,"column":3}},"57":{"start":{"line":58,"column":0},"end":{"line":58,"column":62}},"58":{"start":{"line":59,"column":0},"end":{"line":59,"column":31}},"59":{"start":{"line":60,"column":0},"end":{"line":60,"column":57}},"60":{"start":{"line":61,"column":0},"end":{"line":61,"column":6}},"61":{"start":{"line":62,"column":0},"end":{"line":62,"column":5}},"62":{"start":{"line":63,"column":0},"end":{"line":63,"column":92}},"63":{"start":{"line":64,"column":0},"end":{"line":64,"column":19}},"64":{"start":{"line":65,"column":0},"end":{"line":65,"column":5}},"65":{"start":{"line":66,"column":0},"end":{"line":66,"column":15}},"66":{"start":{"line":67,"column":0},"end":{"line":67,"column":32}},"67":{"start":{"line":68,"column":0},"end":{"line":68,"column":0}},"68":{"start":{"line":69,"column":0},"end":{"line":69,"column":5}},"69":{"start":{"line":70,"column":0},"end":{"line":70,"column":55}},"70":{"start":{"line":71,"column":0},"end":{"line":71,"column":5}},"71":{"start":{"line":72,"column":0},"end":{"line":72,"column":24}},"72":{"start":{"line":73,"column":0},"end":{"line":73,"column":0}},"73":{"start":{"line":74,"column":0},"end":{"line":74,"column":5}},"74":{"start":{"line":75,"column":0},"end":{"line":75,"column":66}},"75":{"start":{"line":76,"column":0},"end":{"line":76,"column":5}},"76":{"start":{"line":77,"column":0},"end":{"line":77,"column":45}},"77":{"start":{"line":78,"column":0},"end":{"line":78,"column":51}},"78":{"start":{"line":79,"column":0},"end":{"line":79,"column":0}},"79":{"start":{"line":80,"column":0},"end":{"line":80,"column":68}},"80":{"start":{"line":81,"column":0},"end":{"line":81,"column":30}},"81":{"start":{"line":82,"column":0},"end":{"line":82,"column":0}},"82":{"start":{"line":83,"column":0},"end":{"line":83,"column":18}},"83":{"start":{"line":84,"column":0},"end":{"line":84,"column":35}},"84":{"start":{"line":85,"column":0},"end":{"line":85,"column":6}},"85":{"start":{"line":86,"column":0},"end":{"line":86,"column":4}},"86":{"start":{"line":87,"column":0},"end":{"line":87,"column":0}},"87":{"start":{"line":88,"column":0},"end":{"line":88,"column":26}},"88":{"start":{"line":89,"column":0},"end":{"line":89,"column":7}},"89":{"start":{"line":90,"column":0},"end":{"line":90,"column":92}},"90":{"start":{"line":91,"column":0},"end":{"line":91,"column":91}},"91":{"start":{"line":92,"column":0},"end":{"line":92,"column":96}},"92":{"start":{"line":93,"column":0},"end":{"line":93,"column":36}},"93":{"start":{"line":94,"column":0},"end":{"line":94,"column":7}},"94":{"start":{"line":95,"column":0},"end":{"line":95,"column":22}},"95":{"start":{"line":96,"column":0},"end":{"line":96,"column":47}},"96":{"start":{"line":97,"column":0},"end":{"line":97,"column":24}},"97":{"start":{"line":98,"column":0},"end":{"line":98,"column":5}},"98":{"start":{"line":99,"column":0},"end":{"line":99,"column":0}},"99":{"start":{"line":100,"column":0},"end":{"line":100,"column":53}},"100":{"start":{"line":101,"column":0},"end":{"line":101,"column":31}},"101":{"start":{"line":102,"column":0},"end":{"line":102,"column":0}},"102":{"start":{"line":103,"column":0},"end":{"line":103,"column":17}},"103":{"start":{"line":104,"column":0},"end":{"line":104,"column":4}},"104":{"start":{"line":105,"column":0},"end":{"line":105,"column":0}},"105":{"start":{"line":106,"column":0},"end":{"line":106,"column":5}},"106":{"start":{"line":107,"column":0},"end":{"line":107,"column":91}},"107":{"start":{"line":108,"column":0},"end":{"line":108,"column":92}},"108":{"start":{"line":109,"column":0},"end":{"line":109,"column":16}},"109":{"start":{"line":110,"column":0},"end":{"line":110,"column":5}},"110":{"start":{"line":111,"column":0},"end":{"line":111,"column":33}},"111":{"start":{"line":112,"column":0},"end":{"line":112,"column":7}},"112":{"start":{"line":113,"column":0},"end":{"line":113,"column":91}},"113":{"start":{"line":114,"column":0},"end":{"line":114,"column":7}},"114":{"start":{"line":115,"column":0},"end":{"line":115,"column":26}},"115":{"start":{"line":116,"column":0},"end":{"line":116,"column":32}},"116":{"start":{"line":117,"column":0},"end":{"line":117,"column":25}},"117":{"start":{"line":118,"column":0},"end":{"line":118,"column":0}},"118":{"start":{"line":119,"column":0},"end":{"line":119,"column":19}},"119":{"start":{"line":120,"column":0},"end":{"line":120,"column":5}},"120":{"start":{"line":121,"column":0},"end":{"line":121,"column":0}},"121":{"start":{"line":122,"column":0},"end":{"line":122,"column":29}},"122":{"start":{"line":123,"column":0},"end":{"line":123,"column":0}},"123":{"start":{"line":124,"column":0},"end":{"line":124,"column":27}},"124":{"start":{"line":125,"column":0},"end":{"line":125,"column":17}},"125":{"start":{"line":126,"column":0},"end":{"line":126,"column":7}},"126":{"start":{"line":127,"column":0},"end":{"line":127,"column":0}},"127":{"start":{"line":128,"column":0},"end":{"line":128,"column":16}},"128":{"start":{"line":129,"column":0},"end":{"line":129,"column":4}},"129":{"start":{"line":130,"column":0},"end":{"line":130,"column":0}},"130":{"start":{"line":131,"column":0},"end":{"line":131,"column":61}},"131":{"start":{"line":132,"column":0},"end":{"line":132,"column":0}},"132":{"start":{"line":133,"column":0},"end":{"line":133,"column":39}},"133":{"start":{"line":134,"column":0},"end":{"line":134,"column":2}}},"s":{"0":1,"1":1,"2":1,"3":1,"4":1,"5":1,"6":1,"7":1,"8":1,"9":71,"10":71,"11":71,"12":71,"13":71,"14":71,"15":71,"16":71,"17":317,"18":317,"19":317,"20":317,"21":317,"22":317,"23":317,"24":71,"25":71,"26":71,"27":246,"28":246,"29":246,"30":71,"31":71,"32":71,"33":71,"34":71,"35":71,"36":71,"37":71,"38":71,"39":71,"40":71,"41":71,"42":71,"43":71,"44":1,"45":1,"46":1,"47":1,"48":1,"49":1,"50":1,"51":1,"52":1,"53":1,"54":1,"55":1,"56":1,"57":1,"58":273,"59":273,"60":273,"61":273,"62":273,"63":273,"64":273,"65":273,"66":273,"67":273,"68":273,"69":273,"70":273,"71":273,"72":273,"73":273,"74":273,"75":273,"76":273,"77":273,"78":273,"79":273,"80":73,"81":73,"82":73,"83":37,"84":73,"85":273,"86":273,"87":273,"88":326,"89":326,"90":326,"91":326,"92":326,"93":326,"94":326,"95":15,"96":15,"97":15,"98":326,"99":326,"100":326,"101":326,"102":326,"103":273,"104":273,"105":273,"106":273,"107":273,"108":273,"109":273,"110":273,"111":206,"112":206,"113":206,"114":206,"115":128,"116":128,"117":128,"118":128,"119":128,"120":78,"121":78,"122":78,"123":78,"124":83,"125":78,"126":78,"127":78,"128":273,"129":273,"130":273,"131":273,"132":273,"133":273},"branchMap":{"0":{"type":"branch","line":9,"loc":{"start":{"line":9,"column":35},"end":{"line":44,"column":2}},"locations":[{"start":{"line":9,"column":35},"end":{"line":44,"column":2}}]},"1":{"type":"branch","line":17,"loc":{"start":{"line":17,"column":28},"end":{"line":25,"column":3}},"locations":[{"start":{"line":17,"column":28},"end":{"line":25,"column":3}}]},"2":{"type":"branch","line":19,"loc":{"start":{"line":19,"column":68},"end":{"line":19,"column":71}},"locations":[{"start":{"line":19,"column":68},"end":{"line":19,"column":71}}]},"3":{"type":"branch","line":19,"loc":{"start":{"line":19,"column":68},"end":{"line":20,"column":61}},"locations":[{"start":{"line":19,"column":68},"end":{"line":20,"column":61}}]},"4":{"type":"branch","line":27,"loc":{"start":{"line":27,"column":27},"end":{"line":31,"column":3}},"locations":[{"start":{"line":27,"column":27},"end":{"line":31,"column":3}}]},"5":{"type":"branch","line":33,"loc":{"start":{"line":33,"column":42},"end":{"line":41,"column":3}},"locations":[{"start":{"line":33,"column":42},"end":{"line":41,"column":3}}]},"6":{"type":"branch","line":40,"loc":{"start":{"line":40,"column":50},"end":{"line":40,"column":49}},"locations":[{"start":{"line":40,"column":50},"end":{"line":40,"column":49}}]},"7":{"type":"branch","line":40,"loc":{"start":{"line":40,"column":50},"end":{"line":40,"column":66}},"locations":[{"start":{"line":40,"column":50},"end":{"line":40,"column":66}}]},"8":{"type":"branch","line":58,"loc":{"start":{"line":58,"column":36},"end":{"line":134,"column":2}},"locations":[{"start":{"line":58,"column":36},"end":{"line":134,"column":2}}]},"9":{"type":"branch","line":78,"loc":{"start":{"line":78,"column":25},"end":{"line":78,"column":50}},"locations":[{"start":{"line":78,"column":25},"end":{"line":78,"column":50}}]},"10":{"type":"branch","line":80,"loc":{"start":{"line":80,"column":46},"end":{"line":86,"column":3}},"locations":[{"start":{"line":80,"column":46},"end":{"line":86,"column":3}}]},"11":{"type":"branch","line":83,"loc":{"start":{"line":83,"column":11},"end":{"line":85,"column":5}},"locations":[{"start":{"line":83,"column":11},"end":{"line":85,"column":5}}]},"12":{"type":"branch","line":88,"loc":{"start":{"line":88,"column":19},"end":{"line":104,"column":3}},"locations":[{"start":{"line":88,"column":19},"end":{"line":104,"column":3}}]},"13":{"type":"branch","line":95,"loc":{"start":{"line":95,"column":21},"end":{"line":98,"column":5}},"locations":[{"start":{"line":95,"column":21},"end":{"line":98,"column":5}}]},"14":{"type":"branch","line":100,"loc":{"start":{"line":100,"column":22},"end":{"line":100,"column":52}},"locations":[{"start":{"line":100,"column":22},"end":{"line":100,"column":52}}]},"15":{"type":"branch","line":111,"loc":{"start":{"line":111,"column":26},"end":{"line":129,"column":3}},"locations":[{"start":{"line":111,"column":26},"end":{"line":129,"column":3}}]},"16":{"type":"branch","line":115,"loc":{"start":{"line":115,"column":25},"end":{"line":120,"column":5}},"locations":[{"start":{"line":115,"column":25},"end":{"line":120,"column":5}}]},"17":{"type":"branch","line":121,"loc":{"start":{"line":121,"column":-1},"end":{"line":129,"column":3}},"locations":[{"start":{"line":121,"column":-1},"end":{"line":129,"column":3}}]},"18":{"type":"branch","line":124,"loc":{"start":{"line":124,"column":17},"end":{"line":126,"column":5}},"locations":[{"start":{"line":124,"column":17},"end":{"line":126,"column":5}}]}},"b":{"0":[71],"1":[317],"2":[45],"3":[272],"4":[246],"5":[71],"6":[24],"7":[47],"8":[273],"9":[366],"10":[73],"11":[37],"12":[326],"13":[15],"14":[288],"15":[206],"16":[128],"17":[78],"18":[83]},"fnMap":{"0":{"name":"createSelectorStore","decl":{"start":{"line":9,"column":35},"end":{"line":44,"column":2}},"loc":{"start":{"line":9,"column":35},"end":{"line":44,"column":2}},"line":9},"1":{"name":"getSelectorRecord","decl":{"start":{"line":17,"column":28},"end":{"line":25,"column":3}},"loc":{"start":{"line":17,"column":28},"end":{"line":25,"column":3}},"line":17},"2":{"name":"getSelectorValue","decl":{"start":{"line":27,"column":27},"end":{"line":31,"column":3}},"loc":{"start":{"line":27,"column":27},"end":{"line":31,"column":3}},"line":27},"3":{"name":"subscribeToStateInSelectorStore","decl":{"start":{"line":33,"column":42},"end":{"line":41,"column":3}},"loc":{"start":{"line":33,"column":42},"end":{"line":41,"column":3}},"line":33},"4":{"name":"createSelectorRecord","decl":{"start":{"line":58,"column":36},"end":{"line":134,"column":2}},"loc":{"start":{"line":58,"column":36},"end":{"line":134,"column":2}},"line":58},"5":{"name":"calculateValue","decl":{"start":{"line":78,"column":25},"end":{"line":78,"column":50}},"loc":{"start":{"line":78,"column":25},"end":{"line":78,"column":50}},"line":78},"6":{"name":"addSubscription","decl":{"start":{"line":80,"column":46},"end":{"line":86,"column":3}},"loc":{"start":{"line":80,"column":46},"end":{"line":86,"column":3}},"line":80},"7":{"name":"getValue","decl":{"start":{"line":88,"column":19},"end":{"line":104,"column":3}},"loc":{"start":{"line":88,"column":19},"end":{"line":104,"column":3}},"line":88},"8":{"name":"selectorTrigger","decl":{"start":{"line":111,"column":26},"end":{"line":129,"column":3}},"loc":{"start":{"line":111,"column":26},"end":{"line":129,"column":3}},"line":111}},"f":{"0":71,"1":317,"2":246,"3":71,"4":273,"5":366,"6":73,"7":326,"8":206}}
,"C:\\@turtlefly\\Code\\medama\\packages\\medama\\src\\state.ts": {"path":"C:\\@turtlefly\\Code\\medama\\packages\\medama\\src\\state.ts","all":false,"statementMap":{"0":{"start":{"line":1,"column":0},"end":{"line":1,"column":48}},"1":{"start":{"line":2,"column":0},"end":{"line":2,"column":0}},"2":{"start":{"line":3,"column":0},"end":{"line":3,"column":3}},"3":{"start":{"line":4,"column":0},"end":{"line":4,"column":98}},"4":{"start":{"line":5,"column":0},"end":{"line":5,"column":11}},"5":{"start":{"line":6,"column":0},"end":{"line":6,"column":3}},"6":{"start":{"line":7,"column":0},"end":{"line":7,"column":37}},"7":{"start":{"line":8,"column":0},"end":{"line":8,"column":0}},"8":{"start":{"line":9,"column":0},"end":{"line":9,"column":61}},"9":{"start":{"line":10,"column":0},"end":{"line":10,"column":34}},"10":{"start":{"line":11,"column":0},"end":{"line":11,"column":22}},"11":{"start":{"line":12,"column":0},"end":{"line":12,"column":0}},"12":{"start":{"line":13,"column":0},"end":{"line":13,"column":28}},"13":{"start":{"line":14,"column":0},"end":{"line":14,"column":82}},"14":{"start":{"line":15,"column":0},"end":{"line":15,"column":98}},"15":{"start":{"line":16,"column":0},"end":{"line":16,"column":2}},"16":{"start":{"line":17,"column":0},"end":{"line":17,"column":0}},"17":{"start":{"line":18,"column":0},"end":{"line":18,"column":3}},"18":{"start":{"line":19,"column":0},"end":{"line":19,"column":97}},"19":{"start":{"line":20,"column":0},"end":{"line":20,"column":96}},"20":{"start":{"line":21,"column":0},"end":{"line":21,"column":31}},"21":{"start":{"line":22,"column":0},"end":{"line":22,"column":3}},"22":{"start":{"line":23,"column":0},"end":{"line":23,"column":87}},"23":{"start":{"line":24,"column":0},"end":{"line":24,"column":5}},"24":{"start":{"line":25,"column":0},"end":{"line":25,"column":46}},"25":{"start":{"line":26,"column":0},"end":{"line":26,"column":5}},"26":{"start":{"line":27,"column":0},"end":{"line":27,"column":33}},"27":{"start":{"line":28,"column":0},"end":{"line":28,"column":0}},"28":{"start":{"line":29,"column":0},"end":{"line":29,"column":5}},"29":{"start":{"line":30,"column":0},"end":{"line":30,"column":96}},"30":{"start":{"line":31,"column":0},"end":{"line":31,"column":5}},"31":{"start":{"line":32,"column":0},"end":{"line":32,"column":58}},"32":{"start":{"line":33,"column":0},"end":{"line":33,"column":0}},"33":{"start":{"line":34,"column":0},"end":{"line":34,"column":5}},"34":{"start":{"line":35,"column":0},"end":{"line":35,"column":91}},"35":{"start":{"line":36,"column":0},"end":{"line":36,"column":36}},"36":{"start":{"line":37,"column":0},"end":{"line":37,"column":5}},"37":{"start":{"line":38,"column":0},"end":{"line":38,"column":76}},"38":{"start":{"line":39,"column":0},"end":{"line":39,"column":49}},"39":{"start":{"line":40,"column":0},"end":{"line":40,"column":0}},"40":{"start":{"line":41,"column":0},"end":{"line":41,"column":37}},"41":{"start":{"line":42,"column":0},"end":{"line":42,"column":28}},"42":{"start":{"line":43,"column":0},"end":{"line":43,"column":82}},"43":{"start":{"line":44,"column":0},"end":{"line":44,"column":4}},"44":{"start":{"line":45,"column":0},"end":{"line":45,"column":0}},"45":{"start":{"line":46,"column":0},"end":{"line":46,"column":59}},"46":{"start":{"line":47,"column":0},"end":{"line":47,"column":30}},"47":{"start":{"line":48,"column":0},"end":{"line":48,"column":0}},"48":{"start":{"line":49,"column":0},"end":{"line":49,"column":93}},"49":{"start":{"line":50,"column":0},"end":{"line":50,"column":4}},"50":{"start":{"line":51,"column":0},"end":{"line":51,"column":0}},"51":{"start":{"line":52,"column":0},"end":{"line":52,"column":60}},"52":{"start":{"line":53,"column":0},"end":{"line":53,"column":52}},"53":{"start":{"line":54,"column":0},"end":{"line":54,"column":0}},"54":{"start":{"line":55,"column":0},"end":{"line":55,"column":74}},"55":{"start":{"line":56,"column":0},"end":{"line":56,"column":36}},"56":{"start":{"line":57,"column":0},"end":{"line":57,"column":36}},"57":{"start":{"line":58,"column":0},"end":{"line":58,"column":7}},"58":{"start":{"line":59,"column":0},"end":{"line":59,"column":0}},"59":{"start":{"line":60,"column":0},"end":{"line":60,"column":14}},"60":{"start":{"line":61,"column":0},"end":{"line":61,"column":4}},"61":{"start":{"line":62,"column":0},"end":{"line":62,"column":0}},"62":{"start":{"line":63,"column":0},"end":{"line":63,"column":73}},"63":{"start":{"line":64,"column":0},"end":{"line":64,"column":66}},"64":{"start":{"line":65,"column":0},"end":{"line":65,"column":0}},"65":{"start":{"line":66,"column":0},"end":{"line":66,"column":30}},"66":{"start":{"line":67,"column":0},"end":{"line":67,"column":4}},"67":{"start":{"line":68,"column":0},"end":{"line":68,"column":0}},"68":{"start":{"line":69,"column":0},"end":{"line":69,"column":5}},"69":{"start":{"line":70,"column":0},"end":{"line":70,"column":95}},"70":{"start":{"line":71,"column":0},"end":{"line":71,"column":75}},"71":{"start":{"line":72,"column":0},"end":{"line":72,"column":92}},"72":{"start":{"line":73,"column":0},"end":{"line":73,"column":18}},"73":{"start":{"line":74,"column":0},"end":{"line":74,"column":91}},"74":{"start":{"line":75,"column":0},"end":{"line":75,"column":18}},"75":{"start":{"line":76,"column":0},"end":{"line":76,"column":5}},"76":{"start":{"line":77,"column":0},"end":{"line":77,"column":45}},"77":{"start":{"line":78,"column":0},"end":{"line":78,"column":25}},"78":{"start":{"line":79,"column":0},"end":{"line":79,"column":28}},"79":{"start":{"line":80,"column":0},"end":{"line":80,"column":51}},"80":{"start":{"line":81,"column":0},"end":{"line":81,"column":0}},"81":{"start":{"line":82,"column":0},"end":{"line":82,"column":31}},"82":{"start":{"line":83,"column":0},"end":{"line":83,"column":93}},"83":{"start":{"line":84,"column":0},"end":{"line":84,"column":44}},"84":{"start":{"line":85,"column":0},"end":{"line":85,"column":7}},"85":{"start":{"line":86,"column":0},"end":{"line":86,"column":0}},"86":{"start":{"line":87,"column":0},"end":{"line":87,"column":49}},"87":{"start":{"line":88,"column":0},"end":{"line":88,"column":6}},"88":{"start":{"line":89,"column":0},"end":{"line":89,"column":0}},"89":{"start":{"line":90,"column":0},"end":{"line":90,"column":35}},"90":{"start":{"line":91,"column":0},"end":{"line":91,"column":28}},"91":{"start":{"line":92,"column":0},"end":{"line":92,"column":59}},"92":{"start":{"line":93,"column":0},"end":{"line":93,"column":53}},"93":{"start":{"line":94,"column":0},"end":{"line":94,"column":63}},"94":{"start":{"line":95,"column":0},"end":{"line":95,"column":0}},"95":{"start":{"line":96,"column":0},"end":{"line":96,"column":64}},"96":{"start":{"line":97,"column":0},"end":{"line":97,"column":0}},"97":{"start":{"line":98,"column":0},"end":{"line":98,"column":18}},"98":{"start":{"line":99,"column":0},"end":{"line":99,"column":6}},"99":{"start":{"line":100,"column":0},"end":{"line":100,"column":4}},"100":{"start":{"line":101,"column":0},"end":{"line":101,"column":0}},"101":{"start":{"line":102,"column":0},"end":{"line":102,"column":5}},"102":{"start":{"line":103,"column":0},"end":{"line":103,"column":54}},"103":{"start":{"line":104,"column":0},"end":{"line":104,"column":5}},"104":{"start":{"line":105,"column":0},"end":{"line":105,"column":67}},"105":{"start":{"line":106,"column":0},"end":{"line":106,"column":0}},"106":{"start":{"line":107,"column":0},"end":{"line":107,"column":49}},"107":{"start":{"line":108,"column":0},"end":{"line":108,"column":2}},"108":{"start":{"line":109,"column":0},"end":{"line":109,"column":0}},"109":{"start":{"line":110,"column":0},"end":{"line":110,"column":67}},"110":{"start":{"line":111,"column":0},"end":{"line":111,"column":0}},"111":{"start":{"line":112,"column":0},"end":{"line":112,"column":3}},"112":{"start":{"line":113,"column":0},"end":{"line":113,"column":97}},"113":{"start":{"line":114,"column":0},"end":{"line":114,"column":40}},"114":{"start":{"line":115,"column":0},"end":{"line":115,"column":3}},"115":{"start":{"line":116,"column":0},"end":{"line":116,"column":79}},"116":{"start":{"line":117,"column":0},"end":{"line":117,"column":47}},"117":{"start":{"line":118,"column":0},"end":{"line":118,"column":0}},"118":{"start":{"line":119,"column":0},"end":{"line":119,"column":5}},"119":{"start":{"line":120,"column":0},"end":{"line":120,"column":69}},"120":{"start":{"line":121,"column":0},"end":{"line":121,"column":5}},"121":{"start":{"line":122,"column":0},"end":{"line":122,"column":31}},"122":{"start":{"line":123,"column":0},"end":{"line":123,"column":42}},"123":{"start":{"line":124,"column":0},"end":{"line":124,"column":17}},"124":{"start":{"line":125,"column":0},"end":{"line":125,"column":7}},"125":{"start":{"line":126,"column":0},"end":{"line":126,"column":4}},"126":{"start":{"line":127,"column":0},"end":{"line":127,"column":0}},"127":{"start":{"line":128,"column":0},"end":{"line":128,"column":5}},"128":{"start":{"line":129,"column":0},"end":{"line":129,"column":73}},"129":{"start":{"line":130,"column":0},"end":{"line":130,"column":5}},"130":{"start":{"line":131,"column":0},"end":{"line":131,"column":28}},"131":{"start":{"line":132,"column":0},"end":{"line":132,"column":41}},"132":{"start":{"line":133,"column":0},"end":{"line":133,"column":4}},"133":{"start":{"line":134,"column":0},"end":{"line":134,"column":0}},"134":{"start":{"line":135,"column":0},"end":{"line":135,"column":5}},"135":{"start":{"line":136,"column":0},"end":{"line":136,"column":92}},"136":{"start":{"line":137,"column":0},"end":{"line":137,"column":96}},"137":{"start":{"line":138,"column":0},"end":{"line":138,"column":5}},"138":{"start":{"line":139,"column":0},"end":{"line":139,"column":66}},"139":{"start":{"line":140,"column":0},"end":{"line":140,"column":34}},"140":{"start":{"line":141,"column":0},"end":{"line":141,"column":0}},"141":{"start":{"line":142,"column":0},"end":{"line":142,"column":30}},"142":{"start":{"line":143,"column":0},"end":{"line":143,"column":39}},"143":{"start":{"line":144,"column":0},"end":{"line":144,"column":7}},"144":{"start":{"line":145,"column":0},"end":{"line":145,"column":4}},"145":{"start":{"line":146,"column":0},"end":{"line":146,"column":0}},"146":{"start":{"line":147,"column":0},"end":{"line":147,"column":28}},"147":{"start":{"line":148,"column":0},"end":{"line":148,"column":2}},"148":{"start":{"line":149,"column":0},"end":{"line":149,"column":0}},"149":{"start":{"line":150,"column":0},"end":{"line":150,"column":3}},"150":{"start":{"line":151,"column":0},"end":{"line":151,"column":99}},"151":{"start":{"line":152,"column":0},"end":{"line":152,"column":54}},"152":{"start":{"line":153,"column":0},"end":{"line":153,"column":3}},"153":{"start":{"line":154,"column":0},"end":{"line":154,"column":36}},"154":{"start":{"line":155,"column":0},"end":{"line":155,"column":42}},"155":{"start":{"line":156,"column":0},"end":{"line":156,"column":51}},"156":{"start":{"line":157,"column":0},"end":{"line":157,"column":0}},"157":{"start":{"line":158,"column":0},"end":{"line":158,"column":48}},"158":{"start":{"line":159,"column":0},"end":{"line":159,"column":19}},"159":{"start":{"line":160,"column":0},"end":{"line":160,"column":4}},"160":{"start":{"line":161,"column":0},"end":{"line":161,"column":0}},"161":{"start":{"line":162,"column":0},"end":{"line":162,"column":25}},"162":{"start":{"line":163,"column":0},"end":{"line":163,"column":29}},"163":{"start":{"line":164,"column":0},"end":{"line":164,"column":30}},"164":{"start":{"line":165,"column":0},"end":{"line":165,"column":48}},"165":{"start":{"line":166,"column":0},"end":{"line":166,"column":0}},"166":{"start":{"line":167,"column":0},"end":{"line":167,"column":14}},"167":{"start":{"line":168,"column":0},"end":{"line":168,"column":36}},"168":{"start":{"line":169,"column":0},"end":{"line":169,"column":9}},"169":{"start":{"line":170,"column":0},"end":{"line":170,"column":7}},"170":{"start":{"line":171,"column":0},"end":{"line":171,"column":0}},"171":{"start":{"line":172,"column":0},"end":{"line":172,"column":17}},"172":{"start":{"line":173,"column":0},"end":{"line":173,"column":31}},"173":{"start":{"line":174,"column":0},"end":{"line":174,"column":4}},"174":{"start":{"line":175,"column":0},"end":{"line":175,"column":0}},"175":{"start":{"line":176,"column":0},"end":{"line":176,"column":32}},"176":{"start":{"line":177,"column":0},"end":{"line":177,"column":2}}},"s":{"0":1,"1":1,"2":1,"3":1,"4":1,"5":1,"6":1,"7":1,"8":1,"9":1,"10":1,"11":1,"12":1,"13":1,"14":1,"15":1,"16":1,"17":1,"18":1,"19":1,"20":1,"21":1,"22":1,"23":72,"24":72,"25":72,"26":72,"27":72,"28":72,"29":72,"30":72,"31":72,"32":72,"33":72,"34":72,"35":72,"36":72,"37":72,"38":72,"39":72,"40":72,"41":773,"42":773,"43":72,"44":72,"45":72,"46":565,"47":565,"48":565,"49":72,"50":72,"51":72,"52":72,"53":72,"54":72,"55":175,"56":175,"57":175,"58":175,"59":175,"60":72,"61":72,"62":72,"63":282,"64":282,"65":282,"66":72,"67":72,"68":72,"69":72,"70":72,"71":72,"72":72,"73":72,"74":72,"75":72,"76":72,"77":72,"78":533,"79":533,"80":533,"81":533,"82":395,"83":395,"84":395,"85":528,"86":528,"87":72,"88":72,"89":72,"90":240,"91":240,"92":240,"93":240,"94":240,"95":240,"96":240,"97":240,"98":72,"99":72,"100":72,"101":72,"102":72,"103":72,"104":72,"105":72,"106":72,"107":72,"108":1,"109":1,"110":1,"111":1,"112":1,"113":1,"114":1,"115":1,"116":286,"117":286,"118":286,"119":286,"120":286,"121":286,"122":127,"123":291,"124":127,"125":286,"126":286,"127":286,"128":286,"129":286,"130":286,"131":209,"132":286,"133":286,"134":286,"135":286,"136":286,"137":286,"138":286,"139":400,"140":400,"141":400,"142":291,"143":400,"144":286,"145":286,"146":286,"147":286,"148":1,"149":1,"150":1,"151":1,"152":1,"153":1,"154":73,"155":73,"156":73,"157":73,"158":188,"159":73,"160":73,"161":73,"162":184,"163":188,"164":222,"165":208,"166":208,"167":208,"168":188,"169":184,"170":184,"171":184,"172":184,"173":73,"174":73,"175":73,"176":73},"branchMap":{"0":{"type":"branch","line":23,"loc":{"start":{"line":23,"column":32},"end":{"line":108,"column":2}},"locations":[{"start":{"line":23,"column":32},"end":{"line":108,"column":2}}]},"1":{"type":"branch","line":41,"loc":{"start":{"line":41,"column":30},"end":{"line":44,"column":3}},"locations":[{"start":{"line":41,"column":30},"end":{"line":44,"column":3}}]},"2":{"type":"branch","line":43,"loc":{"start":{"line":43,"column":6},"end":{"line":43,"column":82}},"locations":[{"start":{"line":43,"column":6},"end":{"line":43,"column":82}}]},"3":{"type":"branch","line":46,"loc":{"start":{"line":46,"column":35},"end":{"line":50,"column":3}},"locations":[{"start":{"line":46,"column":35},"end":{"line":50,"column":3}}]},"4":{"type":"branch","line":52,"loc":{"start":{"line":52,"column":47},"end":{"line":53,"column":51}},"locations":[{"start":{"line":52,"column":47},"end":{"line":53,"column":51}}]},"5":{"type":"branch","line":53,"loc":{"start":{"line":53,"column":29},"end":{"line":53,"column":50}},"locations":[{"start":{"line":53,"column":29},"end":{"line":53,"column":50}}]},"6":{"type":"branch","line":55,"loc":{"start":{"line":55,"column":21},"end":{"line":61,"column":3}},"locations":[{"start":{"line":55,"column":21},"end":{"line":61,"column":3}}]},"7":{"type":"branch","line":56,"loc":{"start":{"line":56,"column":29},"end":{"line":58,"column":5}},"locations":[{"start":{"line":56,"column":29},"end":{"line":58,"column":5}}]},"8":{"type":"branch","line":63,"loc":{"start":{"line":63,"column":34},"end":{"line":67,"column":3}},"locations":[{"start":{"line":63,"column":34},"end":{"line":67,"column":3}}]},"9":{"type":"branch","line":78,"loc":{"start":{"line":78,"column":9},"end":{"line":88,"column":5}},"locations":[{"start":{"line":78,"column":9},"end":{"line":88,"column":5}}]},"10":{"type":"branch","line":82,"loc":{"start":{"line":82,"column":30},"end":{"line":85,"column":7}},"locations":[{"start":{"line":82,"column":30},"end":{"line":85,"column":7}}]},"11":{"type":"branch","line":83,"loc":{"start":{"line":83,"column":76},"end":{"line":83,"column":82}},"locations":[{"start":{"line":83,"column":76},"end":{"line":83,"column":82}}]},"12":{"type":"branch","line":83,"loc":{"start":{"line":83,"column":76},"end":{"line":83,"column":92}},"locations":[{"start":{"line":83,"column":76},"end":{"line":83,"column":92}}]},"13":{"type":"branch","line":86,"loc":{"start":{"line":86,"column":-1},"end":{"line":88,"column":5}},"locations":[{"start":{"line":86,"column":-1},"end":{"line":88,"column":5}}]},"14":{"type":"branch","line":90,"loc":{"start":{"line":90,"column":9},"end":{"line":99,"column":5}},"locations":[{"start":{"line":90,"column":9},"end":{"line":99,"column":5}}]},"15":{"type":"branch","line":96,"loc":{"start":{"line":96,"column":13},"end":{"line":96,"column":47}},"locations":[{"start":{"line":96,"column":13},"end":{"line":96,"column":47}}]},"16":{"type":"branch","line":96,"loc":{"start":{"line":96,"column":49},"end":{"line":96,"column":64}},"locations":[{"start":{"line":96,"column":49},"end":{"line":96,"column":64}}]},"17":{"type":"branch","line":116,"loc":{"start":{"line":116,"column":40},"end":{"line":148,"column":2}},"locations":[{"start":{"line":116,"column":40},"end":{"line":148,"column":2}}]},"18":{"type":"branch","line":122,"loc":{"start":{"line":122,"column":24},"end":{"line":126,"column":3}},"locations":[{"start":{"line":122,"column":24},"end":{"line":126,"column":3}}]},"19":{"type":"branch","line":123,"loc":{"start":{"line":123,"column":27},"end":{"line":125,"column":5}},"locations":[{"start":{"line":123,"column":27},"end":{"line":125,"column":5}}]},"20":{"type":"branch","line":131,"loc":{"start":{"line":131,"column":21},"end":{"line":133,"column":3}},"locations":[{"start":{"line":131,"column":21},"end":{"line":133,"column":3}}]},"21":{"type":"branch","line":132,"loc":{"start":{"line":132,"column":21},"end":{"line":132,"column":40}},"locations":[{"start":{"line":132,"column":21},"end":{"line":132,"column":40}}]},"22":{"type":"branch","line":139,"loc":{"start":{"line":139,"column":29},"end":{"line":145,"column":3}},"locations":[{"start":{"line":139,"column":29},"end":{"line":145,"column":3}}]},"23":{"type":"branch","line":142,"loc":{"start":{"line":142,"column":23},"end":{"line":144,"column":5}},"locations":[{"start":{"line":142,"column":23},"end":{"line":144,"column":5}}]},"24":{"type":"branch","line":154,"loc":{"start":{"line":154,"column":29},"end":{"line":177,"column":2}},"locations":[{"start":{"line":154,"column":29},"end":{"line":177,"column":2}}]},"25":{"type":"branch","line":158,"loc":{"start":{"line":158,"column":20},"end":{"line":160,"column":3}},"locations":[{"start":{"line":158,"column":20},"end":{"line":160,"column":3}}]},"26":{"type":"branch","line":162,"loc":{"start":{"line":162,"column":18},"end":{"line":174,"column":3}},"locations":[{"start":{"line":162,"column":18},"end":{"line":174,"column":3}}]},"27":{"type":"branch","line":163,"loc":{"start":{"line":163,"column":17},"end":{"line":170,"column":5}},"locations":[{"start":{"line":163,"column":17},"end":{"line":170,"column":5}}]},"28":{"type":"branch","line":164,"loc":{"start":{"line":164,"column":20},"end":{"line":169,"column":7}},"locations":[{"start":{"line":164,"column":20},"end":{"line":169,"column":7}}]},"29":{"type":"branch","line":165,"loc":{"start":{"line":165,"column":41},"end":{"line":165,"column":48}},"locations":[{"start":{"line":165,"column":41},"end":{"line":165,"column":48}}]},"30":{"type":"branch","line":166,"loc":{"start":{"line":166,"column":-1},"end":{"line":169,"column":7}},"locations":[{"start":{"line":166,"column":-1},"end":{"line":169,"column":7}}]}},"b":{"0":[72],"1":[773],"2":[5],"3":[565],"4":[390],"5":[390],"6":[175],"7":[175],"8":[282],"9":[533],"10":[395],"11":[275],"12":[120],"13":[528],"14":[240],"15":[208],"16":[185],"17":[286],"18":[127],"19":[291],"20":[209],"21":[127],"22":[400],"23":[291],"24":[73],"25":[188],"26":[184],"27":[188],"28":[222],"29":[14],"30":[208]},"fnMap":{"0":{"name":"createStateImage","decl":{"start":{"line":23,"column":32},"end":{"line":108,"column":2}},"loc":{"start":{"line":23,"column":32},"end":{"line":108,"column":2}},"line":23},"1":{"name":"restrictCalculation","decl":{"start":{"line":41,"column":30},"end":{"line":44,"column":3}},"loc":{"start":{"line":41,"column":30},"end":{"line":44,"column":3}},"line":41},"2":{"name":"runWithRestrictionLifted","decl":{"start":{"line":46,"column":35},"end":{"line":50,"column":3}},"loc":{"start":{"line":46,"column":35},"end":{"line":50,"column":3}},"line":46},"3":{"name":"readStateFromImage","decl":{"start":{"line":52,"column":47},"end":{"line":53,"column":51}},"loc":{"start":{"line":52,"column":47},"end":{"line":53,"column":51}},"line":52},"4":{"name":"writeState","decl":{"start":{"line":55,"column":21},"end":{"line":61,"column":3}},"loc":{"start":{"line":55,"column":21},"end":{"line":61,"column":3}},"line":55},"5":{"name":"registerSelectorTrigger","decl":{"start":{"line":63,"column":34},"end":{"line":67,"column":3}},"loc":{"start":{"line":63,"column":34},"end":{"line":67,"column":3}},"line":63},"6":{"name":"get","decl":{"start":{"line":78,"column":9},"end":{"line":88,"column":5}},"loc":{"start":{"line":78,"column":9},"end":{"line":88,"column":5}},"line":78},"7":{"name":"set","decl":{"start":{"line":90,"column":9},"end":{"line":99,"column":5}},"loc":{"start":{"line":90,"column":9},"end":{"line":99,"column":5}},"line":90},"8":{"name":"createRegisterTriggerJob","decl":{"start":{"line":116,"column":40},"end":{"line":148,"column":2}},"loc":{"start":{"line":116,"column":40},"end":{"line":148,"column":2}},"line":116},"9":{"name":"runUnregister","decl":{"start":{"line":122,"column":24},"end":{"line":126,"column":3}},"loc":{"start":{"line":122,"column":24},"end":{"line":126,"column":3}},"line":122},"10":{"name":"triggerJob","decl":{"start":{"line":131,"column":21},"end":{"line":133,"column":3}},"loc":{"start":{"line":131,"column":21},"end":{"line":133,"column":3}},"line":131},"11":{"name":"registerTriggerJob","decl":{"start":{"line":139,"column":29},"end":{"line":145,"column":3}},"loc":{"start":{"line":139,"column":29},"end":{"line":145,"column":3}},"line":139},"12":{"name":"createJobPool","decl":{"start":{"line":154,"column":29},"end":{"line":177,"column":2}},"loc":{"start":{"line":154,"column":29},"end":{"line":177,"column":2}},"line":154},"13":{"name":"addToPool","decl":{"start":{"line":158,"column":20},"end":{"line":160,"column":3}},"loc":{"start":{"line":158,"column":20},"end":{"line":160,"column":3}},"line":158},"14":{"name":"runPool","decl":{"start":{"line":162,"column":18},"end":{"line":174,"column":3}},"loc":{"start":{"line":162,"column":18},"end":{"line":174,"column":3}},"line":162}},"f":{"0":72,"1":773,"2":565,"3":390,"4":175,"5":282,"6":533,"7":240,"8":286,"9":127,"10":209,"11":400,"12":73,"13":188,"14":184}}
}
