{"C:\\@turtlefly\\Code\\medama-work\\packages\\medama\\src\\index.ts": {"path":"C:\\@turtlefly\\Code\\medama-work\\packages\\medama\\src\\index.ts","all":false,"statementMap":{"0":{"start":{"line":1,"column":0},"end":{"line":1,"column":40}},"1":{"start":{"line":2,"column":0},"end":{"line":2,"column":36}}},"s":{"0":2,"1":2},"branchMap":{"0":{"type":"branch","line":1,"loc":{"start":{"line":1,"column":9},"end":{"line":1,"column":40}},"locations":[{"start":{"line":1,"column":9},"end":{"line":1,"column":40}}]}},"b":{"0":[2]},"fnMap":{"0":{"name":"get","decl":{"start":{"line":1,"column":9},"end":{"line":1,"column":40}},"loc":{"start":{"line":1,"column":9},"end":{"line":1,"column":40}},"line":1}},"f":{"0":2}}
,"C:\\@turtlefly\\Code\\medama-work\\packages\\medama\\src\\medama.ts": {"path":"C:\\@turtlefly\\Code\\medama-work\\packages\\medama\\src\\medama.ts","all":false,"statementMap":{"0":{"start":{"line":1,"column":0},"end":{"line":1,"column":13}},"1":{"start":{"line":2,"column":0},"end":{"line":2,"column":15}},"2":{"start":{"line":3,"column":0},"end":{"line":3,"column":12}},"3":{"start":{"line":4,"column":0},"end":{"line":4,"column":13}},"4":{"start":{"line":5,"column":0},"end":{"line":5,"column":11}},"5":{"start":{"line":6,"column":0},"end":{"line":6,"column":11}},"6":{"start":{"line":7,"column":0},"end":{"line":7,"column":19}},"7":{"start":{"line":8,"column":0},"end":{"line":8,"column":15}},"8":{"start":{"line":9,"column":0},"end":{"line":9,"column":22}},"9":{"start":{"line":10,"column":0},"end":{"line":10,"column":24}},"10":{"start":{"line":11,"column":0},"end":{"line":11,"column":54}},"11":{"start":{"line":12,"column":0},"end":{"line":12,"column":43}},"12":{"start":{"line":13,"column":0},"end":{"line":13,"column":0}},"13":{"start":{"line":14,"column":0},"end":{"line":14,"column":97}},"14":{"start":{"line":15,"column":0},"end":{"line":15,"column":42}},"15":{"start":{"line":16,"column":0},"end":{"line":16,"column":62}},"16":{"start":{"line":17,"column":0},"end":{"line":17,"column":0}},"17":{"start":{"line":18,"column":0},"end":{"line":18,"column":5}},"18":{"start":{"line":19,"column":0},"end":{"line":19,"column":72}},"19":{"start":{"line":20,"column":0},"end":{"line":20,"column":77}},"20":{"start":{"line":21,"column":0},"end":{"line":21,"column":35}},"21":{"start":{"line":22,"column":0},"end":{"line":22,"column":5}},"22":{"start":{"line":23,"column":0},"end":{"line":23,"column":41}},"23":{"start":{"line":24,"column":0},"end":{"line":24,"column":0}},"24":{"start":{"line":25,"column":0},"end":{"line":25,"column":5}},"25":{"start":{"line":26,"column":0},"end":{"line":26,"column":79}},"26":{"start":{"line":27,"column":0},"end":{"line":27,"column":73}},"27":{"start":{"line":28,"column":0},"end":{"line":28,"column":27}},"28":{"start":{"line":29,"column":0},"end":{"line":29,"column":5}},"29":{"start":{"line":30,"column":0},"end":{"line":30,"column":32}},"30":{"start":{"line":31,"column":0},"end":{"line":31,"column":0}},"31":{"start":{"line":32,"column":0},"end":{"line":32,"column":5}},"32":{"start":{"line":33,"column":0},"end":{"line":33,"column":79}},"33":{"start":{"line":34,"column":0},"end":{"line":34,"column":42}},"34":{"start":{"line":35,"column":0},"end":{"line":35,"column":32}},"35":{"start":{"line":36,"column":0},"end":{"line":36,"column":27}},"36":{"start":{"line":37,"column":0},"end":{"line":37,"column":25}},"37":{"start":{"line":38,"column":0},"end":{"line":38,"column":5}},"38":{"start":{"line":39,"column":0},"end":{"line":39,"column":33}},"39":{"start":{"line":40,"column":0},"end":{"line":40,"column":39}},"40":{"start":{"line":41,"column":0},"end":{"line":41,"column":30}},"41":{"start":{"line":42,"column":0},"end":{"line":42,"column":4}},"42":{"start":{"line":43,"column":0},"end":{"line":43,"column":0}},"43":{"start":{"line":44,"column":0},"end":{"line":44,"column":56}},"44":{"start":{"line":45,"column":0},"end":{"line":45,"column":33}},"45":{"start":{"line":46,"column":0},"end":{"line":46,"column":33}},"46":{"start":{"line":47,"column":0},"end":{"line":47,"column":32}},"47":{"start":{"line":48,"column":0},"end":{"line":48,"column":9}},"48":{"start":{"line":49,"column":0},"end":{"line":49,"column":40}},"49":{"start":{"line":50,"column":0},"end":{"line":50,"column":0}},"50":{"start":{"line":51,"column":0},"end":{"line":51,"column":14}},"51":{"start":{"line":52,"column":0},"end":{"line":52,"column":9}},"52":{"start":{"line":53,"column":0},"end":{"line":53,"column":80}},"53":{"start":{"line":54,"column":0},"end":{"line":54,"column":47}},"54":{"start":{"line":55,"column":0},"end":{"line":55,"column":18}},"55":{"start":{"line":56,"column":0},"end":{"line":56,"column":11}},"56":{"start":{"line":57,"column":0},"end":{"line":57,"column":17}},"57":{"start":{"line":58,"column":0},"end":{"line":58,"column":18}},"58":{"start":{"line":59,"column":0},"end":{"line":59,"column":0}},"59":{"start":{"line":60,"column":0},"end":{"line":60,"column":14}},"60":{"start":{"line":61,"column":0},"end":{"line":61,"column":5}},"61":{"start":{"line":62,"column":0},"end":{"line":62,"column":4}},"62":{"start":{"line":63,"column":0},"end":{"line":63,"column":0}},"63":{"start":{"line":64,"column":0},"end":{"line":64,"column":53}},"64":{"start":{"line":65,"column":0},"end":{"line":65,"column":9}},"65":{"start":{"line":66,"column":0},"end":{"line":66,"column":54}},"66":{"start":{"line":67,"column":0},"end":{"line":67,"column":17}},"67":{"start":{"line":68,"column":0},"end":{"line":68,"column":18}},"68":{"start":{"line":69,"column":0},"end":{"line":69,"column":0}},"69":{"start":{"line":70,"column":0},"end":{"line":70,"column":14}},"70":{"start":{"line":71,"column":0},"end":{"line":71,"column":5}},"71":{"start":{"line":72,"column":0},"end":{"line":72,"column":4}},"72":{"start":{"line":73,"column":0},"end":{"line":73,"column":0}},"73":{"start":{"line":74,"column":0},"end":{"line":74,"column":54}},"74":{"start":{"line":75,"column":0},"end":{"line":75,"column":9}},"75":{"start":{"line":76,"column":0},"end":{"line":76,"column":37}},"76":{"start":{"line":77,"column":0},"end":{"line":77,"column":87}},"77":{"start":{"line":78,"column":0},"end":{"line":78,"column":0}},"78":{"start":{"line":79,"column":0},"end":{"line":79,"column":28}},"79":{"start":{"line":80,"column":0},"end":{"line":80,"column":86}},"80":{"start":{"line":81,"column":0},"end":{"line":81,"column":0}},"81":{"start":{"line":82,"column":0},"end":{"line":82,"column":31}},"82":{"start":{"line":83,"column":0},"end":{"line":83,"column":0}},"83":{"start":{"line":84,"column":0},"end":{"line":84,"column":86}},"84":{"start":{"line":85,"column":0},"end":{"line":85,"column":17}},"85":{"start":{"line":86,"column":0},"end":{"line":86,"column":18}},"86":{"start":{"line":87,"column":0},"end":{"line":87,"column":0}},"87":{"start":{"line":88,"column":0},"end":{"line":88,"column":14}},"88":{"start":{"line":89,"column":0},"end":{"line":89,"column":5}},"89":{"start":{"line":90,"column":0},"end":{"line":90,"column":4}},"90":{"start":{"line":91,"column":0},"end":{"line":91,"column":0}},"91":{"start":{"line":92,"column":0},"end":{"line":92,"column":56}},"92":{"start":{"line":93,"column":0},"end":{"line":93,"column":49}},"93":{"start":{"line":94,"column":0},"end":{"line":94,"column":72}},"94":{"start":{"line":95,"column":0},"end":{"line":95,"column":21}},"95":{"start":{"line":96,"column":0},"end":{"line":96,"column":37}},"96":{"start":{"line":97,"column":0},"end":{"line":97,"column":16}},"97":{"start":{"line":98,"column":0},"end":{"line":98,"column":4}},"98":{"start":{"line":99,"column":0},"end":{"line":99,"column":0}},"99":{"start":{"line":100,"column":0},"end":{"line":100,"column":70}},"100":{"start":{"line":101,"column":0},"end":{"line":101,"column":0}},"101":{"start":{"line":102,"column":0},"end":{"line":102,"column":29}},"102":{"start":{"line":103,"column":0},"end":{"line":103,"column":2}}},"s":{"0":2,"1":2,"2":2,"3":2,"4":2,"5":2,"6":2,"7":2,"8":2,"9":2,"10":2,"11":2,"12":2,"13":2,"14":622,"15":622,"16":622,"17":622,"18":622,"19":622,"20":622,"21":622,"22":622,"23":622,"24":622,"25":622,"26":622,"27":622,"28":622,"29":622,"30":622,"31":622,"32":622,"33":622,"34":622,"35":622,"36":622,"37":622,"38":622,"39":358,"40":358,"41":622,"42":622,"43":622,"44":570,"45":570,"46":570,"47":570,"48":570,"49":570,"50":570,"51":570,"52":570,"53":570,"54":570,"55":570,"56":570,"57":136,"58":136,"59":136,"60":136,"61":622,"62":622,"63":622,"64":674,"65":674,"66":674,"67":62,"68":62,"69":62,"70":62,"71":622,"72":622,"73":622,"74":1286,"75":1286,"76":1286,"77":1274,"78":1274,"79":1286,"80":1262,"81":1262,"82":1262,"83":1262,"84":1286,"85":98,"86":98,"87":98,"88":98,"89":622,"90":622,"91":622,"92":62,"93":62,"94":62,"95":62,"96":62,"97":622,"98":622,"99":622,"100":622,"101":622,"102":622},"branchMap":{"0":{"type":"branch","line":14,"loc":{"start":{"line":14,"column":42},"end":{"line":103,"column":2}},"locations":[{"start":{"line":14,"column":42},"end":{"line":103,"column":2}}]},"1":{"type":"branch","line":39,"loc":{"start":{"line":39,"column":20},"end":{"line":42,"column":3}},"locations":[{"start":{"line":39,"column":20},"end":{"line":42,"column":3}}]},"2":{"type":"branch","line":44,"loc":{"start":{"line":44,"column":52},"end":{"line":62,"column":3}},"locations":[{"start":{"line":44,"column":52},"end":{"line":62,"column":3}}]},"3":{"type":"branch","line":57,"loc":{"start":{"line":57,"column":6},"end":{"line":61,"column":5}},"locations":[{"start":{"line":57,"column":6},"end":{"line":61,"column":5}}]},"4":{"type":"branch","line":64,"loc":{"start":{"line":64,"column":38},"end":{"line":72,"column":3}},"locations":[{"start":{"line":64,"column":38},"end":{"line":72,"column":3}}]},"5":{"type":"branch","line":67,"loc":{"start":{"line":67,"column":6},"end":{"line":71,"column":5}},"locations":[{"start":{"line":67,"column":6},"end":{"line":71,"column":5}}]},"6":{"type":"branch","line":74,"loc":{"start":{"line":74,"column":36},"end":{"line":90,"column":3}},"locations":[{"start":{"line":74,"column":36},"end":{"line":90,"column":3}}]},"7":{"type":"branch","line":77,"loc":{"start":{"line":77,"column":8},"end":{"line":77,"column":87}},"locations":[{"start":{"line":77,"column":8},"end":{"line":77,"column":87}}]},"8":{"type":"branch","line":78,"loc":{"start":{"line":78,"column":-1},"end":{"line":80,"column":14}},"locations":[{"start":{"line":78,"column":-1},"end":{"line":80,"column":14}}]},"9":{"type":"branch","line":80,"loc":{"start":{"line":80,"column":8},"end":{"line":80,"column":86}},"locations":[{"start":{"line":80,"column":8},"end":{"line":80,"column":86}}]},"10":{"type":"branch","line":81,"loc":{"start":{"line":81,"column":-1},"end":{"line":85,"column":13}},"locations":[{"start":{"line":81,"column":-1},"end":{"line":85,"column":13}}]},"11":{"type":"branch","line":85,"loc":{"start":{"line":85,"column":6},"end":{"line":89,"column":5}},"locations":[{"start":{"line":85,"column":6},"end":{"line":89,"column":5}}]},"12":{"type":"branch","line":92,"loc":{"start":{"line":92,"column":40},"end":{"line":98,"column":3}},"locations":[{"start":{"line":92,"column":40},"end":{"line":98,"column":3}}]}},"b":{"0":[622],"1":[358],"2":[570],"3":[136],"4":[674],"5":[62],"6":[1286],"7":[12],"8":[1274],"9":[12],"10":[1262],"11":[98],"12":[62]},"fnMap":{"0":{"name":"createMedama","decl":{"start":{"line":14,"column":42},"end":{"line":103,"column":2}},"loc":{"start":{"line":14,"column":42},"end":{"line":103,"column":2}},"line":14},"1":{"name":"resetInit","decl":{"start":{"line":39,"column":20},"end":{"line":42,"column":3}},"loc":{"start":{"line":39,"column":20},"end":{"line":42,"column":3}},"line":39},"2":{"name":"subscribeToState","decl":{"start":{"line":44,"column":52},"end":{"line":62,"column":3}},"loc":{"start":{"line":44,"column":52},"end":{"line":62,"column":3}},"line":44},"3":{"name":"readState","decl":{"start":{"line":64,"column":38},"end":{"line":72,"column":3}},"loc":{"start":{"line":64,"column":38},"end":{"line":72,"column":3}},"line":64},"4":{"name":"setState","decl":{"start":{"line":74,"column":36},"end":{"line":90,"column":3}},"loc":{"start":{"line":74,"column":36},"end":{"line":90,"column":3}},"line":74},"5":{"name":"resetState","decl":{"start":{"line":92,"column":40},"end":{"line":98,"column":3}},"loc":{"start":{"line":92,"column":40},"end":{"line":98,"column":3}},"line":92}},"f":{"0":622,"1":358,"2":570,"3":674,"4":1286,"5":62}}
,"C:\\@turtlefly\\Code\\medama-work\\packages\\medama\\src\\selectorStore.ts": {"path":"C:\\@turtlefly\\Code\\medama-work\\packages\\medama\\src\\selectorStore.ts","all":false,"statementMap":{"0":{"start":{"line":1,"column":0},"end":{"line":1,"column":13}},"1":{"start":{"line":2,"column":0},"end":{"line":2,"column":14}},"2":{"start":{"line":3,"column":0},"end":{"line":3,"column":11}},"3":{"start":{"line":4,"column":0},"end":{"line":4,"column":15}},"4":{"start":{"line":5,"column":0},"end":{"line":5,"column":18}},"5":{"start":{"line":6,"column":0},"end":{"line":6,"column":22}},"6":{"start":{"line":7,"column":0},"end":{"line":7,"column":23}},"7":{"start":{"line":8,"column":0},"end":{"line":8,"column":24}},"8":{"start":{"line":9,"column":0},"end":{"line":9,"column":75}},"9":{"start":{"line":10,"column":0},"end":{"line":10,"column":0}},"10":{"start":{"line":11,"column":0},"end":{"line":11,"column":85}},"11":{"start":{"line":12,"column":0},"end":{"line":12,"column":0}},"12":{"start":{"line":13,"column":0},"end":{"line":13,"column":65}},"13":{"start":{"line":14,"column":0},"end":{"line":14,"column":31}},"14":{"start":{"line":15,"column":0},"end":{"line":15,"column":31}},"15":{"start":{"line":16,"column":0},"end":{"line":16,"column":28}},"16":{"start":{"line":17,"column":0},"end":{"line":17,"column":0}},"17":{"start":{"line":18,"column":0},"end":{"line":18,"column":3}},"18":{"start":{"line":19,"column":0},"end":{"line":19,"column":73}},"19":{"start":{"line":20,"column":0},"end":{"line":20,"column":37}},"20":{"start":{"line":21,"column":0},"end":{"line":21,"column":43}},"21":{"start":{"line":22,"column":0},"end":{"line":22,"column":44}},"22":{"start":{"line":23,"column":0},"end":{"line":23,"column":2}},"23":{"start":{"line":24,"column":0},"end":{"line":24,"column":76}},"24":{"start":{"line":25,"column":0},"end":{"line":25,"column":21}},"25":{"start":{"line":26,"column":0},"end":{"line":26,"column":2}},"26":{"start":{"line":27,"column":0},"end":{"line":27,"column":66}},"27":{"start":{"line":28,"column":0},"end":{"line":28,"column":74}},"28":{"start":{"line":29,"column":0},"end":{"line":29,"column":3}},"29":{"start":{"line":30,"column":0},"end":{"line":30,"column":58}},"30":{"start":{"line":31,"column":0},"end":{"line":31,"column":44}},"31":{"start":{"line":32,"column":0},"end":{"line":32,"column":4}},"32":{"start":{"line":33,"column":0},"end":{"line":33,"column":44}},"33":{"start":{"line":34,"column":0},"end":{"line":34,"column":74}},"34":{"start":{"line":35,"column":0},"end":{"line":35,"column":6}},"35":{"start":{"line":36,"column":0},"end":{"line":36,"column":48}},"36":{"start":{"line":37,"column":0},"end":{"line":37,"column":29}},"37":{"start":{"line":38,"column":0},"end":{"line":38,"column":27}},"38":{"start":{"line":39,"column":0},"end":{"line":39,"column":6}},"39":{"start":{"line":40,"column":0},"end":{"line":40,"column":0}},"40":{"start":{"line":41,"column":0},"end":{"line":41,"column":5}},"41":{"start":{"line":42,"column":0},"end":{"line":42,"column":75}},"42":{"start":{"line":43,"column":0},"end":{"line":43,"column":25}},"43":{"start":{"line":44,"column":0},"end":{"line":44,"column":34}},"44":{"start":{"line":45,"column":0},"end":{"line":45,"column":49}},"45":{"start":{"line":46,"column":0},"end":{"line":46,"column":4}},"46":{"start":{"line":47,"column":0},"end":{"line":47,"column":54}},"47":{"start":{"line":48,"column":0},"end":{"line":48,"column":76}},"48":{"start":{"line":49,"column":0},"end":{"line":49,"column":12}},"49":{"start":{"line":50,"column":0},"end":{"line":50,"column":5}},"50":{"start":{"line":51,"column":0},"end":{"line":51,"column":85}},"51":{"start":{"line":52,"column":0},"end":{"line":52,"column":26}},"52":{"start":{"line":53,"column":0},"end":{"line":53,"column":71}},"53":{"start":{"line":54,"column":0},"end":{"line":54,"column":51}},"54":{"start":{"line":55,"column":0},"end":{"line":55,"column":0}},"55":{"start":{"line":56,"column":0},"end":{"line":56,"column":60}},"56":{"start":{"line":57,"column":0},"end":{"line":57,"column":0}},"57":{"start":{"line":58,"column":0},"end":{"line":58,"column":26}},"58":{"start":{"line":59,"column":0},"end":{"line":59,"column":4}},"59":{"start":{"line":60,"column":0},"end":{"line":60,"column":0}},"60":{"start":{"line":61,"column":0},"end":{"line":61,"column":5}},"61":{"start":{"line":62,"column":0},"end":{"line":62,"column":80}},"62":{"start":{"line":63,"column":0},"end":{"line":63,"column":77}},"63":{"start":{"line":64,"column":0},"end":{"line":64,"column":42}},"64":{"start":{"line":65,"column":0},"end":{"line":65,"column":4}},"65":{"start":{"line":66,"column":0},"end":{"line":66,"column":46}},"66":{"start":{"line":67,"column":0},"end":{"line":67,"column":40}},"67":{"start":{"line":68,"column":0},"end":{"line":68,"column":5}},"68":{"start":{"line":69,"column":0},"end":{"line":69,"column":67}},"69":{"start":{"line":70,"column":0},"end":{"line":70,"column":53}},"70":{"start":{"line":71,"column":0},"end":{"line":71,"column":0}},"71":{"start":{"line":72,"column":0},"end":{"line":72,"column":22}},"72":{"start":{"line":73,"column":0},"end":{"line":73,"column":4}},"73":{"start":{"line":74,"column":0},"end":{"line":74,"column":0}},"74":{"start":{"line":75,"column":0},"end":{"line":75,"column":5}},"75":{"start":{"line":76,"column":0},"end":{"line":76,"column":52}},"76":{"start":{"line":77,"column":0},"end":{"line":77,"column":49}},"77":{"start":{"line":78,"column":0},"end":{"line":78,"column":56}},"78":{"start":{"line":79,"column":0},"end":{"line":79,"column":56}},"79":{"start":{"line":80,"column":0},"end":{"line":80,"column":74}},"80":{"start":{"line":81,"column":0},"end":{"line":81,"column":4}},"81":{"start":{"line":82,"column":0},"end":{"line":82,"column":45}},"82":{"start":{"line":83,"column":0},"end":{"line":83,"column":70}},"83":{"start":{"line":84,"column":0},"end":{"line":84,"column":61}},"84":{"start":{"line":85,"column":0},"end":{"line":85,"column":5}},"85":{"start":{"line":86,"column":0},"end":{"line":86,"column":86}},"86":{"start":{"line":87,"column":0},"end":{"line":87,"column":33}},"87":{"start":{"line":88,"column":0},"end":{"line":88,"column":33}},"88":{"start":{"line":89,"column":0},"end":{"line":89,"column":32}},"89":{"start":{"line":90,"column":0},"end":{"line":90,"column":62}},"90":{"start":{"line":91,"column":0},"end":{"line":91,"column":59}},"91":{"start":{"line":92,"column":0},"end":{"line":92,"column":0}},"92":{"start":{"line":93,"column":0},"end":{"line":93,"column":83}},"93":{"start":{"line":94,"column":0},"end":{"line":94,"column":72}},"94":{"start":{"line":95,"column":0},"end":{"line":95,"column":71}},"95":{"start":{"line":96,"column":0},"end":{"line":96,"column":0}},"96":{"start":{"line":97,"column":0},"end":{"line":97,"column":38}},"97":{"start":{"line":98,"column":0},"end":{"line":98,"column":53}},"98":{"start":{"line":99,"column":0},"end":{"line":99,"column":35}},"99":{"start":{"line":100,"column":0},"end":{"line":100,"column":33}},"100":{"start":{"line":101,"column":0},"end":{"line":101,"column":0}},"101":{"start":{"line":102,"column":0},"end":{"line":102,"column":74}},"102":{"start":{"line":103,"column":0},"end":{"line":103,"column":6}},"103":{"start":{"line":104,"column":0},"end":{"line":104,"column":0}},"104":{"start":{"line":105,"column":0},"end":{"line":105,"column":39}},"105":{"start":{"line":106,"column":0},"end":{"line":106,"column":0}},"106":{"start":{"line":107,"column":0},"end":{"line":107,"column":53}},"107":{"start":{"line":108,"column":0},"end":{"line":108,"column":28}},"108":{"start":{"line":109,"column":0},"end":{"line":109,"column":31}},"109":{"start":{"line":110,"column":0},"end":{"line":110,"column":6}},"110":{"start":{"line":111,"column":0},"end":{"line":111,"column":0}},"111":{"start":{"line":112,"column":0},"end":{"line":112,"column":72}},"112":{"start":{"line":113,"column":0},"end":{"line":113,"column":20}},"113":{"start":{"line":114,"column":0},"end":{"line":114,"column":54}},"114":{"start":{"line":115,"column":0},"end":{"line":115,"column":6}},"115":{"start":{"line":116,"column":0},"end":{"line":116,"column":0}},"116":{"start":{"line":117,"column":0},"end":{"line":117,"column":40}},"117":{"start":{"line":118,"column":0},"end":{"line":118,"column":4}},"118":{"start":{"line":119,"column":0},"end":{"line":119,"column":0}},"119":{"start":{"line":120,"column":0},"end":{"line":120,"column":63}},"120":{"start":{"line":121,"column":0},"end":{"line":121,"column":2}},"121":{"start":{"line":122,"column":0},"end":{"line":122,"column":0}},"122":{"start":{"line":123,"column":0},"end":{"line":123,"column":78}},"123":{"start":{"line":124,"column":0},"end":{"line":124,"column":0}},"124":{"start":{"line":125,"column":0},"end":{"line":125,"column":27}},"125":{"start":{"line":126,"column":0},"end":{"line":126,"column":0}},"126":{"start":{"line":127,"column":0},"end":{"line":127,"column":88}},"127":{"start":{"line":128,"column":0},"end":{"line":128,"column":0}},"128":{"start":{"line":129,"column":0},"end":{"line":129,"column":3}},"129":{"start":{"line":130,"column":0},"end":{"line":130,"column":75}},"130":{"start":{"line":131,"column":0},"end":{"line":131,"column":11}},"131":{"start":{"line":132,"column":0},"end":{"line":132,"column":56}},"132":{"start":{"line":133,"column":0},"end":{"line":133,"column":58}},"133":{"start":{"line":134,"column":0},"end":{"line":134,"column":46}},"134":{"start":{"line":135,"column":0},"end":{"line":135,"column":76}},"135":{"start":{"line":136,"column":0},"end":{"line":136,"column":72}},"136":{"start":{"line":137,"column":0},"end":{"line":137,"column":2}},"137":{"start":{"line":138,"column":0},"end":{"line":138,"column":57}},"138":{"start":{"line":139,"column":0},"end":{"line":139,"column":70}},"139":{"start":{"line":140,"column":0},"end":{"line":140,"column":79}},"140":{"start":{"line":141,"column":0},"end":{"line":141,"column":3}},"141":{"start":{"line":142,"column":0},"end":{"line":142,"column":62}},"142":{"start":{"line":143,"column":0},"end":{"line":143,"column":31}},"143":{"start":{"line":144,"column":0},"end":{"line":144,"column":38}},"144":{"start":{"line":145,"column":0},"end":{"line":145,"column":25}},"145":{"start":{"line":146,"column":0},"end":{"line":146,"column":5}},"146":{"start":{"line":147,"column":0},"end":{"line":147,"column":80}},"147":{"start":{"line":148,"column":0},"end":{"line":148,"column":72}},"148":{"start":{"line":149,"column":0},"end":{"line":149,"column":75}},"149":{"start":{"line":150,"column":0},"end":{"line":150,"column":45}},"150":{"start":{"line":151,"column":0},"end":{"line":151,"column":5}},"151":{"start":{"line":152,"column":0},"end":{"line":152,"column":51}},"152":{"start":{"line":153,"column":0},"end":{"line":153,"column":0}},"153":{"start":{"line":154,"column":0},"end":{"line":154,"column":5}},"154":{"start":{"line":155,"column":0},"end":{"line":155,"column":72}},"155":{"start":{"line":156,"column":0},"end":{"line":156,"column":79}},"156":{"start":{"line":157,"column":0},"end":{"line":157,"column":70}},"157":{"start":{"line":158,"column":0},"end":{"line":158,"column":5}},"158":{"start":{"line":159,"column":0},"end":{"line":159,"column":65}},"159":{"start":{"line":160,"column":0},"end":{"line":160,"column":39}},"160":{"start":{"line":161,"column":0},"end":{"line":161,"column":4}},"161":{"start":{"line":162,"column":0},"end":{"line":162,"column":0}},"162":{"start":{"line":163,"column":0},"end":{"line":163,"column":5}},"163":{"start":{"line":164,"column":0},"end":{"line":164,"column":68}},"164":{"start":{"line":165,"column":0},"end":{"line":165,"column":70}},"165":{"start":{"line":166,"column":0},"end":{"line":166,"column":75}},"166":{"start":{"line":167,"column":0},"end":{"line":167,"column":30}},"167":{"start":{"line":168,"column":0},"end":{"line":168,"column":5}},"168":{"start":{"line":169,"column":0},"end":{"line":169,"column":65}},"169":{"start":{"line":170,"column":0},"end":{"line":170,"column":0}},"170":{"start":{"line":171,"column":0},"end":{"line":171,"column":5}},"171":{"start":{"line":172,"column":0},"end":{"line":172,"column":55}},"172":{"start":{"line":173,"column":0},"end":{"line":173,"column":5}},"173":{"start":{"line":174,"column":0},"end":{"line":174,"column":27}},"174":{"start":{"line":175,"column":0},"end":{"line":175,"column":0}},"175":{"start":{"line":176,"column":0},"end":{"line":176,"column":5}},"176":{"start":{"line":177,"column":0},"end":{"line":177,"column":65}},"177":{"start":{"line":178,"column":0},"end":{"line":178,"column":75}},"178":{"start":{"line":179,"column":0},"end":{"line":179,"column":67}},"179":{"start":{"line":180,"column":0},"end":{"line":180,"column":41}},"180":{"start":{"line":181,"column":0},"end":{"line":181,"column":4}},"181":{"start":{"line":182,"column":0},"end":{"line":182,"column":78}},"182":{"start":{"line":183,"column":0},"end":{"line":183,"column":5}},"183":{"start":{"line":184,"column":0},"end":{"line":184,"column":78}},"184":{"start":{"line":185,"column":0},"end":{"line":185,"column":29}},"185":{"start":{"line":186,"column":0},"end":{"line":186,"column":0}},"186":{"start":{"line":187,"column":0},"end":{"line":187,"column":45}},"187":{"start":{"line":188,"column":0},"end":{"line":188,"column":47}},"188":{"start":{"line":189,"column":0},"end":{"line":189,"column":88}},"189":{"start":{"line":190,"column":0},"end":{"line":190,"column":7}},"190":{"start":{"line":191,"column":0},"end":{"line":191,"column":0}},"191":{"start":{"line":192,"column":0},"end":{"line":192,"column":24}},"192":{"start":{"line":193,"column":0},"end":{"line":193,"column":4}},"193":{"start":{"line":194,"column":0},"end":{"line":194,"column":0}},"194":{"start":{"line":195,"column":0},"end":{"line":195,"column":41}},"195":{"start":{"line":196,"column":0},"end":{"line":196,"column":60}},"196":{"start":{"line":197,"column":0},"end":{"line":197,"column":17}},"197":{"start":{"line":198,"column":0},"end":{"line":198,"column":7}},"198":{"start":{"line":199,"column":0},"end":{"line":199,"column":4}},"199":{"start":{"line":200,"column":0},"end":{"line":200,"column":0}},"200":{"start":{"line":201,"column":0},"end":{"line":201,"column":5}},"201":{"start":{"line":202,"column":0},"end":{"line":202,"column":80}},"202":{"start":{"line":203,"column":0},"end":{"line":203,"column":31}},"203":{"start":{"line":204,"column":0},"end":{"line":204,"column":5}},"204":{"start":{"line":205,"column":0},"end":{"line":205,"column":18}},"205":{"start":{"line":206,"column":0},"end":{"line":206,"column":0}},"206":{"start":{"line":207,"column":0},"end":{"line":207,"column":5}},"207":{"start":{"line":208,"column":0},"end":{"line":208,"column":76}},"208":{"start":{"line":209,"column":0},"end":{"line":209,"column":80}},"209":{"start":{"line":210,"column":0},"end":{"line":210,"column":38}},"210":{"start":{"line":211,"column":0},"end":{"line":211,"column":5}},"211":{"start":{"line":212,"column":0},"end":{"line":212,"column":35}},"212":{"start":{"line":213,"column":0},"end":{"line":213,"column":0}},"213":{"start":{"line":214,"column":0},"end":{"line":214,"column":5}},"214":{"start":{"line":215,"column":0},"end":{"line":215,"column":75}},"215":{"start":{"line":216,"column":0},"end":{"line":216,"column":77}},"216":{"start":{"line":217,"column":0},"end":{"line":217,"column":30}},"217":{"start":{"line":218,"column":0},"end":{"line":218,"column":5}},"218":{"start":{"line":219,"column":0},"end":{"line":219,"column":50}},"219":{"start":{"line":220,"column":0},"end":{"line":220,"column":31}},"220":{"start":{"line":221,"column":0},"end":{"line":221,"column":40}},"221":{"start":{"line":222,"column":0},"end":{"line":222,"column":35}},"222":{"start":{"line":223,"column":0},"end":{"line":223,"column":5}},"223":{"start":{"line":224,"column":0},"end":{"line":224,"column":4}},"224":{"start":{"line":225,"column":0},"end":{"line":225,"column":0}},"225":{"start":{"line":226,"column":0},"end":{"line":226,"column":5}},"226":{"start":{"line":227,"column":0},"end":{"line":227,"column":74}},"227":{"start":{"line":228,"column":0},"end":{"line":228,"column":78}},"228":{"start":{"line":229,"column":0},"end":{"line":229,"column":13}},"229":{"start":{"line":230,"column":0},"end":{"line":230,"column":5}},"230":{"start":{"line":231,"column":0},"end":{"line":231,"column":45}},"231":{"start":{"line":232,"column":0},"end":{"line":232,"column":0}},"232":{"start":{"line":233,"column":0},"end":{"line":233,"column":5}},"233":{"start":{"line":234,"column":0},"end":{"line":234,"column":60}},"234":{"start":{"line":235,"column":0},"end":{"line":235,"column":38}},"235":{"start":{"line":236,"column":0},"end":{"line":236,"column":56}},"236":{"start":{"line":237,"column":0},"end":{"line":237,"column":54}},"237":{"start":{"line":238,"column":0},"end":{"line":238,"column":53}},"238":{"start":{"line":239,"column":0},"end":{"line":239,"column":5}},"239":{"start":{"line":240,"column":0},"end":{"line":240,"column":39}},"240":{"start":{"line":241,"column":0},"end":{"line":241,"column":32}},"241":{"start":{"line":242,"column":0},"end":{"line":242,"column":0}},"242":{"start":{"line":243,"column":0},"end":{"line":243,"column":26}},"243":{"start":{"line":244,"column":0},"end":{"line":244,"column":26}},"244":{"start":{"line":245,"column":0},"end":{"line":245,"column":27}},"245":{"start":{"line":246,"column":0},"end":{"line":246,"column":0}},"246":{"start":{"line":247,"column":0},"end":{"line":247,"column":13}},"247":{"start":{"line":248,"column":0},"end":{"line":248,"column":5}},"248":{"start":{"line":249,"column":0},"end":{"line":249,"column":0}},"249":{"start":{"line":250,"column":0},"end":{"line":250,"column":33}},"250":{"start":{"line":251,"column":0},"end":{"line":251,"column":0}},"251":{"start":{"line":252,"column":0},"end":{"line":252,"column":33}},"252":{"start":{"line":253,"column":0},"end":{"line":253,"column":20}},"253":{"start":{"line":254,"column":0},"end":{"line":254,"column":7}},"254":{"start":{"line":255,"column":0},"end":{"line":255,"column":4}},"255":{"start":{"line":256,"column":0},"end":{"line":256,"column":0}},"256":{"start":{"line":257,"column":0},"end":{"line":257,"column":5}},"257":{"start":{"line":258,"column":0},"end":{"line":258,"column":78}},"258":{"start":{"line":259,"column":0},"end":{"line":259,"column":68}},"259":{"start":{"line":260,"column":0},"end":{"line":260,"column":18}},"260":{"start":{"line":261,"column":0},"end":{"line":261,"column":4}},"261":{"start":{"line":262,"column":0},"end":{"line":262,"column":71}},"262":{"start":{"line":263,"column":0},"end":{"line":263,"column":53}},"263":{"start":{"line":264,"column":0},"end":{"line":264,"column":5}},"264":{"start":{"line":265,"column":0},"end":{"line":265,"column":68}},"265":{"start":{"line":266,"column":0},"end":{"line":266,"column":30}},"266":{"start":{"line":267,"column":0},"end":{"line":267,"column":0}},"267":{"start":{"line":268,"column":0},"end":{"line":268,"column":18}},"268":{"start":{"line":269,"column":0},"end":{"line":269,"column":35}},"269":{"start":{"line":270,"column":0},"end":{"line":270,"column":6}},"270":{"start":{"line":271,"column":0},"end":{"line":271,"column":4}},"271":{"start":{"line":272,"column":0},"end":{"line":272,"column":0}},"272":{"start":{"line":273,"column":0},"end":{"line":273,"column":5}},"273":{"start":{"line":274,"column":0},"end":{"line":274,"column":78}},"274":{"start":{"line":275,"column":0},"end":{"line":275,"column":80}},"275":{"start":{"line":276,"column":0},"end":{"line":276,"column":69}},"276":{"start":{"line":277,"column":0},"end":{"line":277,"column":25}},"277":{"start":{"line":278,"column":0},"end":{"line":278,"column":5}},"278":{"start":{"line":279,"column":0},"end":{"line":279,"column":39}},"279":{"start":{"line":280,"column":0},"end":{"line":280,"column":33}},"280":{"start":{"line":281,"column":0},"end":{"line":281,"column":22}},"281":{"start":{"line":282,"column":0},"end":{"line":282,"column":0}},"282":{"start":{"line":283,"column":0},"end":{"line":283,"column":20}},"283":{"start":{"line":284,"column":0},"end":{"line":284,"column":4}},"284":{"start":{"line":285,"column":0},"end":{"line":285,"column":0}},"285":{"start":{"line":286,"column":0},"end":{"line":286,"column":56}},"286":{"start":{"line":287,"column":0},"end":{"line":287,"column":24}},"287":{"start":{"line":288,"column":0},"end":{"line":288,"column":0}},"288":{"start":{"line":289,"column":0},"end":{"line":289,"column":39}},"289":{"start":{"line":290,"column":0},"end":{"line":290,"column":2}}},"s":{"0":2,"1":2,"2":2,"3":2,"4":2,"5":2,"6":2,"7":2,"8":2,"9":2,"10":2,"11":2,"12":2,"13":2,"14":2,"15":2,"16":2,"17":2,"18":2,"19":2,"20":2,"21":2,"22":2,"23":2,"24":2,"25":2,"26":2,"27":2,"28":2,"29":2,"30":684,"31":684,"32":684,"33":684,"34":684,"35":684,"36":684,"37":684,"38":684,"39":684,"40":684,"41":684,"42":684,"43":684,"44":684,"45":684,"46":684,"47":684,"48":684,"49":684,"50":684,"51":1376,"52":1376,"53":1376,"54":1376,"55":1376,"56":1376,"57":1376,"58":684,"59":684,"60":684,"61":684,"62":684,"63":684,"64":684,"65":684,"66":684,"67":684,"68":684,"69":674,"70":674,"71":674,"72":684,"73":684,"74":684,"75":684,"76":684,"77":684,"78":684,"79":684,"80":684,"81":684,"82":684,"83":684,"84":684,"85":684,"86":570,"87":570,"88":570,"89":570,"90":570,"91":570,"92":570,"93":702,"94":702,"95":702,"96":702,"97":702,"98":702,"99":702,"100":702,"101":702,"102":570,"103":570,"104":570,"105":570,"106":570,"107":300,"108":300,"109":570,"110":570,"111":570,"112":132,"113":132,"114":570,"115":570,"116":570,"117":684,"118":684,"119":684,"120":684,"121":2,"122":2,"123":2,"124":2,"125":2,"126":2,"127":2,"128":2,"129":2,"130":2,"131":2,"132":2,"133":2,"134":2,"135":2,"136":2,"137":2,"138":2,"139":2,"140":2,"141":2,"142":1113,"143":1113,"144":1113,"145":1113,"146":1113,"147":1113,"148":1113,"149":1113,"150":1113,"151":1113,"152":1113,"153":1113,"154":1113,"155":1113,"156":1113,"157":1113,"158":1113,"159":1743,"160":1113,"161":1113,"162":1113,"163":1113,"164":1113,"165":1113,"166":1113,"167":1113,"168":1113,"169":1113,"170":1113,"171":1113,"172":1113,"173":1113,"174":1113,"175":1113,"176":1113,"177":1113,"178":1113,"179":1113,"180":1113,"181":1113,"182":1113,"183":1113,"184":2252,"185":1076,"186":1076,"187":1866,"188":1866,"189":1076,"190":1076,"191":1076,"192":1113,"193":1113,"194":1113,"195":471,"196":1083,"197":471,"198":1113,"199":1113,"200":1113,"201":1113,"202":1113,"203":1113,"204":1113,"205":1113,"206":1113,"207":1113,"208":1113,"209":1113,"210":1113,"211":1113,"212":1113,"213":1113,"214":1113,"215":1113,"216":1113,"217":1113,"218":1113,"219":1904,"220":728,"221":728,"222":728,"223":1113,"224":1113,"225":1113,"226":1113,"227":1113,"228":1113,"229":1113,"230":1113,"231":1113,"232":1113,"233":1113,"234":1113,"235":1113,"236":1113,"237":1113,"238":1113,"239":1113,"240":1112,"241":1112,"242":1112,"243":471,"244":471,"245":471,"246":471,"247":471,"248":641,"249":641,"250":641,"251":641,"252":654,"253":641,"254":1113,"255":1113,"256":1113,"257":1113,"258":1113,"259":1113,"260":1113,"261":1113,"262":1113,"263":1113,"264":1113,"265":568,"266":568,"267":568,"268":242,"269":568,"270":1113,"271":1113,"272":1113,"273":1113,"274":1113,"275":1113,"276":1113,"277":1113,"278":1113,"279":1263,"280":1263,"281":1263,"282":1263,"283":1113,"284":1113,"285":1113,"286":1113,"287":1113,"288":1113,"289":1113},"branchMap":{"0":{"type":"branch","line":30,"loc":{"start":{"line":30,"column":35},"end":{"line":121,"column":2}},"locations":[{"start":{"line":30,"column":35},"end":{"line":121,"column":2}}]},"1":{"type":"branch","line":51,"loc":{"start":{"line":51,"column":28},"end":{"line":59,"column":3}},"locations":[{"start":{"line":51,"column":28},"end":{"line":59,"column":3}}]},"2":{"type":"branch","line":53,"loc":{"start":{"line":53,"column":68},"end":{"line":53,"column":71}},"locations":[{"start":{"line":53,"column":68},"end":{"line":53,"column":71}}]},"3":{"type":"branch","line":53,"loc":{"start":{"line":53,"column":68},"end":{"line":54,"column":50}},"locations":[{"start":{"line":53,"column":68},"end":{"line":54,"column":50}}]},"4":{"type":"branch","line":69,"loc":{"start":{"line":69,"column":52},"end":{"line":73,"column":3}},"locations":[{"start":{"line":69,"column":52},"end":{"line":73,"column":3}}]},"5":{"type":"branch","line":86,"loc":{"start":{"line":86,"column":82},"end":{"line":118,"column":3}},"locations":[{"start":{"line":86,"column":82},"end":{"line":118,"column":3}}]},"6":{"type":"branch","line":93,"loc":{"start":{"line":93,"column":33},"end":{"line":103,"column":5}},"locations":[{"start":{"line":93,"column":33},"end":{"line":103,"column":5}}]},"7":{"type":"branch","line":99,"loc":{"start":{"line":99,"column":10},"end":{"line":99,"column":35}},"locations":[{"start":{"line":99,"column":10},"end":{"line":99,"column":35}}]},"8":{"type":"branch","line":100,"loc":{"start":{"line":100,"column":10},"end":{"line":100,"column":32}},"locations":[{"start":{"line":100,"column":10},"end":{"line":100,"column":32}}]},"9":{"type":"branch","line":107,"loc":{"start":{"line":107,"column":46},"end":{"line":110,"column":5}},"locations":[{"start":{"line":107,"column":46},"end":{"line":110,"column":5}}]},"10":{"type":"branch","line":108,"loc":{"start":{"line":108,"column":23},"end":{"line":108,"column":27}},"locations":[{"start":{"line":108,"column":23},"end":{"line":108,"column":27}}]},"11":{"type":"branch","line":112,"loc":{"start":{"line":112,"column":40},"end":{"line":115,"column":5}},"locations":[{"start":{"line":112,"column":40},"end":{"line":115,"column":5}}]},"12":{"type":"branch","line":142,"loc":{"start":{"line":142,"column":36},"end":{"line":290,"column":2}},"locations":[{"start":{"line":142,"column":36},"end":{"line":290,"column":2}}]},"13":{"type":"branch","line":159,"loc":{"start":{"line":159,"column":49},"end":{"line":161,"column":3}},"locations":[{"start":{"line":159,"column":49},"end":{"line":161,"column":3}}]},"14":{"type":"branch","line":184,"loc":{"start":{"line":184,"column":26},"end":{"line":193,"column":3}},"locations":[{"start":{"line":184,"column":26},"end":{"line":193,"column":3}}]},"15":{"type":"branch","line":185,"loc":{"start":{"line":185,"column":22},"end":{"line":185,"column":29}},"locations":[{"start":{"line":185,"column":22},"end":{"line":185,"column":29}}]},"16":{"type":"branch","line":186,"loc":{"start":{"line":186,"column":-1},"end":{"line":193,"column":3}},"locations":[{"start":{"line":186,"column":-1},"end":{"line":193,"column":3}}]},"17":{"type":"branch","line":187,"loc":{"start":{"line":187,"column":32},"end":{"line":190,"column":5}},"locations":[{"start":{"line":187,"column":32},"end":{"line":190,"column":5}}]},"18":{"type":"branch","line":189,"loc":{"start":{"line":189,"column":37},"end":{"line":189,"column":87}},"locations":[{"start":{"line":189,"column":37},"end":{"line":189,"column":87}}]},"19":{"type":"branch","line":195,"loc":{"start":{"line":195,"column":28},"end":{"line":199,"column":3}},"locations":[{"start":{"line":195,"column":28},"end":{"line":199,"column":3}}]},"20":{"type":"branch","line":196,"loc":{"start":{"line":196,"column":45},"end":{"line":198,"column":5}},"locations":[{"start":{"line":196,"column":45},"end":{"line":198,"column":5}}]},"21":{"type":"branch","line":219,"loc":{"start":{"line":219,"column":37},"end":{"line":224,"column":3}},"locations":[{"start":{"line":219,"column":37},"end":{"line":224,"column":3}}]},"22":{"type":"branch","line":220,"loc":{"start":{"line":220,"column":30},"end":{"line":223,"column":5}},"locations":[{"start":{"line":220,"column":30},"end":{"line":223,"column":5}}]},"23":{"type":"branch","line":240,"loc":{"start":{"line":240,"column":26},"end":{"line":255,"column":3}},"locations":[{"start":{"line":240,"column":26},"end":{"line":255,"column":3}}]},"24":{"type":"branch","line":243,"loc":{"start":{"line":243,"column":25},"end":{"line":248,"column":5}},"locations":[{"start":{"line":243,"column":25},"end":{"line":248,"column":5}}]},"25":{"type":"branch","line":249,"loc":{"start":{"line":249,"column":-1},"end":{"line":255,"column":3}},"locations":[{"start":{"line":249,"column":-1},"end":{"line":255,"column":3}}]},"26":{"type":"branch","line":252,"loc":{"start":{"line":252,"column":17},"end":{"line":254,"column":5}},"locations":[{"start":{"line":252,"column":17},"end":{"line":254,"column":5}}]},"27":{"type":"branch","line":265,"loc":{"start":{"line":265,"column":46},"end":{"line":271,"column":3}},"locations":[{"start":{"line":265,"column":46},"end":{"line":271,"column":3}}]},"28":{"type":"branch","line":268,"loc":{"start":{"line":268,"column":11},"end":{"line":270,"column":5}},"locations":[{"start":{"line":268,"column":11},"end":{"line":270,"column":5}}]},"29":{"type":"branch","line":279,"loc":{"start":{"line":279,"column":32},"end":{"line":284,"column":3}},"locations":[{"start":{"line":279,"column":32},"end":{"line":284,"column":3}}]},"30":{"type":"branch","line":243,"loc":{"start":{"line":243,"column":25},"end":{"line":255,"column":3}},"locations":[{"start":{"line":243,"column":25},"end":{"line":255,"column":3}}]}},"b":{"0":[684],"1":[1376],"2":[264],"3":[1112],"4":[674],"5":[570],"6":[702],"7":[206],"8":[360],"9":[300],"10":[240],"11":[132],"12":[1113],"13":[1743],"14":[2252],"15":[1176],"16":[1076],"17":[1866],"18":[1743],"19":[471],"20":[1083],"21":[1904],"22":[728],"23":[1112],"24":[471],"25":[641],"26":[654],"27":[568],"28":[242],"29":[1263],"30":[1109]},"fnMap":{"0":{"name":"createSelectorStore","decl":{"start":{"line":30,"column":35},"end":{"line":121,"column":2}},"loc":{"start":{"line":30,"column":35},"end":{"line":121,"column":2}},"line":30},"1":{"name":"getSelectorRecord","decl":{"start":{"line":51,"column":28},"end":{"line":59,"column":3}},"loc":{"start":{"line":51,"column":28},"end":{"line":59,"column":3}},"line":51},"2":{"name":"getSelectorValue","decl":{"start":{"line":69,"column":52},"end":{"line":73,"column":3}},"loc":{"start":{"line":69,"column":52},"end":{"line":73,"column":3}},"line":69},"3":{"name":"subscribeToStateInSelectorStore","decl":{"start":{"line":86,"column":82},"end":{"line":118,"column":3}},"loc":{"start":{"line":86,"column":82},"end":{"line":118,"column":3}},"line":86},"4":{"name":"evaluateAndSubscribe","decl":{"start":{"line":93,"column":33},"end":{"line":103,"column":5}},"loc":{"start":{"line":93,"column":33},"end":{"line":103,"column":5}},"line":93},"5":{"name":"unsubscribe","decl":{"start":{"line":107,"column":46},"end":{"line":110,"column":5}},"loc":{"start":{"line":107,"column":46},"end":{"line":110,"column":5}},"line":107},"6":{"name":"resubscribe","decl":{"start":{"line":112,"column":40},"end":{"line":115,"column":5}},"loc":{"start":{"line":112,"column":40},"end":{"line":115,"column":5}},"line":112},"7":{"name":"createSelectorRecord","decl":{"start":{"line":142,"column":36},"end":{"line":290,"column":2}},"loc":{"start":{"line":142,"column":36},"end":{"line":290,"column":2}},"line":142},"8":{"name":"keyHandleCollector","decl":{"start":{"line":159,"column":49},"end":{"line":161,"column":3}},"loc":{"start":{"line":159,"column":49},"end":{"line":161,"column":3}},"line":159},"9":{"name":"registerTrigger","decl":{"start":{"line":184,"column":26},"end":{"line":193,"column":3}},"loc":{"start":{"line":184,"column":26},"end":{"line":193,"column":3}},"line":184},"10":{"name":"unregisterTrigger","decl":{"start":{"line":195,"column":28},"end":{"line":199,"column":3}},"loc":{"start":{"line":195,"column":28},"end":{"line":199,"column":3}},"line":195},"11":{"name":"runSelectorWithMemoization","decl":{"start":{"line":219,"column":37},"end":{"line":224,"column":3}},"loc":{"start":{"line":219,"column":37},"end":{"line":224,"column":3}},"line":219},"12":{"name":"selectorTrigger","decl":{"start":{"line":240,"column":26},"end":{"line":255,"column":3}},"loc":{"start":{"line":240,"column":26},"end":{"line":255,"column":3}},"line":240},"13":{"name":"addSubscription","decl":{"start":{"line":265,"column":46},"end":{"line":271,"column":3}},"loc":{"start":{"line":265,"column":46},"end":{"line":271,"column":3}},"line":265},"14":{"name":"getValue","decl":{"start":{"line":279,"column":32},"end":{"line":284,"column":3}},"loc":{"start":{"line":279,"column":32},"end":{"line":284,"column":3}},"line":279}},"f":{"0":684,"1":1376,"2":674,"3":570,"4":702,"5":300,"6":132,"7":1113,"8":1743,"9":2252,"10":471,"11":1904,"12":1112,"13":568,"14":1263}}
,"C:\\@turtlefly\\Code\\medama-work\\packages\\medama\\src\\state.ts": {"path":"C:\\@turtlefly\\Code\\medama-work\\packages\\medama\\src\\state.ts","all":false,"statementMap":{"0":{"start":{"line":1,"column":0},"end":{"line":1,"column":68}},"1":{"start":{"line":2,"column":0},"end":{"line":2,"column":0}},"2":{"start":{"line":3,"column":0},"end":{"line":3,"column":41}},"3":{"start":{"line":4,"column":0},"end":{"line":4,"column":0}},"4":{"start":{"line":5,"column":0},"end":{"line":5,"column":49}},"5":{"start":{"line":6,"column":0},"end":{"line":6,"column":0}},"6":{"start":{"line":7,"column":0},"end":{"line":7,"column":3}},"7":{"start":{"line":8,"column":0},"end":{"line":8,"column":72}},"8":{"start":{"line":9,"column":0},"end":{"line":9,"column":72}},"9":{"start":{"line":10,"column":0},"end":{"line":10,"column":34}},"10":{"start":{"line":11,"column":0},"end":{"line":11,"column":3}},"11":{"start":{"line":12,"column":0},"end":{"line":12,"column":85}},"12":{"start":{"line":13,"column":0},"end":{"line":13,"column":0}},"13":{"start":{"line":14,"column":0},"end":{"line":14,"column":64}},"14":{"start":{"line":15,"column":0},"end":{"line":15,"column":0}},"15":{"start":{"line":16,"column":0},"end":{"line":16,"column":61}},"16":{"start":{"line":17,"column":0},"end":{"line":17,"column":34}},"17":{"start":{"line":18,"column":0},"end":{"line":18,"column":22}},"18":{"start":{"line":19,"column":0},"end":{"line":19,"column":0}},"19":{"start":{"line":20,"column":0},"end":{"line":20,"column":24}},"20":{"start":{"line":21,"column":0},"end":{"line":21,"column":23}},"21":{"start":{"line":22,"column":0},"end":{"line":22,"column":22}},"22":{"start":{"line":23,"column":0},"end":{"line":23,"column":2}},"23":{"start":{"line":24,"column":0},"end":{"line":24,"column":0}},"24":{"start":{"line":25,"column":0},"end":{"line":25,"column":56}},"25":{"start":{"line":26,"column":0},"end":{"line":26,"column":16}},"26":{"start":{"line":27,"column":0},"end":{"line":27,"column":6}},"27":{"start":{"line":28,"column":0},"end":{"line":28,"column":28}},"28":{"start":{"line":29,"column":0},"end":{"line":29,"column":0}},"29":{"start":{"line":30,"column":0},"end":{"line":30,"column":54}},"30":{"start":{"line":31,"column":0},"end":{"line":31,"column":16}},"31":{"start":{"line":32,"column":0},"end":{"line":32,"column":7}},"32":{"start":{"line":33,"column":0},"end":{"line":33,"column":34}},"33":{"start":{"line":34,"column":0},"end":{"line":34,"column":10}},"34":{"start":{"line":35,"column":0},"end":{"line":35,"column":0}},"35":{"start":{"line":36,"column":0},"end":{"line":36,"column":28}},"36":{"start":{"line":37,"column":0},"end":{"line":37,"column":28}},"37":{"start":{"line":38,"column":0},"end":{"line":38,"column":26}},"38":{"start":{"line":39,"column":0},"end":{"line":39,"column":2}},"39":{"start":{"line":40,"column":0},"end":{"line":40,"column":0}},"40":{"start":{"line":41,"column":0},"end":{"line":41,"column":53}},"41":{"start":{"line":42,"column":0},"end":{"line":42,"column":31}},"42":{"start":{"line":43,"column":0},"end":{"line":43,"column":41}},"43":{"start":{"line":44,"column":0},"end":{"line":44,"column":7}},"44":{"start":{"line":45,"column":0},"end":{"line":45,"column":0}},"45":{"start":{"line":46,"column":0},"end":{"line":46,"column":3}},"46":{"start":{"line":47,"column":0},"end":{"line":47,"column":79}},"47":{"start":{"line":48,"column":0},"end":{"line":48,"column":22}},"48":{"start":{"line":49,"column":0},"end":{"line":49,"column":56}},"49":{"start":{"line":50,"column":0},"end":{"line":50,"column":50}},"50":{"start":{"line":51,"column":0},"end":{"line":51,"column":46}},"51":{"start":{"line":52,"column":0},"end":{"line":52,"column":43}},"52":{"start":{"line":53,"column":0},"end":{"line":53,"column":2}},"53":{"start":{"line":54,"column":0},"end":{"line":54,"column":49}},"54":{"start":{"line":55,"column":0},"end":{"line":55,"column":71}},"55":{"start":{"line":56,"column":0},"end":{"line":56,"column":3}},"56":{"start":{"line":57,"column":0},"end":{"line":57,"column":55}},"57":{"start":{"line":58,"column":0},"end":{"line":58,"column":28}},"58":{"start":{"line":59,"column":0},"end":{"line":59,"column":4}},"59":{"start":{"line":60,"column":0},"end":{"line":60,"column":45}},"60":{"start":{"line":61,"column":0},"end":{"line":61,"column":28}},"61":{"start":{"line":62,"column":0},"end":{"line":62,"column":6}},"62":{"start":{"line":63,"column":0},"end":{"line":63,"column":33}},"63":{"start":{"line":64,"column":0},"end":{"line":64,"column":0}},"64":{"start":{"line":65,"column":0},"end":{"line":65,"column":5}},"65":{"start":{"line":66,"column":0},"end":{"line":66,"column":79}},"66":{"start":{"line":67,"column":0},"end":{"line":67,"column":32}},"67":{"start":{"line":68,"column":0},"end":{"line":68,"column":25}},"68":{"start":{"line":69,"column":0},"end":{"line":69,"column":30}},"69":{"start":{"line":70,"column":0},"end":{"line":70,"column":5}},"70":{"start":{"line":71,"column":0},"end":{"line":71,"column":43}},"71":{"start":{"line":72,"column":0},"end":{"line":72,"column":28}},"72":{"start":{"line":73,"column":0},"end":{"line":73,"column":82}},"73":{"start":{"line":74,"column":0},"end":{"line":74,"column":4}},"74":{"start":{"line":75,"column":0},"end":{"line":75,"column":0}},"75":{"start":{"line":76,"column":0},"end":{"line":76,"column":5}},"76":{"start":{"line":77,"column":0},"end":{"line":77,"column":74}},"77":{"start":{"line":78,"column":0},"end":{"line":78,"column":79}},"78":{"start":{"line":79,"column":0},"end":{"line":79,"column":64}},"79":{"start":{"line":80,"column":0},"end":{"line":80,"column":4}},"80":{"start":{"line":81,"column":0},"end":{"line":81,"column":63}},"81":{"start":{"line":82,"column":0},"end":{"line":82,"column":41}},"82":{"start":{"line":83,"column":0},"end":{"line":83,"column":5}},"83":{"start":{"line":84,"column":0},"end":{"line":84,"column":62}},"84":{"start":{"line":85,"column":0},"end":{"line":85,"column":30}},"85":{"start":{"line":86,"column":0},"end":{"line":86,"column":0}},"86":{"start":{"line":87,"column":0},"end":{"line":87,"column":65}},"87":{"start":{"line":88,"column":0},"end":{"line":88,"column":4}},"88":{"start":{"line":89,"column":0},"end":{"line":89,"column":0}},"89":{"start":{"line":90,"column":0},"end":{"line":90,"column":5}},"90":{"start":{"line":91,"column":0},"end":{"line":91,"column":76}},"91":{"start":{"line":92,"column":0},"end":{"line":92,"column":75}},"92":{"start":{"line":93,"column":0},"end":{"line":93,"column":80}},"93":{"start":{"line":94,"column":0},"end":{"line":94,"column":40}},"94":{"start":{"line":95,"column":0},"end":{"line":95,"column":5}},"95":{"start":{"line":96,"column":0},"end":{"line":96,"column":63}},"96":{"start":{"line":97,"column":0},"end":{"line":97,"column":0}},"97":{"start":{"line":98,"column":0},"end":{"line":98,"column":5}},"98":{"start":{"line":99,"column":0},"end":{"line":99,"column":59}},"99":{"start":{"line":100,"column":0},"end":{"line":100,"column":63}},"100":{"start":{"line":101,"column":0},"end":{"line":101,"column":63}},"101":{"start":{"line":102,"column":0},"end":{"line":102,"column":39}},"102":{"start":{"line":103,"column":0},"end":{"line":103,"column":4}},"103":{"start":{"line":104,"column":0},"end":{"line":104,"column":47}},"104":{"start":{"line":105,"column":0},"end":{"line":105,"column":78}},"105":{"start":{"line":106,"column":0},"end":{"line":106,"column":42}},"106":{"start":{"line":107,"column":0},"end":{"line":107,"column":5}},"107":{"start":{"line":108,"column":0},"end":{"line":108,"column":89}},"108":{"start":{"line":109,"column":0},"end":{"line":109,"column":50}},"109":{"start":{"line":110,"column":0},"end":{"line":110,"column":0}},"110":{"start":{"line":111,"column":0},"end":{"line":111,"column":12}},"111":{"start":{"line":112,"column":0},"end":{"line":112,"column":7}},"112":{"start":{"line":113,"column":0},"end":{"line":113,"column":56}},"113":{"start":{"line":114,"column":0},"end":{"line":114,"column":47}},"114":{"start":{"line":115,"column":0},"end":{"line":115,"column":16}},"115":{"start":{"line":116,"column":0},"end":{"line":116,"column":9}},"116":{"start":{"line":117,"column":0},"end":{"line":117,"column":4}},"117":{"start":{"line":118,"column":0},"end":{"line":118,"column":0}},"118":{"start":{"line":119,"column":0},"end":{"line":119,"column":76}},"119":{"start":{"line":120,"column":0},"end":{"line":120,"column":0}},"120":{"start":{"line":121,"column":0},"end":{"line":121,"column":52}},"121":{"start":{"line":122,"column":0},"end":{"line":122,"column":0}},"122":{"start":{"line":123,"column":0},"end":{"line":123,"column":5}},"123":{"start":{"line":124,"column":0},"end":{"line":124,"column":72}},"124":{"start":{"line":125,"column":0},"end":{"line":125,"column":74}},"125":{"start":{"line":126,"column":0},"end":{"line":126,"column":79}},"126":{"start":{"line":127,"column":0},"end":{"line":127,"column":52}},"127":{"start":{"line":128,"column":0},"end":{"line":128,"column":5}},"128":{"start":{"line":129,"column":0},"end":{"line":129,"column":56}},"129":{"start":{"line":130,"column":0},"end":{"line":130,"column":50}},"130":{"start":{"line":131,"column":0},"end":{"line":131,"column":0}},"131":{"start":{"line":132,"column":0},"end":{"line":132,"column":47}},"132":{"start":{"line":133,"column":0},"end":{"line":133,"column":30}},"133":{"start":{"line":134,"column":0},"end":{"line":134,"column":0}},"134":{"start":{"line":135,"column":0},"end":{"line":135,"column":26}},"135":{"start":{"line":136,"column":0},"end":{"line":136,"column":35}},"136":{"start":{"line":137,"column":0},"end":{"line":137,"column":8}},"137":{"start":{"line":138,"column":0},"end":{"line":138,"column":6}},"138":{"start":{"line":139,"column":0},"end":{"line":139,"column":0}},"139":{"start":{"line":140,"column":0},"end":{"line":140,"column":33}},"140":{"start":{"line":141,"column":0},"end":{"line":141,"column":29}},"141":{"start":{"line":142,"column":0},"end":{"line":142,"column":6}},"142":{"start":{"line":143,"column":0},"end":{"line":143,"column":0}},"143":{"start":{"line":144,"column":0},"end":{"line":144,"column":34}},"144":{"start":{"line":145,"column":0},"end":{"line":145,"column":4}},"145":{"start":{"line":146,"column":0},"end":{"line":146,"column":0}},"146":{"start":{"line":147,"column":0},"end":{"line":147,"column":5}},"147":{"start":{"line":148,"column":0},"end":{"line":148,"column":62}},"148":{"start":{"line":149,"column":0},"end":{"line":149,"column":68}},"149":{"start":{"line":150,"column":0},"end":{"line":150,"column":61}},"150":{"start":{"line":151,"column":0},"end":{"line":151,"column":61}},"151":{"start":{"line":152,"column":0},"end":{"line":152,"column":4}},"152":{"start":{"line":153,"column":0},"end":{"line":153,"column":64}},"153":{"start":{"line":154,"column":0},"end":{"line":154,"column":35}},"154":{"start":{"line":155,"column":0},"end":{"line":155,"column":5}},"155":{"start":{"line":156,"column":0},"end":{"line":156,"column":52}},"156":{"start":{"line":157,"column":0},"end":{"line":157,"column":5}},"157":{"start":{"line":158,"column":0},"end":{"line":158,"column":7}},"158":{"start":{"line":159,"column":0},"end":{"line":159,"column":40}},"159":{"start":{"line":160,"column":0},"end":{"line":160,"column":100}},"160":{"start":{"line":161,"column":0},"end":{"line":161,"column":45}},"161":{"start":{"line":162,"column":0},"end":{"line":162,"column":0}},"162":{"start":{"line":163,"column":0},"end":{"line":163,"column":30}},"163":{"start":{"line":164,"column":0},"end":{"line":164,"column":11}},"164":{"start":{"line":165,"column":0},"end":{"line":165,"column":0}},"165":{"start":{"line":166,"column":0},"end":{"line":166,"column":19}},"166":{"start":{"line":167,"column":0},"end":{"line":167,"column":16}},"167":{"start":{"line":168,"column":0},"end":{"line":168,"column":9}},"168":{"start":{"line":169,"column":0},"end":{"line":169,"column":0}},"169":{"start":{"line":170,"column":0},"end":{"line":170,"column":5}},"170":{"start":{"line":171,"column":0},"end":{"line":171,"column":64}},"171":{"start":{"line":172,"column":0},"end":{"line":172,"column":22}},"172":{"start":{"line":173,"column":0},"end":{"line":173,"column":58}},"173":{"start":{"line":174,"column":0},"end":{"line":174,"column":76}},"174":{"start":{"line":175,"column":0},"end":{"line":175,"column":41}},"175":{"start":{"line":176,"column":0},"end":{"line":176,"column":79}},"176":{"start":{"line":177,"column":0},"end":{"line":177,"column":13}},"177":{"start":{"line":178,"column":0},"end":{"line":178,"column":65}},"178":{"start":{"line":179,"column":0},"end":{"line":179,"column":5}},"179":{"start":{"line":180,"column":0},"end":{"line":180,"column":45}},"180":{"start":{"line":181,"column":0},"end":{"line":181,"column":86}},"181":{"start":{"line":182,"column":0},"end":{"line":182,"column":28}},"182":{"start":{"line":183,"column":0},"end":{"line":183,"column":0}},"183":{"start":{"line":184,"column":0},"end":{"line":184,"column":37}},"184":{"start":{"line":185,"column":0},"end":{"line":185,"column":98}},"185":{"start":{"line":186,"column":0},"end":{"line":186,"column":0}},"186":{"start":{"line":187,"column":0},"end":{"line":187,"column":44}},"187":{"start":{"line":188,"column":0},"end":{"line":188,"column":7}},"188":{"start":{"line":189,"column":0},"end":{"line":189,"column":0}},"189":{"start":{"line":190,"column":0},"end":{"line":190,"column":42}},"190":{"start":{"line":191,"column":0},"end":{"line":191,"column":6}},"191":{"start":{"line":192,"column":0},"end":{"line":192,"column":0}},"192":{"start":{"line":193,"column":0},"end":{"line":193,"column":37}},"193":{"start":{"line":194,"column":0},"end":{"line":194,"column":20}},"194":{"start":{"line":195,"column":0},"end":{"line":195,"column":11}},"195":{"start":{"line":196,"column":0},"end":{"line":196,"column":38}},"196":{"start":{"line":197,"column":0},"end":{"line":197,"column":16}},"197":{"start":{"line":198,"column":0},"end":{"line":198,"column":28}},"198":{"start":{"line":199,"column":0},"end":{"line":199,"column":52}},"199":{"start":{"line":200,"column":0},"end":{"line":200,"column":46}},"200":{"start":{"line":201,"column":0},"end":{"line":201,"column":70}},"201":{"start":{"line":202,"column":0},"end":{"line":202,"column":0}},"202":{"start":{"line":203,"column":0},"end":{"line":203,"column":63}},"203":{"start":{"line":204,"column":0},"end":{"line":204,"column":0}},"204":{"start":{"line":205,"column":0},"end":{"line":205,"column":18}},"205":{"start":{"line":206,"column":0},"end":{"line":206,"column":6}},"206":{"start":{"line":207,"column":0},"end":{"line":207,"column":4}},"207":{"start":{"line":208,"column":0},"end":{"line":208,"column":0}},"208":{"start":{"line":209,"column":0},"end":{"line":209,"column":5}},"209":{"start":{"line":210,"column":0},"end":{"line":210,"column":44}},"210":{"start":{"line":211,"column":0},"end":{"line":211,"column":54}},"211":{"start":{"line":212,"column":0},"end":{"line":212,"column":48}},"212":{"start":{"line":213,"column":0},"end":{"line":213,"column":62}},"213":{"start":{"line":214,"column":0},"end":{"line":214,"column":5}},"214":{"start":{"line":215,"column":0},"end":{"line":215,"column":67}},"215":{"start":{"line":216,"column":0},"end":{"line":216,"column":0}},"216":{"start":{"line":217,"column":0},"end":{"line":217,"column":36}},"217":{"start":{"line":218,"column":0},"end":{"line":218,"column":2}},"218":{"start":{"line":219,"column":0},"end":{"line":219,"column":0}},"219":{"start":{"line":220,"column":0},"end":{"line":220,"column":61}},"220":{"start":{"line":221,"column":0},"end":{"line":221,"column":0}},"221":{"start":{"line":222,"column":0},"end":{"line":222,"column":27}},"222":{"start":{"line":223,"column":0},"end":{"line":223,"column":0}},"223":{"start":{"line":224,"column":0},"end":{"line":224,"column":3}},"224":{"start":{"line":225,"column":0},"end":{"line":225,"column":63}},"225":{"start":{"line":226,"column":0},"end":{"line":226,"column":76}},"226":{"start":{"line":227,"column":0},"end":{"line":227,"column":67}},"227":{"start":{"line":228,"column":0},"end":{"line":228,"column":62}},"228":{"start":{"line":229,"column":0},"end":{"line":229,"column":47}},"229":{"start":{"line":230,"column":0},"end":{"line":230,"column":3}},"230":{"start":{"line":231,"column":0},"end":{"line":231,"column":35}},"231":{"start":{"line":232,"column":0},"end":{"line":232,"column":25}},"232":{"start":{"line":233,"column":0},"end":{"line":233,"column":21}},"233":{"start":{"line":234,"column":0},"end":{"line":234,"column":6}},"234":{"start":{"line":235,"column":0},"end":{"line":235,"column":43}},"235":{"start":{"line":236,"column":0},"end":{"line":236,"column":0}},"236":{"start":{"line":237,"column":0},"end":{"line":237,"column":50}},"237":{"start":{"line":238,"column":0},"end":{"line":238,"column":37}},"238":{"start":{"line":239,"column":0},"end":{"line":239,"column":25}},"239":{"start":{"line":240,"column":0},"end":{"line":240,"column":7}},"240":{"start":{"line":241,"column":0},"end":{"line":241,"column":4}},"241":{"start":{"line":242,"column":0},"end":{"line":242,"column":0}},"242":{"start":{"line":243,"column":0},"end":{"line":243,"column":36}},"243":{"start":{"line":244,"column":0},"end":{"line":244,"column":32}},"244":{"start":{"line":245,"column":0},"end":{"line":245,"column":16}},"245":{"start":{"line":246,"column":0},"end":{"line":246,"column":7}},"246":{"start":{"line":247,"column":0},"end":{"line":247,"column":0}},"247":{"start":{"line":248,"column":0},"end":{"line":248,"column":18}},"248":{"start":{"line":249,"column":0},"end":{"line":249,"column":4}},"249":{"start":{"line":250,"column":0},"end":{"line":250,"column":0}},"250":{"start":{"line":251,"column":0},"end":{"line":251,"column":34}},"251":{"start":{"line":252,"column":0},"end":{"line":252,"column":2}}},"s":{"0":2,"1":2,"2":2,"3":2,"4":2,"5":2,"6":2,"7":2,"8":2,"9":2,"10":2,"11":2,"12":2,"13":2,"14":2,"15":2,"16":2,"17":2,"18":2,"19":2,"20":2,"21":2,"22":2,"23":2,"24":2,"25":2,"26":2,"27":2,"28":2,"29":2,"30":2,"31":2,"32":2,"33":2,"34":2,"35":2,"36":2,"37":2,"38":2,"39":2,"40":2,"41":2,"42":2,"43":2,"44":2,"45":2,"46":2,"47":2,"48":2,"49":2,"50":2,"51":2,"52":2,"53":2,"54":2,"55":2,"56":2,"57":686,"58":686,"59":686,"60":686,"61":686,"62":686,"63":686,"64":686,"65":686,"66":686,"67":686,"68":686,"69":686,"70":686,"71":5173,"72":5173,"73":686,"74":686,"75":686,"76":686,"77":686,"78":686,"79":686,"80":686,"81":686,"82":686,"83":686,"84":3129,"85":3129,"86":3129,"87":686,"88":686,"89":686,"90":686,"91":686,"92":686,"93":686,"94":686,"95":686,"96":686,"97":686,"98":686,"99":686,"100":686,"101":686,"102":686,"103":686,"104":686,"105":686,"106":686,"107":686,"108":1854,"109":1854,"110":1854,"111":1854,"112":1854,"113":1854,"114":1854,"115":1854,"116":686,"117":686,"118":686,"119":686,"120":686,"121":686,"122":686,"123":686,"124":686,"125":686,"126":686,"127":686,"128":686,"129":881,"130":881,"131":881,"132":1865,"133":1865,"134":1865,"135":1083,"136":1865,"137":881,"138":881,"139":881,"140":1325,"141":881,"142":881,"143":881,"144":686,"145":686,"146":686,"147":686,"148":686,"149":686,"150":686,"151":686,"152":686,"153":686,"154":686,"155":686,"156":1275,"157":1275,"158":1275,"159":1275,"160":1275,"161":1275,"162":1275,"163":1275,"164":1275,"165":1275,"166":1275,"167":686,"168":686,"169":686,"170":686,"171":686,"172":686,"173":686,"174":686,"175":686,"176":686,"177":686,"178":686,"179":686,"180":686,"181":3538,"182":3538,"183":3538,"184":1745,"185":1745,"186":1745,"187":1745,"188":3513,"189":3513,"190":686,"191":686,"192":686,"193":1635,"194":1635,"195":1635,"196":1635,"197":1635,"198":1635,"199":1635,"200":1635,"201":1635,"202":1635,"203":1635,"204":1635,"205":686,"206":686,"207":686,"208":686,"209":686,"210":686,"211":686,"212":686,"213":686,"214":686,"215":686,"216":686,"217":686,"218":2,"219":2,"220":2,"221":2,"222":2,"223":2,"224":2,"225":2,"226":2,"227":2,"228":2,"229":2,"230":2,"231":687,"232":687,"233":687,"234":687,"235":687,"236":687,"237":1328,"238":1349,"239":1328,"240":687,"241":687,"242":687,"243":1282,"244":1120,"245":1282,"246":1282,"247":1282,"248":687,"249":687,"250":687,"251":687},"branchMap":{"0":{"type":"branch","line":57,"loc":{"start":{"line":57,"column":32},"end":{"line":218,"column":2}},"locations":[{"start":{"line":57,"column":32},"end":{"line":218,"column":2}}]},"1":{"type":"branch","line":71,"loc":{"start":{"line":71,"column":30},"end":{"line":74,"column":3}},"locations":[{"start":{"line":71,"column":30},"end":{"line":74,"column":3}}]},"2":{"type":"branch","line":73,"loc":{"start":{"line":73,"column":6},"end":{"line":73,"column":82}},"locations":[{"start":{"line":73,"column":6},"end":{"line":73,"column":82}}]},"3":{"type":"branch","line":84,"loc":{"start":{"line":84,"column":35},"end":{"line":88,"column":3}},"locations":[{"start":{"line":84,"column":35},"end":{"line":88,"column":3}}]},"4":{"type":"branch","line":108,"loc":{"start":{"line":108,"column":53},"end":{"line":117,"column":3}},"locations":[{"start":{"line":108,"column":53},"end":{"line":117,"column":3}}]},"5":{"type":"branch","line":113,"loc":{"start":{"line":113,"column":33},"end":{"line":113,"column":54}},"locations":[{"start":{"line":113,"column":33},"end":{"line":113,"column":54}}]},"6":{"type":"branch","line":129,"loc":{"start":{"line":129,"column":32},"end":{"line":145,"column":3}},"locations":[{"start":{"line":129,"column":32},"end":{"line":145,"column":3}}]},"7":{"type":"branch","line":132,"loc":{"start":{"line":132,"column":33},"end":{"line":138,"column":5}},"locations":[{"start":{"line":132,"column":33},"end":{"line":138,"column":5}}]},"8":{"type":"branch","line":135,"loc":{"start":{"line":135,"column":13},"end":{"line":137,"column":7}},"locations":[{"start":{"line":135,"column":13},"end":{"line":137,"column":7}}]},"9":{"type":"branch","line":140,"loc":{"start":{"line":140,"column":20},"end":{"line":142,"column":5}},"locations":[{"start":{"line":140,"column":20},"end":{"line":142,"column":5}}]},"10":{"type":"branch","line":156,"loc":{"start":{"line":156,"column":36},"end":{"line":168,"column":8}},"locations":[{"start":{"line":156,"column":36},"end":{"line":168,"column":8}}]},"11":{"type":"branch","line":159,"loc":{"start":{"line":159,"column":33},"end":{"line":164,"column":9}},"locations":[{"start":{"line":159,"column":33},"end":{"line":164,"column":9}}]},"12":{"type":"branch","line":160,"loc":{"start":{"line":160,"column":65},"end":{"line":160,"column":85}},"locations":[{"start":{"line":160,"column":65},"end":{"line":160,"column":85}}]},"13":{"type":"branch","line":160,"loc":{"start":{"line":160,"column":86},"end":{"line":160,"column":99}},"locations":[{"start":{"line":160,"column":86},"end":{"line":160,"column":99}}]},"14":{"type":"branch","line":181,"loc":{"start":{"line":181,"column":9},"end":{"line":191,"column":5}},"locations":[{"start":{"line":181,"column":9},"end":{"line":191,"column":5}}]},"15":{"type":"branch","line":184,"loc":{"start":{"line":184,"column":36},"end":{"line":188,"column":7}},"locations":[{"start":{"line":184,"column":36},"end":{"line":188,"column":7}}]},"16":{"type":"branch","line":185,"loc":{"start":{"line":185,"column":67},"end":{"line":185,"column":73}},"locations":[{"start":{"line":185,"column":67},"end":{"line":185,"column":73}}]},"17":{"type":"branch","line":185,"loc":{"start":{"line":185,"column":67},"end":{"line":185,"column":97}},"locations":[{"start":{"line":185,"column":67},"end":{"line":185,"column":97}}]},"18":{"type":"branch","line":189,"loc":{"start":{"line":189,"column":-1},"end":{"line":191,"column":5}},"locations":[{"start":{"line":189,"column":-1},"end":{"line":191,"column":5}}]},"19":{"type":"branch","line":193,"loc":{"start":{"line":193,"column":9},"end":{"line":206,"column":5}},"locations":[{"start":{"line":193,"column":9},"end":{"line":206,"column":5}}]},"20":{"type":"branch","line":201,"loc":{"start":{"line":201,"column":63},"end":{"line":201,"column":67}},"locations":[{"start":{"line":201,"column":63},"end":{"line":201,"column":67}}]},"21":{"type":"branch","line":201,"loc":{"start":{"line":201,"column":63},"end":{"line":201,"column":69}},"locations":[{"start":{"line":201,"column":63},"end":{"line":201,"column":69}}]},"22":{"type":"branch","line":203,"loc":{"start":{"line":203,"column":17},"end":{"line":203,"column":51}},"locations":[{"start":{"line":203,"column":17},"end":{"line":203,"column":51}}]},"23":{"type":"branch","line":203,"loc":{"start":{"line":203,"column":53},"end":{"line":203,"column":63}},"locations":[{"start":{"line":203,"column":53},"end":{"line":203,"column":63}}]},"24":{"type":"branch","line":231,"loc":{"start":{"line":231,"column":30},"end":{"line":252,"column":2}},"locations":[{"start":{"line":231,"column":30},"end":{"line":252,"column":2}}]},"25":{"type":"branch","line":237,"loc":{"start":{"line":237,"column":33},"end":{"line":241,"column":3}},"locations":[{"start":{"line":237,"column":33},"end":{"line":241,"column":3}}]},"26":{"type":"branch","line":238,"loc":{"start":{"line":238,"column":23},"end":{"line":240,"column":5}},"locations":[{"start":{"line":238,"column":23},"end":{"line":240,"column":5}}]},"27":{"type":"branch","line":243,"loc":{"start":{"line":243,"column":29},"end":{"line":249,"column":3}},"locations":[{"start":{"line":243,"column":29},"end":{"line":249,"column":3}}]},"28":{"type":"branch","line":244,"loc":{"start":{"line":244,"column":18},"end":{"line":246,"column":5}},"locations":[{"start":{"line":244,"column":18},"end":{"line":246,"column":5}}]}},"b":{"0":[686],"1":[5173],"2":[25],"3":[3129],"4":[1854],"5":[1854],"6":[881],"7":[1865],"8":[1083],"9":[1325],"10":[1275],"11":[1275],"12":[421],"13":[854],"14":[3538],"15":[1745],"16":[864],"17":[881],"18":[3513],"19":[1635],"20":[1447],"21":[188],"22":[1447],"23":[1325],"24":[687],"25":[1328],"26":[1349],"27":[1282],"28":[1120]},"fnMap":{"0":{"name":"createStateImage","decl":{"start":{"line":57,"column":32},"end":{"line":218,"column":2}},"loc":{"start":{"line":57,"column":32},"end":{"line":218,"column":2}},"line":57},"1":{"name":"restrictCalculation","decl":{"start":{"line":71,"column":30},"end":{"line":74,"column":3}},"loc":{"start":{"line":71,"column":30},"end":{"line":74,"column":3}},"line":71},"2":{"name":"runWithRestrictionLifted","decl":{"start":{"line":84,"column":35},"end":{"line":88,"column":3}},"loc":{"start":{"line":84,"column":35},"end":{"line":88,"column":3}},"line":84},"3":{"name":"runOverState","decl":{"start":{"line":108,"column":53},"end":{"line":117,"column":3}},"loc":{"start":{"line":108,"column":53},"end":{"line":117,"column":3}},"line":108},"4":{"name":"createKeyHandleRecord","decl":{"start":{"line":129,"column":32},"end":{"line":145,"column":3}},"loc":{"start":{"line":129,"column":32},"end":{"line":145,"column":3}},"line":129},"5":{"name":"keyHandle","decl":{"start":{"line":132,"column":33},"end":{"line":138,"column":5}},"loc":{"start":{"line":132,"column":33},"end":{"line":138,"column":5}},"line":132},"6":{"name":"fireKey","decl":{"start":{"line":140,"column":20},"end":{"line":142,"column":5}},"loc":{"start":{"line":140,"column":20},"end":{"line":142,"column":5}},"line":140},"7":{"name":"setState","decl":{"start":{"line":156,"column":36},"end":{"line":168,"column":8}},"loc":{"start":{"line":156,"column":36},"end":{"line":168,"column":8}},"line":156},"8":{"name":"get","decl":{"start":{"line":181,"column":9},"end":{"line":191,"column":5}},"loc":{"start":{"line":181,"column":9},"end":{"line":191,"column":5}},"line":181},"9":{"name":"set","decl":{"start":{"line":193,"column":9},"end":{"line":206,"column":5}},"loc":{"start":{"line":193,"column":9},"end":{"line":206,"column":5}},"line":193},"10":{"name":"createJobQueue","decl":{"start":{"line":231,"column":30},"end":{"line":252,"column":2}},"loc":{"start":{"line":231,"column":30},"end":{"line":252,"column":2}},"line":231},"11":{"name":"addToQueue","decl":{"start":{"line":237,"column":33},"end":{"line":241,"column":3}},"loc":{"start":{"line":237,"column":33},"end":{"line":241,"column":3}},"line":237},"12":{"name":"runQueue","decl":{"start":{"line":243,"column":29},"end":{"line":249,"column":3}},"loc":{"start":{"line":243,"column":29},"end":{"line":249,"column":3}},"line":243}},"f":{"0":686,"1":5173,"2":3129,"3":1854,"4":881,"5":1865,"6":1325,"7":1275,"8":3538,"9":1635,"10":687,"11":1328,"12":1282}}
,"C:\\@turtlefly\\Code\\medama-work\\packages\\medama\\src\\__tests__\\medama.testcases.ts": {"path":"C:\\@turtlefly\\Code\\medama-work\\packages\\medama\\src\\__tests__\\medama.testcases.ts","all":false,"statementMap":{"0":{"start":{"line":1,"column":0},"end":{"line":1,"column":61}},"1":{"start":{"line":2,"column":0},"end":{"line":2,"column":57}},"2":{"start":{"line":3,"column":0},"end":{"line":3,"column":55}},"3":{"start":{"line":4,"column":0},"end":{"line":4,"column":39}},"4":{"start":{"line":5,"column":0},"end":{"line":5,"column":0}},"5":{"start":{"line":6,"column":0},"end":{"line":6,"column":59}},"6":{"start":{"line":7,"column":0},"end":{"line":7,"column":36}},"7":{"start":{"line":8,"column":0},"end":{"line":8,"column":0}},"8":{"start":{"line":9,"column":0},"end":{"line":9,"column":42}},"9":{"start":{"line":10,"column":0},"end":{"line":10,"column":75}},"10":{"start":{"line":11,"column":0},"end":{"line":11,"column":58}},"11":{"start":{"line":12,"column":0},"end":{"line":12,"column":0}},"12":{"start":{"line":13,"column":0},"end":{"line":13,"column":76}},"13":{"start":{"line":14,"column":0},"end":{"line":14,"column":62}},"14":{"start":{"line":15,"column":0},"end":{"line":15,"column":60}},"15":{"start":{"line":16,"column":0},"end":{"line":16,"column":64}},"16":{"start":{"line":17,"column":0},"end":{"line":17,"column":7}},"17":{"start":{"line":18,"column":0},"end":{"line":18,"column":5}},"18":{"start":{"line":19,"column":0},"end":{"line":19,"column":0}},"19":{"start":{"line":20,"column":0},"end":{"line":20,"column":17}},"20":{"start":{"line":21,"column":0},"end":{"line":21,"column":49}},"21":{"start":{"line":22,"column":0},"end":{"line":22,"column":0}},"22":{"start":{"line":23,"column":0},"end":{"line":23,"column":5}},"23":{"start":{"line":24,"column":0},"end":{"line":24,"column":53}},"24":{"start":{"line":25,"column":0},"end":{"line":25,"column":0}},"25":{"start":{"line":26,"column":0},"end":{"line":26,"column":68}},"26":{"start":{"line":27,"column":0},"end":{"line":27,"column":51}},"27":{"start":{"line":28,"column":0},"end":{"line":28,"column":43}},"28":{"start":{"line":29,"column":0},"end":{"line":29,"column":0}},"29":{"start":{"line":30,"column":0},"end":{"line":30,"column":28}},"30":{"start":{"line":31,"column":0},"end":{"line":31,"column":25}},"31":{"start":{"line":32,"column":0},"end":{"line":32,"column":6}},"32":{"start":{"line":33,"column":0},"end":{"line":33,"column":0}},"33":{"start":{"line":34,"column":0},"end":{"line":34,"column":5}},"34":{"start":{"line":35,"column":0},"end":{"line":35,"column":74}},"35":{"start":{"line":36,"column":0},"end":{"line":36,"column":28}},"36":{"start":{"line":37,"column":0},"end":{"line":37,"column":45}},"37":{"start":{"line":38,"column":0},"end":{"line":38,"column":0}},"38":{"start":{"line":39,"column":0},"end":{"line":39,"column":20}},"39":{"start":{"line":40,"column":0},"end":{"line":40,"column":27}},"40":{"start":{"line":41,"column":0},"end":{"line":41,"column":30}},"41":{"start":{"line":42,"column":0},"end":{"line":42,"column":12}},"42":{"start":{"line":43,"column":0},"end":{"line":43,"column":20}},"43":{"start":{"line":44,"column":0},"end":{"line":44,"column":0}},"44":{"start":{"line":45,"column":0},"end":{"line":45,"column":37}},"45":{"start":{"line":46,"column":0},"end":{"line":46,"column":25}},"46":{"start":{"line":47,"column":0},"end":{"line":47,"column":6}},"47":{"start":{"line":48,"column":0},"end":{"line":48,"column":0}},"48":{"start":{"line":49,"column":0},"end":{"line":49,"column":5}},"49":{"start":{"line":50,"column":0},"end":{"line":50,"column":93}},"50":{"start":{"line":51,"column":0},"end":{"line":51,"column":28}},"51":{"start":{"line":52,"column":0},"end":{"line":52,"column":52}},"52":{"start":{"line":53,"column":0},"end":{"line":53,"column":0}},"53":{"start":{"line":54,"column":0},"end":{"line":54,"column":20}},"54":{"start":{"line":55,"column":0},"end":{"line":55,"column":27}},"55":{"start":{"line":56,"column":0},"end":{"line":56,"column":19}},"56":{"start":{"line":57,"column":0},"end":{"line":57,"column":32}},"57":{"start":{"line":58,"column":0},"end":{"line":58,"column":14}},"58":{"start":{"line":59,"column":0},"end":{"line":59,"column":0}},"59":{"start":{"line":60,"column":0},"end":{"line":60,"column":20}},"60":{"start":{"line":61,"column":0},"end":{"line":61,"column":11}},"61":{"start":{"line":62,"column":0},"end":{"line":62,"column":20}},"62":{"start":{"line":63,"column":0},"end":{"line":63,"column":0}},"63":{"start":{"line":64,"column":0},"end":{"line":64,"column":37}},"64":{"start":{"line":65,"column":0},"end":{"line":65,"column":25}},"65":{"start":{"line":66,"column":0},"end":{"line":66,"column":6}},"66":{"start":{"line":67,"column":0},"end":{"line":67,"column":0}},"67":{"start":{"line":68,"column":0},"end":{"line":68,"column":5}},"68":{"start":{"line":69,"column":0},"end":{"line":69,"column":79}},"69":{"start":{"line":70,"column":0},"end":{"line":70,"column":28}},"70":{"start":{"line":71,"column":0},"end":{"line":71,"column":52}},"71":{"start":{"line":72,"column":0},"end":{"line":72,"column":0}},"72":{"start":{"line":73,"column":0},"end":{"line":73,"column":20}},"73":{"start":{"line":74,"column":0},"end":{"line":74,"column":27}},"74":{"start":{"line":75,"column":0},"end":{"line":75,"column":21}},"75":{"start":{"line":76,"column":0},"end":{"line":76,"column":0}},"76":{"start":{"line":77,"column":0},"end":{"line":77,"column":19}},"77":{"start":{"line":78,"column":0},"end":{"line":78,"column":32}},"78":{"start":{"line":79,"column":0},"end":{"line":79,"column":13}},"79":{"start":{"line":80,"column":0},"end":{"line":80,"column":11}},"80":{"start":{"line":81,"column":0},"end":{"line":81,"column":20}},"81":{"start":{"line":82,"column":0},"end":{"line":82,"column":0}},"82":{"start":{"line":83,"column":0},"end":{"line":83,"column":37}},"83":{"start":{"line":84,"column":0},"end":{"line":84,"column":25}},"84":{"start":{"line":85,"column":0},"end":{"line":85,"column":6}},"85":{"start":{"line":86,"column":0},"end":{"line":86,"column":0}},"86":{"start":{"line":87,"column":0},"end":{"line":87,"column":5}},"87":{"start":{"line":88,"column":0},"end":{"line":88,"column":70}},"88":{"start":{"line":89,"column":0},"end":{"line":89,"column":28}},"89":{"start":{"line":90,"column":0},"end":{"line":90,"column":74}},"90":{"start":{"line":91,"column":0},"end":{"line":91,"column":0}},"91":{"start":{"line":92,"column":0},"end":{"line":92,"column":25}},"92":{"start":{"line":93,"column":0},"end":{"line":93,"column":29}},"93":{"start":{"line":94,"column":0},"end":{"line":94,"column":0}},"94":{"start":{"line":95,"column":0},"end":{"line":95,"column":23}},"95":{"start":{"line":96,"column":0},"end":{"line":96,"column":30}},"96":{"start":{"line":97,"column":0},"end":{"line":97,"column":11}},"97":{"start":{"line":98,"column":0},"end":{"line":98,"column":10}},"98":{"start":{"line":99,"column":0},"end":{"line":99,"column":0}},"99":{"start":{"line":100,"column":0},"end":{"line":100,"column":52}},"100":{"start":{"line":101,"column":0},"end":{"line":101,"column":0}},"101":{"start":{"line":102,"column":0},"end":{"line":102,"column":37}},"102":{"start":{"line":103,"column":0},"end":{"line":103,"column":25}},"103":{"start":{"line":104,"column":0},"end":{"line":104,"column":6}},"104":{"start":{"line":105,"column":0},"end":{"line":105,"column":58}},"105":{"start":{"line":106,"column":0},"end":{"line":106,"column":
[...]
},"141":{"type":"branch","line":721,"loc":{"start":{"line":721,"column":43},"end":{"line":725,"column":7}},"locations":[{"start":{"line":721,"column":43},"end":{"line":725,"column":7}}]},"142":{"type":"branch","line":728,"loc":{"start":{"line":728,"column":8},"end":{"line":728,"column":27}},"locations":[{"start":{"line":728,"column":8},"end":{"line":728,"column":27}}]},"143":{"type":"branch","line":758,"loc":{"start":{"line":758,"column":39},"end":{"line":760,"column":7}},"locations":[{"start":{"line":758,"column":39},"end":{"line":760,"column":7}}]},"144":{"type":"branch","line":762,"loc":{"start":{"line":762,"column":47},"end":{"line":766,"column":7}},"locations":[{"start":{"line":762,"column":47},"end":{"line":766,"column":7}}]},"145":{"type":"branch","line":781,"loc":{"start":{"line":781,"column":75},"end":{"line":922,"column":5}},"locations":[{"start":{"line":781,"column":75},"end":{"line":922,"column":5}}]},"146":{"type":"branch","line":790,"loc":{"start":{"line":790,"column":36},"end":{"line":792,"column":7}},"locations":[{"start":{"line":790,"column":36},"end":{"line":792,"column":7}}]},"147":{"type":"branch","line":794,"loc":{"start":{"line":794,"column":44},"end":{"line":798,"column":7}},"locations":[{"start":{"line":794,"column":44},"end":{"line":798,"column":7}}]},"148":{"type":"branch","line":800,"loc":{"start":{"line":800,"column":23},"end":{"line":800,"column":48}},"locations":[{"start":{"line":800,"column":23},"end":{"line":800,"column":48}}]},"149":{"type":"branch","line":802,"loc":{"start":{"line":802,"column":48},"end":{"line":802,"column":66}},"locations":[{"start":{"line":802,"column":48},"end":{"line":802,"column":66}}]},"150":{"type":"branch","line":814,"loc":{"start":{"line":814,"column":40},"end":{"line":816,"column":7}},"locations":[{"start":{"line":814,"column":40},"end":{"line":816,"column":7}}]},"151":{"type":"branch","line":818,"loc":{"start":{"line":818,"column":48},"end":{"line":822,"column":7}},"locations":[{"start":{"line":818,"column":48},"end":{"line":822,"column":7}}]},"152":{"type":"branch","line":831,"loc":{"start":{"line":831,"column":36},"end":{"line":833,"column":7}},"locations":[{"start":{"line":831,"column":36},"end":{"line":833,"column":7}}]},"153":{"type":"branch","line":835,"loc":{"start":{"line":835,"column":44},"end":{"line":839,"column":7}},"locations":[{"start":{"line":835,"column":44},"end":{"line":839,"column":7}}]},"154":{"type":"branch","line":841,"loc":{"start":{"line":841,"column":48},"end":{"line":841,"column":74}},"locations":[{"start":{"line":841,"column":48},"end":{"line":841,"column":74}}]},"155":{"type":"branch","line":924,"loc":{"start":{"line":924,"column":79},"end":{"line":969,"column":5}},"locations":[{"start":{"line":924,"column":79},"end":{"line":969,"column":5}}]},"156":{"type":"branch","line":931,"loc":{"start":{"line":931,"column":36},"end":{"line":931,"column":44}},"locations":[{"start":{"line":931,"column":36},"end":{"line":931,"column":44}}]},"157":{"type":"branch","line":933,"loc":{"start":{"line":933,"column":60},"end":{"line":937,"column":7}},"locations":[{"start":{"line":933,"column":60},"end":{"line":937,"column":7}}]},"158":{"type":"branch","line":949,"loc":{"start":{"line":949,"column":36},"end":{"line":949,"column":44}},"locations":[{"start":{"line":949,"column":36},"end":{"line":949,"column":44}}]},"159":{"type":"branch","line":971,"loc":{"start":{"line":971,"column":86},"end":{"line":1008,"column":5}},"locations":[{"start":{"line":971,"column":86},"end":{"line":1008,"column":5}}]},"160":{"type":"branch","line":974,"loc":{"start":{"line":974,"column":35},"end":{"line":974,"column":43}},"locations":[{"start":{"line":974,"column":35},"end":{"line":974,"column":43}}]},"161":{"type":"branch","line":975,"loc":{"start":{"line":975,"column":43},"end":{"line":975,"column":61}},"locations":[{"start":{"line":975,"column":43},"end":{"line":975,"column":61}}]},"162":{"type":"branch","line":977,"loc":{"start":{"line":977,"column":23},"end":{"line":977,"column":40}},"locations":[{"start":{"line":977,"column":23},"end":{"line":977,"column":40}}]},"163":{"type":"branch","line":984,"loc":{"start":{"line":984,"column":23},"end":{"line":984,"column":48}},"locations":[{"start":{"line":984,"column":23},"end":{"line":984,"column":48}}]},"164":{"type":"branch","line":991,"loc":{"start":{"line":991,"column":23},"end":{"line":991,"column":48}},"locations":[{"start":{"line":991,"column":23},"end":{"line":991,"column":48}}]},"165":{"type":"branch","line":998,"loc":{"start":{"line":998,"column":23},"end":{"line":998,"column":48}},"locations":[{"start":{"line":998,"column":23},"end":{"line":998,"column":48}}]},"166":{"type":"branch","line":1005,"loc":{"start":{"line":1005,"column":23},"end":{"line":1005,"column":48}},"locations":[{"start":{"line":1005,"column":23},"end":{"line":1005,"column":48}}]},"167":{"type":"branch","line":1010,"loc":{"start":{"line":1010,"column":85},"end":{"line":1036,"column":5}},"locations":[{"start":{"line":1010,"column":85},"end":{"line":1036,"column":5}}]},"168":{"type":"branch","line":1014,"loc":{"start":{"line":1014,"column":23},"end":{"line":1014,"column":33}},"locations":[{"start":{"line":1014,"column":23},"end":{"line":1014,"column":33}}]},"169":{"type":"branch","line":1016,"loc":{"start":{"line":1016,"column":38},"end":{"line":1016,"column":46}},"locations":[{"start":{"line":1016,"column":38},"end":{"line":1016,"column":46}}]},"170":{"type":"branch","line":1017,"loc":{"start":{"line":1017,"column":13},"end":{"line":1017,"column":34}},"locations":[{"start":{"line":1017,"column":13},"end":{"line":1017,"column":34}}]},"171":{"type":"branch","line":1023,"loc":{"start":{"line":1023,"column":8},"end":{"line":1027,"column":9}},"locations":[{"start":{"line":1023,"column":8},"end":{"line":1027,"column":9}}]},"172":{"type":"branch","line":1029,"loc":{"start":{"line":1029,"column":8},"end":{"line":1031,"column":9}},"locations":[{"start":{"line":1029,"column":8},"end":{"line":1031,"column":9}}]},"173":{"type":"branch","line":1034,"loc":{"start":{"line":1034,"column":13},"end":{"line":1034,"column":35}},"locations":[{"start":{"line":1034,"column":13},"end":{"line":1034,"column":35}}]},"174":{"type":"branch","line":1038,"loc":{"start":{"line":1038,"column":52},"end":{"line":1078,"column":5}},"locations":[{"start":{"line":1038,"column":52},"end":{"line":1078,"column":5}}]},"175":{"type":"branch","line":1043,"loc":{"start":{"line":1043,"column":31},"end":{"line":1043,"column":50}},"locations":[{"start":{"line":1043,"column":31},"end":{"line":1043,"column":50}}]},"176":{"type":"branch","line":1045,"loc":{"start":{"line":1045,"column":70},"end":{"line":1045,"column":78}},"locations":[{"start":{"line":1045,"column":70},"end":{"line":1045,"column":78}}]},"177":{"type":"branch","line":1063,"loc":{"start":{"line":1063,"column":18},"end":{"line":1063,"column":26}},"locations":[{"start":{"line":1063,"column":18},"end":{"line":1063,"column":26}}]},"178":{"type":"branch","line":1072,"loc":{"start":{"line":1072,"column":18},"end":{"line":1072,"column":26}},"locations":[{"start":{"line":1072,"column":18},"end":{"line":1072,"column":26}}]},"179":{"type":"branch","line":1080,"loc":{"start":{"line":1080,"column":68},"end":{"line":1153,"column":5}},"locations":[{"start":{"line":1080,"column":68},"end":{"line":1153,"column":5}}]},"180":{"type":"branch","line":1085,"loc":{"start":{"line":1085,"column":31},"end":{"line":1085,"column":62}},"locations":[{"start":{"line":1085,"column":31},"end":{"line":1085,"column":62}}]},"181":{"type":"branch","line":1090,"loc":{"start":{"line":1090,"column":71},"end":{"line":1092,"column":7}},"locations":[{"start":{"line":1090,"column":71},"end":{"line":1092,"column":7}}]},"182":{"type":"branch","line":1099,"loc":{"start":{"line":1099,"column":84},"end":{"line":1101,"column":7}},"locations":[{"start":{"line":1099,"column":84},"end":{"line":1101,"column":7}}]},"183":{"type":"branch","line":1134,"loc":{"start":{"line":1134,"column":18},"end":{"line":1136,"column":7}},"locations":[{"start":{"line":1134,"column":18},"end":{"line":1136,"column":7}}]},"184":{"type":"branch","line":1141,"loc":{"start":{"line":1141,"column":18},"end":{"line":1143,"column":7}},"locations":[{"start":{"line":1141,"column":18},"end":{"line":1143,"column":7}}]},"185":{"type":"branch","line":1155,"loc":{"start":{"line":1155,"column":74},"end":{"line":1241,"column":5}},"locations":[{"start":{"line":1155,"column":74},"end":{"line":1241,"column":5}}]},"186":{"type":"branch","line":1161,"loc":{"start":{"line":1161,"column":35},"end":{"line":1163,"column":7}},"locations":[{"start":{"line":1161,"column":35},"end":{"line":1163,"column":7}}]},"187":{"type":"branch","line":1165,"loc":{"start":{"line":1165,"column":32},"end":{"line":1165,"column":56}},"locations":[{"start":{"line":1165,"column":32},"end":{"line":1165,"column":56}}]},"188":{"type":"branch","line":1179,"loc":{"start":{"line":1179,"column":32},"end":{"line":1179,"column":64}},"locations":[{"start":{"line":1179,"column":32},"end":{"line":1179,"column":64}}]},"189":{"type":"branch","line":1243,"loc":{"start":{"line":1243,"column":60},"end":{"line":1299,"column":5}},"locations":[{"start":{"line":1243,"column":60},"end":{"line":1299,"column":5}}]},"190":{"type":"branch","line":1248,"loc":{"start":{"line":1248,"column":31},"end":{"line":1248,"column":62}},"locations":[{"start":{"line":1248,"column":31},"end":{"line":1248,"column":62}}]},"191":{"type":"branch","line":1252,"loc":{"start":{"line":1252,"column":70},"end":{"line":1254,"column":7}},"locations":[{"start":{"line":1252,"column":70},"end":{"line":1254,"column":7}}]},"192":{"type":"branch","line":1290,"loc":{"start":{"line":1290,"column":18},"end":{"line":1292,"column":7}},"locations":[{"start":{"line":1290,"column":18},"end":{"line":1292,"column":7}}]},"193":{"type":"branch","line":1301,"loc":{"start":{"line":1301,"column":99},"end":{"line":1324,"column":5}},"locations":[{"start":{"line":1301,"column":99},"end":{"line":1324,"column":5}}]},"194":{"type":"branch","line":1306,"loc":{"start":{"line":1306,"column":31},"end":{"line":1306,"column":62}},"locations":[{"start":{"line":1306,"column":31},"end":{"line":1306,"column":62}}]},"195":{"type":"branch","line":1314,"loc":{"start":{"line":1314,"column":33},"end":{"line":1316,"column":7}},"locations":[{"start":{"line":1314,"column":33},"end":{"line":1316,"column":7}}]},"196":{"type":"branch","line":1326,"loc":{"start":{"line":1326,"column":71},"end":{"line":1344,"column":5}},"locations":[{"start":{"line":1326,"column":71},"end":{"line":1344,"column":5}}]},"197":{"type":"branch","line":1331,"loc":{"start":{"line":1331,"column":31},"end":{"line":1331,"column":62}},"locations":[{"start":{"line":1331,"column":31},"end":{"line":1331,"column":62}}]},"198":{"type":"branch","line":1346,"loc":{"start":{"line":1346,"column":51},"end":{"line":1360,"column":5}},"locations":[{"start":{"line":1346,"column":51},"end":{"line":1360,"column":5}}]},"199":{"type":"branch","line":1351,"loc":{"start":{"line":1351,"column":31},"end":{"line":1351,"column":74}},"locations":[{"start":{"line":1351,"column":31},"end":{"line":1351,"column":74}}]},"200":{"type":"branch","line":1362,"loc":{"start":{"line":1362,"column":67},"end":{"line":1381,"column":5}},"locations":[{"start":{"line":1362,"column":67},"end":{"line":1381,"column":5}}]},"201":{"type":"branch","line":1367,"loc":{"start":{"line":1367,"column":31},"end":{"line":1367,"column":74}},"locations":[{"start":{"line":1367,"column":31},"end":{"line":1367,"column":74}}]},"202":{"type":"branch","line":1371,"loc":{"start":{"line":1371,"column":33},"end":{"line":1373,"column":7}},"locations":[{"start":{"line":1371,"column":33},"end":{"line":1373,"column":7}}]},"203":{"type":"branch","line":1383,"loc":{"start":{"line":1383,"column":94},"end":{"line":1407,"column":5}},"locations":[{"start":{"line":1383,"column":94},"end":{"line":1407,"column":5}}]},"204":{"type":"branch","line":1386,"loc":{"start":{"line":1386,"column":13},"end":{"line":1392,"column":11}},"locations":[{"start":{"line":1386,"column":13},"end":{"line":1392,"column":11}}]},"205":{"type":"branch","line":1388,"loc":{"start":{"line":1388,"column":10},"end":{"line":1388,"column":22}},"locations":[{"start":{"line":1388,"column":10},"end":{"line":1388,"column":22}}]},"206":{"type":"branch","line":1390,"loc":{"start":{"line":1390,"column":10},"end":{"line":1392,"column":11}},"locations":[{"start":{"line":1390,"column":10},"end":{"line":1392,"column":11}}]},"207":{"type":"branch","line":1397,"loc":{"start":{"line":1397,"column":8},"end":{"line":1397,"column":20}},"locations":[{"start":{"line":1397,"column":8},"end":{"line":1397,"column":20}}]},"208":{"type":"branch","line":1399,"loc":{"start":{"line":1399,"column":8},"end":{"line":1401,"column":9}},"locations":[{"start":{"line":1399,"column":8},"end":{"line":1401,"column":9}}]},"209":{"type":"branch","line":1399,"loc":{"start":{"line":1399,"column":14},"end":{"line":1401,"column":9}},"locations":[{"start":{"line":1399,"column":14},"end":{"line":1401,"column":9}}]},"210":{"type":"branch","line":1404,"loc":{"start":{"line":1404,"column":13},"end":{"line":1404,"column":38}},"locations":[{"start":{"line":1404,"column":13},"end":{"line":1404,"column":38}}]},"211":{"type":"branch","line":1409,"loc":{"start":{"line":1409,"column":55},"end":{"line":1458,"column":5}},"locations":[{"start":{"line":1409,"column":55},"end":{"line":1458,"column":5}}]},"212":{"type":"branch","line":1415,"loc":{"start":{"line":1415,"column":31},"end":{"line":1417,"column":7}},"locations":[{"start":{"line":1415,"column":31},"end":{"line":1417,"column":7}}]},"213":{"type":"branch","line":1416,"loc":{"start":{"line":1416,"column":33},"end":{"line":1416,"column":48}},"locations":[{"start":{"line":1416,"column":33},"end":{"line":1416,"column":48}}]},"214":{"type":"branch","line":1416,"loc":{"start":{"line":1416,"column":48},"end":{"line":1416,"column":57}},"locations":[{"start":{"line":1416,"column":48},"end":{"line":1416,"column":57}}]},"215":{"type":"branch","line":1419,"loc":{"start":{"line":1419,"column":57},"end":{"line":1419,"column":65}},"locations":[{"start":{"line":1419,"column":57},"end":{"line":1419,"column":65}}]},"216":{"type":"branch","line":1446,"loc":{"start":{"line":1446,"column":33},"end":{"line":1446,"column":41}},"locations":[{"start":{"line":1446,"column":33},"end":{"line":1446,"column":41}}]}},"b":{"0":[2],"1":[2],"2":[2],"3":[62],"4":[62],"5":[62],"6":[62],"7":[62],"8":[62],"9":[62],"10":[62],"11":[62],"12":[62],"13":[62],"14":[62],"15":[124],"16":[62],"17":[62],"18":[62],"19":[12],"20":[12],"21":[12],"22":[12],"23":[12],"24":[12],"25":[12],"26":[12],"27":[12],"28":[12],"29":[12],"30":[12],"31":[12],"32":[12],"33":[12],"34":[12],"35":[12],"36":[12],"37":[12],"38":[12],"39":[12],"40":[12],"41":[12],"42":[12],"43":[12],"44":[12],"45":[12],"46":[12],"47":[12],"48":[12],"49":[12],"50":[12],"51":[12],"52":[12],"53":[12],"54":[12],"55":[12],"56":[12],"57":[12],"58":[12],"59":[12],"60":[12],"61":[12],"62":[12],"63":[12],"64":[12],"65":[12],"66":[12],"67":[12],"68":[12],"69":[12],"70":[12],"71":[12],"72":[12],"73":[12],"74":[12],"75":[12],"76":[12],"77":[12],"78":[12],"79":[12],"80":[12],"81":[12],"82":[12],"83":[12],"84":[12],"85":[12],"86":[12],"87":[12],"88":[12],"89":[12],"90":[12],"91":[48],"92":[48],"93":[12],"94":[12],"95":[12],"96":[12],"97":[12],"98":[12],"99":[12],"100":[36],"101":[12],"102":[48],"103":[12],"104":[12],"105":[12],"106":[12],"107":[12],"108":[12],"109":[12],"110":[12],"111":[48],"112":[48],"113":[12],"114":[12],"115":[12],"116":[12],"117":[12],"118":[12],"119":[12],"120":[12],"121":[12],"122":[60],"123":[36],"124":[12],"125":[12],"126":[12],"127":[12],"128":[12],"129":[12],"130":[12],"131":[12],"132":[12],"133":[12],"134":[24],"135":[12],"136":[24],"137":[24],"138":[12],"139":[12],"140":[12],"141":[12],"142":[48],"143":[12],"144":[12],"145":[12],"146":[12],"147":[12],"148":[12],"149":[48],"150":[24],"151":[12],"152":[24],"153":[12],"154":[36],"155":[12],"156":[36],"157":[48],"158":[24],"159":[12],"160":[36],"161":[12],"162":[48],"163":[12],"164":[12],"165":[12],"166":[12],"167":[12],"168":[12],"169":[12],"170":[12],"171":[12],"172":[12],"173":[12],"174":[12],"175":[60],"176":[36],"177":[12],"178":[24],"179":[12],"180":[60],"181":[24],"182":[36],"183":[12],"184":[24],"185":[12],"186":[96],"187":[60],"188":[36],"189":[12],"190":[36],"191":[24],"192":[12],"193":[12],"194":[24],"195":[24],"196":[12],"197":[24],"198":[12],"199":[24],"200":[12],"201":[24],"202":[24],"203":[12],"204":[12],"205":[12],"206":[12],"207":[24],"208":[12],"209":[12],"210":[12],"211":[12],"212":[72],"213":[12],"214":[60],"215":[36],"216":[36]},"fnMap":{"0":{"name":"medamaTest","decl":{"start":{"line":6,"column":26},"end":{"line":1460,"column":2}},"loc":{"start":{"line":6,"column":26},"end":{"line":1460,"column":2}},"line":6},"1":{"name":"describe.each.args.readState.readState","decl":{"start":{"line":26,"column":7},"end":{"line":31,"column":7}},"loc":{"start":{"line":26,"column":7},"end":{"line":31,"column":7}},"line":26},"2":{"name":"describe.each.args.subscribeToState.subscribeToState","decl":{"start":{"line":36,"column":7},"end":{"line":46,"column":7}},"loc":{"start":{"line":36,"column":7},"end":{"line":46,"column":7}},"line":36},"3":{"name":"describe.each.args.subscribeToState.subscribeToState","decl":{"start":{"line":51,"column":7},"end":{"line":65,"column":7}},"loc":{"start":{"line":51,"column":7},"end":{"line":65,"column":7}},"line":51},"4":{"name":"describe.each.args.subscribeToState.subscribeToState","decl":{"start":{"line":70,"column":7},"end":{"line":84,"column":7}},"loc":{"start":{"line":70,"column":7},"end":{"line":84,"column":7}},"line":70},"5":{"name":"setState.a","decl":{"start":{"line":93,"column":10},"end":{"line":93,"column":28}},"loc":{"start":{"line":93,"column":10},"end":{"line":93,"column":28}},"line":93},"6":{"name":"testValue","decl":{"start":{"line":241,"column":8},"end":{"line":241,"column":16}},"loc":{"start":{"line":241,"column":8},"end":{"line":241,"column":16}},"line":241},"7":{"name":"testValue","decl":{"start":{"line":250,"column":8},"end":{"line":250,"column":16}},"loc":{"start":{"line":250,"column":8},"end":{"line":250,"column":16}},"line":250},"8":{"name":"testValue","decl":{"start":{"line":267,"column":8},"end":{"line":267,"column":33}},"loc":{"start":{"line":267,"column":8},"end":{"line":267,"column":33}},"line":267},"9":{"name":"testValue","decl":{"start":{"line":276,"column":8},"end":{"line":276,"column":26}},"loc":{"start":{"line":276,"column":8},"end":{"line":276,"column":26}},"line":276},"10":{"name":"testValue","decl":{"start":{"line":285,"column":8},"end":{"line":285,"column":27}},"loc":{"start":{"line":285,"column":8},"end":{"line":285,"column":27}},"line":285},"11":{"name":"testValue","decl":{"start":{"line":294,"column":8},"end":{"line":294,"column":33}},"loc":{"start":{"line":294,"column":8},"end":{"line":294,"column":33}},"line":294},"12":{"name":"testValue","decl":{"start":{"line":303,"column":8},"end":{"line":303,"column":20}},"loc":{"start":{"line":303,"column":8},"end":{"line":303,"column":20}},"line":303},"13":{"name":"testValue","decl":{"start":{"line":318,"column":8},"end":{"line":318,"column":34}},"loc":{"start":{"line":318,"column":8},"end":{"line":318,"column":34}},"line":318},"14":{"name":"state","decl":{"start":{"line":1023,"column":8},"end":{"line":1027,"column":9}},"loc":{"start":{"line":1023,"column":8},"end":{"line":1027,"column":9}},"line":1023},"15":{"name":"setState.a","decl":{"start":{"line":1388,"column":10},"end":{"line":1388,"column":22}},"loc":{"start":{"line":1388,"column":10},"end":{"line":1388,"column":22}},"line":1388},"16":{"name":"setState.b","decl":{"start":{"line":1397,"column":8},"end":{"line":1397,"column":20}},"loc":{"start":{"line":1397,"column":8},"end":{"line":1397,"column":20}},"line":1397}},"f":{"0":2,"1":62,"2":62,"3":62,"4":62,"5":124,"6":12,"7":12,"8":12,"9":12,"10":12,"11":12,"12":12,"13":12,"14":12,"15":12,"16":24}}
}
