TN:
SF:src\index.ts
FN:1,get
FN:3,get
FNF:2
FNH:2
FNDA:1,get
FNDA:1,get
DA:1,1
DA:2,1
DA:3,1
LF:3
LH:3
BRDA:1,0,0,1
BRDA:3,1,0,1
BRF:2
BRH:2
end_of_record
TN:
SF:src\medama.ts
FN:20,createMedama
FN:29,resetInit
FN:33,subscribeToState
FN:46,readState
FN:56,setState
FN:66,resetState
FNF:6
FNH:6
FNDA:361,createMedama
FNDA:180,resetInit
FNDA:342,subscribeToState
FNDA:414,readState
FNDA:798,setState
FNDA:36,resetState
DA:1,1
DA:2,1
DA:3,1
DA:4,1
DA:5,1
DA:6,1
DA:7,1
DA:8,1
DA:9,1
DA:10,1
DA:11,1
DA:12,1
DA:13,1
DA:14,1
DA:15,1
DA:16,1
DA:17,1
DA:18,1
DA:19,1
DA:20,1
DA:21,361
DA:22,361
DA:23,361
DA:24,361
DA:25,361
DA:26,361
DA:27,361
DA:28,361
DA:29,361
DA:30,180
DA:31,361
DA:32,361
DA:33,361
DA:34,342
DA:35,342
DA:36,342
DA:37,342
DA:38,342
DA:39,342
DA:40,72
DA:41,72
DA:42,72
DA:43,72
DA:44,361
DA:45,361
DA:46,361
DA:47,414
DA:48,414
DA:49,414
DA:50,36
DA:51,36
DA:52,36
DA:53,36
DA:54,361
DA:55,361
DA:56,361
DA:57,798
DA:58,798
DA:59,798
DA:60,36
DA:61,36
DA:62,36
DA:63,36
DA:64,361
DA:65,361
DA:66,361
DA:67,36
DA:68,36
DA:69,36
DA:70,36
DA:71,36
DA:72,361
DA:73,361
DA:74,361
DA:75,361
DA:76,361
DA:77,361
LF:77
LH:77
BRDA:20,0,0,361
BRDA:29,1,0,180
BRDA:33,2,0,342
BRDA:39,3,0,72
BRDA:46,4,0,414
BRDA:49,5,0,36
BRDA:56,6,0,798
BRDA:59,7,0,36
BRDA:66,8,0,36
BRF:9
BRH:9
end_of_record
TN:
SF:src\selectStateEntriesChanged.ts
FN:17,selectStateEntriesChanged
FNF:1
FNH:1
FNDA:48,selectStateEntriesChanged
DA:1,1
DA:2,1
DA:3,1
DA:4,1
DA:5,1
DA:6,1
DA:7,1
DA:8,1
DA:9,1
DA:10,1
DA:11,1
DA:12,1
DA:13,1
DA:14,1
DA:15,1
DA:16,1
DA:17,1
DA:18,48
DA:19,1
LF:19
LH:19
BRDA:17,0,0,48
BRF:1
BRH:1
end_of_record
TN:
SF:src\selectorStore.ts
FN:57,createSelectorStore
FN:75,getSelectorRecord
FN:91,getSelectorValue
FN:97,subscribeToStateInSelectorStore
FN:105,evaluateAndSubscribe
FN:119,unsubscribe
FN:124,resubscribe
FN:129,transfer
FN:181,createSubscriptionManagementForSelector
FN:188,keyHandleCollector
FN:192,calculateValue
FN:199,manageSubscriptions
FN:208,unsubscribe
FNF:13
FNH:13
FNDA:397,createSelectorStore
FNDA:870,getSelectorRecord
FNDA:414,getSelectorValue
FNDA:342,subscribeToStateInSelectorStore
FNDA:456,evaluateAndSubscribe
FNDA:228,unsubscribe
FNDA:66,resubscribe
FNDA:48,transfer
FNDA:666,createSubscriptionManagementForSelector
FNDA:1008,keyHandleCollector
FNDA:1182,calculateValue
FNDA:654,manageSubscriptions
FNDA:312,unsubscribe
DA:1,1
DA:2,1
DA:3,1
DA:4,1
DA:5,1
DA:6,1
DA:7,1
DA:8,1
DA:9,1
DA:10,1
DA:11,1
DA:12,1
DA:13,1
DA:14,1
DA:15,1
DA:16,1
DA:17,1
DA:18,1
DA:19,1
DA:20,1
DA:21,1
DA:22,1
DA:23,1
DA:24,1
DA:25,1
DA:26,1
DA:27,1
DA:28,1
DA:29,1
DA:30,1
DA:31,1
DA:32,1
DA:33,1
DA:34,1
DA:35,1
DA:36,1
DA:37,1
DA:38,1
DA:39,1
DA:40,1
DA:41,1
DA:42,1
DA:43,1
DA:44,1
DA:45,1
DA:46,1
DA:47,1
DA:48,1
DA:49,1
DA:50,1
DA:51,1
DA:52,1
DA:53,1
DA:54,1
DA:55,1
DA:56,1
DA:57,1
DA:58,397
DA:59,397
DA:60,397
DA:61,397
DA:62,397
DA:63,397
DA:64,397
DA:65,397
DA:66,397
DA:67,397
DA:68,397
DA:69,397
DA:70,397
DA:71,397
DA:72,397
DA:73,397
DA:74,397
DA:75,397
DA:76,870
DA:77,870
DA:78,870
DA:79,666
DA:80,666
DA:81,666
DA:82,666
DA:83,666
DA:84,870
DA:85,204
DA:86,204
DA:87,870
DA:88,870
DA:89,397
DA:90,397
DA:91,397
DA:92,414
DA:93,414
DA:94,414
DA:95,397
DA:96,397
DA:97,397
DA:98,342
DA:99,342
DA:100,342
DA:101,342
DA:102,342
DA:103,342
DA:104,342
DA:105,342
DA:106,456
DA:107,456
DA:108,456
DA:109,456
DA:110,456
DA:111,456
DA:112,456
DA:113,456
DA:114,456
DA:115,342
DA:116,342
DA:117,342
DA:118,342
DA:119,342
DA:120,228
DA:121,228
DA:122,342
DA:123,342
DA:124,342
DA:125,66
DA:126,66
DA:127,342
DA:128,342
DA:129,342
DA:130,48
DA:131,48
DA:132,48
DA:133,342
DA:134,342
DA:135,342
DA:136,397
DA:137,397
DA:138,397
DA:139,397
DA:140,1
DA:141,1
DA:142,1
DA:143,1
DA:144,1
DA:145,1
DA:146,1
DA:147,1
DA:148,1
DA:149,1
DA:150,1
DA:151,1
DA:152,1
DA:153,1
DA:154,1
DA:155,1
DA:156,1
DA:157,1
DA:158,1
DA:159,1
DA:160,1
DA:161,1
DA:162,1
DA:163,1
DA:164,1
DA:165,1
DA:166,1
DA:167,1
DA:168,1
DA:169,1
DA:170,1
DA:171,1
DA:172,1
DA:173,1
DA:174,1
DA:175,1
DA:176,1
DA:177,1
DA:178,1
DA:179,1
DA:180,1
DA:181,1
DA:182,666
DA:183,666
DA:184,666
DA:185,666
DA:186,666
DA:187,666
DA:188,666
DA:189,1008
DA:190,666
DA:191,666
DA:192,666
DA:193,1182
DA:194,1182
DA:195,1182
DA:196,1182
DA:197,666
DA:198,666
DA:199,666
DA:200,654
DA:201,654
DA:202,654
DA:203,1086
DA:204,1086
DA:205,654
DA:206,666
DA:207,666
DA:208,666
DA:209,312
DA:210,654
DA:211,312
DA:212,312
DA:213,312
DA:214,666
DA:215,666
DA:216,666
DA:217,666
LF:217
LH:217
BRDA:57,0,0,397
BRDA:75,1,0,870
BRDA:78,2,0,666
BRDA:84,3,0,204
BRDA:91,4,0,414
BRDA:97,5,0,342
BRDA:105,6,0,456
BRDA:111,7,0,126
BRDA:112,8,0,258
BRDA:119,9,0,228
BRDA:120,10,0,186
BRDA:120,11,0,42
BRDA:120,12,0,186
BRDA:124,13,0,66
BRDA:129,14,0,48
BRDA:181,15,0,666
BRDA:188,16,0,1008
BRDA:189,17,0,468
BRDA:189,18,0,540
BRDA:192,19,0,1182
BRDA:197,20,0,516
BRDA:197,21,0,666
BRDA:199,22,0,654
BRDA:202,23,0,54
BRDA:202,24,0,600
BRDA:202,25,0,1086
BRDA:204,26,0,486
BRDA:204,27,0,600
BRDA:208,28,0,312
BRDA:209,29,0,0
BRDA:209,30,0,654
BRF:31
BRH:30
end_of_record
TN:
SF:src\state.ts
FN:119,createStateImage
FN:130,restrictCalculation
FN:143,runWithRestrictionLifted
FN:159,runOverState
FN:173,createKeyHandleRecord
FN:177,keyHandle
FN:187,fireKey
FN:212,setState
FN:245,get
FN:260,set
FNF:10
FNH:10
FNDA:397,createStateImage
FNDA:3822,restrictCalculation
FNDA:1980,runWithRestrictionLifted
FNDA:1182,runOverState
FNDA:504,createKeyHandleRecord
FNDA:1086,keyHandle
FNDA:834,fireKey
FNDA:798,setState
FNDA:2058,get
FNDA:1764,set
DA:1,1
DA:2,1
DA:3,1
DA:4,1
DA:5,1
DA:6,1
DA:7,1
DA:8,1
DA:9,1
DA:10,1
DA:11,1
DA:12,1
DA:13,1
DA:14,1
DA:15,1
DA:16,1
DA:17,1
DA:18,1
DA:19,1
DA:20,1
DA:21,1
DA:22,1
DA:23,1
DA:24,1
DA:25,1
DA:26,1
DA:27,1
DA:28,1
DA:29,1
DA:30,1
DA:31,1
DA:32,1
DA:33,1
DA:34,1
DA:35,1
DA:36,1
DA:37,1
DA:38,1
DA:39,1
DA:40,1
DA:41,1
DA:42,1
DA:43,1
DA:44,1
DA:45,1
DA:46,1
DA:47,1
DA:48,1
DA:49,1
DA:50,1
DA:51,1
DA:52,1
DA:53,1
DA:54,1
DA:55,1
DA:56,1
DA:57,1
DA:58,1
DA:59,1
DA:60,1
DA:61,1
DA:62,1
DA:63,1
DA:64,1
DA:65,1
DA:66,1
DA:67,1
DA:68,1
DA:69,1
DA:70,1
DA:71,1
DA:72,1
DA:73,1
DA:74,1
DA:75,1
DA:76,1
DA:77,1
DA:78,1
DA:79,1
DA:80,1
DA:81,1
DA:82,1
DA:83,1
DA:84,1
DA:85,1
DA:86,1
DA:87,1
DA:88,1
DA:89,1
DA:90,1
DA:91,1
DA:92,1
DA:93,1
DA:94,1
DA:95,1
DA:96,1
DA:97,1
DA:98,1
DA:99,1
DA:100,1
DA:101,1
DA:102,1
DA:103,1
DA:104,1
DA:105,1
DA:106,1
DA:107,1
DA:108,1
DA:109,1
DA:110,1
DA:111,1
DA:112,1
DA:113,1
DA:114,1
DA:115,1
DA:116,1
DA:117,1
DA:118,1
DA:119,1
DA:120,397
DA:121,397
DA:122,397
DA:123,397
DA:124,397
DA:125,397
DA:126,397
DA:127,397
DA:128,397
DA:129,397
DA:130,397
DA:131,3822
DA:132,3822
DA:133,397
DA:134,397
DA:135,397
DA:136,397
DA:137,397
DA:138,397
DA:139,397
DA:140,397
DA:141,397
DA:142,397
DA:143,397
DA:144,1980
DA:145,1980
DA:146,1980
DA:147,1980
DA:148,1980
DA:149,397
DA:150,397
DA:151,397
DA:152,397
DA:153,397
DA:154,397
DA:155,397
DA:156,397
DA:157,397
DA:158,397
DA:159,397
DA:160,1182
DA:161,1182
DA:162,1182
DA:163,1182
DA:164,1182
DA:165,397
DA:166,397
DA:167,397
DA:168,397
DA:169,397
DA:170,397
DA:171,397
DA:172,397
DA:173,397
DA:174,504
DA:175,504
DA:176,504
DA:177,504
DA:178,1086
DA:179,1086
DA:180,1086
DA:181,1086
DA:182,654
DA:183,654
DA:184,1086
DA:185,504
DA:186,504
DA:187,504
DA:188,834
DA:189,882
DA:190,834
DA:191,834
DA:192,834
DA:193,882
DA:194,834
DA:195,504
DA:196,504
DA:197,504
DA:198,397
DA:199,397
DA:200,397
DA:201,397
DA:202,397
DA:203,397
DA:204,397
DA:205,397
DA:206,397
DA:207,397
DA:208,397
DA:209,397
DA:210,397
DA:211,397
DA:212,397
DA:213,798
DA:214,798
DA:215,798
DA:216,798
DA:217,798
DA:218,798
DA:219,798
DA:220,798
DA:221,798
DA:222,798
DA:223,798
DA:224,798
DA:225,798
DA:226,798
DA:227,798
DA:228,798
DA:229,798
DA:230,798
DA:231,798
DA:232,397
DA:233,397
DA:234,397
DA:235,397
DA:236,397
DA:237,397
DA:238,397
DA:239,397
DA:240,397
DA:241,397
DA:242,397
DA:243,397
DA:244,397
DA:245,397
DA:246,2058
DA:247,2058
DA:248,2058
DA:249,2058
DA:250,2058
DA:251,2058
DA:252,1008
DA:253,1008
DA:254,1008
DA:255,1008
DA:256,2046
DA:257,2046
DA:258,397
DA:259,397
DA:260,397
DA:261,1764
DA:262,1764
DA:263,1764
DA:264,1764
DA:265,1764
DA:266,1764
DA:267,1764
DA:268,1764
DA:269,1764
DA:270,1764
DA:271,1686
DA:272,1686
DA:273,1686
DA:274,1686
DA:275,1686
DA:276,1686
DA:277,1686
DA:278,1686
DA:279,1686
DA:280,1686
DA:281,1764
DA:282,1764
DA:283,397
DA:284,397
DA:285,397
DA:286,397
DA:287,397
DA:288,397
DA:289,397
DA:290,397
DA:291,397
DA:292,397
DA:293,397
DA:294,397
DA:295,397
DA:296,397
DA:297,397
DA:298,397
DA:299,397
DA:300,397
DA:301,397
LF:301
LH:301
BRDA:119,0,0,397
BRDA:130,1,0,3822
BRDA:132,2,0,12
BRDA:143,3,0,1980
BRDA:159,4,0,1182
BRDA:161,5,0,1182
BRDA:173,6,0,504
BRDA:177,7,0,1086
BRDA:181,8,0,654
BRDA:187,9,0,834
BRDA:188,10,0,882
BRDA:192,11,0,882
BRDA:212,12,0,798
BRDA:213,13,0,798
BRDA:215,14,0,210
BRDA:215,15,0,588
BRDA:223,16,0,756
BRDA:245,17,0,2058
BRDA:251,18,0,1008
BRDA:252,19,0,504
BRDA:252,20,0,504
BRDA:256,21,0,2046
BRDA:260,22,0,1764
BRDA:268,23,0,906
BRDA:268,24,0,858
BRDA:270,25,0,1686
BRDA:276,26,0,930
BRDA:279,27,0,852
BRDA:279,28,0,834
BRF:29
BRH:29
end_of_record
TN:
SF:src\__tests__\medama.testcases.ts
FN:7,medamaTest
FN:30,describe.each.args.readState.readState
FN:40,describe.each.args.subscribeToState.subscribeToState
FN:55,describe.each.args.subscribeToState.subscribeToState
FN:74,describe.each.args.subscribeToState.subscribeToState
FN:97,setState.a
FN:245,testValue
FN:254,testValue
FN:271,testValue
FN:280,testValue
FN:289,testValue
FN:298,testValue
FN:307,testValue
FN:322,testValue
FN:1354,state
FNF:15
FNH:15
FNDA:1,medamaTest
FNDA:36,describe.each.args.readState.readState
FNDA:36,describe.each.args.subscribeToState.subscribeToState
FNDA:36,describe.each.args.subscribeToState.subscribeToState
FNDA:36,describe.each.args.subscribeToState.subscribeToState
FNDA:72,setState.a
FNDA:6,testValue
FNDA:6,testValue
FNDA:6,testValue
FNDA:6,testValue
FNDA:6,testValue
FNDA:6,testValue
FNDA:6,testValue
FNDA:6,testValue
FNDA:6,state
DA:1,1
DA:2,1
DA:3,1
DA:4,1
DA:5,1
DA:6,1
DA:7,1
DA:8,1
DA:9,1
DA:10,1
DA:11,1
DA:12,1
DA:13,1
DA:14,1
DA:15,1
DA:16,1
DA:17,1
DA:18,1
DA:19,1
DA:20,1
DA:21,1
DA:22,1
DA:23,1
DA:24,1
DA:25,1
DA:26,1
DA:27,1
DA:28,1
DA:29,1
DA:30,1
DA:31,36
DA:32,36
DA:33,36
DA:34,36
DA:35,1
DA:36,1
DA:37,1
DA:38,1
DA:39,1
DA:40,1
DA:41,36
DA:42,36
DA:43,36
DA:44,36
DA:45,36
DA:46,36
DA:47,36
DA:48,36
DA:49,36
DA:50,1
DA:51,1
DA:52,1
DA:53,1
DA:54,1
DA:55,1
DA:56,36
DA:57,36
DA:58,36
DA:59,36
DA:60,36
DA:61,36
DA:62,36
DA:63,36
DA:64,36
DA:65,36
DA:66,36
DA:67,36
DA:68,36
DA:69,1
DA:70,1
DA:71,1
DA:72,1
DA:73,1
DA:74,1
DA:75,36
DA:76,36
DA:77,36
DA:78,36
DA:79,36
DA:80,36
DA:81,36
DA:82,36
DA:83,36
DA:84,36
DA:85,36
DA:86,36
DA:87,36
DA:88,1
DA:89,1
DA:90,1
DA:91,1
DA:92,1
DA:93,1
DA:94,36
DA:95,36
DA:96,36
DA:97,36
DA:98,36
DA:99,36
DA:100,36
DA:101,36
DA:102,36
DA:103,36
DA:104,36
DA:105,36
DA:106,36
DA:107,1
DA:108,1
DA:109,1
DA:110,6
DA:111,6
DA:112,6
DA:113,6
DA:114,6
DA:115,6
DA:116,6
DA:117,6
DA:118,6
DA:119,6
DA:120,6
DA:121,6
DA:122,6
DA:123,6
DA:124,6
DA:125,6
DA:126,6
DA:127,6
DA:128,6
DA:129,6
DA:130,6
DA:131,6
DA:132,6
DA:133,6
DA:134,6
DA:135,6
DA:136,6
DA:137,6
DA:138,6
DA:139,6
DA:140,6
DA:141,6
DA:142,6
DA:143,6
DA:144,6
DA:145,6
DA:146,6
DA:147,6
DA:148,6
DA:149,6
DA:150,6
DA:151,6
DA:152,6
DA:153,6
DA:154,6
DA:155,6
DA:156,6
DA:157,6
DA:158,6
DA:159,6
DA:160,6
DA:161,6
DA:162,6
DA:163,6
DA:164,6
DA:165,6
DA:166,6
DA:167,6
DA:168,6
DA:169,6
DA:170,6
DA:171,6
DA:172,6
DA:173,6
DA:174,6
DA:175,6
DA:176,6
DA:177,6
DA:178,6
DA:179,6
DA:180,6
DA:181,6
DA:182,6
DA:183,6
DA:184,6
DA:185,6
DA:186,6
DA:187,6
DA:188,6
DA:189,6
DA:190,6
DA:191,6
DA:192,6
DA:193,6
DA:194,6
DA:195,6
DA:196,6
DA:197,6
DA:198,6
DA:199,6
DA:200,6
DA:201,6
DA:202,6
DA:203,6
DA:204,6
DA:205,6
DA:206,6
DA:207,6
DA:208,6
DA:209,6
DA:210,6
DA:211,6
DA:212,6
DA:213,6
DA:214,6
DA:215,6
DA:216,6
DA:217,6
DA:218,6
DA:219,6
DA:220,6
DA:221,6
DA:222,6
DA:223,6
DA:224,6
DA:225,6
DA:226,6
DA:227,6
DA:228,6
DA:229,6
DA:230,6
DA:231,6
DA:232,6
DA:233,6
DA:234,6
DA:235,6
DA:236,6
DA:237,6
DA:238,6
DA:239,6
DA:240,6
DA:241,6
DA:242,6
DA:243,6
DA:244,6
DA:245,6
DA:246,6
DA:247,6
DA:248,6
DA:249,6
DA:250,6
DA:251,6
DA:252,6
DA:253,6
DA:254,6
DA:255,6
DA:256,6
DA:257,6
DA:258,6
DA:259,6
DA:260,6
DA:261,6
DA:262,6
DA:263,6
DA:264,6
DA:265,6
DA:266,6
DA:267,6
DA:268,6
DA:269,6
DA:270,6
DA:271,6
DA:272,6
DA:273,6
DA:274,6
DA:275,6
DA:276,6
DA:277,6
DA:278,6
DA:279,6
DA:280,6
DA:281,6
DA:282,6
DA:283,6
DA:284,6
DA:285,6
DA:286,6
DA:287,6
DA:288,6
DA:289,6
DA:290,6
DA:291,6
DA:292,6
DA:293,6
DA:294,6
DA:295,6
DA:296,6
DA:297,6
DA:298,6
DA:299,6
DA:300,6
DA:301,6
DA:302,6
DA:303,6
DA:304,6
DA:305,6
DA:306,6
DA:307,6
DA:308,6
DA:309,6
DA:310,6
DA:311,6
DA:312,6
DA:313,6
DA:314,6
DA:315,6
DA:316,6
DA:317,6
DA:318,6
DA:319,6
DA:320,6
DA:321,6
DA:322,6
DA:323,6
DA:324,6
DA:325,6
DA:326,6
DA:327,6
DA:328,6
DA:329,6
DA:330,6
DA:331,6
DA:332,6
DA:333,6
DA:334,6
DA:335,6
DA:336,6
DA:337,6
DA:338,6
DA:339,6
DA:340,6
DA:341,6
DA:342,6
DA:343,6
DA:344,6
DA:345,6
DA:346,6
DA:347,6
DA:348,6
DA:349,24
DA:350,6
DA:351,6
DA:352,6
DA:353,6
DA:354,6
DA:355,6
DA:356,6
DA:357,6
DA:358,6
DA:359,6
DA:360,6
DA:361,6
DA:362,6
DA:363,6
DA:364,6
DA:365,6
DA:366,6
DA:367,6
DA:368,6
DA:369,6
DA:370,6
DA:371,6
DA:372,6
DA:373,6
DA:374,6
DA:375,6
DA:376,6
DA:377,6
DA:378,6
DA:379,6
DA:380,6
DA:381,6
DA:382,6
DA:383,6
DA:384,6
DA:385,6
DA:386,6
DA:387,6
DA:388,6
DA:389,6
DA:390,6
DA:391,6
DA:392,6
DA:393,6
DA:394,6
DA:395,6
DA:396,6
DA:397,6
DA:398,6
DA:399,6
DA:400,6
DA:401,6
DA:402,6
DA:403,6
DA:404,18
DA:405,6
DA:406,6
DA:407,6
DA:408,6
DA:409,6
DA:410,6
DA:411,6
DA:412,6
DA:413,6
DA:414,6
DA:415,6
DA:416,6
DA:417,6
DA:418,6
DA:419,6
DA:420,6
DA:421,6
DA:422,6
DA:423,6
DA:424,6
DA:425,6
DA:426,6
DA:427,6
DA:428,6
DA:429,6
DA:430,6
DA:431,6
DA:432,6
DA:433,6
DA:434,6
DA:435,6
DA:436,6
DA:437,6
DA:438,6
DA:439,6
DA:440,6
DA:441,6
DA:442,6
DA:443,6
DA:444,6
DA:445,6
DA:446,6
DA:447,6
DA:448,6
DA:449,6
DA:450,6
DA:451,6
DA:452,6
DA:453,6
DA:454,6
DA:455,6
DA:456,6
DA:457,6
DA:458,6
DA:459,6
DA:460,6
DA:461,6
DA:462,6
DA:463,6
DA:464,6
DA:465,6
DA:466,6
DA:467,6
DA:468,6
DA:469,6
DA:470,6
DA:471,6
DA:472,6
DA:473,6
DA:474,6
DA:475,6
DA:476,6
DA:477,6
DA:478,6
DA:479,6
DA:480,6
DA:481,6
DA:482,6
DA:483,6
DA:484,6
DA:485,6
DA:486,6
DA:487,6
DA:488,24
DA:489,6
DA:490,6
DA:491,6
DA:492,6
DA:493,6
DA:494,6
DA:495,6
DA:496,6
DA:497,6
DA:498,6
DA:499,6
DA:500,6
DA:501,6
DA:502,6
DA:503,6
DA:504,6
DA:505,6
DA:506,6
DA:507,6
DA:508,6
DA:509,6
DA:510,6
DA:511,6
DA:512,6
DA:513,6
DA:514,6
DA:515,6
DA:516,6
DA:517,6
DA:518,6
DA:519,6
DA:520,6
DA:521,6
DA:522,6
DA:523,6
DA:524,6
DA:525,6
DA:526,6
DA:527,6
DA:528,6
DA:529,6
DA:530,6
DA:531,6
DA:532,6
DA:533,6
DA:534,6
DA:535,6
DA:536,6
DA:537,6
DA:538,6
DA:539,6
DA:540,6
DA:541,6
DA:542,6
DA:543,6
DA:544,6
DA:545,6
DA:546,6
DA:547,6
DA:548,6
DA:549,6
DA:550,6
DA:551,6
DA:552,6
DA:553,6
DA:554,6
DA:555,6
DA:556,6
DA:557,6
DA:558,6
DA:559,6
DA:560,6
DA:561,6
DA:562,6
DA:563,6
DA:564,6
DA:565,18
DA:566,6
DA:567,6
DA:568,6
DA:569,6
DA:570,6
DA:571,6
DA:572,6
DA:573,6
DA:574,6
DA:575,6
DA:576,6
DA:577,6
DA:578,6
DA:579,6
DA:580,6
DA:581,6
DA:582,6
DA:583,6
DA:584,6
DA:585,6
DA:586,6
DA:587,6
DA:588,6
DA:589,6
DA:590,6
DA:591,6
DA:592,6
DA:593,6
DA:594,6
DA:595,6
DA:596,6
DA:597,6
DA:598,6
DA:599,6
DA:600,6
DA:601,6
DA:602,6
DA:603,6
DA:604,6
DA:605,6
DA:606,6
DA:607,6
DA:608,6
DA:609,6
DA:610,6
DA:611,6
DA:612,6
DA:613,6
DA:614,6
DA:615,6
DA:616,6
DA:617,6
DA:618,6
DA:619,6
DA:620,6
DA:621,6
DA:622,6
DA:623,6
DA:624,6
DA:625,6
DA:626,6
DA:627,6
DA:628,6
DA:629,6
DA:630,6
DA:631,6
DA:632,6
DA:633,6
DA:634,6
DA:635,6
DA:636,6
DA:637,6
DA:638,6
DA:639,6
DA:640,6
DA:641,24
DA:642,6
DA:643,6
DA:644,6
DA:645,6
DA:646,6
DA:647,6
DA:648,6
DA:649,6
DA:650,6
DA:651,6
DA:652,6
DA:653,6
DA:654,6
DA:655,6
DA:656,6
DA:657,6
DA:658,6
DA:659,6
DA:660,6
DA:661,6
DA:662,6
DA:663,6
DA:664,6
DA:665,6
DA:666,6
DA:667,6
DA:668,6
DA:669,6
DA:670,6
DA:671,6
DA:672,6
DA:673,6
DA:674,6
DA:675,6
DA:676,6
DA:677,6
DA:678,6
DA:679,6
DA:680,6
DA:681,6
DA:682,6
DA:683,6
DA:684,6
DA:685,6
DA:686,6
DA:687,6
DA:688,6
DA:689,6
DA:690,6
DA:691,6
DA:692,6
DA:693,6
DA:694,6
DA:695,6
DA:696,6
DA:697,6
DA:698,6
DA:699,6
DA:700,6
DA:701,6
DA:702,6
DA:703,6
DA:704,6
DA:705,6
DA:706,6
DA:707,6
DA:708,6
DA:709,6
DA:710,6
DA:711,18
DA:712,6
DA:713,6
DA:714,6
DA:715,6
DA:716,6
DA:717,6
DA:718,6
DA:719,6
DA:720,6
DA:721,6
DA:722,6
DA:723,6
DA:724,6
DA:725,6
DA:726,6
DA:727,6
DA:728,6
DA:729,6
DA:730,6
DA:731,6
DA:732,6
DA:733,6
DA:734,6
DA:735,6
DA:736,6
DA:737,6
DA:738,6
DA:739,6
DA:740,6
DA:741,6
DA:742,6
DA:743,6
DA:744,6
DA:745,6
DA:746,6
DA:747,6
DA:748,6
DA:749,6
DA:750,6
DA:751,6
DA:752,6
DA:753,6
DA:754,6
DA:755,6
DA:756,6
DA:757,6
DA:758,6
DA:759,6
DA:760,6
DA:761,6
DA:762,6
DA:763,6
DA:764,6
DA:765,6
DA:766,6
DA:767,6
DA:768,6
DA:769,6
DA:770,6
DA:771,6
DA:772,6
DA:773,6
DA:774,6
DA:775,6
DA:776,6
DA:777,6
DA:778,6
DA:779,6
DA:780,6
DA:781,6
DA:782,6
DA:783,6
DA:784,6
DA:785,6
DA:786,6
DA:787,6
DA:788,6
DA:789,6
DA:790,6
DA:791,6
DA:792,6
DA:793,6
DA:794,6
DA:795,6
DA:796,6
DA:797,6
DA:798,6
DA:799,6
DA:800,6
DA:801,6
DA:802,6
DA:803,6
DA:804,6
DA:805,6
DA:806,6
DA:807,6
DA:808,6
DA:809,6
DA:810,6
DA:811,6
DA:812,6
DA:813,6
DA:814,6
DA:815,6
DA:816,6
DA:817,6
DA:818,6
DA:819,6
DA:820,6
DA:821,6
DA:822,6
DA:823,6
DA:824,6
DA:825,6
DA:826,6
DA:827,6
DA:828,6
DA:829,6
DA:830,6
DA:831,6
DA:832,6
DA:833,6
DA:834,6
DA:835,6
DA:836,6
DA:837,6
DA:838,6
DA:839,6
DA:840,6
DA:841,6
DA:842,12
DA:843,6
DA:844,6
DA:845,6
DA:846,6
DA:847,6
DA:848,6
DA:849,6
DA:850,6
DA:851,6
DA:852,6
DA:853,6
DA:854,6
DA:855,6
DA:856,6
DA:857,6
DA:858,6
DA:859,6
DA:860,6
DA:861,6
DA:862,6
DA:863,6
DA:864,6
DA:865,6
DA:866,6
DA:867,6
DA:868,6
DA:869,6
DA:870,6
DA:871,6
DA:872,6
DA:873,6
DA:874,6
DA:875,6
DA:876,6
DA:877,6
DA:878,6
DA:879,6
DA:880,6
DA:881,6
DA:882,6
DA:883,6
DA:884,6
DA:885,6
DA:886,6
DA:887,6
DA:888,6
DA:889,6
DA:890,6
DA:891,6
DA:892,6
DA:893,6
DA:894,6
DA:895,6
DA:896,6
DA:897,6
DA:898,6
DA:899,6
DA:900,6
DA:901,6
DA:902,6
DA:903,6
DA:904,6
DA:905,6
DA:906,6
DA:907,6
DA:908,6
DA:909,6
DA:910,6
DA:911,6
DA:912,6
DA:913,6
DA:914,6
DA:915,6
DA:916,6
DA:917,6
DA:918,6
DA:919,6
DA:920,6
DA:921,6
DA:922,6
DA:923,6
DA:924,6
DA:925,6
DA:926,6
DA:927,6
DA:928,6
DA:929,6
DA:930,6
DA:931,6
DA:932,6
DA:933,6
DA:934,6
DA:935,6
DA:936,6
DA:937,6
DA:938,6
DA:939,6
DA:940,6
DA:941,6
DA:942,6
DA:943,6
DA:944,6
DA:945,6
DA:946,6
DA:947,6
DA:948,6
DA:949,6
DA:950,6
DA:951,6
DA:952,6
DA:953,6
DA:954,6
DA:955,18
DA:956,6
DA:957,6
DA:958,6
DA:959,6
DA:960,6
DA:961,6
DA:962,6
DA:963,6
DA:964,6
DA:965,6
DA:966,6
DA:967,6
DA:968,6
DA:969,6
DA:970,6
DA:971,6
DA:972,6
DA:973,6
DA:974,6
DA:975,6
DA:976,6
DA:977,6
DA:978,6
DA:979,6
DA:980,6
DA:981,6
DA:982,6
DA:983,6
DA:984,6
DA:985,6
DA:986,6
DA:987,6
DA:988,6
DA:989,6
DA:990,6
DA:991,6
DA:992,6
DA:993,6
DA:994,6
DA:995,6
DA:996,6
DA:997,6
DA:998,6
DA:999,6
DA:1000,6
DA:1001,6
DA:1002,6
DA:1003,6
DA:1004,6
DA:1005,6
DA:1006,6
DA:1007,6
DA:1008,6
DA:1009,6
DA:1010,6
DA:1011,6
DA:1012,6
DA:1013,6
DA:1014,6
DA:1015,6
DA:1016,6
DA:1017,6
DA:1018,6
DA:1019,6
DA:1020,6
DA:1021,6
DA:1022,6
DA:1023,6
DA:1024,6
DA:1025,6
DA:1026,6
DA:1027,6
DA:1028,6
DA:1029,6
DA:1030,6
DA:1031,6
DA:1032,6
DA:1033,6
DA:1034,6
DA:1035,6
DA:1036,6
DA:1037,6
DA:1038,6
DA:1039,6
DA:1040,6
DA:1041,6
DA:1042,6
DA:1043,6
DA:1044,6
DA:1045,6
DA:1046,6
DA:1047,6
DA:1048,6
DA:1049,6
DA:1050,6
DA:1051,6
DA:1052,6
DA:1053,6
DA:1054,6
DA:1055,6
DA:1056,6
DA:1057,6
DA:1058,6
DA:1059,6
DA:1060,6
DA:1061,6
DA:1062,6
DA:1063,6
DA:1064,6
DA:1065,6
DA:1066,6
DA:1067,6
DA:1068,6
DA:1069,6
DA:1070,6
DA:1071,6
DA:1072,6
DA:1073,6
DA:1074,6
DA:1075,6
DA:1076,6
DA:1077,6
DA:1078,6
DA:1079,6
DA:1080,6
DA:1081,6
DA:1082,6
DA:1083,6
DA:1084,6
DA:1085,6
DA:1086,6
DA:1087,6
DA:1088,6
DA:1089,6
DA:1090,6
DA:1091,6
DA:1092,6
DA:1093,6
DA:1094,6
DA:1095,6
DA:1096,6
DA:1097,6
DA:1098,6
DA:1099,6
DA:1100,6
DA:1101,6
DA:1102,6
DA:1103,18
DA:1104,6
DA:1105,6
DA:1106,6
DA:1107,6
DA:1108,6
DA:1109,6
DA:1110,6
DA:1111,6
DA:1112,6
DA:1113,6
DA:1114,6
DA:1115,6
DA:1116,6
DA:1117,6
DA:1118,6
DA:1119,6
DA:1120,6
DA:1121,6
DA:1122,6
DA:1123,6
DA:1124,6
DA:1125,6
DA:1126,6
DA:1127,6
DA:1128,6
DA:1129,6
DA:1130,6
DA:1131,6
DA:1132,6
DA:1133,6
DA:1134,6
DA:1135,6
DA:1136,6
DA:1137,6
DA:1138,6
DA:1139,6
DA:1140,6
DA:1141,6
DA:1142,6
DA:1143,12
DA:1144,6
DA:1145,6
DA:1146,6
DA:1147,6
DA:1148,6
DA:1149,6
DA:1150,6
DA:1151,6
DA:1152,6
DA:1153,6
DA:1154,6
DA:1155,6
DA:1156,6
DA:1157,6
DA:1158,6
DA:1159,6
DA:1160,6
DA:1161,6
DA:1162,6
DA:1163,6
DA:1164,6
DA:1165,6
DA:1166,6
DA:1167,6
DA:1168,6
DA:1169,6
DA:1170,6
DA:1171,6
DA:1172,6
DA:1173,6
DA:1174,6
DA:1175,6
DA:1176,6
DA:1177,6
DA:1178,6
DA:1179,6
DA:1180,6
DA:1181,6
DA:1182,6
DA:1183,6
DA:1184,6
DA:1185,6
DA:1186,6
DA:1187,6
DA:1188,6
DA:1189,6
DA:1190,6
DA:1191,6
DA:1192,6
DA:1193,6
DA:1194,6
DA:1195,6
DA:1196,6
DA:1197,6
DA:1198,6
DA:1199,6
DA:1200,6
DA:1201,6
DA:1202,6
DA:1203,6
DA:1204,6
DA:1205,6
DA:1206,6
DA:1207,6
DA:1208,6
DA:1209,6
DA:1210,6
DA:1211,6
DA:1212,6
DA:1213,6
DA:1214,6
DA:1215,6
DA:1216,6
DA:1217,6
DA:1218,6
DA:1219,6
DA:1220,6
DA:1221,6
DA:1222,6
DA:1223,6
DA:1224,6
DA:1225,6
DA:1226,6
DA:1227,6
DA:1228,6
DA:1229,6
DA:1230,6
DA:1231,6
DA:1232,6
DA:1233,6
DA:1234,6
DA:1235,6
DA:1236,6
DA:1237,6
DA:1238,6
DA:1239,6
DA:1240,6
DA:1241,6
DA:1242,6
DA:1243,6
DA:1244,6
DA:1245,6
DA:1246,6
DA:1247,6
DA:1248,6
DA:1249,6
DA:1250,6
DA:1251,6
DA:1252,6
DA:1253,6
DA:1254,6
DA:1255,6
DA:1256,6
DA:1257,6
DA:1258,6
DA:1259,6
DA:1260,6
DA:1261,6
DA:1262,6
DA:1263,6
DA:1264,6
DA:1265,24
DA:1266,24
DA:1267,24
DA:1268,6
DA:1269,6
DA:1270,6
DA:1271,6
DA:1272,6
DA:1273,6
DA:1274,6
DA:1275,6
DA:1276,6
DA:1277,6
DA:1278,6
DA:1279,6
DA:1280,6
DA:1281,6
DA:1282,6
DA:1283,6
DA:1284,6
DA:1285,6
DA:1286,6
DA:1287,6
DA:1288,6
DA:1289,6
DA:1290,6
DA:1291,6
DA:1292,6
DA:1293,6
DA:1294,6
DA:1295,6
DA:1296,6
DA:1297,6
DA:1298,6
DA:1299,6
DA:1300,6
DA:1301,6
DA:1302,6
DA:1303,6
DA:1304,6
DA:1305,6
DA:1306,6
DA:1307,6
DA:1308,6
DA:1309,6
DA:1310,6
DA:1311,6
DA:1312,6
DA:1313,6
DA:1314,6
DA:1315,6
DA:1316,6
DA:1317,6
DA:1318,6
DA:1319,6
DA:1320,6
DA:1321,6
DA:1322,6
DA:1323,6
DA:1324,6
DA:1325,6
DA:1326,6
DA:1327,6
DA:1328,6
DA:1329,6
DA:1330,6
DA:1331,6
DA:1332,6
DA:1333,6
DA:1334,6
DA:1335,6
DA:1336,6
DA:1337,6
DA:1338,6
DA:1339,6
DA:1340,6
DA:1341,6
DA:1342,6
DA:1343,6
DA:1344,6
DA:1345,6
DA:1346,6
DA:1347,6
DA:1348,6
DA:1349,6
DA:1350,6
DA:1351,6
DA:1352,6
DA:1353,6
DA:1354,6
DA:1355,6
DA:1356,6
DA:1357,6
DA:1358,6
DA:1359,6
DA:1360,6
DA:1361,6
DA:1362,6
DA:1363,6
DA:1364,6
DA:1365,6
DA:1366,6
DA:1367,6
DA:1368,6
DA:1369,6
DA:1370,6
DA:1371,6
DA:1372,6
DA:1373,6
DA:1374,6
DA:1375,6
DA:1376,6
DA:1377,6
DA:1378,6
DA:1379,6
DA:1380,6
DA:1381,6
DA:1382,6
DA:1383,6
DA:1384,6
DA:1385,6
DA:1386,6
DA:1387,6
DA:1388,6
DA:1389,6
DA:1390,6
DA:1391,6
DA:1392,6
DA:1393,6
DA:1394,6
DA:1395,6
DA:1396,6
DA:1397,6
DA:1398,6
DA:1399,6
DA:1400,6
DA:1401,6
DA:1402,6
DA:1403,6
DA:1404,6
DA:1405,6
DA:1406,6
DA:1407,6
DA:1408,6
DA:1409,6
DA:1410,6
DA:1411,6
DA:1412,6
DA:1413,6
DA:1414,6
DA:1415,6
DA:1416,6
DA:1417,6
DA:1418,6
DA:1419,6
DA:1420,6
DA:1421,6
DA:1422,6
DA:1423,6
DA:1424,6
DA:1425,6
DA:1426,6
DA:1427,6
DA:1428,6
DA:1429,6
DA:1430,6
DA:1431,6
DA:1432,6
DA:1433,6
DA:1434,6
DA:1435,6
DA:1436,6
DA:1437,6
DA:1438,6
DA:1439,6
DA:1440,6
DA:1441,6
DA:1442,6
DA:1443,6
DA:1444,6
DA:1445,6
DA:1446,6
DA:1447,6
DA:1448,6
DA:1449,6
DA:1450,6
DA:1451,6
DA:1452,6
DA:1453,6
DA:1454,6
DA:1455,6
DA:1456,6
DA:1457,6
DA:1458,6
DA:1459,6
DA:1460,6
DA:1461,6
DA:1462,6
DA:1463,24
DA:1464,6
DA:1465,6
DA:1466,6
DA:1467,6
DA:1468,6
DA:1469,6
DA:1470,6
DA:1471,6
DA:1472,24
DA:1473,6
DA:1474,6
DA:1475,6
DA:1476,6
DA:1477,6
DA:1478,6
DA:1479,6
DA:1480,6
DA:1481,6
DA:1482,6
DA:1483,6
DA:1484,6
DA:1485,6
DA:1486,6
DA:1487,6
DA:1488,6
DA:1489,6
DA:1490,6
DA:1491,6
DA:1492,6
DA:1493,6
DA:1494,6
DA:1495,6
DA:1496,6
DA:1497,6
DA:1498,6
DA:1499,6
DA:1500,6
DA:1501,6
DA:1502,6
DA:1503,6
DA:1504,6
DA:1505,6
DA:1506,6
DA:1507,6
DA:1508,6
DA:1509,6
DA:1510,6
DA:1511,6
DA:1512,6
DA:1513,6
DA:1514,6
DA:1515,6
DA:1516,6
DA:1517,6
DA:1518,6
DA:1519,6
DA:1520,6
DA:1521,6
DA:1522,6
DA:1523,6
DA:1524,6
DA:1525,6
DA:1526,6
DA:1527,6
DA:1528,6
DA:1529,6
DA:1530,6
DA:1531,6
DA:1532,6
DA:1533,6
DA:1534,6
DA:1535,6
DA:1536,6
DA:1537,6
DA:1538,6
DA:1539,6
DA:1540,6
DA:1541,6
DA:1542,6
DA:1543,6
DA:1544,6
DA:1545,6
DA:1546,6
DA:1547,6
DA:1548,6
DA:1549,12
DA:1550,6
DA:1551,6
DA:1552,6
DA:1553,6
DA:1554,6
DA:1555,6
DA:1556,6
DA:1557,6
DA:1558,6
DA:1559,6
DA:1560,6
DA:1561,6
DA:1562,6
DA:1563,6
DA:1564,6
DA:1565,6
DA:1566,6
DA:1567,6
DA:1568,6
DA:1569,6
DA:1570,6
DA:1571,6
DA:1572,6
DA:1573,48
DA:1574,6
DA:1575,6
DA:1576,6
DA:1577,6
DA:1578,6
DA:1579,6
DA:1580,6
DA:1581,6
DA:1582,6
DA:1583,6
DA:1584,6
DA:1585,6
DA:1586,6
DA:1587,6
DA:1588,6
DA:1589,6
DA:1590,6
DA:1591,6
DA:1592,6
DA:1593,6
DA:1594,6
DA:1595,6
DA:1596,6
DA:1597,6
DA:1598,6
DA:1599,6
DA:1600,6
DA:1601,6
DA:1602,6
DA:1603,6
DA:1604,6
DA:1605,6
DA:1606,6
DA:1607,6
DA:1608,6
DA:1609,6
DA:1610,6
DA:1611,6
DA:1612,6
DA:1613,6
DA:1614,6
DA:1615,6
DA:1616,6
DA:1617,6
DA:1618,6
DA:1619,6
DA:1620,6
DA:1621,6
DA:1622,6
DA:1623,6
DA:1624,6
DA:1625,6
DA:1626,6
DA:1627,6
DA:1628,6
DA:1629,6
DA:1630,6
DA:1631,6
DA:1632,6
DA:1633,6
DA:1634,6
DA:1635,6
DA:1636,6
DA:1637,6
DA:1638,6
DA:1639,6
DA:1640,6
DA:1641,6
DA:1642,6
DA:1643,6
DA:1644,6
DA:1645,6
DA:1646,6
DA:1647,6
DA:1648,6
DA:1649,6
DA:1650,6
DA:1651,6
DA:1652,6
DA:1653,6
DA:1654,6
DA:1655,6
DA:1656,6
DA:1657,6
DA:1658,6
DA:1659,6
DA:1660,6
DA:1661,6
DA:1662,6
DA:1663,6
DA:1664,6
DA:1665,12
DA:1666,6
DA:1667,6
DA:1668,6
DA:1669,6
DA:1670,6
DA:1671,6
DA:1672,6
DA:1673,6
DA:1674,6
DA:1675,6
DA:1676,6
DA:1677,6
DA:1678,6
DA:1679,6
DA:1680,6
DA:1681,6
DA:1682,6
DA:1683,6
DA:1684,6
DA:1685,6
DA:1686,6
DA:1687,6
DA:1688,6
DA:1689,6
DA:1690,6
DA:1691,6
DA:1692,6
DA:1693,6
DA:1694,6
DA:1695,6
DA:1696,6
DA:1697,6
DA:1698,6
DA:1699,6
DA:1700,6
DA:1701,6
DA:1702,6
DA:1703,6
DA:1704,6
DA:1705,6
DA:1706,6
DA:1707,6
DA:1708,6
DA:1709,6
DA:1710,6
DA:1711,18
DA:1712,6
DA:1713,6
DA:1714,6
DA:1715,6
DA:1716,6
DA:1717,6
DA:1718,6
DA:1719,6
DA:1720,6
DA:1721,6
DA:1722,6
DA:1723,6
DA:1724,6
DA:1725,6
DA:1726,6
DA:1727,6
DA:1728,6
DA:1729,6
DA:1730,6
DA:1731,6
DA:1732,6
DA:1733,6
DA:1734,6
DA:1735,6
DA:1736,6
DA:1737,6
DA:1738,6
DA:1739,6
DA:1740,6
DA:1741,6
DA:1742,6
DA:1743,6
DA:1744,6
DA:1745,6
DA:1746,6
DA:1747,6
DA:1748,6
DA:1749,6
DA:1750,6
DA:1751,6
DA:1752,6
DA:1753,6
DA:1754,6
DA:1755,6
DA:1756,6
DA:1757,6
DA:1758,6
DA:1759,12
DA:1760,6
DA:1761,6
DA:1762,6
DA:1763,6
DA:1764,6
DA:1765,6
DA:1766,6
DA:1767,6
DA:1768,6
DA:1769,6
DA:1770,6
DA:1771,6
DA:1772,6
DA:1773,6
DA:1774,6
DA:1775,6
DA:1776,6
DA:1777,6
DA:1778,6
DA:1779,6
DA:1780,6
DA:1781,6
DA:1782,6
DA:1783,6
DA:1784,6
DA:1785,6
DA:1786,6
DA:1787,6
DA:1788,6
DA:1789,6
DA:1790,6
DA:1791,6
DA:1792,6
DA:1793,6
DA:1794,6
DA:1795,6
DA:1796,6
DA:1797,6
DA:1798,6
DA:1799,6
DA:1800,6
DA:1801,6
DA:1802,6
DA:1803,6
DA:1804,6
DA:1805,6
DA:1806,6
DA:1807,6
DA:1808,6
DA:1809,6
DA:1810,6
DA:1811,6
DA:1812,6
DA:1813,6
DA:1814,6
DA:1815,6
DA:1816,12
DA:1817,6
DA:1818,6
DA:1819,6
DA:1820,6
DA:1821,6
DA:1822,6
DA:1823,6
DA:1824,6
DA:1825,6
DA:1826,6
DA:1827,6
DA:1828,6
DA:1829,6
DA:1830,6
DA:1831,6
DA:1832,6
DA:1833,6
DA:1834,6
DA:1835,36
DA:1836,36
DA:1837,6
DA:1838,6
DA:1839,6
DA:1840,6
DA:1841,6
DA:1842,6
DA:1843,6
DA:1844,6
DA:1845,6
DA:1846,6
DA:1847,6
DA:1848,6
DA:1849,6
DA:1850,6
DA:1851,6
DA:1852,6
DA:1853,6
DA:1854,6
DA:1855,6
DA:1856,6
DA:1857,6
DA:1858,6
DA:1859,6
DA:1860,6
DA:1861,6
DA:1862,6
DA:1863,6
DA:1864,6
DA:1865,6
DA:1866,6
DA:1867,6
DA:1868,6
DA:1869,6
DA:1870,6
DA:1871,6
DA:1872,6
DA:1873,6
DA:1874,6
DA:1875,6
DA:1876,6
DA:1877,6
DA:1878,6
DA:1879,6
DA:1880,6
DA:1881,6
DA:1882,6
DA:1883,6
DA:1884,6
DA:1885,6
DA:1886,6
DA:1887,6
DA:1888,6
DA:1889,6
DA:1890,6
DA:1891,6
DA:1892,6
DA:1893,6
DA:1894,6
DA:1895,6
DA:1896,6
DA:1897,6
DA:1898,18
DA:1899,6
DA:1900,6
DA:1901,6
DA:1902,6
DA:1903,6
DA:1904,6
DA:1905,6
DA:1906,6
DA:1907,6
DA:1908,6
DA:1909,6
DA:1910,6
DA:1911,6
DA:1912,6
DA:1913,6
DA:1914,6
DA:1915,6
DA:1916,6
DA:1917,6
DA:1918,6
DA:1919,6
DA:1920,6
DA:1921,12
DA:1922,6
DA:1923,6
DA:1924,6
DA:1925,6
DA:1926,6
DA:1927,6
DA:1928,6
DA:1929,6
DA:1930,6
DA:1931,6
DA:1932,6
DA:1933,6
DA:1934,6
DA:1935,6
DA:1936,6
DA:1937,6
DA:1938,18
DA:1939,6
DA:1940,6
DA:1941,6
DA:1942,6
DA:1943,6
DA:1944,6
DA:1945,6
DA:1946,6
DA:1947,6
DA:1948,6
DA:1949,6
DA:1950,6
DA:1951,6
DA:1952,6
DA:1953,6
DA:1954,6
DA:1955,6
DA:1956,6
DA:1957,6
DA:1958,6
DA:1959,6
DA:1960,6
DA:1961,6
DA:1962,6
DA:1963,6
DA:1964,6
DA:1965,6
DA:1966,6
DA:1967,6
DA:1968,6
DA:1969,6
DA:1970,6
DA:1971,6
DA:1972,6
DA:1973,6
DA:1974,6
DA:1975,6
DA:1976,6
DA:1977,6
DA:1978,6
DA:1979,6
DA:1980,6
DA:1981,6
DA:1982,6
DA:1983,6
DA:1984,6
DA:1985,6
DA:1986,6
DA:1987,6
DA:1988,6
DA:1989,6
DA:1990,6
DA:1991,6
DA:1992,6
DA:1993,6
DA:1994,6
DA:1995,6
DA:1996,6
DA:1997,6
DA:1998,6
DA:1999,6
DA:2000,6
DA:2001,6
DA:2002,6
DA:2003,30
DA:2004,30
DA:2005,6
DA:2006,6
DA:2007,6
DA:2008,6
DA:2009,6
DA:2010,6
DA:2011,6
DA:2012,6
DA:2013,6
DA:2014,30
DA:2015,6
DA:2016,6
DA:2017,6
DA:2018,6
DA:2019,6
DA:2020,6
DA:2021,6
DA:2022,6
DA:2023,6
DA:2024,6
DA:2025,6
DA:2026,6
DA:2027,6
DA:2028,6
DA:2029,6
DA:2030,6
DA:2031,6
DA:2032,6
DA:2033,6
DA:2034,6
DA:2035,6
DA:2036,6
DA:2037,6
DA:2038,6
DA:2039,6
DA:2040,6
DA:2041,6
DA:2042,6
DA:2043,6
DA:2044,6
DA:2045,6
DA:2046,6
DA:2047,6
DA:2048,6
DA:2049,6
DA:2050,6
DA:2051,6
DA:2052,6
DA:2053,6
DA:2054,6
DA:2055,6
DA:2056,6
DA:2057,6
DA:2058,6
DA:2059,6
DA:2060,6
DA:2061,18
DA:2062,18
DA:2063,6
DA:2064,6
DA:2065,6
DA:2066,6
DA:2067,6
DA:2068,6
DA:2069,6
DA:2070,6
DA:2071,6
DA:2072,6
DA:2073,6
DA:2074,6
DA:2075,6
DA:2076,6
DA:2077,6
DA:2078,6
DA:2079,6
DA:2080,6
DA:2081,6
DA:2082,6
DA:2083,6
DA:2084,6
DA:2085,6
DA:2086,6
DA:2087,6
DA:2088,6
DA:2089,6
DA:2090,6
DA:2091,6
DA:2092,6
DA:2093,6
DA:2094,6
DA:2095,6
DA:2096,6
DA:2097,6
DA:2098,6
DA:2099,6
DA:2100,6
DA:2101,6
DA:2102,6
DA:2103,6
DA:2104,6
DA:2105,6
DA:2106,6
DA:2107,6
DA:2108,6
DA:2109,6
DA:2110,6
DA:2111,6
DA:2112,6
DA:2113,6
DA:2114,6
DA:2115,6
DA:2116,6
DA:2117,6
DA:2118,6
DA:2119,6
DA:2120,6
DA:2121,6
DA:2122,6
DA:2123,6
DA:2124,6
DA:2125,6
DA:2126,6
DA:2127,6
DA:2128,6
DA:2129,6
DA:2130,6
DA:2131,6
DA:2132,6
DA:2133,6
DA:2134,6
DA:2135,6
DA:2136,6
DA:2137,6
DA:2138,6
DA:2139,6
DA:2140,6
DA:2141,6
DA:2142,6
DA:2143,6
DA:2144,6
DA:2145,6
DA:2146,6
DA:2147,6
DA:2148,6
DA:2149,6
DA:2150,6
DA:2151,6
DA:2152,6
DA:2153,6
DA:2154,6
DA:2155,6
DA:2156,6
DA:2157,6
DA:2158,6
DA:2159,6
DA:2160,6
DA:2161,6
DA:2162,6
DA:2163,6
DA:2164,1
DA:2165,1
LF:2165
LH:2165
BRDA:7,0,0,1
BRDA:13,1,0,1
BRDA:14,2,0,1
BRDA:30,3,0,36
BRDA:40,4,0,36
BRDA:43,5,0,36
BRDA:44,6,0,36
BRDA:55,7,0,36
BRDA:58,8,0,36
BRDA:60,9,0,36
BRDA:74,10,0,36
BRDA:77,11,0,36
BRDA:79,12,0,36
BRDA:81,13,0,36
BRDA:93,14,0,36
BRDA:97,15,0,72
BRDA:99,16,0,36
BRDA:99,17,0,36
BRDA:104,18,0,36
BRDA:109,19,0,6
BRDA:110,20,0,6
BRDA:113,21,0,6
BRDA:114,22,0,6
BRDA:115,23,0,6
BRDA:116,24,0,6
BRDA:119,25,0,6
BRDA:122,26,0,6
BRDA:123,27,0,6
BRDA:124,28,0,6
BRDA:127,29,0,6
BRDA:131,30,0,6
BRDA:134,31,0,6
BRDA:137,32,0,6
BRDA:144,33,0,6
BRDA:147,34,0,6
BRDA:150,35,0,6
BRDA:151,36,0,6
BRDA:153,37,0,6
BRDA:154,38,0,6
BRDA:156,39,0,6
BRDA:157,40,0,6
BRDA:159,41,0,6
BRDA:164,42,0,6
BRDA:167,43,0,6
BRDA:170,44,0,6
BRDA:171,45,0,6
BRDA:173,46,0,6
BRDA:174,47,0,6
BRDA:176,48,0,6
BRDA:177,49,0,6
BRDA:179,50,0,6
BRDA:180,51,0,6
BRDA:182,52,0,6
BRDA:185,53,0,6
BRDA:187,54,0,6
BRDA:188,55,0,6
BRDA:191,56,0,6
BRDA:197,57,0,6
BRDA:200,58,0,6
BRDA:203,59,0,6
BRDA:204,60,0,6
BRDA:206,61,0,6
BRDA:207,62,0,6
BRDA:210,63,0,6
BRDA:216,64,0,6
BRDA:219,65,0,6
BRDA:225,66,0,6
BRDA:228,67,0,6
BRDA:236,68,0,6
BRDA:239,69,0,6
BRDA:245,70,0,6
BRDA:247,71,0,6
BRDA:254,72,0,6
BRDA:256,73,0,6
BRDA:265,74,0,6
BRDA:271,75,0,6
BRDA:273,76,0,6
BRDA:280,77,0,6
BRDA:282,78,0,6
BRDA:289,79,0,6
BRDA:291,80,0,6
BRDA:298,81,0,6
BRDA:300,82,0,6
BRDA:307,83,0,6
BRDA:309,84,0,6
BRDA:316,85,0,6
BRDA:322,86,0,6
BRDA:324,87,0,6
BRDA:331,88,0,6
BRDA:337,89,0,6
BRDA:344,90,0,6
BRDA:348,91,0,24
BRDA:352,92,0,24
BRDA:367,93,0,6
BRDA:372,94,0,6
BRDA:377,95,0,6
BRDA:382,96,0,6
BRDA:387,97,0,6
BRDA:392,98,0,6
BRDA:399,99,0,6
BRDA:403,100,0,18
BRDA:407,101,0,6
BRDA:413,102,0,24
BRDA:434,103,0,6
BRDA:441,104,0,6
BRDA:448,105,0,6
BRDA:455,106,0,6
BRDA:462,107,0,6
BRDA:468,108,0,6
BRDA:475,109,0,6
BRDA:479,110,0,6
BRDA:483,111,0,24
BRDA:487,112,0,24
BRDA:506,113,0,6
BRDA:511,114,0,6
BRDA:516,115,0,6
BRDA:521,116,0,6
BRDA:526,117,0,6
BRDA:531,118,0,6
BRDA:538,119,0,6
BRDA:542,120,0,6
BRDA:546,121,0,6
BRDA:552,122,0,30
BRDA:564,123,0,18
BRDA:568,124,0,6
BRDA:595,125,0,6
BRDA:602,126,0,6
BRDA:609,127,0,6
BRDA:616,128,0,6
BRDA:623,129,0,6
BRDA:629,130,0,6
BRDA:636,131,0,6
BRDA:640,132,0,24
BRDA:644,133,0,12
BRDA:667,134,0,12
BRDA:699,135,0,6
BRDA:706,136,0,6
BRDA:710,137,0,18
BRDA:714,138,0,6
BRDA:720,139,0,12
BRDA:748,140,0,12
BRDA:786,141,0,6
BRDA:792,142,0,6
BRDA:796,143,0,6
BRDA:800,144,0,6
BRDA:806,145,0,12
BRDA:833,146,0,6
BRDA:839,147,0,12
BRDA:841,148,0,12
BRDA:868,149,0,6
BRDA:874,150,0,6
BRDA:878,151,0,6
BRDA:882,152,0,6
BRDA:889,153,0,24
BRDA:919,154,0,6
BRDA:923,155,0,6
BRDA:942,156,0,6
BRDA:948,157,0,6
BRDA:950,158,0,12
BRDA:954,159,0,18
BRDA:958,160,0,6
BRDA:1001,161,0,12
BRDA:1063,162,0,6
BRDA:1070,163,0,12
BRDA:1074,164,0,6
BRDA:1078,165,0,6
BRDA:1084,166,0,6
BRDA:1102,167,0,18
BRDA:1106,168,0,6
BRDA:1124,169,0,18
BRDA:1142,170,0,12
BRDA:1146,171,0,6
BRDA:1152,172,0,18
BRDA:1255,173,0,6
BRDA:1262,174,0,18
BRDA:1264,175,0,24
BRDA:1280,176,0,12
BRDA:1302,177,0,6
BRDA:1305,178,0,18
BRDA:1306,179,0,6
BRDA:1308,180,0,24
BRDA:1315,181,0,6
BRDA:1322,182,0,6
BRDA:1329,183,0,6
BRDA:1336,184,0,6
BRDA:1341,185,0,6
BRDA:1345,186,0,6
BRDA:1347,187,0,6
BRDA:1348,188,0,6
BRDA:1354,189,0,6
BRDA:1360,190,0,6
BRDA:1365,191,0,6
BRDA:1369,192,0,6
BRDA:1374,193,0,30
BRDA:1375,194,0,18
BRDA:1377,195,0,18
BRDA:1397,196,0,12
BRDA:1417,197,0,24
BRDA:1451,198,0,6
BRDA:1456,199,0,36
BRDA:1457,200,0,12
BRDA:1462,201,0,24
BRDA:1471,202,0,24
BRDA:1538,203,0,6
BRDA:1548,204,0,12
BRDA:1566,205,0,6
BRDA:1572,206,0,48
BRDA:1576,207,0,30
BRDA:1590,208,0,18
BRDA:1654,209,0,6
BRDA:1659,210,0,24
BRDA:1660,211,0,12
BRDA:1664,212,0,12
BRDA:1710,213,0,18
BRDA:1745,214,0,6
BRDA:1750,215,0,12
BRDA:1758,216,0,12
BRDA:1770,217,0,6
BRDA:1775,218,0,12
BRDA:1790,219,0,6
BRDA:1795,220,0,12
BRDA:1806,221,0,6
BRDA:1811,222,0,12
BRDA:1815,223,0,12
BRDA:1827,224,0,6
BRDA:1834,225,0,36
BRDA:1835,226,0,6
BRDA:1835,227,0,30
BRDA:1839,228,0,18
BRDA:1866,229,0,18
BRDA:1880,230,0,6
BRDA:1885,231,0,6
BRDA:1890,232,0,18
BRDA:1897,233,0,18
BRDA:1908,234,0,12
BRDA:1920,235,0,12
BRDA:1937,236,0,18
BRDA:1987,237,0,6
BRDA:2002,238,0,30
BRDA:2009,239,0,6
BRDA:2012,240,0,30
BRDA:2013,241,0,30
BRDA:2060,242,0,18
BRDA:2071,243,0,6
BRF:244
BRH:244
end_of_record
TN:
SF:src\queue-and-selector-management\index.ts
FNF:0
FNH:0
DA:1,1
DA:2,1
DA:3,1
DA:4,1
DA:5,1
DA:6,1
DA:7,1
LF:7
LH:7
BRF:0
BRH:0
end_of_record
TN:
SF:src\queue-and-selector-management\jobQueue.ts
FN:42,createJobQueue
FN:46,resetQueue
FN:51,addToQueue
FN:55,processQueue
FNF:4
FNH:4
FNDA:397,createJobQueue
FNDA:978,resetQueue
FNDA:882,addToQueue
FNDA:798,processQueue
DA:1,1
DA:2,1
DA:3,1
DA:4,1
DA:5,1
DA:6,1
DA:7,1
DA:8,1
DA:9,1
DA:10,1
DA:11,1
DA:12,1
DA:13,1
DA:14,1
DA:15,1
DA:16,1
DA:17,1
DA:18,1
DA:19,1
DA:20,1
DA:21,1
DA:22,1
DA:23,1
DA:24,1
DA:25,1
DA:26,1
DA:27,1
DA:28,1
DA:29,1
DA:30,1
DA:31,1
DA:32,1
DA:33,1
DA:34,1
DA:35,1
DA:36,1
DA:37,1
DA:38,1
DA:39,1
DA:40,1
DA:41,1
DA:42,1
DA:43,397
DA:44,397
DA:45,397
DA:46,397
DA:47,978
DA:48,978
DA:49,397
DA:50,397
DA:51,397
DA:52,882
DA:53,397
DA:54,397
DA:55,397
DA:56,798
DA:57,798
DA:58,798
DA:59,798
DA:60,798
DA:61,798
DA:62,798
DA:63,1566
DA:64,1566
DA:65,798
DA:66,798
DA:67,798
DA:68,798
DA:69,397
DA:70,397
DA:71,397
DA:72,397
LF:72
LH:72
BRDA:42,0,0,397
BRDA:46,1,0,978
BRDA:51,2,0,882
BRDA:52,3,0,768
BRDA:55,4,0,798
BRDA:56,5,0,0
BRDA:62,6,0,1566
BRDA:63,7,0,798
BRDA:63,8,0,768
BRF:9
BRH:8
end_of_record
TN:
SF:src\queue-and-selector-management\selectorRecord.ts
FN:80,createSelectorRecord
FN:91,unregisterTrigger
FN:116,runSelectorWithMemoization
FN:134,immediateTask
FN:145,trigger
FN:161,isToAdd
FN:173,registerTrigger
FN:183,addSubscription
FN:195,getValue
FNF:9
FNH:9
FNDA:666,createSelectorRecord
FNDA:312,unregisterTrigger
FNDA:1326,runSelectorWithMemoization
FNDA:882,immediateTask
FNDA:768,trigger
FNDA:882,isToAdd
FNDA:798,registerTrigger
FNDA:384,addSubscription
FNDA:870,getValue
DA:1,1
DA:2,1
DA:3,1
DA:4,1
DA:5,1
DA:6,1
DA:7,1
DA:8,1
DA:9,1
DA:10,1
DA:11,1
DA:12,1
DA:13,1
DA:14,1
DA:15,1
DA:16,1
DA:17,1
DA:18,1
DA:19,1
DA:20,1
DA:21,1
DA:22,1
DA:23,1
DA:24,1
DA:25,1
DA:26,1
DA:27,1
DA:28,1
DA:29,1
DA:30,1
DA:31,1
DA:32,1
DA:33,1
DA:34,1
DA:35,1
DA:36,1
DA:37,1
DA:38,1
DA:39,1
DA:40,1
DA:41,1
DA:42,1
DA:43,1
DA:44,1
DA:45,1
DA:46,1
DA:47,1
DA:48,1
DA:49,1
DA:50,1
DA:51,1
DA:52,1
DA:53,1
DA:54,1
DA:55,1
DA:56,1
DA:57,1
DA:58,1
DA:59,1
DA:60,1
DA:61,1
DA:62,1
DA:63,1
DA:64,1
DA:65,1
DA:66,1
DA:67,1
DA:68,1
DA:69,1
DA:70,1
DA:71,1
DA:72,1
DA:73,1
DA:74,1
DA:75,1
DA:76,1
DA:77,1
DA:78,1
DA:79,1
DA:80,1
DA:81,666
DA:82,666
DA:83,666
DA:84,666
DA:85,666
DA:86,666
DA:87,666
DA:88,666
DA:89,666
DA:90,666
DA:91,666
DA:92,312
DA:93,312
DA:94,312
DA:95,312
DA:96,666
DA:97,666
DA:98,666
DA:99,666
DA:100,666
DA:101,666
DA:102,666
DA:103,666
DA:104,666
DA:105,666
DA:106,666
DA:107,666
DA:108,666
DA:109,666
DA:110,666
DA:111,666
DA:112,666
DA:113,666
DA:114,666
DA:115,666
DA:116,666
DA:117,1326
DA:118,1182
DA:119,1182
DA:120,1182
DA:121,666
DA:122,666
DA:123,666
DA:124,666
DA:125,666
DA:126,666
DA:127,666
DA:128,666
DA:129,666
DA:130,666
DA:131,666
DA:132,666
DA:133,666
DA:134,666
DA:135,882
DA:136,666
DA:137,666
DA:138,666
DA:139,666
DA:140,666
DA:141,666
DA:142,666
DA:143,666
DA:144,666
DA:145,666
DA:146,768
DA:147,768
DA:148,768
DA:149,312
DA:150,312
DA:151,312
DA:152,312
DA:153,456
DA:154,456
DA:155,456
DA:156,456
DA:157,486
DA:158,456
DA:159,666
DA:160,666
DA:161,666
DA:162,882
DA:163,882
DA:164,882
DA:165,882
DA:166,666
DA:167,666
DA:168,666
DA:169,666
DA:170,666
DA:171,666
DA:172,666
DA:173,666
DA:174,798
DA:175,654
DA:176,654
DA:177,654
DA:178,666
DA:179,666
DA:180,666
DA:181,666
DA:182,666
DA:183,666
DA:184,384
DA:185,384
DA:186,384
DA:187,186
DA:188,384
DA:189,666
DA:190,666
DA:191,666
DA:192,666
DA:193,666
DA:194,666
DA:195,666
DA:196,870
DA:197,870
DA:198,870
DA:199,870
DA:200,666
DA:201,666
DA:202,666
DA:203,666
LF:203
LH:203
BRDA:80,0,0,666
BRDA:91,1,0,312
BRDA:92,2,0,0
BRDA:116,3,0,1326
BRDA:117,4,0,144
BRDA:118,5,0,1182
BRDA:134,6,0,882
BRDA:145,7,0,768
BRDA:148,8,0,312
BRDA:153,9,0,456
BRDA:156,10,0,486
BRDA:161,11,0,882
BRDA:173,12,0,798
BRDA:174,13,0,144
BRDA:175,14,0,654
BRDA:183,15,0,384
BRDA:186,16,0,186
BRDA:195,17,0,870
BRF:18
BRH:17
end_of_record
