TN:
SF:src\index.ts
FN:1,get
FNF:1
FNH:1
FNDA:2,get
DA:1,2
DA:2,2
LF:2
LH:2
BRDA:1,0,0,2
BRF:1
BRH:1
end_of_record
TN:
SF:src\medama.ts
FN:14,createMedama
FN:39,resetInit
FN:44,subscribeToState
FN:64,readState
FN:74,setState
FN:92,resetState
FNF:6
FNH:6
FNDA:622,createMedama
FNDA:358,resetInit
FNDA:570,subscribeToState
FNDA:674,readState
FNDA:1286,setState
FNDA:62,resetState
DA:1,2
DA:2,2
DA:3,2
DA:4,2
DA:5,2
DA:6,2
DA:7,2
DA:8,2
DA:9,2
DA:10,2
DA:11,2
DA:12,2
DA:13,2
DA:14,2
DA:15,622
DA:16,622
DA:17,622
DA:18,622
DA:19,622
DA:20,622
DA:21,622
DA:22,622
DA:23,622
DA:24,622
DA:25,622
DA:26,622
DA:27,622
DA:28,622
DA:29,622
DA:30,622
DA:31,622
DA:32,622
DA:33,622
DA:34,622
DA:35,622
DA:36,622
DA:37,622
DA:38,622
DA:39,622
DA:40,358
DA:41,358
DA:42,622
DA:43,622
DA:44,622
DA:45,570
DA:46,570
DA:47,570
DA:48,570
DA:49,570
DA:50,570
DA:51,570
DA:52,570
DA:53,570
DA:54,570
DA:55,570
DA:56,570
DA:57,570
DA:58,136
DA:59,136
DA:60,136
DA:61,136
DA:62,622
DA:63,622
DA:64,622
DA:65,674
DA:66,674
DA:67,674
DA:68,62
DA:69,62
DA:70,62
DA:71,62
DA:72,622
DA:73,622
DA:74,622
DA:75,1286
DA:76,1286
DA:77,1286
DA:78,1274
DA:79,1274
DA:80,1286
DA:81,1262
DA:82,1262
DA:83,1262
DA:84,1262
DA:85,1286
DA:86,98
DA:87,98
DA:88,98
DA:89,98
DA:90,622
DA:91,622
DA:92,622
DA:93,62
DA:94,62
DA:95,62
DA:96,62
DA:97,62
DA:98,622
DA:99,622
DA:100,622
DA:101,622
DA:102,622
DA:103,622
LF:103
LH:103
BRDA:14,0,0,622
BRDA:39,1,0,358
BRDA:44,2,0,570
BRDA:57,3,0,136
BRDA:64,4,0,674
BRDA:67,5,0,62
BRDA:74,6,0,1286
BRDA:77,7,0,12
BRDA:78,8,0,1274
BRDA:80,9,0,12
BRDA:81,10,0,1262
BRDA:85,11,0,98
BRDA:92,12,0,62
BRF:13
BRH:13
end_of_record
TN:
SF:src\selectorStore.ts
FN:30,createSelectorStore
FN:51,getSelectorRecord
FN:69,getSelectorValue
FN:86,subscribeToStateInSelectorStore
FN:93,evaluateAndSubscribe
FN:107,unsubscribe
FN:112,resubscribe
FN:142,createSelectorRecord
FN:159,keyHandleCollector
FN:184,registerTrigger
FN:195,unregisterTrigger
FN:219,runSelectorWithMemoization
FN:240,selectorTrigger
FN:265,addSubscription
FN:279,getValue
FNF:15
FNH:15
FNDA:684,createSelectorStore
FNDA:1376,getSelectorRecord
FNDA:674,getSelectorValue
FNDA:570,subscribeToStateInSelectorStore
FNDA:702,evaluateAndSubscribe
FNDA:300,unsubscribe
FNDA:132,resubscribe
FNDA:1113,createSelectorRecord
FNDA:1743,keyHandleCollector
FNDA:2252,registerTrigger
FNDA:471,unregisterTrigger
FNDA:1904,runSelectorWithMemoization
FNDA:1112,selectorTrigger
FNDA:568,addSubscription
FNDA:1263,getValue
DA:1,2
DA:2,2
DA:3,2
DA:4,2
DA:5,2
DA:6,2
DA:7,2
DA:8,2
DA:9,2
DA:10,2
DA:11,2
DA:12,2
DA:13,2
DA:14,2
DA:15,2
DA:16,2
DA:17,2
DA:18,2
DA:19,2
DA:20,2
DA:21,2
DA:22,2
DA:23,2
DA:24,2
DA:25,2
DA:26,2
DA:27,2
DA:28,2
DA:29,2
DA:30,2
DA:31,684
DA:32,684
DA:33,684
DA:34,684
DA:35,684
DA:36,684
DA:37,684
DA:38,684
DA:39,684
DA:40,684
DA:41,684
DA:42,684
DA:43,684
DA:44,684
DA:45,684
DA:46,684
DA:47,684
DA:48,684
DA:49,684
DA:50,684
DA:51,684
DA:52,1376
DA:53,1376
DA:54,1376
DA:55,1376
DA:56,1376
DA:57,1376
DA:58,1376
DA:59,684
DA:60,684
DA:61,684
DA:62,684
DA:63,684
DA:64,684
DA:65,684
DA:66,684
DA:67,684
DA:68,684
DA:69,684
DA:70,674
DA:71,674
DA:72,674
DA:73,684
DA:74,684
DA:75,684
DA:76,684
DA:77,684
DA:78,684
DA:79,684
DA:80,684
DA:81,684
DA:82,684
DA:83,684
DA:84,684
DA:85,684
DA:86,684
DA:87,570
DA:88,570
DA:89,570
DA:90,570
DA:91,570
DA:92,570
DA:93,570
DA:94,702
DA:95,702
DA:96,702
DA:97,702
DA:98,702
DA:99,702
DA:100,702
DA:101,702
DA:102,702
DA:103,570
DA:104,570
DA:105,570
DA:106,570
DA:107,570
DA:108,300
DA:109,300
DA:110,570
DA:111,570
DA:112,570
DA:113,132
DA:114,132
DA:115,570
DA:116,570
DA:117,570
DA:118,684
DA:119,684
DA:120,684
DA:121,684
DA:122,2
DA:123,2
DA:124,2
DA:125,2
DA:126,2
DA:127,2
DA:128,2
DA:129,2
DA:130,2
DA:131,2
DA:132,2
DA:133,2
DA:134,2
DA:135,2
DA:136,2
DA:137,2
DA:138,2
DA:139,2
DA:140,2
DA:141,2
DA:142,2
DA:143,1113
DA:144,1113
DA:145,1113
DA:146,1113
DA:147,1113
DA:148,1113
DA:149,1113
DA:150,1113
DA:151,1113
DA:152,1113
DA:153,1113
DA:154,1113
DA:155,1113
DA:156,1113
DA:157,1113
DA:158,1113
DA:159,1113
DA:160,1743
DA:161,1113
DA:162,1113
DA:163,1113
DA:164,1113
DA:165,1113
DA:166,1113
DA:167,1113
DA:168,1113
DA:169,1113
DA:170,1113
DA:171,1113
DA:172,1113
DA:173,1113
DA:174,1113
DA:175,1113
DA:176,1113
DA:177,1113
DA:178,1113
DA:179,1113
DA:180,1113
DA:181,1113
DA:182,1113
DA:183,1113
DA:184,1113
DA:185,2252
DA:186,1076
DA:187,1076
DA:188,1866
DA:189,1866
DA:190,1076
DA:191,1076
DA:192,1076
DA:193,1113
DA:194,1113
DA:195,1113
DA:196,471
DA:197,1083
DA:198,471
DA:199,1113
DA:200,1113
DA:201,1113
DA:202,1113
DA:203,1113
DA:204,1113
DA:205,1113
DA:206,1113
DA:207,1113
DA:208,1113
DA:209,1113
DA:210,1113
DA:211,1113
DA:212,1113
DA:213,1113
DA:214,1113
DA:215,1113
DA:216,1113
DA:217,1113
DA:218,1113
DA:219,1113
DA:220,1904
DA:221,728
DA:222,728
DA:223,728
DA:224,1113
DA:225,1113
DA:226,1113
DA:227,1113
DA:228,1113
DA:229,1113
DA:230,1113
DA:231,1113
DA:232,1113
DA:233,1113
DA:234,1113
DA:235,1113
DA:236,1113
DA:237,1113
DA:238,1113
DA:239,1113
DA:240,1113
DA:241,1112
DA:242,1112
DA:243,1112
DA:244,471
DA:245,471
DA:246,471
DA:247,471
DA:248,471
DA:249,641
DA:250,641
DA:251,641
DA:252,641
DA:253,654
DA:254,641
DA:255,1113
DA:256,1113
DA:257,1113
DA:258,1113
DA:259,1113
DA:260,1113
DA:261,1113
DA:262,1113
DA:263,1113
DA:264,1113
DA:265,1113
DA:266,568
DA:267,568
DA:268,568
DA:269,242
DA:270,568
DA:271,1113
DA:272,1113
DA:273,1113
DA:274,1113
DA:275,1113
DA:276,1113
DA:277,1113
DA:278,1113
DA:279,1113
DA:280,1263
DA:281,1263
DA:282,1263
DA:283,1263
DA:284,1113
DA:285,1113
DA:286,1113
DA:287,1113
DA:288,1113
DA:289,1113
DA:290,1113
LF:290
LH:290
BRDA:30,0,0,684
BRDA:51,1,0,1376
BRDA:53,2,0,264
BRDA:53,3,0,1112
BRDA:69,4,0,674
BRDA:86,5,0,570
BRDA:93,6,0,702
BRDA:99,7,0,206
BRDA:100,8,0,360
BRDA:107,9,0,300
BRDA:108,10,0,240
BRDA:112,11,0,132
BRDA:142,12,0,1113
BRDA:159,13,0,1743
BRDA:184,14,0,2252
BRDA:185,15,0,1176
BRDA:186,16,0,1076
BRDA:187,17,0,1866
BRDA:189,18,0,1743
BRDA:195,19,0,471
BRDA:196,20,0,1083
BRDA:219,21,0,1904
BRDA:220,22,0,728
BRDA:240,23,0,1112
BRDA:243,24,0,471
BRDA:249,25,0,641
BRDA:252,26,0,654
BRDA:265,27,0,568
BRDA:268,28,0,242
BRDA:279,29,0,1263
BRDA:243,30,0,1109
BRF:31
BRH:31
end_of_record
TN:
SF:src\state.ts
FN:57,createStateImage
FN:71,restrictCalculation
FN:84,runWithRestrictionLifted
FN:108,runOverState
FN:129,createKeyHandleRecord
FN:132,keyHandle
FN:140,fireKey
FN:156,setState
FN:181,get
FN:193,set
FN:231,createJobQueue
FN:237,addToQueue
FN:243,runQueue
FNF:13
FNH:13
FNDA:686,createStateImage
FNDA:5173,restrictCalculation
FNDA:3129,runWithRestrictionLifted
FNDA:1854,runOverState
FNDA:881,createKeyHandleRecord
FNDA:1865,keyHandle
FNDA:1325,fireKey
FNDA:1275,setState
FNDA:3538,get
FNDA:1635,set
FNDA:687,createJobQueue
FNDA:1328,addToQueue
FNDA:1282,runQueue
DA:1,2
DA:2,2
DA:3,2
DA:4,2
DA:5,2
DA:6,2
DA:7,2
DA:8,2
DA:9,2
DA:10,2
DA:11,2
DA:12,2
DA:13,2
DA:14,2
DA:15,2
DA:16,2
DA:17,2
DA:18,2
DA:19,2
DA:20,2
DA:21,2
DA:22,2
DA:23,2
DA:24,2
DA:25,2
DA:26,2
DA:27,2
DA:28,2
DA:29,2
DA:30,2
DA:31,2
DA:32,2
DA:33,2
DA:34,2
DA:35,2
DA:36,2
DA:37,2
DA:38,2
DA:39,2
DA:40,2
DA:41,2
DA:42,2
DA:43,2
DA:44,2
DA:45,2
DA:46,2
DA:47,2
DA:48,2
DA:49,2
DA:50,2
DA:51,2
DA:52,2
DA:53,2
DA:54,2
DA:55,2
DA:56,2
DA:57,2
DA:58,686
DA:59,686
DA:60,686
DA:61,686
DA:62,686
DA:63,686
DA:64,686
DA:65,686
DA:66,686
DA:67,686
DA:68,686
DA:69,686
DA:70,686
DA:71,686
DA:72,5173
DA:73,5173
DA:74,686
DA:75,686
DA:76,686
DA:77,686
DA:78,686
DA:79,686
DA:80,686
DA:81,686
DA:82,686
DA:83,686
DA:84,686
DA:85,3129
DA:86,3129
DA:87,3129
DA:88,686
DA:89,686
DA:90,686
DA:91,686
DA:92,686
DA:93,686
DA:94,686
DA:95,686
DA:96,686
DA:97,686
DA:98,686
DA:99,686
DA:100,686
DA:101,686
DA:102,686
DA:103,686
DA:104,686
DA:105,686
DA:106,686
DA:107,686
DA:108,686
DA:109,1854
DA:110,1854
DA:111,1854
DA:112,1854
DA:113,1854
DA:114,1854
DA:115,1854
DA:116,1854
DA:117,686
DA:118,686
DA:119,686
DA:120,686
DA:121,686
DA:122,686
DA:123,686
DA:124,686
DA:125,686
DA:126,686
DA:127,686
DA:128,686
DA:129,686
DA:130,881
DA:131,881
DA:132,881
DA:133,1865
DA:134,1865
DA:135,1865
DA:136,1083
DA:137,1865
DA:138,881
DA:139,881
DA:140,881
DA:141,1325
DA:142,881
DA:143,881
DA:144,881
DA:145,686
DA:146,686
DA:147,686
DA:148,686
DA:149,686
DA:150,686
DA:151,686
DA:152,686
DA:153,686
DA:154,686
DA:155,686
DA:156,686
DA:157,1275
DA:158,1275
DA:159,1275
DA:160,1275
DA:161,1275
DA:162,1275
DA:163,1275
DA:164,1275
DA:165,1275
DA:166,1275
DA:167,1275
DA:168,686
DA:169,686
DA:170,686
DA:171,686
DA:172,686
DA:173,686
DA:174,686
DA:175,686
DA:176,686
DA:177,686
DA:178,686
DA:179,686
DA:180,686
DA:181,686
DA:182,3538
DA:183,3538
DA:184,3538
DA:185,1745
DA:186,1745
DA:187,1745
DA:188,1745
DA:189,3513
DA:190,3513
DA:191,686
DA:192,686
DA:193,686
DA:194,1635
DA:195,1635
DA:196,1635
DA:197,1635
DA:198,1635
DA:199,1635
DA:200,1635
DA:201,1635
DA:202,1635
DA:203,1635
DA:204,1635
DA:205,1635
DA:206,686
DA:207,686
DA:208,686
DA:209,686
DA:210,686
DA:211,686
DA:212,686
DA:213,686
DA:214,686
DA:215,686
DA:216,686
DA:217,686
DA:218,686
DA:219,2
DA:220,2
DA:221,2
DA:222,2
DA:223,2
DA:224,2
DA:225,2
DA:226,2
DA:227,2
DA:228,2
DA:229,2
DA:230,2
DA:231,2
DA:232,687
DA:233,687
DA:234,687
DA:235,687
DA:236,687
DA:237,687
DA:238,1328
DA:239,1349
DA:240,1328
DA:241,687
DA:242,687
DA:243,687
DA:244,1282
DA:245,1120
DA:246,1282
DA:247,1282
DA:248,1282
DA:249,687
DA:250,687
DA:251,687
DA:252,687
LF:252
LH:252
BRDA:57,0,0,686
BRDA:71,1,0,5173
BRDA:73,2,0,25
BRDA:84,3,0,3129
BRDA:108,4,0,1854
BRDA:113,5,0,1854
BRDA:129,6,0,881
BRDA:132,7,0,1865
BRDA:135,8,0,1083
BRDA:140,9,0,1325
BRDA:156,10,0,1275
BRDA:159,11,0,1275
BRDA:160,12,0,421
BRDA:160,13,0,854
BRDA:181,14,0,3538
BRDA:184,15,0,1745
BRDA:185,16,0,864
BRDA:185,17,0,881
BRDA:189,18,0,3513
BRDA:193,19,0,1635
BRDA:201,20,0,1447
BRDA:201,21,0,188
BRDA:203,22,0,1447
BRDA:203,23,0,1325
BRDA:231,24,0,687
BRDA:237,25,0,1328
BRDA:238,26,0,1349
BRDA:243,27,0,1282
BRDA:244,28,0,1120
BRF:29
BRH:29
end_of_record
TN:
SF:src\__tests__\medama.testcases.ts
FN:6,medamaTest
FN:26,describe.each.args.readState.readState
FN:36,describe.each.args.subscribeToState.subscribeToState
FN:51,describe.each.args.subscribeToState.subscribeToState
FN:70,describe.each.args.subscribeToState.subscribeToState
FN:93,setState.a
FN:241,testValue
FN:250,testValue
FN:267,testValue
FN:276,testValue
FN:285,testValue
FN:294,testValue
FN:303,testValue
FN:318,testValue
FN:1023,state
FN:1388,setState.a
FN:1397,setState.b
FNF:17
FNH:17
FNDA:2,medamaTest
FNDA:62,describe.each.args.readState.readState
FNDA:62,describe.each.args.subscribeToState.subscribeToState
FNDA:62,describe.each.args.subscribeToState.subscribeToState
FNDA:62,describe.each.args.subscribeToState.subscribeToState
FNDA:124,setState.a
FNDA:12,testValue
FNDA:12,testValue
FNDA:12,testValue
FNDA:12,testValue
FNDA:12,testValue
FNDA:12,testValue
FNDA:12,testValue
FNDA:12,testValue
FNDA:12,state
FNDA:12,setState.a
FNDA:24,setState.b
DA:1,1
DA:2,1
DA:3,1
DA:4,1
DA:5,1
DA:6,1
DA:7,2
DA:8,2
DA:9,2
DA:10,2
DA:11,2
DA:12,2
DA:13,2
DA:14,2
DA:15,2
DA:16,2
DA:17,2
DA:18,2
DA:19,2
DA:20,2
DA:21,2
DA:22,2
DA:23,2
DA:24,2
DA:25,2
DA:26,2
DA:27,62
DA:28,62
DA:29,62
DA:30,62
DA:31,2
DA:32,2
DA:33,2
DA:34,2
DA:35,2
DA:36,2
DA:37,62
DA:38,62
DA:39,62
DA:40,62
DA:41,62
DA:42,62
DA:43,62
DA:44,62
DA:45,62
DA:46,2
DA:47,2
DA:48,2
DA:49,2
DA:50,2
DA:51,2
DA:52,62
DA:53,62
DA:54,62
DA:55,62
DA:56,62
DA:57,62
DA:58,62
DA:59,62
DA:60,62
DA:61,62
DA:62,62
DA:63,62
DA:64,62
DA:65,2
DA:66,2
DA:67,2
DA:68,2
DA:69,2
DA:70,2
DA:71,62
DA:72,62
DA:73,62
DA:74,62
DA:75,62
DA:76,62
DA:77,62
DA:78,62
DA:79,62
DA:80,62
DA:81,62
DA:82,62
DA:83,62
DA:84,2
DA:85,2
DA:86,2
DA:87,2
DA:88,2
DA:89,2
DA:90,62
DA:91,62
DA:92,62
DA:93,62
DA:94,62
DA:95,62
DA:96,62
DA:97,62
DA:98,62
DA:99,62
DA:100,62
DA:101,62
DA:102,62
DA:103,2
DA:104,2
DA:105,2
DA:106,12
DA:107,12
DA:108,12
DA:109,12
DA:110,12
DA:111,12
DA:112,12
DA:113,12
DA:114,12
DA:115,12
DA:116,12
DA:117,12
DA:118,12
DA:119,12
DA:120,12
DA:121,12
DA:122,12
DA:123,12
DA:124,12
DA:125,12
DA:126,12
DA:127,12
DA:128,12
DA:129,12
DA:130,12
DA:131,12
DA:132,12
DA:133,12
DA:134,12
DA:135,12
DA:136,12
DA:137,12
DA:138,12
DA:139,12
DA:140,12
DA:141,12
DA:142,12
DA:143,12
DA:144,12
DA:145,12
DA:146,12
DA:147,12
DA:148,12
DA:149,12
DA:150,12
DA:151,12
DA:152,12
DA:153,12
DA:154,12
DA:155,12
DA:156,12
DA:157,12
DA:158,12
DA:159,12
DA:160,12
DA:161,12
DA:162,12
DA:163,12
DA:164,12
DA:165,12
DA:166,12
DA:167,12
DA:168,12
DA:169,12
DA:170,12
DA:171,12
DA:172,12
DA:173,12
DA:174,12
DA:175,12
DA:176,12
DA:177,12
DA:178,12
DA:179,12
DA:180,12
DA:181,12
DA:182,12
DA:183,12
DA:184,12
DA:185,12
DA:186,12
DA:187,12
DA:188,12
DA:189,12
DA:190,12
DA:191,12
DA:192,12
DA:193,12
DA:194,12
DA:195,12
DA:196,12
DA:197,12
DA:198,12
DA:199,12
DA:200,12
DA:201,12
DA:202,12
DA:203,12
DA:204,12
DA:205,12
DA:206,12
DA:207,12
DA:208,12
DA:209,12
DA:210,12
DA:211,12
DA:212,12
DA:213,12
DA:214,12
DA:215,12
DA:216,12
DA:217,12
DA:218,12
DA:219,12
DA:220,12
DA:221,12
DA:222,12
DA:223,12
DA:224,12
DA:225,12
DA:226,12
DA:227,12
DA:228,12
DA:229,12
DA:230,12
DA:231,12
DA:232,12
DA:233,12
DA:234,12
DA:235,12
DA:236,12
DA:237,12
DA:238,12
DA:239,12
DA:240,12
DA:241,12
DA:242,12
DA:243,12
DA:244,12
DA:245,12
DA:246,12
DA:247,12
DA:248,12
DA:249,12
DA:250,12
DA:251,12
DA:252,12
DA:253,12
DA:254,12
DA:255,12
DA:256,12
DA:257,12
DA:258,12
DA:259,12
DA:260,12
DA:261,12
DA:262,12
DA:263,12
DA:264,12
DA:265,12
DA:266,12
DA:267,12
DA:268,12
DA:269,12
DA:270,12
DA:271,12
DA:272,12
DA:273,12
DA:274,12
DA:275,12
DA:276,12
DA:277,12
DA:278,12
DA:279,12
DA:280,12
DA:281,12
DA:282,12
DA:283,12
DA:284,12
DA:285,12
DA:286,12
DA:287,12
DA:288,12
DA:289,12
DA:290,12
DA:291,12
DA:292,12
DA:293,12
DA:294,12
DA:295,12
DA:296,12
DA:297,12
DA:298,12
DA:299,12
DA:300,12
DA:301,12
DA:302,12
DA:303,12
DA:304,12
DA:305,12
DA:306,12
DA:307,12
DA:308,12
DA:309,12
DA:310,12
DA:311,12
DA:312,12
DA:313,12
DA:314,12
DA:315,12
DA:316,12
DA:317,12
DA:318,12
DA:319,12
DA:320,12
DA:321,12
DA:322,12
DA:323,12
DA:324,12
DA:325,12
DA:326,12
DA:327,12
DA:328,12
DA:329,12
DA:330,12
DA:331,12
DA:332,12
DA:333,12
DA:334,12
DA:335,12
DA:336,12
DA:337,12
DA:338,12
DA:339,12
DA:340,12
DA:341,12
DA:342,12
DA:343,12
DA:344,12
DA:345,48
DA:346,12
DA:347,12
DA:348,12
DA:349,12
DA:350,12
DA:351,12
DA:352,12
DA:353,12
DA:354,12
DA:355,12
DA:356,12
DA:357,12
DA:358,12
DA:359,12
DA:360,12
DA:361,12
DA:362,12
DA:363,12
DA:364,12
DA:365,12
DA:366,12
DA:367,12
DA:368,12
DA:369,12
DA:370,12
DA:371,12
DA:372,12
DA:373,12
DA:374,12
DA:375,12
DA:376,12
DA:377,12
DA:378,12
DA:379,12
DA:380,12
DA:381,12
DA:382,12
DA:383,12
DA:384,12
DA:385,12
DA:386,12
DA:387,12
DA:388,12
DA:389,12
DA:390,12
DA:391,12
DA:392,12
DA:393,12
DA:394,12
DA:395,12
DA:396,12
DA:397,12
DA:398,12
DA:399,12
DA:400,36
DA:401,12
DA:402,12
DA:403,12
DA:404,12
DA:405,12
DA:406,12
DA:407,12
DA:408,12
DA:409,12
DA:410,12
DA:411,12
DA:412,12
DA:413,12
DA:414,12
DA:415,12
DA:416,12
DA:417,12
DA:418,12
DA:419,12
DA:420,12
DA:421,12
DA:422,12
DA:423,12
DA:424,12
DA:425,12
DA:426,12
DA:427,12
DA:428,12
DA:429,12
DA:430,12
DA:431,12
DA:432,12
DA:433,12
DA:434,12
DA:435,12
DA:436,12
DA:437,12
DA:438,12
DA:439,12
DA:440,12
DA:441,12
DA:442,12
DA:443,12
DA:444,12
DA:445,12
DA:446,12
DA:447,12
DA:448,12
DA:449,12
DA:450,12
DA:451,12
DA:452,12
DA:453,12
DA:454,12
DA:455,12
DA:456,12
DA:457,12
DA:458,12
DA:459,12
DA:460,12
DA:461,12
DA:462,12
DA:463,12
DA:464,12
DA:465,12
DA:466,12
DA:467,12
DA:468,12
DA:469,12
DA:470,12
DA:471,12
DA:472,12
DA:473,12
DA:474,12
DA:475,12
DA:476,12
DA:477,12
DA:478,12
DA:479,12
DA:480,12
DA:481,12
DA:482,12
DA:483,12
DA:484,48
DA:485,12
DA:486,12
DA:487,12
DA:488,12
DA:489,12
DA:490,12
DA:491,12
DA:492,12
DA:493,12
DA:494,12
DA:495,12
DA:496,12
DA:497,12
DA:498,12
DA:499,12
DA:500,12
DA:501,12
DA:502,12
DA:503,12
DA:504,12
DA:505,12
DA:506,12
DA:507,12
DA:508,12
DA:509,12
DA:510,12
DA:511,12
DA:512,12
DA:513,12
DA:514,12
DA:515,12
DA:516,12
DA:517,12
DA:518,12
DA:519,12
DA:520,12
DA:521,12
DA:522,12
DA:523,12
DA:524,12
DA:525,12
DA:526,12
DA:527,12
DA:528,12
DA:529,12
DA:530,12
DA:531,12
DA:532,12
DA:533,12
DA:534,12
DA:535,12
DA:536,12
DA:537,12
DA:538,12
DA:539,12
DA:540,12
DA:541,12
DA:542,12
DA:543,12
DA:544,12
DA:545,12
DA:546,12
DA:547,12
DA:548,12
DA:549,12
DA:550,12
DA:551,12
DA:552,12
DA:553,12
DA:554,12
DA:555,12
DA:556,12
DA:557,12
DA:558,12
DA:559,12
DA:560,12
DA:561,36
DA:562,12
DA:563,12
DA:564,12
DA:565,12
DA:566,12
DA:567,12
DA:568,12
DA:569,12
DA:570,12
DA:571,12
DA:572,12
DA:573,12
DA:574,12
DA:575,12
DA:576,12
DA:577,12
DA:578,12
DA:579,12
DA:580,12
DA:581,12
DA:582,12
DA:583,12
DA:584,12
DA:585,12
DA:586,12
DA:587,12
DA:588,12
DA:589,12
DA:590,12
DA:591,12
DA:592,12
DA:593,12
DA:594,12
DA:595,12
DA:596,12
DA:597,12
DA:598,12
DA:599,12
DA:600,12
DA:601,12
DA:602,12
DA:603,12
DA:604,12
DA:605,12
DA:606,12
DA:607,12
DA:608,12
DA:609,12
DA:610,12
DA:611,12
DA:612,12
DA:613,12
DA:614,12
DA:615,12
DA:616,12
DA:617,12
DA:618,12
DA:619,12
DA:620,12
DA:621,12
DA:622,12
DA:623,12
DA:624,12
DA:625,12
DA:626,12
DA:627,12
DA:628,12
DA:629,12
DA:630,12
DA:631,12
DA:632,12
DA:633,12
DA:634,12
DA:635,12
DA:636,12
DA:637,12
DA:638,12
DA:639,12
DA:640,12
DA:641,12
DA:642,12
DA:643,12
DA:644,12
DA:645,12
DA:646,12
DA:647,12
DA:648,12
DA:649,12
DA:650,12
DA:651,12
DA:652,12
DA:653,12
DA:654,12
DA:655,12
DA:656,12
DA:657,12
DA:658,12
DA:659,12
DA:660,12
DA:661,12
DA:662,12
DA:663,12
DA:664,12
DA:665,12
DA:666,12
DA:667,12
DA:668,12
DA:669,12
DA:670,12
DA:671,12
DA:672,12
DA:673,12
DA:674,12
DA:675,12
DA:676,12
DA:677,12
DA:678,12
DA:679,12
DA:680,12
DA:681,24
DA:682,12
DA:683,12
DA:684,12
DA:685,12
DA:686,12
DA:687,12
DA:688,12
DA:689,12
DA:690,12
DA:691,12
DA:692,12
DA:693,12
DA:694,12
DA:695,12
DA:696,12
DA:697,12
DA:698,12
DA:699,12
DA:700,12
DA:701,12
DA:702,12
DA:703,12
DA:704,12
DA:705,12
DA:706,12
DA:707,12
DA:708,12
DA:709,12
DA:710,12
DA:711,12
DA:712,12
DA:713,12
DA:714,12
DA:715,12
DA:716,12
DA:717,12
DA:718,12
DA:719,12
DA:720,12
DA:721,12
DA:722,12
DA:723,12
DA:724,12
DA:725,12
DA:726,12
DA:727,12
DA:728,12
DA:729,12
DA:730,12
DA:731,12
DA:732,12
DA:733,12
DA:734,12
DA:735,12
DA:736,12
DA:737,12
DA:738,12
DA:739,12
DA:740,12
DA:741,12
DA:742,12
DA:743,12
DA:744,12
DA:745,12
DA:746,12
DA:747,12
DA:748,12
DA:749,12
DA:750,12
DA:751,12
DA:752,12
DA:753,12
DA:754,12
DA:755,12
DA:756,12
DA:757,12
DA:758,12
DA:759,12
DA:760,12
DA:761,12
DA:762,12
DA:763,12
DA:764,12
DA:765,12
DA:766,12
DA:767,12
DA:768,12
DA:769,12
DA:770,12
DA:771,12
DA:772,12
DA:773,12
DA:774,12
DA:775,12
DA:776,12
DA:777,12
DA:778,12
DA:779,12
DA:780,12
DA:781,12
DA:782,12
DA:783,12
DA:784,12
DA:785,12
DA:786,12
DA:787,12
DA:788,12
DA:789,12
DA:790,12
DA:791,12
DA:792,12
DA:793,12
DA:794,12
DA:795,12
DA:796,12
DA:797,12
DA:798,12
DA:799,12
DA:800,12
DA:801,12
DA:802,12
DA:803,12
DA:804,12
DA:805,12
DA:806,12
DA:807,12
DA:808,12
DA:809,12
DA:810,12
DA:811,12
DA:812,12
DA:813,12
DA:814,12
DA:815,24
DA:816,12
DA:817,12
DA:818,12
DA:819,12
DA:820,12
DA:821,12
DA:822,12
DA:823,12
DA:824,12
DA:825,12
DA:826,12
DA:827,12
DA:828,12
DA:829,12
DA:830,12
DA:831,12
DA:832,24
DA:833,12
DA:834,12
DA:835,12
DA:836,12
DA:837,12
DA:838,12
DA:839,12
DA:840,12
DA:841,12
DA:842,12
DA:843,12
DA:844,12
DA:845,12
DA:846,12
DA:847,12
DA:848,12
DA:849,12
DA:850,12
DA:851,12
DA:852,12
DA:853,12
DA:854,12
DA:855,12
DA:856,12
DA:857,12
DA:858,12
DA:859,12
DA:860,12
DA:861,12
DA:862,12
DA:863,12
DA:864,12
DA:865,12
DA:866,12
DA:867,12
DA:868,12
DA:869,12
DA:870,12
DA:871,12
DA:872,12
DA:873,12
DA:874,12
DA:875,12
DA:876,12
DA:877,12
DA:878,12
DA:879,12
DA:880,12
DA:881,12
DA:882,12
DA:883,12
DA:884,12
DA:885,12
DA:886,12
DA:887,12
DA:888,12
DA:889,12
DA:890,12
DA:891,12
DA:892,12
DA:893,12
DA:894,12
DA:895,12
DA:896,12
DA:897,12
DA:898,12
DA:899,12
DA:900,12
DA:901,12
DA:902,12
DA:903,12
DA:904,12
DA:905,12
DA:906,12
DA:907,12
DA:908,12
DA:909,12
DA:910,12
DA:911,12
DA:912,12
DA:913,12
DA:914,12
DA:915,12
DA:916,12
DA:917,12
DA:918,12
DA:919,12
DA:920,12
DA:921,12
DA:922,12
DA:923,12
DA:924,12
DA:925,12
DA:926,12
DA:927,12
DA:928,12
DA:929,12
DA:930,12
DA:931,12
DA:932,12
DA:933,12
DA:934,48
DA:935,48
DA:936,48
DA:937,12
DA:938,12
DA:939,12
DA:940,12
DA:941,12
DA:942,12
DA:943,12
DA:944,12
DA:945,12
DA:946,12
DA:947,12
DA:948,12
DA:949,12
DA:950,12
DA:951,12
DA:952,12
DA:953,12
DA:954,12
DA:955,12
DA:956,12
DA:957,12
DA:958,12
DA:959,12
DA:960,12
DA:961,12
DA:962,12
DA:963,12
DA:964,12
DA:965,12
DA:966,12
DA:967,12
DA:968,12
DA:969,12
DA:970,12
DA:971,12
DA:972,12
DA:973,12
DA:974,12
DA:975,12
DA:976,12
DA:977,12
DA:978,12
DA:979,12
DA:980,12
DA:981,12
DA:982,12
DA:983,12
DA:984,12
DA:985,12
DA:986,12
DA:987,12
DA:988,12
DA:989,12
DA:990,12
DA:991,12
DA:992,12
DA:993,12
DA:994,12
DA:995,12
DA:996,12
DA:997,12
DA:998,12
DA:999,12
DA:1000,12
DA:1001,12
DA:1002,12
DA:1003,12
DA:1004,12
DA:1005,12
DA:1006,12
DA:1007,12
DA:1008,12
DA:1009,12
DA:1010,12
DA:1011,12
DA:1012,12
DA:1013,12
DA:1014,12
DA:1015,12
DA:1016,12
DA:1017,12
DA:1018,12
DA:1019,12
DA:1020,12
DA:1021,12
DA:1022,12
DA:1023,12
DA:1024,12
DA:1025,12
DA:1026,12
DA:1027,12
DA:1028,12
DA:1029,12
DA:1030,12
DA:1031,12
DA:1032,12
DA:1033,12
DA:1034,12
DA:1035,12
DA:1036,12
DA:1037,12
DA:1038,12
DA:1039,12
DA:1040,12
DA:1041,12
DA:1042,12
DA:1043,12
DA:1044,12
DA:1045,12
DA:1046,12
DA:1047,12
DA:1048,12
DA:1049,12
DA:1050,12
DA:1051,12
DA:1052,12
DA:1053,12
DA:1054,12
DA:1055,12
DA:1056,12
DA:1057,12
DA:1058,12
DA:1059,12
DA:1060,12
DA:1061,12
DA:1062,12
DA:1063,12
DA:1064,12
DA:1065,12
DA:1066,12
DA:1067,12
DA:1068,12
DA:1069,12
DA:1070,12
DA:1071,12
DA:1072,12
DA:1073,12
DA:1074,12
DA:1075,12
DA:1076,12
DA:1077,12
DA:1078,12
DA:1079,12
DA:1080,12
DA:1081,12
DA:1082,12
DA:1083,12
DA:1084,12
DA:1085,12
DA:1086,12
DA:1087,12
DA:1088,12
DA:1089,12
DA:1090,12
DA:1091,24
DA:1092,12
DA:1093,12
DA:1094,12
DA:1095,12
DA:1096,12
DA:1097,12
DA:1098,12
DA:1099,12
DA:1100,36
DA:1101,12
DA:1102,12
DA:1103,12
DA:1104,12
DA:1105,12
DA:1106,12
DA:1107,12
DA:1108,12
DA:1109,12
DA:1110,12
DA:1111,12
DA:1112,12
DA:1113,12
DA:1114,12
DA:1115,12
DA:1116,12
DA:1117,12
DA:1118,12
DA:1119,12
DA:1120,12
DA:1121,12
DA:1122,12
DA:1123,12
DA:1124,12
DA:1125,12
DA:1126,12
DA:1127,12
DA:1128,12
DA:1129,12
DA:1130,12
DA:1131,12
DA:1132,12
DA:1133,12
DA:1134,12
DA:1135,12
DA:1136,12
DA:1137,12
DA:1138,12
DA:1139,12
DA:1140,12
DA:1141,12
DA:1142,24
DA:1143,12
DA:1144,12
DA:1145,12
DA:1146,12
DA:1147,12
DA:1148,12
DA:1149,12
DA:1150,12
DA:1151,12
DA:1152,12
DA:1153,12
DA:1154,12
DA:1155,12
DA:1156,12
DA:1157,12
DA:1158,12
DA:1159,12
DA:1160,12
DA:1161,12
DA:1162,96
DA:1163,12
DA:1164,12
DA:1165,12
DA:1166,12
DA:1167,12
DA:1168,12
DA:1169,12
DA:1170,12
DA:1171,12
DA:1172,12
DA:1173,12
DA:1174,12
DA:1175,12
DA:1176,12
DA:1177,12
DA:1178,12
DA:1179,12
DA:1180,12
DA:1181,12
DA:1182,12
DA:1183,12
DA:1184,12
DA:1185,12
DA:1186,12
DA:1187,12
DA:1188,12
DA:1189,12
DA:1190,12
DA:1191,12
DA:1192,12
DA:1193,12
DA:1194,12
DA:1195,12
DA:1196,12
DA:1197,12
DA:1198,12
DA:1199,12
DA:1200,12
DA:1201,12
DA:1202,12
DA:1203,12
DA:1204,12
DA:1205,12
DA:1206,12
DA:1207,12
DA:1208,12
DA:1209,12
DA:1210,12
DA:1211,12
DA:1212,12
DA:1213,12
DA:1214,12
DA:1215,12
DA:1216,12
DA:1217,12
DA:1218,12
DA:1219,12
DA:1220,12
DA:1221,12
DA:1222,12
DA:1223,12
DA:1224,12
DA:1225,12
DA:1226,12
DA:1227,12
DA:1228,12
DA:1229,12
DA:1230,12
DA:1231,12
DA:1232,12
DA:1233,12
DA:1234,12
DA:1235,12
DA:1236,12
DA:1237,12
DA:1238,12
DA:1239,12
DA:1240,12
DA:1241,12
DA:1242,12
DA:1243,12
DA:1244,12
DA:1245,12
DA:1246,12
DA:1247,12
DA:1248,12
DA:1249,12
DA:1250,12
DA:1251,12
DA:1252,12
DA:1253,24
DA:1254,12
DA:1255,12
DA:1256,12
DA:1257,12
DA:1258,12
DA:1259,12
DA:1260,12
DA:1261,12
DA:1262,12
DA:1263,12
DA:1264,12
DA:1265,12
DA:1266,12
DA:1267,12
DA:1268,12
DA:1269,12
DA:1270,12
DA:1271,12
DA:1272,12
DA:1273,12
DA:1274,12
DA:1275,12
DA:1276,12
DA:1277,12
DA:1278,12
DA:1279,12
DA:1280,12
DA:1281,12
DA:1282,12
DA:1283,12
DA:1284,12
DA:1285,12
DA:1286,12
DA:1287,12
DA:1288,12
DA:1289,12
DA:1290,12
DA:1291,12
DA:1292,12
DA:1293,12
DA:1294,12
DA:1295,12
DA:1296,12
DA:1297,12
DA:1298,12
DA:1299,12
DA:1300,12
DA:1301,12
DA:1302,12
DA:1303,12
DA:1304,12
DA:1305,12
DA:1306,12
DA:1307,12
DA:1308,12
DA:1309,12
DA:1310,12
DA:1311,12
DA:1312,12
DA:1313,12
DA:1314,12
DA:1315,24
DA:1316,12
DA:1317,12
DA:1318,12
DA:1319,12
DA:1320,12
DA:1321,12
DA:1322,12
DA:1323,12
DA:1324,12
DA:1325,12
DA:1326,12
DA:1327,12
DA:1328,12
DA:1329,12
DA:1330,12
DA:1331,12
DA:1332,12
DA:1333,12
DA:1334,12
DA:1335,12
DA:1336,12
DA:1337,12
DA:1338,12
DA:1339,12
DA:1340,12
DA:1341,12
DA:1342,12
DA:1343,12
DA:1344,12
DA:1345,12
DA:1346,12
DA:1347,12
DA:1348,12
DA:1349,12
DA:1350,12
DA:1351,12
DA:1352,12
DA:1353,12
DA:1354,12
DA:1355,12
DA:1356,12
DA:1357,12
DA:1358,12
DA:1359,12
DA:1360,12
DA:1361,12
DA:1362,12
DA:1363,12
DA:1364,12
DA:1365,12
DA:1366,12
DA:1367,12
DA:1368,12
DA:1369,12
DA:1370,12
DA:1371,12
DA:1372,24
DA:1373,12
DA:1374,12
DA:1375,12
DA:1376,12
DA:1377,12
DA:1378,12
DA:1379,12
DA:1380,12
DA:1381,12
DA:1382,12
DA:1383,12
DA:1384,12
DA:1385,12
DA:1386,12
DA:1387,12
DA:1388,12
DA:1389,12
DA:1390,12
DA:1391,12
DA:1392,12
DA:1393,12
DA:1394,12
DA:1395,12
DA:1396,12
DA:1397,12
DA:1398,12
DA:1399,12
DA:1400,12
DA:1401,12
DA:1402,12
DA:1403,12
DA:1404,12
DA:1405,12
DA:1406,12
DA:1407,12
DA:1408,12
DA:1409,12
DA:1410,12
DA:1411,12
DA:1412,12
DA:1413,12
DA:1414,12
DA:1415,12
DA:1416,72
DA:1417,12
DA:1418,12
DA:1419,12
DA:1420,12
DA:1421,12
DA:1422,12
DA:1423,12
DA:1424,12
DA:1425,12
DA:1426,12
DA:1427,12
DA:1428,12
DA:1429,12
DA:1430,12
DA:1431,12
DA:1432,12
DA:1433,12
DA:1434,12
DA:1435,12
DA:1436,12
DA:1437,12
DA:1438,12
DA:1439,12
DA:1440,12
DA:1441,12
DA:1442,12
DA:1443,12
DA:1444,12
DA:1445,12
DA:1446,12
DA:1447,12
DA:1448,12
DA:1449,12
DA:1450,12
DA:1451,12
DA:1452,12
DA:1453,12
DA:1454,12
DA:1455,12
DA:1456,12
DA:1457,12
DA:1458,12
DA:1459,2
DA:1460,2
LF:1460
LH:1460
BRDA:6,0,0,2
BRDA:9,1,0,2
BRDA:10,2,0,2
BRDA:26,3,0,62
BRDA:36,4,0,62
BRDA:39,5,0,62
BRDA:40,6,0,62
BRDA:51,7,0,62
BRDA:54,8,0,62
BRDA:56,9,0,62
BRDA:70,10,0,62
BRDA:73,11,0,62
BRDA:75,12,0,62
BRDA:77,13,0,62
BRDA:89,14,0,62
BRDA:93,15,0,124
BRDA:95,16,0,62
BRDA:95,17,0,62
BRDA:100,18,0,62
BRDA:105,19,0,12
BRDA:106,20,0,12
BRDA:109,21,0,12
BRDA:110,22,0,12
BRDA:111,23,0,12
BRDA:112,24,0,12
BRDA:115,25,0,12
BRDA:118,26,0,12
BRDA:119,27,0,12
BRDA:120,28,0,12
BRDA:123,29,0,12
BRDA:127,30,0,12
BRDA:130,31,0,12
BRDA:133,32,0,12
BRDA:140,33,0,12
BRDA:143,34,0,12
BRDA:146,35,0,12
BRDA:147,36,0,12
BRDA:149,37,0,12
BRDA:150,38,0,12
BRDA:152,39,0,12
BRDA:153,40,0,12
BRDA:155,41,0,12
BRDA:160,42,0,12
BRDA:163,43,0,12
BRDA:166,44,0,12
BRDA:167,45,0,12
BRDA:169,46,0,12
BRDA:170,47,0,12
BRDA:172,48,0,12
BRDA:173,49,0,12
BRDA:175,50,0,12
BRDA:176,51,0,12
BRDA:178,52,0,12
BRDA:181,53,0,12
BRDA:183,54,0,12
BRDA:184,55,0,12
BRDA:187,56,0,12
BRDA:193,57,0,12
BRDA:196,58,0,12
BRDA:199,59,0,12
BRDA:200,60,0,12
BRDA:202,61,0,12
BRDA:203,62,0,12
BRDA:206,63,0,12
BRDA:212,64,0,12
BRDA:215,65,0,12
BRDA:221,66,0,12
BRDA:224,67,0,12
BRDA:232,68,0,12
BRDA:235,69,0,12
BRDA:241,70,0,12
BRDA:243,71,0,12
BRDA:250,72,0,12
BRDA:252,73,0,12
BRDA:261,74,0,12
BRDA:267,75,0,12
BRDA:269,76,0,12
BRDA:276,77,0,12
BRDA:278,78,0,12
BRDA:285,79,0,12
BRDA:287,80,0,12
BRDA:294,81,0,12
BRDA:296,82,0,12
BRDA:303,83,0,12
BRDA:305,84,0,12
BRDA:312,85,0,12
BRDA:318,86,0,12
BRDA:320,87,0,12
BRDA:327,88,0,12
BRDA:333,89,0,12
BRDA:340,90,0,12
BRDA:344,91,0,48
BRDA:348,92,0,48
BRDA:363,93,0,12
BRDA:368,94,0,12
BRDA:373,95,0,12
BRDA:378,96,0,12
BRDA:383,97,0,12
BRDA:388,98,0,12
BRDA:395,99,0,12
BRDA:399,100,0,36
BRDA:403,101,0,12
BRDA:409,102,0,48
BRDA:430,103,0,12
BRDA:437,104,0,12
BRDA:444,105,0,12
BRDA:451,106,0,12
BRDA:458,107,0,12
BRDA:464,108,0,12
BRDA:471,109,0,12
BRDA:475,110,0,12
BRDA:479,111,0,48
BRDA:483,112,0,48
BRDA:502,113,0,12
BRDA:507,114,0,12
BRDA:512,115,0,12
BRDA:517,116,0,12
BRDA:522,117,0,12
BRDA:527,118,0,12
BRDA:534,119,0,12
BRDA:538,120,0,12
BRDA:542,121,0,12
BRDA:548,122,0,60
BRDA:560,123,0,36
BRDA:564,124,0,12
BRDA:591,125,0,12
BRDA:598,126,0,12
BRDA:605,127,0,12
BRDA:612,128,0,12
BRDA:619,129,0,12
BRDA:625,130,0,12
BRDA:631,131,0,12
BRDA:635,132,0,12
BRDA:639,133,0,12
BRDA:645,134,0,24
BRDA:672,135,0,12
BRDA:678,136,0,24
BRDA:680,137,0,24
BRDA:707,138,0,12
BRDA:713,139,0,12
BRDA:717,140,0,12
BRDA:721,141,0,12
BRDA:728,142,0,48
BRDA:758,143,0,12
BRDA:762,144,0,12
BRDA:781,145,0,12
BRDA:790,146,0,12
BRDA:794,147,0,12
BRDA:800,148,0,12
BRDA:802,149,0,48
BRDA:814,150,0,24
BRDA:818,151,0,12
BRDA:831,152,0,24
BRDA:835,153,0,12
BRDA:841,154,0,36
BRDA:924,155,0,12
BRDA:931,156,0,36
BRDA:933,157,0,48
BRDA:949,158,0,24
BRDA:971,159,0,12
BRDA:974,160,0,36
BRDA:975,161,0,12
BRDA:977,162,0,48
BRDA:984,163,0,12
BRDA:991,164,0,12
BRDA:998,165,0,12
BRDA:1005,166,0,12
BRDA:1010,167,0,12
BRDA:1014,168,0,12
BRDA:1016,169,0,12
BRDA:1017,170,0,12
BRDA:1023,171,0,12
BRDA:1029,172,0,12
BRDA:1034,173,0,12
BRDA:1038,174,0,12
BRDA:1043,175,0,60
BRDA:1045,176,0,36
BRDA:1063,177,0,12
BRDA:1072,178,0,24
BRDA:1080,179,0,12
BRDA:1085,180,0,60
BRDA:1090,181,0,24
BRDA:1099,182,0,36
BRDA:1134,183,0,12
BRDA:1141,184,0,24
BRDA:1155,185,0,12
BRDA:1161,186,0,96
BRDA:1165,187,0,60
BRDA:1179,188,0,36
BRDA:1243,189,0,12
BRDA:1248,190,0,36
BRDA:1252,191,0,24
BRDA:1290,192,0,12
BRDA:1301,193,0,12
BRDA:1306,194,0,24
BRDA:1314,195,0,24
BRDA:1326,196,0,12
BRDA:1331,197,0,24
BRDA:1346,198,0,12
BRDA:1351,199,0,24
BRDA:1362,200,0,12
BRDA:1367,201,0,24
BRDA:1371,202,0,24
BRDA:1383,203,0,12
BRDA:1386,204,0,12
BRDA:1388,205,0,12
BRDA:1390,206,0,12
BRDA:1397,207,0,24
BRDA:1399,208,0,12
BRDA:1399,209,0,12
BRDA:1404,210,0,12
BRDA:1409,211,0,12
BRDA:1415,212,0,72
BRDA:1416,213,0,12
BRDA:1416,214,0,60
BRDA:1419,215,0,36
BRDA:1446,216,0,36
BRF:217
BRH:217
end_of_record
