{"D:\\projects\\medama-work\\packages\\@medamajs\\compose\\src\\composeMedama.ts": {"path":"D:\\projects\\medama-work\\packages\\@medamajs\\compose\\src\\composeMedama.ts","all":false,"statementMap":{"0":{"start":{"line":1,"column":0},"end":{"line":1,"column":8}},"1":{"start":{"line":2,"column":0},"end":{"line":2,"column":13}},"2":{"start":{"line":3,"column":0},"end":{"line":3,"column":19}},"3":{"start":{"line":4,"column":0},"end":{"line":4,"column":16}},"4":{"start":{"line":5,"column":0},"end":{"line":5,"column":24}},"5":{"start":{"line":6,"column":0},"end":{"line":6,"column":20}},"6":{"start":{"line":7,"column":0},"end":{"line":7,"column":23}},"7":{"start":{"line":8,"column":0},"end":{"line":8,"column":27}},"8":{"start":{"line":9,"column":0},"end":{"line":9,"column":28}},"9":{"start":{"line":10,"column":0},"end":{"line":10,"column":16}},"10":{"start":{"line":11,"column":0},"end":{"line":11,"column":13}},"11":{"start":{"line":12,"column":0},"end":{"line":12,"column":10}},"12":{"start":{"line":13,"column":0},"end":{"line":13,"column":17}},"13":{"start":{"line":14,"column":0},"end":{"line":14,"column":14}},"14":{"start":{"line":15,"column":0},"end":{"line":15,"column":33}},"15":{"start":{"line":16,"column":0},"end":{"line":16,"column":26}},"16":{"start":{"line":17,"column":0},"end":{"line":17,"column":72}},"17":{"start":{"line":18,"column":0},"end":{"line":18,"column":80}},"18":{"start":{"line":19,"column":0},"end":{"line":19,"column":74}},"19":{"start":{"line":20,"column":0},"end":{"line":20,"column":44}},"20":{"start":{"line":21,"column":0},"end":{"line":21,"column":8}},"21":{"start":{"line":22,"column":0},"end":{"line":22,"column":28}},"22":{"start":{"line":23,"column":0},"end":{"line":23,"column":30}},"23":{"start":{"line":24,"column":0},"end":{"line":24,"column":18}},"24":{"start":{"line":25,"column":0},"end":{"line":25,"column":23}},"25":{"start":{"line":26,"column":0},"end":{"line":26,"column":64}},"26":{"start":{"line":27,"column":0},"end":{"line":27,"column":0}},"27":{"start":{"line":28,"column":0},"end":{"line":28,"column":3}},"28":{"start":{"line":29,"column":0},"end":{"line":29,"column":68}},"29":{"start":{"line":30,"column":0},"end":{"line":30,"column":70}},"30":{"start":{"line":31,"column":0},"end":{"line":31,"column":73}},"31":{"start":{"line":32,"column":0},"end":{"line":32,"column":3}},"32":{"start":{"line":33,"column":0},"end":{"line":33,"column":7}},"33":{"start":{"line":34,"column":0},"end":{"line":34,"column":19}},"34":{"start":{"line":35,"column":0},"end":{"line":35,"column":20}},"35":{"start":{"line":36,"column":0},"end":{"line":36,"column":32}},"36":{"start":{"line":37,"column":0},"end":{"line":37,"column":35}},"37":{"start":{"line":38,"column":0},"end":{"line":38,"column":20}},"38":{"start":{"line":39,"column":0},"end":{"line":39,"column":32}},"39":{"start":{"line":40,"column":0},"end":{"line":40,"column":0}},"40":{"start":{"line":41,"column":0},"end":{"line":41,"column":7}},"41":{"start":{"line":42,"column":0},"end":{"line":42,"column":21}},"42":{"start":{"line":43,"column":0},"end":{"line":43,"column":16}},"43":{"start":{"line":44,"column":0},"end":{"line":44,"column":30}},"44":{"start":{"line":45,"column":0},"end":{"line":45,"column":28}},"45":{"start":{"line":46,"column":0},"end":{"line":46,"column":22}},"46":{"start":{"line":47,"column":0},"end":{"line":47,"column":34}},"47":{"start":{"line":48,"column":0},"end":{"line":48,"column":0}},"48":{"start":{"line":49,"column":0},"end":{"line":49,"column":33}},"49":{"start":{"line":50,"column":0},"end":{"line":50,"column":5}},"50":{"start":{"line":51,"column":0},"end":{"line":51,"column":77}},"51":{"start":{"line":52,"column":0},"end":{"line":52,"column":73}},"52":{"start":{"line":53,"column":0},"end":{"line":53,"column":61}},"53":{"start":{"line":54,"column":0},"end":{"line":54,"column":5}},"54":{"start":{"line":55,"column":0},"end":{"line":55,"column":52}},"55":{"start":{"line":56,"column":0},"end":{"line":56,"column":2}},"56":{"start":{"line":57,"column":0},"end":{"line":57,"column":0}},"57":{"start":{"line":58,"column":0},"end":{"line":58,"column":3}},"58":{"start":{"line":59,"column":0},"end":{"line":59,"column":76}},"59":{"start":{"line":60,"column":0},"end":{"line":60,"column":72}},"60":{"start":{"line":61,"column":0},"end":{"line":61,"column":77}},"61":{"start":{"line":62,"column":0},"end":{"line":62,"column":69}},"62":{"start":{"line":63,"column":0},"end":{"line":63,"column":78}},"63":{"start":{"line":64,"column":0},"end":{"line":64,"column":2}},"64":{"start":{"line":65,"column":0},"end":{"line":65,"column":73}},"65":{"start":{"line":66,"column":0},"end":{"line":66,"column":12}},"66":{"start":{"line":67,"column":0},"end":{"line":67,"column":79}},"67":{"start":{"line":68,"column":0},"end":{"line":68,"column":75}},"68":{"start":{"line":69,"column":0},"end":{"line":69,"column":77}},"69":{"start":{"line":70,"column":0},"end":{"line":70,"column":32}},"70":{"start":{"line":71,"column":0},"end":{"line":71,"column":3}},"71":{"start":{"line":72,"column":0},"end":{"line":72,"column":54}},"72":{"start":{"line":73,"column":0},"end":{"line":73,"column":57}},"73":{"start":{"line":74,"column":0},"end":{"line":74,"column":28}},"74":{"start":{"line":75,"column":0},"end":{"line":75,"column":20}},"75":{"start":{"line":76,"column":0},"end":{"line":76,"column":9}},"76":{"start":{"line":77,"column":0},"end":{"line":77,"column":32}},"77":{"start":{"line":78,"column":0},"end":{"line":78,"column":36}},"78":{"start":{"line":79,"column":0},"end":{"line":79,"column":32}},"79":{"start":{"line":80,"column":0},"end":{"line":80,"column":23}},"80":{"start":{"line":81,"column":0},"end":{"line":81,"column":0}},"81":{"start":{"line":82,"column":0},"end":{"line":82,"column":94}},"82":{"start":{"line":83,"column":0},"end":{"line":83,"column":66}},"83":{"start":{"line":84,"column":0},"end":{"line":84,"column":0}},"84":{"start":{"line":85,"column":0},"end":{"line":85,"column":5}},"85":{"start":{"line":86,"column":0},"end":{"line":86,"column":75}},"86":{"start":{"line":87,"column":0},"end":{"line":87,"column":75}},"87":{"start":{"line":88,"column":0},"end":{"line":88,"column":69}},"88":{"start":{"line":89,"column":0},"end":{"line":89,"column":5}},"89":{"start":{"line":90,"column":0},"end":{"line":90,"column":33}},"90":{"start":{"line":91,"column":0},"end":{"line":91,"column":22}},"91":{"start":{"line":92,"column":0},"end":{"line":92,"column":24}},"92":{"start":{"line":93,"column":0},"end":{"line":93,"column":26}},"93":{"start":{"line":94,"column":0},"end":{"line":94,"column":34}},"94":{"start":{"line":95,"column":0},"end":{"line":95,"column":4}},"95":{"start":{"line":96,"column":0},"end":{"line":96,"column":0}},"96":{"start":{"line":97,"column":0},"end":{"line":97,"column":14}},"97":{"start":{"line":98,"column":0},"end":{"line":98,"column":0}},"98":{"start":{"line":99,"column":0},"end":{"line":99,"column":94}},"99":{"start":{"line":100,"column":0},"end":{"line":100,"column":11}},"100":{"start":{"line":101,"column":0},"end":{"line":101,"column":41}},"101":{"start":{"line":102,"column":0},"end":{"line":102,"column":4}},"102":{"start":{"line":103,"column":0},"end":{"line":103,"column":0}},"103":{"start":{"line":104,"column":0},"end":{"line":104,"column":62}},"104":{"start":{"line":105,"column":0},"end":{"line":105,"column":16}},"105":{"start":{"line":106,"column":0},"end":{"line":106,"column":29}},"106":{"start":{"line":107,"column":0},"end":{"line":107,"column":4}},"107":{"start":{"line":108,"column":0},"end":{"line":108,"column":0}},"108":{"start":{"line":109,"column":0},"end":{"line":109,"column":22}},"109":{"start":{"line":110,"column":0},"end":{"line":110,"column":51}},"110":{"start":{"line":111,"column":0},"end":{"line":111,"column":73}},"111":{"start":{"line":112,"column":0},"end":{"line":112,"column":7}},"112":{"start":{"line":113,"column":0},"end":{"line":113,"column":0}},"113":{"start":{"line":114,"column":0},"end":{"line":114,"column":5}},"114":{"start":{"line":115,"column":0},"end":{"line":115,"column":80}},"115":{"start":{"line":116,"column":0},"end":{"line":116,"column":77}},"116":{"start":{"line":117,"column":0},"end":{"line":117,"column":70}},"117":{"start":{"line":118,"column":0},"end":{"line":118,"column":18}},"118":{"start":{"line":119,"column":0},"end":{"line":119,"column":5}},"119":{"start":{"line":120,"column":0},"end":{"line":120,"column":87}},"120":{"start":{"line":121,"column":0},"end":{"line":121,"column":0}},"121":{"start":{"line":122,"column":0},"end":{"line":122,"column":70}},"122":{"start":{"line":123,"column":0},"end":{"line":123,"column":9}},"123":{"start":{"line":124,"column":0},"end":{"line":124,"column":49}},"124":{"start":{"line":125,"column":0},"end":{"line":125,"column":87}},"125":{"start":{"line":126,"column":0},"end":{"line":126,"column":0}},"126":{"start":{"line":127,"column":0},"end":{"line":127,"column":26}},"127":{"start":{"line":128,"column":0},"end":{"line":128,"column":7}},"128":{"start":{"line":129,"column":0},"end":{"line":129,"column":0}},"129":{"start":{"line":130,"column":0},"end":{"line":130,"column":52}},"130":{"start":{"line":131,"column":0},"end":{"line":131,"column":59}},"131":{"start":{"line":132,"column":0},"end":{"line":132,"column":0}},"132":{"start":{"line":133,"column":0},"end":{"line":133,"column":9}},"133":{"start":{"line":134,"column":0},"end":{"line":134,"column":79}},"134":{"start":{"line":135,"column":0},"end":{"line":135,"column":71}},"135":{"start":{"line":136,"column":0},"end":{"line":136,"column":21}},"136":{"start":{"line":137,"column":0},"end":{"line":137,"column":80}},"137":{"start":{"line":138,"column":0},"end":{"line":138,"column":39}},"138":{"start":{"line":139,"column":0},"end":{"line":139,"column":76}},"139":{"start":{"line":140,"column":0},"end":{"line":140,"column":60}},"140":{"start":{"line":141,"column":0},"end":{"line":141,"column":51}},"141":{"start":{"line":142,"column":0},"end":{"line":142,"column":9}},"142":{"start":{"line":143,"column":0},"end":{"line":143,"column":46}},"143":{"start":{"line":144,"column":0},"end":{"line":144,"column":0}},"144":{"start":{"line":145,"column":0},"end":{"line":145,"column":9}},"145":{"start":{"line":146,"column":0},"end":{"line":146,"column":56}},"146":{"start":{"line":147,"column":0},"end":{"line":147,"column":81}},"147":{"start":{"line":148,"column":0},"end":{"line":148,"column":78}},"148":{"start":{"line":149,"column":0},"end":{"line":149,"column":49}},"149":{"start":{"line":150,"column":0},"end":{"line":150,"column":70}},"150":{"start":{"line":151,"column":0},"end":{"line":151,"column":8}},"151":{"start":{"line":152,"column":0},"end":{"line":152,"column":75}},"152":{"start":{"line":153,"column":0},"end":{"line":153,"column":78}},"153":{"start":{"line":154,"column":0},"end":{"line":154,"column":9}},"154":{"start":{"line":155,"column":0},"end":{"line":155,"column":48}},"155":{"start":{"line":156,"column":0},"end":{"line":156,"column":30}},"156":{"start":{"line":157,"column":0},"end":{"line":157,"column":23}},"157":{"start":{"line":158,"column":0},"end":{"line":158,"column":23}},"158":{"start":{"line":159,"column":0},"end":{"line":159,"column":0}},"159":{"start":{"line":160,"column":0},"end":{"line":160,"column":60}},"160":{"start":{"line":161,"column":0},"end":{"line":161,"column":35}},"161":{"start":{"line":162,"column":0},"end":{"line":162,"column":89}},"162":{"start":{"line":163,"column":0},"end":{"line":163,"column":41}},"163":{"start":{"line":164,"column":0},"end":{"line":164,"column":0}},"164":{"start":{"line":165,"column":0},"end":{"line":165,"column":57}},"165":{"start":{"line":166,"column":0},"end":{"line":166,"column":15}},"166":{"start":{"line":167,"column":0},"end":{"line":167,"column":31}},"167":{"start":{"line":168,"column":0},"end":{"line":168,"column":10}},"168":{"start":{"line":169,"column":0},"end":{"line":169,"column":0}},"169":{"start":{"line":170,"column":0},"end":{"line":170,"column":9}},"170":{"start":{"line":171,"column":0},"end":{"line":171,"column":66}},"171":{"start":{"line":172,"column":0},"end":{"line":172,"column":75}},"172":{"start":{"line":173,"column":0},"end":{"line":173,"column":73}},"173":{"start":{"line":174,"column":0},"end":{"line":174,"column":9}},"174":{"start":{"line":175,"column":0},"end":{"line":175,"column":24}},"175":{"start":{"line":176,"column":0},"end":{"line":176,"column":52}},"176":{"start":{"line":177,"column":0},"end":{"line":177,"column":36}},"177":{"start":{"line":178,"column":0},"end":{"line":178,"column":43}},"178":{"start":{"line":179,"column":0},"end":{"line":179,"column":30}},"179":{"start":{"line":180,"column":0},"end":{"line":180,"column":10}},"180":{"start":{"line":181,"column":0},"end":{"line":181,"column":0}},"181":{"start":{"line":182,"column":0},"end":{"line":182,"column":11}},"182":{"start":{"line":183,"column":0},"end":{"line":183,"column":79}},"183":{"start":{"line":184,"column":0},"end":{"line":184,"column":75}},"184":{"start":{"line":185,"column":0},"end":{"line":185,"column":62}},"185":{"start":{"line":186,"column":0},"end":{"line":186,"column":11}},"186":{"start":{"line":187,"column":0},"end":{"line":187,"column":61}},"187":{"start":{"line":188,"column":0},"end":{"line":188,"column":40}},"188":{"start":{"line":189,"column":0},"end":{"line":189,"column":44}},"189":{"start":{"line":190,"column":0},"end":{"line":190,"column":0}},"190":{"start":{"line":191,"column":0},"end":{"line":191,"column":26}},"191":{"start":{"line":192,"column":0},"end":{"line":192,"column":7}},"192":{"start":{"line":193,"column":0},"end":{"line":193,"column":0}},"193":{"start":{"line":194,"column":0},"end":{"line":194,"column":41}},"194":{"start":{"line":195,"column":0},"end":{"line":195,"column":17}},"195":{"start":{"line":196,"column":0},"end":{"line":196,"column":18}},"196":{"start":{"line":197,"column":0},"end":{"line":197,"column":0}},"197":{"start":{"line":198,"column":0},"end":{"line":198,"column":14}},"198":{"start":{"line":199,"column":0},"end":{"line":199,"column":5}},"199":{"start":{"line":200,"column":0},"end":{"line":200,"column":4}},"200":{"start":{"line":201,"column":0},"end":{"line":201,"column":0}},"201":{"start":{"line":202,"column":0},"end":{"line":202,"column":31}},"202":{"start":{"line":203,"column":0},"end":{"line":203,"column":42}},"203":{"start":{"line":204,"column":0},"end":{"line":204,"column":33}},"204":{"start":{"line":205,"column":0},"end":{"line":205,"column":32}},"205":{"start":{"line":206,"column":0},"end":{"line":206,"column":9}},"206":{"start":{"line":207,"column":0},"end":{"line":207,"column":9}},"207":{"start":{"line":208,"column":0},"end":{"line":208,"column":79}},"208":{"start":{"line":209,"column":0},"end":{"line":209,"column":77}},"209":{"start":{"line":210,"column":0},"end":{"line":210,"column":75}},"210":{"start":{"line":211,"column":0},"end":{"line":211,"column":32}},"211":{"start":{"line":212,"column":0},"end":{"line":212,"column":9}},"212":{"start":{"line":213,"column":0},"end":{"line":213,"column":35}},"213":{"start":{"line":214,"column":0},"end":{"line":214,"column":0}},"214":{"start":{"line":215,"column":0},"end":{"line":215,"column":64}},"215":{"start":{"line":216,"column":0},"end":{"line":216,"column":61}},"216":{"start":{"line":217,"column":0},"end":{"line":217,"column":0}},"217":{"start":{"line":218,"column":0},"end":{"line":218,"column":85}},"218":{"start":{"line":219,"column":0},"end":{"line":219,"column":11}},"219":{"start":{"line":220,"column":0},"end":{"line":220,"column":79}},"220":{"start":{"line":221,"column":0},"end":{"line":221,"column":75}},"221":{"start":{"line":222,"column":0},"end":{"line":222,"column":80}},"222":{"start":{"line":223,"column":0},"end":{"line":223,"column":64}},"223":{"start":{"line":224,"column":0},"end":{"line":224,"column":11}},"224":{"start":{"line":225,"column":0},"end":{"line":225,"column":24}},"225":{"start":{"line":226,"column":0},"end":{"line":226,"column":0}},"226":{"start":{"line":227,"column":0},"end":{"line":227,"column":64}},"227":{"start":{"line":228,"column":0},"end":{"line":228,"column":27}},"228":{"start":{"line":229,"column":0},"end":{"line":229,"column":31}},"229":{"start":{"line":230,"column":0},"end":{"line":230,"column":0}},"230":{"start":{"line":231,"column":0},"end":{"line":231,"column":73}},"231":{"start":{"line":232,"column":0},"end":{"line":232,"column":0}},"232":{"start":{"line":233,"column":0},"end":{"line":233,"column":40}},"233":{"start":{"line":234,"column":0},"end":{"line":234,"column":55}},"234":{"start":{"line":235,"column":0},"end":{"line":235,"column":37}},"235":{"start":{"line":236,"column":0},"end":{"line":236,"column":35}},"236":{"start":{"line":237,"column":0},"end":{"line":237,"column":0}},"237":{"start":{"line":238,"column":0},"end":{"line":238,"column":76}},"238":{"start":{"line":239,"column":0},"end":{"line":239,"column":0}},"239":{"start":{"line":240,"column":0},"end":{"line":240,"column":77}},"240":{"start":{"line":241,"column":0},"end":{"line":241,"column":38}},"241":{"start":{"line":242,"column":0},"end":{"line":242,"column":8}},"242":{"start":{"line":243,"column":0},"end":{"line":243,"column":0}},"243":{"start":{"line":244,"column":0},"end":{"line":244,"column":41}},"244":{"start":{"line":245,"column":0},"end":{"line":245,"column":0}},"245":{"start":{"line":246,"column":0},"end":{"line":246,"column":55}},"246":{"start":{"line":247,"column":0},"end":{"line":247,"column":30}},"247":{"start":{"line":248,"column":0},"end":{"line":248,"column":33}},"248":{"start":{"line":249,"column":0},"end":{"line":249,"column":8}},"249":{"start":{"line":250,"column":0},"end":{"line":250,"column":0}},"250":{"start":{"line":251,"column":0},"end":{"line":251,"column":74}},"251":{"start":{"line":252,"column":0},"end":{"line":252,"column":22}},"252":{"start":{"line":253,"column":0},"end":{"line":253,"column":56}},"253":{"start":{"line":254,"column":0},"end":{"line":254,"column":8}},"254":{"start":{"line":255,"column":0},"end":{"line":255,"column":0}},"255":{"start":{"line":256,"column":0},"end":{"line":256,"column":42}},"256":{"start":{"line":257,"column":0},"end":{"line":257,"column":17}},"257":{"start":{"line":258,"column":0},"end":{"line":258,"column":18}},"258":{"start":{"line":259,"column":0},"end":{"line":259,"column":0}},"259":{"start":{"line":260,"column":0},"end":{"line":260,"column":14}},"260":{"start":{"line":261,"column":0},"end":{"line":261,"column":5}},"261":{"start":{"line":262,"column":0},"end":{"line":262,"column":4}},"262":{"start":{"line":263,"column":0},"end":{"line":263,"column":0}},"263":{"start":{"line":264,"column":0},"end":{"line":264,"column":52}},"264":{"start":{"line":265,"column":0},"end":{"line":265,"column":54}},"265":{"start":{"line":266,"column":0},"end":{"line":266,"column":17}},"266":{"start":{"line":267,"column":0},"end":{"line":267,"column":9}},"267":{"start":{"line":268,"column":0},"end":{"line":268,"column":54}},"268":{"start":{"line":269,"column":0},"end":{"line":269,"column":22}},"269":{"start":{"line":270,"column":0},"end":{"line":270,"column":0}},"270":{"start":{"line":271,"column":0},"end":{"line":271,"column":54}},"271":{"start":{"line":272,"column":0},"end":{"line":272,"column":81}},"272":{"start":{"line":273,"column":0},"end":{"line":273,"column":0}},"273":{"start":{"line":274,"column":0},"end":{"line":274,"column":66}},"274":{"start":{"line":275,"column":0},"end":{"line":275,"column":65}},"275":{"start":{"line":276,"column":0},"end":{"line":276,"column":0}},"276":{"start":{"line":277,"column":0},"end":{"line":277,"column":76}},"277":{"start":{"line":278,"column":0},"end":{"line":278,"column":35}},"278":{"start":{"line":279,"column":0},"end":{"line":279,"column":9}},"279":{"start":{"line":280,"column":0},"end":{"line":280,"column":0}},"280":{"start":{"line":281,"column":0},"end":{"line":281,"column":14}},"281":{"start":{"line":282,"column":0},"end":{"line":282,"column":94}},"282":{"start":{"line":283,"column":0},"end":{"line":283,"column":11}},"283":{"start":{"line":284,"column":0},"end":{"line":284,"column":17}},"284":{"start":{"line":285,"column":0},"end":{"line":285,"column":18}},"285":{"start":{"line":286,"column":0},"end":{"line":286,"column":0}},"286":{"start":{"line":287,"column":0},"end":{"line":287,"column":14}},"287":{"start":{"line":288,"column":0},"end":{"line":288,"column":5}},"288":{"start":{"line":289,"column":0},"end":{"line":289,"column":4}},"289":{"start":{"line":290,"column":0},"end":{"line":290,"column":0}},"290":{"start":{"line":291,"column":0},"end":{"line":291,"column":60}},"291":{"start":{"line":292,"column":0},"end":{"line":292,"column":16}},"292":{"start":{"line":293,"column":0},"end":{"line":293,"column":0}},"293":{"start":{"line":294,"column":0},"end":{"line":294,"column":53}},"294":{"start":{"line":295,"column":0},"end":{"line":295,"column":35}},"295":{"start":{"line":296,"column":0},"end":{"line":296,"column":7}},"296":{"start":{"line":297,"column":0},"end":{"line":297,"column":0}},"297":{"start":{"line":298,"column":0},"end":{"line":298,"column":34}},"298":{"start":{"line":299,"column":0},"end":{"line":299,"column":4}},"299":{"start":{"line":300,"column":0},"end":{"line":300,"column":0}},"300":{"start":{"line":301,"column":0},"end":{"line":301,"column":50}},"301":{"start":{"line":302,"column":0},"end":{"line":302,"column":82}},"302":{"start":{"line":303,"column":0},"end":{"line":303,"column":44}},"303":{"start":{"line":304,"column":0},"end":{"line":304,"column":6}},"304":{"start":{"line":305,"column":0},"end":{"line":305,"column":39}},"305":{"start":{"line":306,"column":0},"end":{"line":306,"column":72}},"306":{"start":{"line":307,"column":0},"end":{"line":307,"column":0}},"307":{"start":{"line":308,"column":0},"end":{"line":308,"column":82}},"308":{"start":{"line":309,"column":0},"end":{"line":309,"column":6}},"309":{"start":{"line":310,"column":0},"end":{"line":310,"column":0}},"310":{"start":{"line":311,"column":0},"end":{"line":311,"column":76}},"311":{"start":{"line":312,"column":0},"end":{"line":312,"column":37}},"312":{"start":{"line":313,"column":0},"end":{"line":313,"column":0}},"313":{"start":{"line":314,"column":0},"end":{"line":314,"column":93}},"314":{"start":{"line":315,"column":0},"end":{"line":315,"column":70}},"315":{"start":{"line":316,"column":0},"end":{"line":316,"column":32}},"316":{"start":{"line":317,"column":0},"end":{"line":317,"column":7}},"317":{"start":{"line":318,"column":0},"end":{"line":318,"column":0}},"318":{"start":{"line":319,"column":0},"end":{"line":319,"column":59}},"319":{"start":{"line":320,"column":0},"end":{"line":320,"column":4}},"320":{"start":{"line":321,"column":0},"end":{"line":321,"column":0}},"321":{"start":{"line":322,"column":0},"end":{"line":322,"column":17}},"322":{"start":{"line":323,"column":0},"end":{"line":323,"column":14}},"323":{"start":{"line":324,"column":0},"end":{"line":324,"column":21}},"324":{"start":{"line":325,"column":0},"end":{"line":325,"column":13}},"325":{"start":{"line":326,"column":0},"end":{"line":326,"column":15}},"326":{"start":{"line":327,"column":0},"end":{"line":327,"column":4}},"327":{"start":{"line":328,"column":0},"end":{"line":328,"column":0}},"328":{"start":{"line":329,"column":0},"end":{"line":329,"column":20}},"329":{"start":{"line":330,"column":0},"end":{"line":330,"column":13}},"330":{"start":{"line":331,"column":0},"end":{"line":331,"column":10}},"331":{"start":{"line":332,"column":0},"end":{"line":332,"column":14}},"332":{"start":{"line":333,"column":0},"end":{"line":333,"column":17}},"333":{"start":{"line":334,"column":0},"end":{"line":334,"column":4}},"334":{"start":{"line":335,"column":0},"end":{"line":335,"column":0}},"335":{"start":{"line":336,"column":0},"end":{"line":336,"column":18}},"336":{"start":{"line":337,"column":0},"end":{"line":337,"column":20}},"337":{"start":{"line":338,"column":0},"end":{"line":338,"column":0}},"338":{"start":{"line":339,"column":0},"end":{"line":339,"column":44}},"339":{"start":{"line":340,"column":0},"end":{"line":340,"column":19}},"340":{"start":{"line":341,"column":0},"end":{"line":341,"column":33}},"341":{"start":{"line":342,"column":0},"end":{"line":342,"column":57}},"342":{"start":{"line":343,"column":0},"end":{"line":343,"column":56}},"343":{"start":{"line":344,"column":0},"end":{"line":344,"column":24}},"344":{"start":{"line":345,"column":0},"end":{"line":345,"column":11}},"345":{"start":{"line":346,"column":0},"end":{"line":346,"column":0}},"346":{"start":{"line":347,"column":0},"end":{"line":347,"column":72}},"347":{"start":{"line":348,"column":0},"end":{"line":348,"column":0}},"348":{"start":{"line":349,"column":0},"end":{"line":349,"column":54}},"349":{"start":{"line":350,"column":0},"end":{"line":350,"column":0}},"350":{"start":{"line":351,"column":0},"end":{"line":351,"column":3}},"351":{"start":{"line":352,"column":0},"end":{"line":352,"column":71}},"352":{"start":{"line":353,"column":0},"end":{"line":353,"column":14}},"353":{"start":{"line":354,"column":0},"end":{"line":354,"column":2}},"354":{"start":{"line":355,"column":0},"end":{"line":355,"column":75}},"355":{"start":{"line":356,"column":0},"end":{"line":356,"column":3}},"356":{"start":{"line":357,"column":0},"end":{"line":357,"column":78}},"357":{"start":{"line":358,"column":0},"end":{"line":358,"column":5}},"358":{"start":{"line":359,"column":0},"end":{"line":359,"column":47}},"359":{"start":{"line":360,"column":0},"end":{"line":360,"column":43}},"360":{"start":{"line":361,"column":0},"end":{"line":361,"column":74}},"361":{"start":{"line":362,"column":0},"end":{"line":362,"column":56}},"362":{"start":{"line":363,"column":0},"end":{"line":363,"column":5}},"363":{"start":{"line":364,"column":0},"end":{"line":364,"column":36}},"364":{"start":{"line":365,"column":0},"end":{"line":365,"column":0}},"365":{"start":{"line":366,"column":0},"end":{"line":366,"column":5}},"366":{"start":{"line":367,"column":0},"end":{"line":367,"column":71}},"367":{"start":{"line":368,"column":0},"end":{"line":368,"column":78}},"368":{"start":{"line":369,"column":0},"end":{"line":369,"column":40}},"369":{"start":{"line":370,"column":0},"end":{"line":370,"column":5}},"370":{"start":{"line":371,"column":0},"end":{"line":371,"column":45}},"371":{"start":{"line":372,"column":0},"end":{"line":372,"column":6}},"372":{"start":{"line":373,"column":0},"end":{"line":373,"column":52}},"373":{"start":{"line":374,"column":0},"end":{"line":374,"column":0}},"374":{"start":{"line":375,"column":0},"end":{"line":375,"column":24}},"375":{"start":{"line":376,"column":0},"end":{"line":376,"column":21}},"376":{"start":{"line":377,"column":0},"end":{"line":377,"column":35}},"377":{"start":{"line":378,"column":0},"end":{"line":378,"column":59}},"378":{"start":{"line":379,"column":0},"end":{"line":379,"column":58}},"379":{"start":{"line":380,"column":0},"end":{"line":380,"column":0}},"380":{"start":{"line":381,"column":0},"end":{"line":381,"column":100}},"381":{"start":{"line":382,"column":0},"end":{"line":382,"column":80}},"382":{"start":{"line":383,"column":0},"end":{"line":383,"column":76}},"383":{"start":{"line":384,"column":0},"end":{"line":384,"column":15}},"384":{"start":{"line":385,"column":0},"end":{"line":385,"column":18}},"385":{"start":{"line":386,"column":0},"end":{"line":386,"column":6}},"386":{"start":{"line":387,"column":0},"end":{"line":387,"column":15}},"387":{"start":{"line":388,"column":0},"end":{"line":388,"column":48}},"388":{"start":{"line":389,"column":0},"end":{"line":389,"column":0}},"389":{"start":{"line":390,"column":0},"end":{"line":390,"column":45}},"390":{"start":{"line":391,"column":0},"end":{"line":391,"column":52}},"391":{"start":{"line":392,"column":0},"end":{"line":392,"column":97}},"392":{"start":{"line":393,"column":0},"end":{"line":393,"column":40}},"393":{"start":{"line":394,"column":0},"end":{"line":394,"column":11}},"394":{"start":{"line":395,"column":0},"end":{"line":395,"column":0}},"395":{"start":{"line":396,"column":0},"end":{"line":396,"column":72}},"396":{"start":{"line":397,"column":0},"end":{"line":397,"column":83}},"397":{"start":{"line":398,"column":0},"end":{"line":398,"column":14}},"398":{"start":{"line":399,"column":0},"end":{"line":399,"column":31}},"399":{"start":{"line":400,"column":0},"end":{"line":400,"column":88}},"400":{"start":{"line":401,"column":0},"end":{"line":401,"column":10}},"401":{"start":{"line":402,"column":0},"end":{"line":402,"column":7}},"402":{"start":{"line":403,"column":0},"end":{"line":403,"column":5}},"403":{"start":{"line":404,"column":0},"end":{"line":404,"column":0}},"404":{"start":{"line":405,"column":0},"end":{"line":405,"column":26}},"405":{"start":{"line":406,"column":0},"end":{"line":406,"column":4}},"406":{"start":{"line":407,"column":0},"end":{"line":407,"column":0}},"407":{"start":{"line":408,"column":0},"end":{"line":408,"column":76}},"408":{"start":{"line":409,"column":0},"end":{"line":409,"column":0}},"409":{"start":{"line":410,"column":0},"end":{"line":410,"column":48}},"410":{"start":{"line":411,"column":0},"end":{"line":411,"column":2}},"411":{"start":{"line":412,"column":0},"end":{"line":412,"column":0}},"412":{"start":{"line":413,"column":0},"end":{"line":413,"column":3}},"413":{"start":{"line":414,"column":0},"end":{"line":414,"column":76}},"414":{"start":{"line":415,"column":0},"end":{"line":415,"column":35}},"415":{"start":{"line":416,"column":0},"end":{"line":416,"column":2}},"416":{"start":{"line":417,"column":0},"end":{"line":417,"column":45}},"417":{"start":{"line":418,"column":0},"end":{"line":418,"column":3}},"418":{"start":{"line":419,"column":0},"end":{"line":419,"column":78}},"419":{"start":{"line":420,"column":0},"end":{"line":420,"column":0}},"420":{"start":{"line":421,"column":0},"end":{"line":421,"column":3}},"421":{"start":{"line":422,"column":0},"end":{"line":422,"column":79}},"422":{"start":{"line":423,"column":0},"end":{"line":423,"column":51}},"423":{"start":{"line":424,"column":0},"end":{"line":424,"column":2}},"424":{"start":{"line":425,"column":0},"end":{"line":425,"column":45}},"425":{"start":{"line":426,"column":0},"end":{"line":426,"column":3}},"426":{"start":{"line":427,"column":0},"end":{"line":427,"column":27}},"427":{"start":{"line":428,"column":0},"end":{"line":428,"column":0}},"428":{"start":{"line":429,"column":0},"end":{"line":429,"column":26}},"429":{"start":{"line":430,"column":0},"end":{"line":430,"column":5}},"430":{"start":{"line":431,"column":0},"end":{"line":431,"column":78}},"431":{"start":{"line":432,"column":0},"end":{"line":432,"column":37}},"432":{"start":{"line":433,"column":0},"end":{"line":433,"column":5}},"433":{"start":{"line":434,"column":0},"end":{"line":434,"column":38}},"434":{"start":{"line":435,"column":0},"end":{"line":435,"column":0}},"435":{"start":{"line":436,"column":0},"end":{"line":436,"column":5}},"436":{"start":{"line":437,"column":0},"end":{"line":437,"column":72}},"437":{"start":{"line":438,"column":0},"end":{"line":438,"column":62}},"438":{"start":{"line":439,"column":0},"end":{"line":439,"column":5}},"439":{"start":{"line":440,"column":0},"end":{"line":440,"column":24}},"440":{"start":{"line":441,"column":0},"end":{"line":441,"column":2}},"441":{"start":{"line":442,"column":0},"end":{"line":442,"column":0}},"442":{"start":{"line":443,"column":0},"end":{"line":443,"column":3}},"443":{"start":{"line":444,"column":0},"end":{"line":444,"column":75}},"444":{"start":{"line":445,"column":0},"end":{"line":445,"column":11}},"445":{"start":{"line":446,"column":0},"end":{"line":446,"column":56}},"446":{"start":{"line":447,"column":0},"end":{"line":447,"column":46}},"447":{"start":{"line":448,"column":0},"end":{"line":448,"column":51}},"448":{"start":{"line":449,"column":0},"end":{"line":449,"column":2}},"449":{"start":{"line":450,"column":0},"end":{"line":450,"column":60}},"450":{"start":{"line":451,"column":0},"end":{"line":451,"column":75}},"451":{"start":{"line":452,"column":0},"end":{"line":452,"column":67}},"452":{"start":{"line":453,"column":0},"end":{"line":453,"column":79}},"453":{"start":{"line":454,"column":0},"end":{"line":454,"column":3}},"454":{"start":{"line":455,"column":0},"end":{"line":455,"column":33}},"455":{"start":{"line":456,"column":0},"end":{"line":456,"column":27}},"456":{"start":{"line":457,"column":0},"end":{"line":457,"column":47}},"457":{"start":{"line":458,"column":0},"end":{"line":458,"column":44}},"458":{"start":{"line":459,"column":0},"end":{"line":459,"column":25}},"459":{"start":{"line":460,"column":0},"end":{"line":460,"column":5}},"460":{"start":{"line":461,"column":0},"end":{"line":461,"column":64}},"461":{"start":{"line":462,"column":0},"end":{"line":462,"column":5}},"462":{"start":{"line":463,"column":0},"end":{"line":463,"column":44}},"463":{"start":{"line":464,"column":0},"end":{"line":464,"column":0}},"464":{"start":{"line":465,"column":0},"end":{"line":465,"column":5}},"465":{"start":{"line":466,"column":0},"end":{"line":466,"column":73}},"466":{"start":{"line":467,"column":0},"end":{"line":467,"column":5}},"467":{"start":{"line":468,"column":0},"end":{"line":468,"column":27}},"468":{"start":{"line":469,"column":0},"end":{"line":469,"column":0}},"469":{"start":{"line":470,"column":0},"end":{"line":470,"column":5}},"470":{"start":{"line":471,"column":0},"end":{"line":471,"column":76}},"471":{"start":{"line":472,"column":0},"end":{"line":472,"column":80}},"472":{"start":{"line":473,"column":0},"end":{"line":473,"column":27}},"473":{"start":{"line":474,"column":0},"end":{"line":474,"column":5}},"474":{"start":{"line":475,"column":0},"end":{"line":475,"column":39}},"475":{"start":{"line":476,"column":0},"end":{"line":476,"column":29}},"476":{"start":{"line":477,"column":0},"end":{"line":477,"column":0}},"477":{"start":{"line":478,"column":0},"end":{"line":478,"column":60}},"478":{"start":{"line":479,"column":0},"end":{"line":479,"column":56}},"479":{"start":{"line":480,"column":0},"end":{"line":480,"column":6}},"480":{"start":{"line":481,"column":0},"end":{"line":481,"column":0}},"481":{"start":{"line":482,"column":0},"end":{"line":482,"column":92}},"482":{"start":{"line":483,"column":0},"end":{"line":483,"column":78}},"483":{"start":{"line":484,"column":0},"end":{"line":484,"column":6}},"484":{"start":{"line":485,"column":0},"end":{"line":485,"column":0}},"485":{"start":{"line":486,"column":0},"end":{"line":486,"column":45}},"486":{"start":{"line":487,"column":0},"end":{"line":487,"column":56}},"487":{"start":{"line":488,"column":0},"end":{"line":488,"column":22}},"488":{"start":{"line":489,"column":0},"end":{"line":489,"column":9}},"489":{"start":{"line":490,"column":0},"end":{"line":490,"column":6}},"490":{"start":{"line":491,"column":0},"end":{"line":491,"column":0}},"491":{"start":{"line":492,"column":0},"end":{"line":492,"column":24}},"492":{"start":{"line":493,"column":0},"end":{"line":493,"column":4}},"493":{"start":{"line":494,"column":0},"end":{"line":494,"column":0}},"494":{"start":{"line":495,"column":0},"end":{"line":495,"column":5}},"495":{"start":{"line":496,"column":0},"end":{"line":496,"column":35}},"496":{"start":{"line":497,"column":0},"end":{"line":497,"column":5}},"497":{"start":{"line":498,"column":0},"end":{"line":498,"column":18}},"498":{"start":{"line":499,"column":0},"end":{"line":499,"column":0}},"499":{"start":{"line":500,"column":0},"end":{"line":500,"column":5}},"500":{"start":{"line":501,"column":0},"end":{"line":501,"column":58}},"501":{"start":{"line":502,"column":0},"end":{"line":502,"column":5}},"502":{"start":{"line":503,"column":0},"end":{"line":503,"column":34}},"503":{"start":{"line":504,"column":0},"end":{"line":504,"column":0}},"504":{"start":{"line":505,"column":0},"end":{"line":505,"column":5}},"505":{"start":{"line":506,"column":0},"end":{"line":506,"column":72}},"506":{"start":{"line":507,"column":0},"end":{"line":507,"column":67}},"507":{"start":{"line":508,"column":0},"end":{"line":508,"column":5}},"508":{"start":{"line":509,"column":0},"end":{"line":509,"column":50}},"509":{"start":{"line":510,"column":0},"end":{"line":510,"column":31}},"510":{"start":{"line":511,"column":0},"end":{"line":511,"column":31}},"511":{"start":{"line":512,"column":0},"end":{"line":512,"column":37}},"512":{"start":{"line":513,"column":0},"end":{"line":513,"column":9}},"513":{"start":{"line":514,"column":0},"end":{"line":514,"column":0}},"514":{"start":{"line":515,"column":0},"end":{"line":515,"column":35}},"515":{"start":{"line":516,"column":0},"end":{"line":516,"column":5}},"516":{"start":{"line":517,"column":0},"end":{"line":517,"column":4}},"517":{"start":{"line":518,"column":0},"end":{"line":518,"column":0}},"518":{"start":{"line":519,"column":0},"end":{"line":519,"column":5}},"519":{"start":{"line":520,"column":0},"end":{"line":520,"column":73}},"520":{"start":{"line":521,"column":0},"end":{"line":521,"column":5}},"521":{"start":{"line":522,"column":0},"end":{"line":522,"column":45}},"522":{"start":{"line":523,"column":0},"end":{"line":523,"column":0}},"523":{"start":{"line":524,"column":0},"end":{"line":524,"column":5}},"524":{"start":{"line":525,"column":0},"end":{"line":525,"column":75}},"525":{"start":{"line":526,"column":0},"end":{"line":526,"column":72}},"526":{"start":{"line":527,"column":0},"end":{"line":527,"column":5}},"527":{"start":{"line":528,"column":0},"end":{"line":528,"column":39}},"528":{"start":{"line":529,"column":0},"end":{"line":529,"column":32}},"529":{"start":{"line":530,"column":0},"end":{"line":530,"column":0}},"530":{"start":{"line":531,"column":0},"end":{"line":531,"column":26}},"531":{"start":{"line":532,"column":0},"end":{"line":532,"column":34}},"532":{"start":{"line":533,"column":0},"end":{"line":533,"column":27}},"533":{"start":{"line":534,"column":0},"end":{"line":534,"column":0}},"534":{"start":{"line":535,"column":0},"end":{"line":535,"column":13}},"535":{"start":{"line":536,"column":0},"end":{"line":536,"column":5}},"536":{"start":{"line":537,"column":0},"end":{"line":537,"column":0}},"537":{"start":{"line":538,"column":0},"end":{"line":538,"column":33}},"538":{"start":{"line":539,"column":0},"end":{"line":539,"column":0}},"539":{"start":{"line":540,"column":0},"end":{"line":540,"column":33}},"540":{"start":{"line":541,"column":0},"end":{"line":541,"column":20}},"541":{"start":{"line":542,"column":0},"end":{"line":542,"column":7}},"542":{"start":{"line":543,"column":0},"end":{"line":543,"column":4}},"543":{"start":{"line":544,"column":0},"end":{"line":544,"column":0}},"544":{"start":{"line":545,"column":0},"end":{"line":545,"column":68}},"545":{"start":{"line":546,"column":0},"end":{"line":546,"column":30}},"546":{"start":{"line":547,"column":0},"end":{"line":547,"column":0}},"547":{"start":{"line":548,"column":0},"end":{"line":548,"column":18}},"548":{"start":{"line":549,"column":0},"end":{"line":549,"column":35}},"549":{"start":{"line":550,"column":0},"end":{"line":550,"column":6}},"550":{"start":{"line":551,"column":0},"end":{"line":551,"column":4}},"551":{"start":{"line":552,"column":0},"end":{"line":552,"column":0}},"552":{"start":{"line":553,"column":0},"end":{"line":553,"column":39}},"553":{"start":{"line":554,"column":0},"end":{"line":554,"column":33}},"554":{"start":{"line":555,"column":0},"end":{"line":555,"column":22}},"555":{"start":{"line":556,"column":0},"end":{"line":556,"column":0}},"556":{"start":{"line":557,"column":0},"end":{"line":557,"column":20}},"557":{"start":{"line":558,"column":0},"end":{"line":558,"column":4}},"558":{"start":{"line":559,"column":0},"end":{"line":559,"column":0}},"559":{"start":{"line":560,"column":0},"end":{"line":560,"column":39}},"560":{"start":{"line":561,"column":0},"end":{"line":561,"column":2}},"561":{"start":{"line":562,"column":0},"end":{"line":562,"column":0}},"562":{"start":{"line":563,"column":0},"end":{"line":563,"column":3}},"563":{"start":{"line":564,"column":0},"end":{"line":564,"column":80}},"564":{"start":{"line":565,"column":0},"end":{"line":565,"column":77}},"565":{"start":{"line":566,"column":0},"end":{"line":566,"column":45}},"566":{"start":{"line":567,"column":0},"end":{"line":567,"column":58}},"567":{"start":{"line":568,"column":0},"end":{"line":568,"column":78}},"568":{"start":{"line":569,"column":0},"end":{"line":569,"column":2}},"569":{"start":{"line":570,"column":0},"end":{"line":570,"column":37}},"570":{"start":{"line":571,"column":0},"end":{"line":571,"column":80}},"571":{"start":{"line":572,"column":0},"end":{"line":572,"column":8}},"572":{"start":{"line":573,"column":0},"end":{"line":573,"column":3}},"573":{"start":{"line":574,"column":0},"end":{"line":574,"column":63}},"574":{"start":{"line":575,"column":0},"end":{"line":575,"column":14}},"575":{"start":{"line":576,"column":0},"end":{"line":576,"column":68}},"576":{"start":{"line":577,"column":0},"end":{"line":577,"column":38}}},"s":{"0":2,"1":2,"2":2,"3":2,"4":2,"5":2,"6":2,"7":2,"8":2,"9":2,"10":2,"11":2,"12":2,"13":2,"14":2,"15":2,"16":2,"17":2,"18":2,"19":2,"20":2,"21":2,"22":2,"23":2,"24":2,"25":2,"26":2,"27":2,"28":2,"29":2,"30":2,"31":2,"32":2,"33":2,"34":2,"35":2,"36":2,"37":2,"38":2,"39":2,"40":2,"41":2,"42":2,"43":2,"44":2,"45":2,"46":2,"47":2,"48":2,"49":2,"50":2,"51":2,"52":2,"53":2,"54":2,"55":2,"56":2,"57":2,"58":2,"59":2,"60":2,"61":2,"62":2,"63":2,"64":2,"65":2,"66":2,"67":2,"68":2,"69":2,"70":2,"71":2,"72":2399,"73":2399,"74":2399,"75":2399,"76":2399,"77":2399,"78":2399,"79":2399,"80":2399,"81":2399,"82":2399,"83":2399,"84":2399,"85":2399,"86":2399,"87":2399,"88":2399,"89":2399,"90":3621,"91":3621,"92":3621,"93":3621,"94":2399,"95":2399,"96":2399,"97":2399,"98":2399,"99":2399,"100":2399,"101":2399,"102":2399,"103":2399,"104":2399,"105":2399,"106":2399,"107":2399,"108":2399,"109":570,"110":1501,"111":2399,"112":2399,"113":2399,"114":2399,"115":2399,"116":2399,"117":2399,"118":2399,"119":2399,"120":2399,"121":2399,"122":7896,"123":7896,"124":672,"125":672,"126":672,"127":672,"128":7224,"129":7224,"130":7224,"131":7224,"132":7224,"133":7224,"134":7224,"135":7224,"136":7224,"137":7224,"138":7224,"139":7224,"140":7224,"141":7224,"142":7224,"143":7224,"144":7224,"145":7224,"146":7224,"147":7224,"148":7224,"149":7224,"150":7224,"151":7224,"152":7224,"153":7224,"154":7224,"155":9056,"156":9056,"157":9056,"158":9056,"159":9056,"160":9056,"161":2240,"162":2240,"163":2240,"164":2240,"165":2240,"166":9056,"167":7224,"168":7224,"169":7224,"170":7224,"171":7224,"172":7224,"173":7224,"174":7896,"175":2570,"176":2570,"177":2570,"178":2570,"179":2570,"180":2570,"181":2570,"182":2570,"183":2570,"184":2570,"185":2570,"186":2570,"187":2570,"188":2570,"189":2570,"190":2570,"191":2570,"192":4654,"193":4654,"194":7896,"195":584,"196":584,"197":584,"198":584,"199":2399,"200":2399,"201":2399,"202":948,"203":948,"204":948,"205":948,"206":948,"207":948,"208":948,"209":948,"210":948,"211":948,"212":948,"213":948,"214":948,"215":948,"216":948,"217":948,"218":1090,"219":1090,"220":1090,"221":1090,"222":1090,"223":1090,"224":1090,"225":1090,"226":1090,"227":1090,"228":1090,"229":1090,"230":1090,"231":1090,"232":1090,"233":1090,"234":1090,"235":1090,"236":1090,"237":1090,"238":1090,"239":1090,"240":1090,"241":948,"242":948,"243":948,"244":948,"245":948,"246":564,"247":564,"248":948,"249":948,"250":948,"251":288,"252":288,"253":948,"254":948,"255":948,"256":948,"257":292,"258":292,"259":292,"260":292,"261":2399,"262":2399,"263":2399,"264":4598,"265":4598,"266":4598,"267":4598,"268":4598,"269":4598,"270":4598,"271":4598,"272":4598,"273":4598,"274":5556,"275":5556,"276":5556,"277":5556,"278":4598,"279":4598,"280":4598,"281":4598,"282":4598,"283":4598,"284":146,"285":146,"286":146,"287":146,"288":2399,"289":2399,"290":2399,"291":200,"292":200,"293":200,"294":390,"295":200,"296":200,"297":200,"298":2399,"299":2399,"300":2399,"301":150,"302":150,"303":150,"304":150,"305":150,"306":150,"307":150,"308":2399,"309":2399,"310":2399,"311":96,"312":96,"313":96,"314":112,"315":112,"316":96,"317":96,"318":96,"319":2399,"320":2399,"321":2399,"322":2399,"323":2399,"324":2399,"325":2399,"326":2399,"327":2399,"328":2399,"329":2399,"330":2399,"331":2399,"332":2399,"333":2399,"334":2399,"335":2399,"336":2,"337":2,"338":2,"339":2,"340":2,"341":2,"342":2,"343":2,"344":2,"345":2,"346":2,"347":2,"348":2,"349":2,"350":2,"351":2,"352":2,"353":2,"354":2,"355":2,"356":2,"357":7224,"358":7224,"359":7224,"360":7224,"361":7224,"362":7224,"363":7224,"364":7224,"365":7224,"366":7224,"367":7224,"368":7224,"369":7224,"370":7224,"371":7224,"372":7224,"373":7224,"374":7224,"375":16250,"376":16250,"377":16250,"378":16250,"379":16250,"380":16250,"381":16250,"382":16250,"383":16250,"384":16250,"385":16250,"386":16250,"387":16250,"388":16250,"389":16250,"390":9116,"391":2240,"392":3092,"393":2240,"394":2240,"395":2240,"396":2240,"397":9116,"398":6876,"399":6876,"400":6876,"401":6876,"402":9116,"403":16250,"404":16250,"405":7224,"406":7224,"407":7224,"408":7224,"409":7224,"410":7224,"411":2,"412":2,"413":2,"414":2,"415":2,"416":2,"417":2,"418":2,"419":2,"420":2,"421":2,"422":2,"423":2,"424":2,"425":2,"426":2,"427":2,"428":2,"429":2,"430":2,"431":2,"432":2,"433":2,"434":2,"435":2,"436":2,"437":2,"438":2,"439":2,"440":2,"441":2,"442":2,"443":2,"444":2,"445":2,"446":2,"447":2,"448":2,"449":2,"450":2,"451":2,"452":2,"453":2,"454":2,"455":2570,"456":2570,"457":2570,"458":2570,"459":2570,"460":2570,"461":2570,"462":2570,"463":2570,"464":2570,"465":2570,"466":2570,"467":2570,"468":2570,"469":2570,"470":2570,"471":2570,"472":2570,"473":2570,"474":2570,"475":4040,"476":2698,"477":2698,"478":3284,"479":2698,"480":2698,"481":2698,"482":7964,"483":2698,"484":2698,"485":2698,"486":1428,"487":4500,"488":1428,"489":2698,"490":2698,"491":2698,"492":2570,"493":2570,"494":2570,"495":2570,"496":2570,"497":2570,"498":2570,"499":2570,"500":2570,"501":2570,"502":2570,"503":2570,"504":2570,"505":2570,"506":2570,"507":2570,"508":2570,"509":5744,"510":4402,"511":4402,"512":4402,"513":4402,"514":4402,"515":4402,"516":2570,"517":2570,"518":2570,"519":2570,"520":2570,"521":2570,"522":2570,"523":2570,"524":2570,"525":2570,"526":2570,"527":2570,"528":2840,"529":2840,"530":2840,"531":1428,"532":1428,"533":1428,"534":1428,"535":1428,"536":1412,"537":1412,"538":1412,"539":1412,"540":1424,"541":1412,"542":2570,"543":2570,"544":2570,"545":944,"546":944,"547":944,"548":408,"549":944,"550":2570,"551":2570,"552":2570,"553":4332,"554":4332,"555":4332,"556":4332,"557":2570,"558":2570,"559":2570,"560":2570,"561":2,"562":2,"563":2,"564":2,"565":2,"566":2,"567":2,"568":2,"569":2,"570":2,"571":2,"572":2,"573":2,"574":120,"575":120,"576":2},"branchMap":{"0":{"type":"branch","line":72,"loc":{"start":{"line":72,"column":30},"end":{"line":337,"column":19}},"locations":[{"start":{"line":72,"column":30},"end":{"line":337,"column":19}}]},"1":{"type":"branch","line":109,"loc":{"start":{"line":109,"column":19},"end":{"line":112,"column":6}},"locations":[{"start":{"line":109,"column":19},"end":{"line":112,"column":6}}]},"2":{"type":"branch","line":90,"loc":{"start":{"line":90,"column":20},"end":{"line":95,"column":3}},"locations":[{"start":{"line":90,"column":20},"end":{"line":95,"column":3}}]},"3":{"type":"branch","line":101,"loc":{"start":{"line":101,"column":4},"end":{"line":101,"column":41}},"locations":[{"start":{"line":101,"column":4},"end":{"line":101,"column":41}}]},"4":{"type":"branch","line":110,"loc":{"start":{"line":110,"column":25},"end":{"line":112,"column":5}},"locations":[{"start":{"line":110,"column":25},"end":{"line":112,"column":5}}]},"5":{"type":"branch","line":111,"loc":{"start":{"line":111,"column":22},"end":{"line":111,"column":72}},"locations":[{"start":{"line":111,"column":22},"end":{"line":111,"column":72}}]},"6":{"type":"branch","line":122,"loc":{"start":{"line":122,"column":20},"end":{"line":200,"column":3}},"locations":[{"start":{"line":122,"column":20},"end":{"line":200,"column":3}}]},"7":{"type":"branch","line":124,"loc":{"start":{"line":124,"column":48},"end":{"line":128,"column":7}},"locations":[{"start":{"line":124,"column":48},"end":{"line":128,"column":7}}]},"8":{"type":"branch","line":129,"loc":{"start":{"line":129,"column":-1},"end":{"line":175,"column":23}},"locations":[{"start":{"line":129,"column":-1},"end":{"line":175,"column":23}}]},"9":{"type":"branch","line":175,"loc":{"start":{"line":175,"column":23},"end":{"line":192,"column":7}},"locations":[{"start":{"line":175,"column":23},"end":{"line":192,"column":7}}]},"10":{"type":"branch","line":193,"loc":{"start":{"line":193,"column":-1},"end":{"line":195,"column":13}},"locations":[{"start":{"line":193,"column":-1},"end":{"line":195,"column":13}}]},"11":{"type":"branch","line":195,"loc":{"start":{"line":195,"column":6},"end":{"line":199,"column":5}},"locations":[{"start":{"line":195,"column":6},"end":{"line":199,"column":5}}]},"12":{"type":"branch","line":155,"loc":{"start":{"line":155,"column":40},"end":{"line":167,"column":31}},"locations":[{"start":{"line":155,"column":40},"end":{"line":167,"column":31}}]},"13":{"type":"branch","line":160,"loc":{"start":{"line":160,"column":22},"end":{"line":160,"column":60}},"locations":[{"start":{"line":160,"column":22},"end":{"line":160,"column":60}}]},"14":{"type":"branch","line":161,"loc":{"start":{"line":161,"column":12},"end":{"line":166,"column":15}},"locations":[{"start":{"line":161,"column":12},"end":{"line":166,"column":15}}]},"15":{"type":"branch","line":167,"loc":{"start":{"line":167,"column":12},"end":{"line":167,"column":31}},"locations":[{"start":{"line":167,"column":12},"end":{"line":167,"column":31}}]},"16":{"type":"branch","line":161,"loc":{"start":{"line":161,"column":14},"end":{"line":166,"column":15}},"locations":[{"start":{"line":161,"column":14},"end":{"line":166,"column":15}}]},"17":{"type":"branch","line":202,"loc":{"start":{"line":202,"column":27},"end":{"line":262,"column":3}},"locations":[{"start":{"line":202,"column":27},"end":{"line":262,"column":3}}]},"18":{"type":"branch","line":257,"loc":{"start":{"line":257,"column":6},"end":{"line":261,"column":5}},"locations":[{"start":{"line":257,"column":6},"end":{"line":261,"column":5}}]},"19":{"type":"branch","line":218,"loc":{"start":{"line":218,"column":35},"end":{"line":242,"column":7}},"locations":[{"start":{"line":218,"column":35},"end":{"line":242,"column":7}}]},"20":{"type":"branch","line":235,"loc":{"start":{"line":235,"column":12},"end":{"line":235,"column":37}},"locations":[{"start":{"line":235,"column":12},"end":{"line":235,"column":37}}]},"21":{"type":"branch","line":236,"loc":{"start":{"line":236,"column":12},"end":{"line":236,"column":34}},"locations":[{"start":{"line":236,"column":12},"end":{"line":236,"column":34}}]},"22":{"type":"branch","line":246,"loc":{"start":{"line":246,"column":48},"end":{"line":249,"column":7}},"locations":[{"start":{"line":246,"column":48},"end":{"line":249,"column":7}}]},"23":{"type":"branch","line":247,"loc":{"start":{"line":247,"column":25},"end":{"line":247,"column":29}},"locations":[{"start":{"line":247,"column":25},"end":{"line":247,"column":29}}]},"24":{"type":"branch","line":251,"loc":{"start":{"line":251,"column":42},"end":{"line":254,"column":7}},"locations":[{"start":{"line":251,"column":42},"end":{"line":254,"column":7}}]},"25":{"type":"branch","line":264,"loc":{"start":{"line":264,"column":19},"end":{"line":289,"column":3}},"locations":[{"start":{"line":264,"column":19},"end":{"line":289,"column":3}}]},"26":{"type":"branch","line":272,"loc":{"start":{"line":272,"column":42},"end":{"line":272,"column":66}},"locations":[{"start":{"line":272,"column":42},"end":{"line":272,"column":66}}]},"27":{"type":"branch","line":272,"loc":{"start":{"line":272,"column":67},"end":{"line":272,"column":80}},"locations":[{"start":{"line":272,"column":67},"end":{"line":272,"column":80}}]},"28":{"type":"branch","line":282,"loc":{"start":{"line":282,"column":51},"end":{"line":282,"column":84}},"locations":[{"start":{"line":282,"column":51},"end":{"line":282,"column":84}}]},"29":{"type":"branch","line":284,"loc":{"start":{"line":284,"column":6},"end":{"line":288,"column":5}},"locations":[{"start":{"line":284,"column":6},"end":{"line":288,"column":5}}]},"30":{"type":"branch","line":274,"loc":{"start":{"line":274,"column":47},"end":{"line":279,"column":7}},"locations":[{"start":{"line":274,"column":47},"end":{"line":279,"column":7}}]},"31":{"type":"branch","line":275,"loc":{"start":{"line":275,"column":58},"end":{"line":275,"column":64}},"locations":[{"start":{"line":275,"column":58},"end":{"line":275,"column":64}}]},"32":{"type":"branch","line":278,"loc":{"start":{"line":278,"column":22},"end":{"line":278,"column":25}},"locations":[{"start":{"line":278,"column":22},"end":{"line":278,"column":25}}]},"33":{"type":"branch","line":291,"loc":{"start":{"line":291,"column":21},"end":{"line":299,"column":3}},"locations":[{"start":{"line":291,"column":21},"end":{"line":299,"column":3}}]},"34":{"type":"branch","line":294,"loc":{"start":{"line":294,"column":25},"end":{"line":296,"column":5}},"locations":[{"start":{"line":294,"column":25},"end":{"line":296,"column":5}}]},"35":{"type":"branch","line":295,"loc":{"start":{"line":295,"column":26},"end":{"line":295,"column":29}},"locations":[{"start":{"line":295,"column":26},"end":{"line":295,"column":29}}]},"36":{"type":"branch","line":295,"loc":{"start":{"line":295,"column":26},"end":{"line":295,"column":33}},"locations":[{"start":{"line":295,"column":26},"end":{"line":295,"column":33}}]},"37":{"type":"branch","line":301,"loc":{"start":{"line":301,"column":20},"end":{"line":308,"column":82}},"locations":[{"start":{"line":301,"column":20},"end":{"line":308,"column":82}}]},"38":{"type":"branch","line":311,"loc":{"start":{"line":311,"column":23},"end":{"line":320,"column":3}},"locations":[{"start":{"line":311,"column":23},"end":{"line":320,"column":3}}]},"39":{"type":"branch","line":314,"loc":{"start":{"line":314,"column":35},"end":{"line":314,"column":51}},"locations":[{"start":{"line":314,"column":35},"end":{"line":314,"column":51}}]},"40":{"type":"branch","line":314,"loc":{"start":{"line":314,"column":52},"end":{"line":314,"column":70}},"locations":[{"start":{"line":314,"column":52},"end":{"line":314,"column":70}}]},"41":{"type":"branch","line":314,"loc":{"start":{"line":314,"column":80},"end":{"line":317,"column":5}},"locations":[{"start":{"line":314,"column":80},"end":{"line":317,"column":5}}]},"42":{"type":"branch","line":357,"loc":{"start":{"line":357,"column":50},"end":{"line":411,"column":2}},"locations":[{"start":{"line":357,"column":50},"end":{"line":411,"column":2}}]},"43":{"type":"branch","line":375,"loc":{"start":{"line":375,"column":23},"end":{"line":406,"column":3}},"locations":[{"start":{"line":375,"column":23},"end":{"line":406,"column":3}}]},"44":{"type":"branch","line":390,"loc":{"start":{"line":390,"column":44},"end":{"line":403,"column":5}},"locations":[{"start":{"line":390,"column":44},"end":{"line":403,"column":5}}]},"45":{"type":"branch","line":391,"loc":{"start":{"line":391,"column":51},"end":{"line":398,"column":7}},"locations":[{"start":{"line":391,"column":51},"end":{"line":398,"column":7}}]},"46":{"type":"branch","line":392,"loc":{"start":{"line":392,"column":75},"end":{"line":392,"column":77}},"locations":[{"start":{"line":392,"column":75},"end":{"line":392,"column":77}}]},"47":{"type":"branch","line":398,"loc":{"start":{"line":398,"column":7},"end":{"line":402,"column":7}},"locations":[{"start":{"line":398,"column":7},"end":{"line":402,"column":7}}]},"48":{"type":"branch","line":392,"loc":{"start":{"line":392,"column":85},"end":{"line":394,"column":9}},"locations":[{"start":{"line":392,"column":85},"end":{"line":394,"column":9}}]},"49":{"type":"branch","line":400,"loc":{"start":{"line":400,"column":10},"end":{"line":400,"column":88}},"locations":[{"start":{"line":400,"column":10},"end":{"line":400,"column":88}}]},"50":{"type":"branch","line":408,"loc":{"start":{"line":408,"column":31},"end":{"line":408,"column":75}},"locations":[{"start":{"line":408,"column":31},"end":{"line":408,"column":75}}]},"51":{"type":"branch","line":455,"loc":{"start":{"line":455,"column":29},"end":{"line":561,"column":2}},"locations":[{"start":{"line":455,"column":29},"end":{"line":561,"column":2}}]},"52":{"type":"branch","line":475,"loc":{"start":{"line":475,"column":26},"end":{"line":493,"column":3}},"locations":[{"start":{"line":475,"column":26},"end":{"line":493,"column":3}}]},"53":{"type":"branch","line":476,"loc":{"start":{"line":476,"column":22},"end":{"line":476,"column":29}},"locations":[{"start":{"line":476,"column":22},"end":{"line":476,"column":29}}]},"54":{"type":"branch","line":477,"loc":{"start":{"line":477,"column":-1},"end":{"line":493,"column":3}},"locations":[{"start":{"line":477,"column":-1},"end":{"line":493,"column":3}}]},"55":{"type":"branch","line":478,"loc":{"start":{"line":478,"column":47},"end":{"line":480,"column":5}},"locations":[{"start":{"line":478,"column":47},"end":{"line":480,"column":5}}]},"56":{"type":"branch","line":482,"loc":{"start":{"line":482,"column":57},"end":{"line":483,"column":78}},"locations":[{"start":{"line":482,"column":57},"end":{"line":483,"column":78}}]},"57":{"type":"branch","line":483,"loc":{"start":{"line":483,"column":23},"end":{"line":483,"column":77}},"locations":[{"start":{"line":483,"column":23},"end":{"line":483,"column":77}}]},"58":{"type":"branch","line":486,"loc":{"start":{"line":486,"column":32},"end":{"line":490,"column":5}},"locations":[{"start":{"line":486,"column":32},"end":{"line":490,"column":5}}]},"59":{"type":"branch","line":487,"loc":{"start":{"line":487,"column":32},"end":{"line":489,"column":7}},"locations":[{"start":{"line":487,"column":32},"end":{"line":489,"column":7}}]},"60":{"type":"branch","line":509,"loc":{"start":{"line":509,"column":37},"end":{"line":517,"column":3}},"locations":[{"start":{"line":509,"column":37},"end":{"line":517,"column":3}}]},"61":{"type":"branch","line":510,"loc":{"start":{"line":510,"column":30},"end":{"line":516,"column":5}},"locations":[{"start":{"line":510,"column":30},"end":{"line":516,"column":5}}]},"62":{"type":"branch","line":511,"loc":{"start":{"line":511,"column":24},"end":{"line":513,"column":7}},"locations":[{"start":{"line":511,"column":24},"end":{"line":513,"column":7}}]},"63":{"type":"branch","line":528,"loc":{"start":{"line":528,"column":26},"end":{"line":543,"column":3}},"locations":[{"start":{"line":528,"column":26},"end":{"line":543,"column":3}}]},"64":{"type":"branch","line":531,"loc":{"start":{"line":531,"column":25},"end":{"line":536,"column":5}},"locations":[{"start":{"line":531,"column":25},"end":{"line":536,"column":5}}]},"65":{"type":"branch","line":537,"loc":{"start":{"line":537,"column":-1},"end":{"line":543,"column":3}},"locations":[{"start":{"line":537,"column":-1},"end":{"line":543,"column":3}}]},"66":{"type":"branch","line":540,"loc":{"start":{"line":540,"column":17},"end":{"line":542,"column":5}},"locations":[{"start":{"line":540,"column":17},"end":{"line":542,"column":5}}]},"67":{"type":"branch","line":545,"loc":{"start":{"line":545,"column":46},"end":{"line":551,"column":3}},"locations":[{"start":{"line":545,"column":46},"end":{"line":551,"column":3}}]},"68":{"type":"branch","line":548,"loc":{"start":{"line":548,"column":11},"end":{"line":550,"column":5}},"locations":[{"start":{"line":548,"column":11},"end":{"line":550,"column":5}}]},"69":{"type":"branch","line":553,"loc":{"start":{"line":553,"column":32},"end":{"line":558,"column":3}},"locations":[{"start":{"line":553,"column":32},"end":{"line":558,"column":3}}]},"70":{"type":"branch","line":574,"loc":{"start":{"line":574,"column":40},"end":{"line":577,"column":37}},"locations":[{"start":{"line":574,"column":40},"end":{"line":577,"column":37}}]}},"b":{"0":[2399],"1":[570],"2":[3621],"3":[3913],"4":[1501],"5":[1209],"6":[7896],"7":[672],"8":[7224],"9":[2570],"10":[4654],"11":[584],"12":[9056],"13":[4654],"14":[2240],"15":[6816],"16":[2240],"17":[948],"18":[292],"19":[1090],"20":[362],"21":[582],"22":[564],"23":[408],"24":[288],"25":[4598],"26":[636],"27":[3962],"28":[2421],"29":[146],"30":[5556],"31":[0],"32":[0],"33":[200],"34":[390],"35":[118],"36":[272],"37":[150],"38":[96],"39":[16],"40":[80],"41":[112],"42":[7224],"43":[16250],"44":[9116],"45":[2240],"46":[0],"47":[6876],"48":[3092],"49":[7964],"50":[4938],"51":[2570],"52":[4040],"53":[1342],"54":[2698],"55":[3284],"56":[7964],"57":[7964],"58":[1428],"59":[4500],"60":[5744],"61":[4402],"62":[4402],"63":[2840],"64":[1428],"65":[1412],"66":[1424],"67":[944],"68":[408],"69":[4332],"70":[120]},"fnMap":{"0":{"name":"Object.<anonymous>.exports.composeMedama","decl":{"start":{"line":72,"column":30},"end":{"line":337,"column":19}},"loc":{"start":{"line":72,"column":30},"end":{"line":337,"column":19}},"line":72},"1":{"name":"initReset","decl":{"start":{"line":90,"column":20},"end":{"line":95,"column":3}},"loc":{"start":{"line":90,"column":20},"end":{"line":95,"column":3}},"line":90},"2":{"name":"readState","decl":{"start":{"line":122,"column":20},"end":{"line":200,"column":3}},"loc":{"start":{"line":122,"column":20},"end":{"line":200,"column":3}},"line":122},"3":{"name":"calculateResultFromLayers","decl":{"start":{"line":155,"column":40},"end":{"line":167,"column":31}},"loc":{"start":{"line":155,"column":40},"end":{"line":167,"column":31}},"line":155},"4":{"name":"subscribeToState","decl":{"start":{"line":202,"column":27},"end":{"line":262,"column":3}},"loc":{"start":{"line":202,"column":27},"end":{"line":262,"column":3}},"line":202},"5":{"name":"evaluateAndSubscribe","decl":{"start":{"line":218,"column":35},"end":{"line":242,"column":7}},"loc":{"start":{"line":218,"column":35},"end":{"line":242,"column":7}},"line":218},"6":{"name":"unsubscribe","decl":{"start":{"line":246,"column":48},"end":{"line":249,"column":7}},"loc":{"start":{"line":246,"column":48},"end":{"line":249,"column":7}},"line":246},"7":{"name":"resubscribe","decl":{"start":{"line":251,"column":42},"end":{"line":254,"column":7}},"loc":{"start":{"line":251,"column":42},"end":{"line":254,"column":7}},"line":251},"8":{"name":"setState","decl":{"start":{"line":264,"column":19},"end":{"line":289,"column":3}},"loc":{"start":{"line":264,"column":19},"end":{"line":289,"column":3}},"line":264},"9":{"name":"resetState","decl":{"start":{"line":291,"column":21},"end":{"line":299,"column":3}},"loc":{"start":{"line":291,"column":21},"end":{"line":299,"column":3}},"line":291},"10":{"name":"addLayers","decl":{"start":{"line":301,"column":20},"end":{"line":308,"column":82}},"loc":{"start":{"line":301,"column":20},"end":{"line":308,"column":82}},"line":301},"11":{"name":"deleteLayers","decl":{"start":{"line":311,"column":23},"end":{"line":320,"column":3}},"loc":{"start":{"line":311,"column":23},"end":{"line":320,"column":3}},"line":311},"12":{"name":"createLayerProcessorWithSubscriptionMeans","decl":{"start":{"line":357,"column":50},"end":{"line":411,"column":2}},"loc":{"start":{"line":357,"column":50},"end":{"line":411,"column":2}},"line":357},"13":{"name":"processLayer","decl":{"start":{"line":375,"column":23},"end":{"line":406,"column":3}},"loc":{"start":{"line":375,"column":23},"end":{"line":406,"column":3}},"line":375},"14":{"name":"getSubscriptionMeans","decl":{"start":{"line":408,"column":31},"end":{"line":408,"column":75}},"loc":{"start":{"line":408,"column":31},"end":{"line":408,"column":75}},"line":408},"15":{"name":"createSelectorRecord","decl":{"start":{"line":455,"column":29},"end":{"line":561,"column":2}},"loc":{"start":{"line":455,"column":29},"end":{"line":561,"column":2}},"line":455},"16":{"name":"registerTrigger","decl":{"start":{"line":475,"column":26},"end":{"line":493,"column":3}},"loc":{"start":{"line":475,"column":26},"end":{"line":493,"column":3}},"line":475},"17":{"name":"determineSubscriptionPoolExecution","decl":{"start":{"line":478,"column":47},"end":{"line":480,"column":5}},"loc":{"start":{"line":478,"column":47},"end":{"line":480,"column":5}},"line":478},"18":{"name":"unsubscribePoolFromLayers","decl":{"start":{"line":486,"column":32},"end":{"line":490,"column":5}},"loc":{"start":{"line":486,"column":32},"end":{"line":490,"column":5}},"line":486},"19":{"name":"runSelectorWithMemoization","decl":{"start":{"line":509,"column":37},"end":{"line":517,"column":3}},"loc":{"start":{"line":509,"column":37},"end":{"line":517,"column":3}},"line":509},"20":{"name":"selectorTrigger","decl":{"start":{"line":528,"column":26},"end":{"line":543,"column":3}},"loc":{"start":{"line":528,"column":26},"end":{"line":543,"column":3}},"line":528},"21":{"name":"addSubscription","decl":{"start":{"line":545,"column":46},"end":{"line":551,"column":3}},"loc":{"start":{"line":545,"column":46},"end":{"line":551,"column":3}},"line":545},"22":{"name":"getValue","decl":{"start":{"line":553,"column":32},"end":{"line":558,"column":3}},"loc":{"start":{"line":553,"column":32},"end":{"line":558,"column":3}},"line":553},"23":{"name":"isComposite","decl":{"start":{"line":574,"column":40},"end":{"line":577,"column":37}},"loc":{"start":{"line":574,"column":40},"end":{"line":577,"column":37}},"line":574}},"f":{"0":2399,"1":3621,"2":7896,"3":9056,"4":948,"5":1090,"6":564,"7":288,"8":4598,"9":200,"10":150,"11":96,"12":7224,"13":16250,"14":4938,"15":2570,"16":4040,"17":3284,"18":1428,"19":5744,"20":2840,"21":944,"22":4332,"23":120}}
,"D:\\projects\\medama-work\\packages\\@medamajs\\compose\\src\\const.ts": {"path":"D:\\projects\\medama-work\\packages\\@medamajs\\compose\\src\\const.ts","all":false,"statementMap":{"0":{"start":{"line":1,"column":0},"end":{"line":1,"column":78}},"1":{"start":{"line":2,"column":0},"end":{"line":2,"column":0}},"2":{"start":{"line":3,"column":0},"end":{"line":3,"column":76}}},"s":{"0":2,"1":2,"2":2},"branchMap":{},"b":{},"fnMap":{},"f":{}}
,"D:\\projects\\medama-work\\packages\\@medamajs\\compose\\src\\forEachOnOwnNumerableProps.ts": {"path":"D:\\projects\\medama-work\\packages\\@medamajs\\compose\\src\\forEachOnOwnNumerableProps.ts","all":false,"statementMap":{"0":{"start":{"line":1,"column":0},"end":{"line":1,"column":3}},"1":{"start":{"line":2,"column":0},"end":{"line":2,"column":80}},"2":{"start":{"line":3,"column":0},"end":{"line":3,"column":71}},"3":{"start":{"line":4,"column":0},"end":{"line":4,"column":46}},"4":{"start":{"line":5,"column":0},"end":{"line":5,"column":43}},"5":{"start":{"line":6,"column":0},"end":{"line":6,"column":41}},"6":{"start":{"line":7,"column":0},"end":{"line":7,"column":2}},"7":{"start":{"line":8,"column":0},"end":{"line":8,"column":43}},"8":{"start":{"line":9,"column":0},"end":{"line":9,"column":73}},"9":{"start":{"line":10,"column":0},"end":{"line":10,"column":10}},"10":{"start":{"line":11,"column":0},"end":{"line":11,"column":47}},"11":{"start":{"line":12,"column":0},"end":{"line":12,"column":3}},"12":{"start":{"line":13,"column":0},"end":{"line":13,"column":64}},"13":{"start":{"line":14,"column":0},"end":{"line":14,"column":9}},"14":{"start":{"line":15,"column":0},"end":{"line":15,"column":50}},"15":{"start":{"line":16,"column":0},"end":{"line":16,"column":4}},"16":{"start":{"line":17,"column":0},"end":{"line":17,"column":78}},"17":{"start":{"line":18,"column":0},"end":{"line":18,"column":61}},"18":{"start":{"line":19,"column":0},"end":{"line":19,"column":45}},"19":{"start":{"line":20,"column":0},"end":{"line":20,"column":0}},"20":{"start":{"line":21,"column":0},"end":{"line":21,"column":26}},"21":{"start":{"line":22,"column":0},"end":{"line":22,"column":9}}},"s":{"0":2,"1":2,"2":2,"3":2,"4":2,"5":2,"6":2,"7":2,"8":2,"9":2,"10":2,"11":2,"12":2,"13":6997,"14":6997,"15":6997,"16":6997,"17":9469,"18":9469,"19":9469,"20":9469,"21":2},"branchMap":{"0":{"type":"branch","line":13,"loc":{"start":{"line":13,"column":42},"end":{"line":22,"column":8}},"locations":[{"start":{"line":13,"column":42},"end":{"line":22,"column":8}}]},"1":{"type":"branch","line":17,"loc":{"start":{"line":17,"column":47},"end":{"line":22,"column":5}},"locations":[{"start":{"line":17,"column":47},"end":{"line":22,"column":5}}]}},"b":{"0":[6997],"1":[9469]},"fnMap":{"0":{"name":"forEachOnOwnNumerableProps","decl":{"start":{"line":13,"column":42},"end":{"line":22,"column":8}},"loc":{"start":{"line":13,"column":42},"end":{"line":22,"column":8}},"line":13}},"f":{"0":6997}}
,"D:\\projects\\medama-work\\packages\\@medamajs\\compose\\src\\index.ts": {"path":"D:\\projects\\medama-work\\packages\\@medamajs\\compose\\src\\index.ts","all":false,"statementMap":{"0":{"start":{"line":1,"column":0},"end":{"line":1,"column":32}},"1":{"start":{"line":2,"column":0},"end":{"line":2,"column":43}}},"s":{"0":2,"1":2},"branchMap":{},"b":{},"fnMap":{},"f":{}}
,"D:\\projects\\medama-work\\packages\\@medamajs\\compose\\src\\jobQueue.ts": {"path":"D:\\projects\\medama-work\\packages\\@medamajs\\compose\\src\\jobQueue.ts","all":false,"statementMap":{"0":{"start":{"line":1,"column":0},"end":{"line":1,"column":24}},"1":{"start":{"line":2,"column":0},"end":{"line":2,"column":5}},"2":{"start":{"line":3,"column":0},"end":{"line":3,"column":79}},"3":{"start":{"line":4,"column":0},"end":{"line":4,"column":41}},"4":{"start":{"line":5,"column":0},"end":{"line":5,"column":5}},"5":{"start":{"line":6,"column":0},"end":{"line":6,"column":27}},"6":{"start":{"line":7,"column":0},"end":{"line":7,"column":0}},"7":{"start":{"line":8,"column":0},"end":{"line":8,"column":5}},"8":{"start":{"line":9,"column":0},"end":{"line":9,"column":76}},"9":{"start":{"line":10,"column":0},"end":{"line":10,"column":39}},"10":{"start":{"line":11,"column":0},"end":{"line":11,"column":5}},"11":{"start":{"line":12,"column":0},"end":{"line":12,"column":40}},"12":{"start":{"line":13,"column":0},"end":{"line":13,"column":0}},"13":{"start":{"line":14,"column":0},"end":{"line":14,"column":5}},"14":{"start":{"line":15,"column":0},"end":{"line":15,"column":77}},"15":{"start":{"line":16,"column":0},"end":{"line":16,"column":36}},"16":{"start":{"line":17,"column":0},"end":{"line":17,"column":5}},"17":{"start":{"line":18,"column":0},"end":{"line":18,"column":25}},"18":{"start":{"line":19,"column":0},"end":{"line":19,"column":2}},"19":{"start":{"line":20,"column":0},"end":{"line":20,"column":0}},"20":{"start":{"line":21,"column":0},"end":{"line":21,"column":3}},"21":{"start":{"line":22,"column":0},"end":{"line":22,"column":53}},"22":{"start":{"line":23,"column":0},"end":{"line":23,"column":62}},"23":{"start":{"line":24,"column":0},"end":{"line":24,"column":41}},"24":{"start":{"line":25,"column":0},"end":{"line":25,"column":45}},"25":{"start":{"line":26,"column":0},"end":{"line":26,"column":2}},"26":{"start":{"line":27,"column":0},"end":{"line":27,"column":78}},"27":{"start":{"line":28,"column":0},"end":{"line":28,"column":47}},"28":{"start":{"line":29,"column":0},"end":{"line":29,"column":2}},"29":{"start":{"line":30,"column":0},"end":{"line":30,"column":75}},"30":{"start":{"line":31,"column":0},"end":{"line":31,"column":13}},"31":{"start":{"line":32,"column":0},"end":{"line":32,"column":3}},"32":{"start":{"line":33,"column":0},"end":{"line":33,"column":54}},"33":{"start":{"line":34,"column":0},"end":{"line":34,"column":41}},"34":{"start":{"line":35,"column":0},"end":{"line":35,"column":0}},"35":{"start":{"line":36,"column":0},"end":{"line":36,"column":36}},"36":{"start":{"line":37,"column":0},"end":{"line":37,"column":31}},"37":{"start":{"line":38,"column":0},"end":{"line":38,"column":29}},"38":{"start":{"line":39,"column":0},"end":{"line":39,"column":0}},"39":{"start":{"line":40,"column":0},"end":{"line":40,"column":74}},"40":{"start":{"line":41,"column":0},"end":{"line":41,"column":52}},"41":{"start":{"line":42,"column":0},"end":{"line":42,"column":29}},"42":{"start":{"line":43,"column":0},"end":{"line":43,"column":14}},"43":{"start":{"line":44,"column":0},"end":{"line":44,"column":5}},"44":{"start":{"line":45,"column":0},"end":{"line":45,"column":4}},"45":{"start":{"line":46,"column":0},"end":{"line":46,"column":0}},"46":{"start":{"line":47,"column":0},"end":{"line":47,"column":49}},"47":{"start":{"line":48,"column":0},"end":{"line":48,"column":22}},"48":{"start":{"line":49,"column":0},"end":{"line":49,"column":4}},"49":{"start":{"line":50,"column":0},"end":{"line":50,"column":0}},"50":{"start":{"line":51,"column":0},"end":{"line":51,"column":34}},"51":{"start":{"line":52,"column":0},"end":{"line":52,"column":21}},"52":{"start":{"line":53,"column":0},"end":{"line":53,"column":4}},"53":{"start":{"line":54,"column":0},"end":{"line":54,"column":0}},"54":{"start":{"line":55,"column":0},"end":{"line":55,"column":50}},"55":{"start":{"line":56,"column":0},"end":{"line":56,"column":2}}},"s":{"0":2,"1":2,"2":2,"3":2,"4":2,"5":2,"6":2,"7":2,"8":2,"9":2,"10":2,"11":2,"12":2,"13":2,"14":2,"15":2,"16":2,"17":2,"18":2,"19":2,"20":2,"21":2,"22":2,"23":2,"24":2,"25":2,"26":2,"27":2,"28":2,"29":2,"30":2,"31":2,"32":2,"33":2399,"34":2399,"35":2399,"36":1812,"37":2832,"38":2832,"39":2832,"40":2832,"41":2832,"42":2832,"43":2832,"44":2399,"45":2399,"46":2399,"47":3276,"48":2399,"49":2399,"50":2399,"51":3621,"52":2399,"53":2399,"54":2399,"55":2399},"branchMap":{"0":{"type":"branch","line":33,"loc":{"start":{"line":33,"column":30},"end":{"line":56,"column":2}},"locations":[{"start":{"line":33,"column":30},"end":{"line":56,"column":2}}]},"1":{"type":"branch","line":36,"loc":{"start":{"line":36,"column":23},"end":{"line":45,"column":3}},"locations":[{"start":{"line":36,"column":23},"end":{"line":45,"column":3}}]},"2":{"type":"branch","line":37,"loc":{"start":{"line":37,"column":30},"end":{"line":44,"column":5}},"locations":[{"start":{"line":37,"column":30},"end":{"line":44,"column":5}}]},"3":{"type":"branch","line":47,"loc":{"start":{"line":47,"column":21},"end":{"line":49,"column":3}},"locations":[{"start":{"line":47,"column":21},"end":{"line":49,"column":3}}]},"4":{"type":"branch","line":51,"loc":{"start":{"line":51,"column":21},"end":{"line":53,"column":3}},"locations":[{"start":{"line":51,"column":21},"end":{"line":53,"column":3}}]}},"b":{"0":[2399],"1":[1812],"2":[2832],"3":[3276],"4":[3621]},"fnMap":{"0":{"name":"createJobQueue","decl":{"start":{"line":33,"column":30},"end":{"line":56,"column":2}},"loc":{"start":{"line":33,"column":30},"end":{"line":56,"column":2}},"line":33},"1":{"name":"processQueue","decl":{"start":{"line":36,"column":23},"end":{"line":45,"column":3}},"loc":{"start":{"line":36,"column":23},"end":{"line":45,"column":3}},"line":36},"2":{"name":"addToQueue","decl":{"start":{"line":47,"column":21},"end":{"line":49,"column":3}},"loc":{"start":{"line":47,"column":21},"end":{"line":49,"column":3}},"line":47},"3":{"name":"resetQueue","decl":{"start":{"line":51,"column":21},"end":{"line":53,"column":3}},"loc":{"start":{"line":51,"column":21},"end":{"line":53,"column":3}},"line":51}},"f":{"0":2399,"1":1812,"2":3276,"3":3621}}
,"D:\\projects\\medama-work\\packages\\@medamajs\\compose\\src\\modeManager.ts": {"path":"D:\\projects\\medama-work\\packages\\@medamajs\\compose\\src\\modeManager.ts","all":false,"statementMap":{"0":{"start":{"line":1,"column":0},"end":{"line":1,"column":38}},"1":{"start":{"line":2,"column":0},"end":{"line":2,"column":0}},"2":{"start":{"line":3,"column":0},"end":{"line":3,"column":3}},"3":{"start":{"line":4,"column":0},"end":{"line":4,"column":79}},"4":{"start":{"line":5,"column":0},"end":{"line":5,"column":78}},"5":{"start":{"line":6,"column":0},"end":{"line":6,"column":14}},"6":{"start":{"line":7,"column":0},"end":{"line":7,"column":2}},"7":{"start":{"line":8,"column":0},"end":{"line":8,"column":46}},"8":{"start":{"line":9,"column":0},"end":{"line":9,"column":3}},"9":{"start":{"line":10,"column":0},"end":{"line":10,"column":51}},"10":{"start":{"line":11,"column":0},"end":{"line":11,"column":0}},"11":{"start":{"line":12,"column":0},"end":{"line":12,"column":28}},"12":{"start":{"line":13,"column":0},"end":{"line":13,"column":5}},"13":{"start":{"line":14,"column":0},"end":{"line":14,"column":79}},"14":{"start":{"line":15,"column":0},"end":{"line":15,"column":79}},"15":{"start":{"line":16,"column":0},"end":{"line":16,"column":26}},"16":{"start":{"line":17,"column":0},"end":{"line":17,"column":5}},"17":{"start":{"line":18,"column":0},"end":{"line":18,"column":34}},"18":{"start":{"line":19,"column":0},"end":{"line":19,"column":0}},"19":{"start":{"line":20,"column":0},"end":{"line":20,"column":5}},"20":{"start":{"line":21,"column":0},"end":{"line":21,"column":76}},"21":{"start":{"line":22,"column":0},"end":{"line":22,"column":79}},"22":{"start":{"line":23,"column":0},"end":{"line":23,"column":22}},"23":{"start":{"line":24,"column":0},"end":{"line":24,"column":5}},"24":{"start":{"line":25,"column":0},"end":{"line":25,"column":39}},"25":{"start":{"line":26,"column":0},"end":{"line":26,"column":0}},"26":{"start":{"line":27,"column":0},"end":{"line":27,"column":5}},"27":{"start":{"line":28,"column":0},"end":{"line":28,"column":75}},"28":{"start":{"line":29,"column":0},"end":{"line":29,"column":79}},"29":{"start":{"line":30,"column":0},"end":{"line":30,"column":5}},"30":{"start":{"line":31,"column":0},"end":{"line":31,"column":44}},"31":{"start":{"line":32,"column":0},"end":{"line":32,"column":0}},"32":{"start":{"line":33,"column":0},"end":{"line":33,"column":5}},"33":{"start":{"line":34,"column":0},"end":{"line":34,"column":76}},"34":{"start":{"line":35,"column":0},"end":{"line":35,"column":79}},"35":{"start":{"line":36,"column":0},"end":{"line":36,"column":11}},"36":{"start":{"line":37,"column":0},"end":{"line":37,"column":5}},"37":{"start":{"line":38,"column":0},"end":{"line":38,"column":50}},"38":{"start":{"line":39,"column":0},"end":{"line":39,"column":0}},"39":{"start":{"line":40,"column":0},"end":{"line":40,"column":5}},"40":{"start":{"line":41,"column":0},"end":{"line":41,"column":74}},"41":{"start":{"line":42,"column":0},"end":{"line":42,"column":80}},"42":{"start":{"line":43,"column":0},"end":{"line":43,"column":5}},"43":{"start":{"line":44,"column":0},"end":{"line":44,"column":32}},"44":{"start":{"line":45,"column":0},"end":{"line":45,"column":2}},"45":{"start":{"line":46,"column":0},"end":{"line":46,"column":0}},"46":{"start":{"line":47,"column":0},"end":{"line":47,"column":3}},"47":{"start":{"line":48,"column":0},"end":{"line":48,"column":74}},"48":{"start":{"line":49,"column":0},"end":{"line":49,"column":33}},"49":{"start":{"line":50,"column":0},"end":{"line":50,"column":57}},"50":{"start":{"line":51,"column":0},"end":{"line":51,"column":71}},"51":{"start":{"line":52,"column":0},"end":{"line":52,"column":18}},"52":{"start":{"line":53,"column":0},"end":{"line":53,"column":2}},"53":{"start":{"line":54,"column":0},"end":{"line":54,"column":23}},"54":{"start":{"line":55,"column":0},"end":{"line":55,"column":36}},"55":{"start":{"line":56,"column":0},"end":{"line":56,"column":42}},"56":{"start":{"line":57,"column":0},"end":{"line":57,"column":57}},"57":{"start":{"line":58,"column":0},"end":{"line":58,"column":2}},"58":{"start":{"line":59,"column":0},"end":{"line":59,"column":62}},"59":{"start":{"line":60,"column":0},"end":{"line":60,"column":3}},"60":{"start":{"line":61,"column":0},"end":{"line":61,"column":69}},"61":{"start":{"line":62,"column":0},"end":{"line":62,"column":28}},"62":{"start":{"line":63,"column":0},"end":{"line":63,"column":44}},"63":{"start":{"line":64,"column":0},"end":{"line":64,"column":0}},"64":{"start":{"line":65,"column":0},"end":{"line":65,"column":56}},"65":{"start":{"line":66,"column":0},"end":{"line":66,"column":0}},"66":{"start":{"line":67,"column":0},"end":{"line":67,"column":56}},"67":{"start":{"line":68,"column":0},"end":{"line":68,"column":25}},"68":{"start":{"line":69,"column":0},"end":{"line":69,"column":10}},"69":{"start":{"line":70,"column":0},"end":{"line":70,"column":26}},"70":{"start":{"line":71,"column":0},"end":{"line":71,"column":42}},"71":{"start":{"line":72,"column":0},"end":{"line":72,"column":4}},"72":{"start":{"line":73,"column":0},"end":{"line":73,"column":0}},"73":{"start":{"line":74,"column":0},"end":{"line":74,"column":53}},"74":{"start":{"line":75,"column":0},"end":{"line":75,"column":41}},"75":{"start":{"line":76,"column":0},"end":{"line":76,"column":4}},"76":{"start":{"line":77,"column":0},"end":{"line":77,"column":0}},"77":{"start":{"line":78,"column":0},"end":{"line":78,"column":88}},"78":{"start":{"line":79,"column":0},"end":{"line":79,"column":0}},"79":{"start":{"line":80,"colu
[...]
12,"1700":12,"1701":12,"1702":12,"1703":12,"1704":12,"1705":12,"1706":12,"1707":12,"1708":12,"1709":12,"1710":12,"1711":12,"1712":12,"1713":12,"1714":12,"1715":12,"1716":12,"1717":12,"1718":12,"1719":12,"1720":12,"1721":12,"1722":12,"1723":12,"1724":12,"1725":12,"1726":12,"1727":12,"1728":12,"1729":12,"1730":12,"1731":60,"1732":60,"1733":60,"1734":60,"1735":60,"1736":60,"1737":60,"1738":60,"1739":60,"1740":60,"1741":60,"1742":12,"1743":12,"1744":12,"1745":12,"1746":12,"1747":12,"1748":12,"1749":12,"1750":12,"1751":12,"1752":12,"1753":12,"1754":12,"1755":12,"1756":12,"1757":12,"1758":12,"1759":12,"1760":12,"1761":12,"1762":12,"1763":12,"1764":12,"1765":12,"1766":12,"1767":12,"1768":12,"1769":12,"1770":12,"1771":12,"1772":12,"1773":12,"1774":12,"1775":12,"1776":12,"1777":12,"1778":12,"1779":12,"1780":12,"1781":12,"1782":12,"1783":12,"1784":12,"1785":12,"1786":12,"1787":12,"1788":12,"1789":12,"1790":12,"1791":12,"1792":12,"1793":12,"1794":12,"1795":12,"1796":12,"1797":12,"1798":12,"1799":12,"1800":12,"1801":12,"1802":12,"1803":12,"1804":12,"1805":12,"1806":12,"1807":12,"1808":12,"1809":12,"1810":12,"1811":12,"1812":12,"1813":12,"1814":12,"1815":12,"1816":12,"1817":12,"1818":12,"1819":12,"1820":12,"1821":12,"1822":12,"1823":12,"1824":12,"1825":12,"1826":12,"1827":12,"1828":12,"1829":12,"1830":12,"1831":12,"1832":12,"1833":12,"1834":12,"1835":12,"1836":12,"1837":12,"1838":12,"1839":12,"1840":12,"1841":12,"1842":12,"1843":12,"1844":12,"1845":12,"1846":12,"1847":12,"1848":12,"1849":12,"1850":12,"1851":12,"1852":12,"1853":12,"1854":12,"1855":12,"1856":12,"1857":12,"1858":12,"1859":12,"1860":12,"1861":12,"1862":12,"1863":12,"1864":12,"1865":12,"1866":12,"1867":12,"1868":12,"1869":12,"1870":12,"1871":12,"1872":12,"1873":12,"1874":12,"1875":12,"1876":12,"1877":12,"1878":12,"1879":12,"1880":12,"1881":12,"1882":12,"1883":12,"1884":12,"1885":12,"1886":12,"1887":12,"1888":12,"1889":12,"1890":12,"1891":12,"1892":12,"1893":12,"1894":12,"1895":12,"1896":12,"1897":12,"1898":12,"1899":12,"1900":12,"1901":12,"1902":12,"1903":12,"1904":12,"1905":12,"1906":12,"1907":12,"1908":12,"1909":12,"1910":12,"1911":12,"1912":12,"1913":12,"1914":12,"1915":12,"1916":12,"1917":12,"1918":12,"1919":12,"1920":12,"1921":12,"1922":12,"1923":12,"1924":12,"1925":12,"1926":12,"1927":12,"1928":12,"1929":12,"1930":12,"1931":12,"1932":12,"1933":12,"1934":12,"1935":48,"1936":48,"1937":48,"1938":48,"1939":120,"1940":120,"1941":120,"1942":120,"1943":120,"1944":120,"1945":120,"1946":120,"1947":12,"1948":12,"1949":12,"1950":12,"1951":12,"1952":12,"1953":12,"1954":12,"1955":12,"1956":12,"1957":12,"1958":12,"1959":12,"1960":12,"1961":12,"1962":12,"1963":12,"1964":2,"1965":2},"branchMap":{"0":{"type":"branch","line":14,"loc":{"start":{"line":14,"column":47},"end":{"line":1966,"column":2}},"locations":[{"start":{"line":14,"column":47},"end":{"line":1966,"column":2}}]},"1":{"type":"branch","line":25,"loc":{"start":{"line":25,"column":7},"end":{"line":33,"column":7}},"locations":[{"start":{"line":25,"column":7},"end":{"line":33,"column":7}}]},"2":{"type":"branch","line":38,"loc":{"start":{"line":38,"column":7},"end":{"line":50,"column":7}},"locations":[{"start":{"line":38,"column":7},"end":{"line":50,"column":7}}]},"3":{"type":"branch","line":43,"loc":{"start":{"line":43,"column":15},"end":{"line":46,"column":12}},"locations":[{"start":{"line":43,"column":15},"end":{"line":46,"column":12}}]},"4":{"type":"branch","line":44,"loc":{"start":{"line":44,"column":20},"end":{"line":46,"column":11}},"locations":[{"start":{"line":44,"column":20},"end":{"line":46,"column":11}}]},"5":{"type":"branch","line":55,"loc":{"start":{"line":55,"column":7},"end":{"line":71,"column":7}},"locations":[{"start":{"line":55,"column":7},"end":{"line":71,"column":7}}]},"6":{"type":"branch","line":60,"loc":{"start":{"line":60,"column":15},"end":{"line":66,"column":20}},"locations":[{"start":{"line":60,"column":15},"end":{"line":66,"column":20}}]},"7":{"type":"branch","line":62,"loc":{"start":{"line":62,"column":12},"end":{"line":64,"column":13}},"locations":[{"start":{"line":62,"column":12},"end":{"line":64,"column":13}}]},"8":{"type":"branch","line":76,"loc":{"start":{"line":76,"column":7},"end":{"line":92,"column":7}},"locations":[{"start":{"line":76,"column":7},"end":{"line":92,"column":7}}]},"9":{"type":"branch","line":81,"loc":{"start":{"line":81,"column":15},"end":{"line":87,"column":13}},"locations":[{"start":{"line":81,"column":15},"end":{"line":87,"column":13}}]},"10":{"type":"branch","line":83,"loc":{"start":{"line":83,"column":12},"end":{"line":83,"column":20}},"locations":[{"start":{"line":83,"column":12},"end":{"line":83,"column":20}}]},"11":{"type":"branch","line":85,"loc":{"start":{"line":85,"column":12},"end":{"line":87,"column":13}},"locations":[{"start":{"line":85,"column":12},"end":{"line":87,"column":13}}]},"12":{"type":"branch","line":97,"loc":{"start":{"line":97,"column":7},"end":{"line":113,"column":7}},"locations":[{"start":{"line":97,"column":7},"end":{"line":113,"column":7}}]},"13":{"type":"branch","line":103,"loc":{"start":{"line":103,"column":10},"end":{"line":103,"column":32}},"locations":[{"start":{"line":103,"column":10},"end":{"line":103,"column":32}}]},"14":{"type":"branch","line":105,"loc":{"start":{"line":105,"column":10},"end":{"line":107,"column":11}},"locations":[{"start":{"line":105,"column":10},"end":{"line":107,"column":11}}]},"15":{"type":"branch","line":105,"loc":{"start":{"line":105,"column":16},"end":{"line":107,"column":11}},"locations":[{"start":{"line":105,"column":16},"end":{"line":107,"column":11}}]},"16":{"type":"branch","line":110,"loc":{"start":{"line":110,"column":15},"end":{"line":110,"column":53}},"locations":[{"start":{"line":110,"column":15},"end":{"line":110,"column":53}}]},"17":{"type":"branch","line":115,"loc":{"start":{"line":115,"column":57},"end":{"line":1965,"column":3}},"locations":[{"start":{"line":115,"column":57},"end":{"line":1965,"column":3}}]},"18":{"type":"branch","line":116,"loc":{"start":{"line":116,"column":40},"end":{"line":155,"column":5}},"locations":[{"start":{"line":116,"column":40},"end":{"line":155,"column":5}}]},"19":{"type":"branch","line":142,"loc":{"start":{"line":142,"column":8},"end":{"line":150,"column":38}},"locations":[{"start":{"line":142,"column":8},"end":{"line":150,"column":38}}]},"20":{"type":"branch","line":157,"loc":{"start":{"line":157,"column":62},"end":{"line":280,"column":5}},"locations":[{"start":{"line":157,"column":62},"end":{"line":280,"column":5}}]},"21":{"type":"branch","line":182,"loc":{"start":{"line":182,"column":34},"end":{"line":182,"column":65}},"locations":[{"start":{"line":182,"column":34},"end":{"line":182,"column":65}}]},"22":{"type":"branch","line":190,"loc":{"start":{"line":190,"column":34},"end":{"line":190,"column":69}},"locations":[{"start":{"line":190,"column":34},"end":{"line":190,"column":69}}]},"23":{"type":"branch","line":201,"loc":{"start":{"line":201,"column":8},"end":{"line":210,"column":10}},"locations":[{"start":{"line":201,"column":8},"end":{"line":210,"column":10}}]},"24":{"type":"branch","line":248,"loc":{"start":{"line":248,"column":10},"end":{"line":261,"column":12}},"locations":[{"start":{"line":248,"column":10},"end":{"line":261,"column":12}}]},"25":{"type":"branch","line":282,"loc":{"start":{"line":282,"column":47},"end":{"line":493,"column":5}},"locations":[{"start":{"line":282,"column":47},"end":{"line":493,"column":5}}]},"26":{"type":"branch","line":295,"loc":{"start":{"line":295,"column":35},"end":{"line":299,"column":8}},"locations":[{"start":{"line":295,"column":35},"end":{"line":299,"column":8}}]},"27":{"type":"branch","line":310,"loc":{"start":{"line":310,"column":36},"end":{"line":312,"column":7}},"locations":[{"start":{"line":310,"column":36},"end":{"line":312,"column":7}}]},"28":{"type":"branch","line":370,"loc":{"start":{"line":370,"column":38},"end":{"line":372,"column":7}},"locations":[{"start":{"line":370,"column":38},"end":{"line":372,"column":7}}]},"29":{"type":"branch","line":373,"loc":{"start":{"line":373,"column":38},"end":{"line":377,"column":7}},"locations":[{"start":{"line":373,"column":38},"end":{"line":377,"column":7}}]},"30":{"type":"branch","line":446,"loc":{"start":{"line":446,"column":38},"end":{"line":448,"column":7}},"locations":[{"start":{"line":446,"column":38},"end":{"line":448,"column":7}}]},"31":{"type":"branch","line":449,"loc":{"start":{"line":449,"column":38},"end":{"line":453,"column":7}},"locations":[{"start":{"line":449,"column":38},"end":{"line":453,"column":7}}]},"32":{"type":"branch","line":495,"loc":{"start":{"line":495,"column":50},"end":{"line":531,"column":5}},"locations":[{"start":{"line":495,"column":50},"end":{"line":531,"column":5}}]},"33":{"type":"branch","line":506,"loc":{"start":{"line":506,"column":8},"end":{"line":506,"column":27}},"locations":[{"start":{"line":506,"column":8},"end":{"line":506,"column":27}}]},"34":{"type":"branch","line":508,"loc":{"start":{"line":508,"column":8},"end":{"line":514,"column":9}},"locations":[{"start":{"line":508,"column":8},"end":{"line":514,"column":9}}]},"35":{"type":"branch","line":508,"loc":{"start":{"line":508,"column":14},"end":{"line":514,"column":9}},"locations":[{"start":{"line":508,"column":14},"end":{"line":514,"column":9}}]},"36":{"type":"branch","line":511,"loc":{"start":{"line":511,"column":23},"end":{"line":511,"column":30}},"locations":[{"start":{"line":511,"column":23},"end":{"line":511,"column":30}}]},"37":{"type":"branch","line":512,"loc":{"start":{"line":512,"column":-1},"end":{"line":514,"column":9}},"locations":[{"start":{"line":512,"column":-1},"end":{"line":514,"column":9}}]},"38":{"type":"branch","line":523,"loc":{"start":{"line":523,"column":18},"end":{"line":529,"column":7}},"locations":[{"start":{"line":523,"column":18},"end":{"line":529,"column":7}}]},"39":{"type":"branch","line":526,"loc":{"start":{"line":526,"column":21},"end":{"line":526,"column":28}},"locations":[{"start":{"line":526,"column":21},"end":{"line":526,"column":28}}]},"40":{"type":"branch","line":527,"loc":{"start":{"line":527,"column":-1},"end":{"line":529,"column":7}},"locations":[{"start":{"line":527,"column":-1},"end":{"line":529,"column":7}}]},"41":{"type":"branch","line":533,"loc":{"start":{"line":533,"column":72},"end":{"line":749,"column":5}},"locations":[{"start":{"line":533,"column":72},"end":{"line":749,"column":5}}]},"42":{"type":"branch","line":546,"loc":{"start":{"line":546,"column":32},"end":{"line":549,"column":8}},"locations":[{"start":{"line":546,"column":32},"end":{"line":549,"column":8}}]},"43":{"type":"branch","line":557,"loc":{"start":{"line":557,"column":32},"end":{"line":560,"column":8}},"locations":[{"start":{"line":557,"column":32},"end":{"line":560,"column":8}}]},"44":{"type":"branch","line":569,"loc":{"start":{"line":569,"column":36},"end":{"line":571,"column":7}},"locations":[{"start":{"line":569,"column":36},"end":{"line":571,"column":7}}]},"45":{"type":"branch","line":574,"loc":{"start":{"line":574,"column":36},"end":{"line":586,"column":7}},"locations":[{"start":{"line":574,"column":36},"end":{"line":586,"column":7}}]},"46":{"type":"branch","line":578,"loc":{"start":{"line":578,"column":10},"end":{"line":584,"column":56}},"locations":[{"start":{"line":578,"column":10},"end":{"line":584,"column":56}}]},"47":{"type":"branch","line":751,"loc":{"start":{"line":751,"column":71},"end":{"line":804,"column":5}},"locations":[{"start":{"line":751,"column":71},"end":{"line":804,"column":5}}]},"48":{"type":"branch","line":782,"loc":{"start":{"line":782,"column":8},"end":{"line":790,"column":38}},"locations":[{"start":{"line":782,"column":8},"end":{"line":790,"column":38}}]},"49":{"type":"branch","line":806,"loc":{"start":{"line":806,"column":93},"end":{"line":1041,"column":5}},"locations":[{"start":{"line":806,"column":93},"end":{"line":1041,"column":5}}]},"50":{"type":"branch","line":842,"loc":{"start":{"line":842,"column":34},"end":{"line":842,"column":65}},"locations":[{"start":{"line":842,"column":34},"end":{"line":842,"column":65}}]},"51":{"type":"branch","line":850,"loc":{"start":{"line":850,"column":34},"end":{"line":850,"column":69}},"locations":[{"start":{"line":850,"column":34},"end":{"line":850,"column":69}}]},"52":{"type":"branch","line":861,"loc":{"start":{"line":861,"column":8},"end":{"line":870,"column":10}},"locations":[{"start":{"line":861,"column":8},"end":{"line":870,"column":10}}]},"53":{"type":"branch","line":908,"loc":{"start":{"line":908,"column":10},"end":{"line":921,"column":12}},"locations":[{"start":{"line":908,"column":10},"end":{"line":921,"column":12}}]},"54":{"type":"branch","line":1009,"loc":{"start":{"line":1009,"column":10},"end":{"line":1022,"column":12}},"locations":[{"start":{"line":1009,"column":10},"end":{"line":1022,"column":12}}]},"55":{"type":"branch","line":1043,"loc":{"start":{"line":1043,"column":78},"end":{"line":1465,"column":5}},"locations":[{"start":{"line":1043,"column":78},"end":{"line":1465,"column":5}}]},"56":{"type":"branch","line":1069,"loc":{"start":{"line":1069,"column":35},"end":{"line":1073,"column":8}},"locations":[{"start":{"line":1069,"column":35},"end":{"line":1073,"column":8}}]},"57":{"type":"branch","line":1084,"loc":{"start":{"line":1084,"column":36},"end":{"line":1086,"column":7}},"locations":[{"start":{"line":1084,"column":36},"end":{"line":1086,"column":7}}]},"58":{"type":"branch","line":1147,"loc":{"start":{"line":1147,"column":38},"end":{"line":1149,"column":7}},"locations":[{"start":{"line":1147,"column":38},"end":{"line":1149,"column":7}}]},"59":{"type":"branch","line":1150,"loc":{"start":{"line":1150,"column":38},"end":{"line":1154,"column":7}},"locations":[{"start":{"line":1150,"column":38},"end":{"line":1154,"column":7}}]},"60":{"type":"branch","line":1223,"loc":{"start":{"line":1223,"column":38},"end":{"line":1225,"column":7}},"locations":[{"start":{"line":1223,"column":38},"end":{"line":1225,"column":7}}]},"61":{"type":"branch","line":1226,"loc":{"start":{"line":1226,"column":38},"end":{"line":1230,"column":7}},"locations":[{"start":{"line":1226,"column":38},"end":{"line":1230,"column":7}}]},"62":{"type":"branch","line":1467,"loc":{"start":{"line":1467,"column":103},"end":{"line":1908,"column":5}},"locations":[{"start":{"line":1467,"column":103},"end":{"line":1908,"column":5}}]},"63":{"type":"branch","line":1493,"loc":{"start":{"line":1493,"column":32},"end":{"line":1496,"column":8}},"locations":[{"start":{"line":1493,"column":32},"end":{"line":1496,"column":8}}]},"64":{"type":"branch","line":1504,"loc":{"start":{"line":1504,"column":32},"end":{"line":1507,"column":8}},"locations":[{"start":{"line":1504,"column":32},"end":{"line":1507,"column":8}}]},"65":{"type":"branch","line":1516,"loc":{"start":{"line":1516,"column":36},"end":{"line":1518,"column":7}},"locations":[{"start":{"line":1516,"column":36},"end":{"line":1518,"column":7}}]},"66":{"type":"branch","line":1521,"loc":{"start":{"line":1521,"column":38},"end":{"line":1533,"column":7}},"locations":[{"start":{"line":1521,"column":38},"end":{"line":1533,"column":7}}]},"67":{"type":"branch","line":1525,"loc":{"start":{"line":1525,"column":10},"end":{"line":1531,"column":56}},"locations":[{"start":{"line":1525,"column":10},"end":{"line":1531,"column":56}}]},"68":{"type":"branch","line":1731,"loc":{"start":{"line":1731,"column":38},"end":{"line":1743,"column":7}},"locations":[{"start":{"line":1731,"column":38},"end":{"line":1743,"column":7}}]},"69":{"type":"branch","line":1735,"loc":{"start":{"line":1735,"column":10},"end":{"line":1741,"column":56}},"locations":[{"start":{"line":1735,"column":10},"end":{"line":1741,"column":56}}]},"70":{"type":"branch","line":1910,"loc":{"start":{"line":1910,"column":68},"end":{"line":1964,"column":5}},"locations":[{"start":{"line":1910,"column":68},"end":{"line":1964,"column":5}}]},"71":{"type":"branch","line":1935,"loc":{"start":{"line":1935,"column":24},"end":{"line":1947,"column":14}},"locations":[{"start":{"line":1935,"column":24},"end":{"line":1947,"column":14}}]},"72":{"type":"branch","line":1939,"loc":{"start":{"line":1939,"column":17},"end":{"line":1947,"column":14}},"locations":[{"start":{"line":1939,"column":17},"end":{"line":1947,"column":14}}]},"73":{"type":"branch","line":1944,"loc":{"start":{"line":1944,"column":18},"end":{"line":1944,"column":41}},"locations":[{"start":{"line":1944,"column":18},"end":{"line":1944,"column":41}}]},"74":{"type":"branch","line":1945,"loc":{"start":{"line":1945,"column":18},"end":{"line":1945,"column":37}},"locations":[{"start":{"line":1945,"column":18},"end":{"line":1945,"column":37}}]},"75":{"type":"branch","line":1946,"loc":{"start":{"line":1946,"column":16},"end":{"line":1946,"column":28}},"locations":[{"start":{"line":1946,"column":16},"end":{"line":1946,"column":28}}]},"76":{"type":"branch","line":1950,"loc":{"start":{"line":1950,"column":23},"end":{"line":1952,"column":27}},"locations":[{"start":{"line":1950,"column":23},"end":{"line":1952,"column":27}}]}},"b":{"0":[2],"1":[78],"2":[78],"3":[78],"4":[78],"5":[78],"6":[78],"7":[78],"8":[78],"9":[78],"10":[78],"11":[78],"12":[78],"13":[156],"14":[78],"15":[78],"16":[78],"17":[12],"18":[12],"19":[12],"20":[12],"21":[12],"22":[12],"23":[24],"24":[12],"25":[12],"26":[72],"27":[36],"28":[12],"29":[12],"30":[12],"31":[12],"32":[12],"33":[144],"34":[12],"35":[72],"36":[12],"37":[60],"38":[72],"39":[12],"40":[60],"41":[12],"42":[84],"43":[60],"44":[84],"45":[60],"46":[60],"47":[12],"48":[24],"49":[12],"50":[24],"51":[24],"52":[48],"53":[12],"54":[12],"55":[12],"56":[144],"57":[72],"58":[24],"59":[24],"60":[24],"61":[24],"62":[12],"63":[168],"64":[120],"65":[168],"66":[60],"67":[60],"68":[60],"69":[60],"70":[12],"71":[48],"72":[120],"73":[36],"74":[84],"75":[0],"76":[12]},"fnMap":{"0":{"name":"compositeMedamaWithNestedLayers","decl":{"start":{"line":14,"column":47},"end":{"line":1966,"column":2}},"loc":{"start":{"line":14,"column":47},"end":{"line":1966,"column":2}},"line":14},"1":{"name":"describe.each.args.readState.readState","decl":{"start":{"line":25,"column":7},"end":{"line":33,"column":7}},"loc":{"start":{"line":25,"column":7},"end":{"line":33,"column":7}},"line":25},"2":{"name":"describe.each.args.subscribeToState.subscribeToState","decl":{"start":{"line":38,"column":7},"end":{"line":50,"column":7}},"loc":{"start":{"line":38,"column":7},"end":{"line":50,"column":7}},"line":38},"3":{"name":"describe.each.args.subscribeToState.subscribeToState","decl":{"start":{"line":55,"column":7},"end":{"line":71,"column":7}},"loc":{"start":{"line":55,"column":7},"end":{"line":71,"column":7}},"line":55},"4":{"name":"describe.each.args.subscribeToState.subscribeToState","decl":{"start":{"line":76,"column":7},"end":{"line":92,"column":7}},"loc":{"start":{"line":76,"column":7},"end":{"line":92,"column":7}},"line":76},"5":{"name":"setState.a.a.a","decl":{"start":{"line":103,"column":10},"end":{"line":103,"column":32}},"loc":{"start":{"line":103,"column":10},"end":{"line":103,"column":32}},"line":103},"6":{"name":"fooSelector.mock.calls","decl":{"start":{"line":241,"column":6},"end":{"line":241,"column":52}},"loc":{"start":{"line":241,"column":6},"end":{"line":241,"column":52}},"line":241},"7":{"name":"fooSelector.mock.calls","decl":{"start":{"line":901,"column":6},"end":{"line":901,"column":53}},"loc":{"start":{"line":901,"column":6},"end":{"line":901,"column":53}},"line":901},"8":{"name":"fooSelector.mock.calls","decl":{"start":{"line":1002,"column":6},"end":{"line":1002,"column":53}},"loc":{"start":{"line":1002,"column":6},"end":{"line":1002,"column":53}},"line":1002},"9":{"name":"levelDown","decl":{"start":{"line":1935,"column":24},"end":{"line":1947,"column":14}},"loc":{"start":{"line":1935,"column":24},"end":{"line":1947,"column":14}},"line":1935},"10":{"name":"selector","decl":{"start":{"line":1950,"column":23},"end":{"line":1952,"column":27}},"loc":{"start":{"line":1950,"column":23},"end":{"line":1952,"column":27}},"line":1950}},"f":{"0":2,"1":78,"2":78,"3":78,"4":78,"5":156,"6":0,"7":0,"8":0,"9":48,"10":12}}
}
