TN:
SF:src\composeMedama.ts
FN:77,Object.<anonymous>.exports.composeMedama
FN:97,initReset
FN:129,readState
FN:163,calculateResultFromLayers
FN:186,getSubscribeMethods
FN:225,subscribeToState
FN:242,evaluateAndSubscribe
FN:267,unsubscribe
FN:272,resubscribe
FN:277,transfer
FN:294,setState
FN:321,resetState
FN:331,addLayers
FN:343,deleteLayers
FN:379,createLayerProcessorWithSubscriptionMeans
FN:398,processLayer
FN:434,getSubscriptionMeans
FN:471,createSubscriptionManagementForSelector
FN:477,manageSubscriptions
FN:478,layerTriggerSubscription
FN:490,unsubscribe
FN:510,isComposite
FNF:22
FNH:22
FNDA:1266,Object.<anonymous>.exports.composeMedama
FNDA:1949,initReset
FNDA:5193,readState
FNDA:5998,calculateResultFromLayers
FNDA:2097,getSubscribeMethods
FNDA:579,subscribeToState
FNDA:737,evaluateAndSubscribe
FNDA:423,unsubscribe
FNDA:144,resubscribe
FNDA:96,transfer
FNDA:2917,setState
FNDA:109,resetState
FNDA:71,addLayers
FNDA:47,deleteLayers
FNDA:4755,createLayerProcessorWithSubscriptionMeans
FNDA:10363,processLayer
FNDA:4591,getSubscriptionMeans
FNDA:2027,createSubscriptionManagementForSelector
FNDA:2097,manageSubscriptions
FNDA:2367,layerTriggerSubscription
FNDA:1125,unsubscribe
FNDA:60,isComposite
DA:1,1
DA:2,1
DA:3,1
DA:4,1
DA:5,1
DA:6,1
DA:7,1
DA:8,1
DA:9,1
DA:10,1
DA:11,1
DA:12,1
DA:13,1
DA:14,1
DA:15,1
DA:16,1
DA:17,1
DA:18,1
DA:19,1
DA:20,1
DA:21,1
DA:22,1
DA:23,1
DA:24,1
DA:25,1
DA:26,1
DA:27,1
DA:28,1
DA:29,1
DA:30,1
DA:31,1
DA:32,1
DA:33,1
DA:34,1
DA:35,1
DA:36,1
DA:37,1
DA:38,1
DA:39,1
DA:40,1
DA:41,1
DA:42,1
DA:43,1
DA:44,1
DA:45,1
DA:46,1
DA:47,1
DA:48,1
DA:49,1
DA:50,1
DA:51,1
DA:52,1
DA:53,1
DA:54,1
DA:55,1
DA:56,1
DA:57,1
DA:58,1
DA:59,1
DA:60,1
DA:61,1
DA:62,1
DA:63,1
DA:64,1
DA:65,1
DA:66,1
DA:67,1
DA:68,1
DA:69,1
DA:70,1
DA:71,1
DA:72,1
DA:73,1
DA:74,1
DA:75,1
DA:76,1
DA:77,1
DA:78,1266
DA:79,1266
DA:80,1266
DA:81,1266
DA:82,1266
DA:83,1266
DA:84,1266
DA:85,1266
DA:86,1266
DA:87,1266
DA:88,1266
DA:89,1266
DA:90,1266
DA:91,1266
DA:92,1266
DA:93,1266
DA:94,1266
DA:95,1266
DA:96,1266
DA:97,1266
DA:98,1949
DA:99,1949
DA:100,1949
DA:101,1949
DA:102,1266
DA:103,1266
DA:104,1266
DA:105,1266
DA:106,1266
DA:107,1266
DA:108,1266
DA:109,1266
DA:110,1266
DA:111,1266
DA:112,1266
DA:113,1266
DA:114,1266
DA:115,1266
DA:116,1266
DA:117,309
DA:118,793
DA:119,1266
DA:120,1266
DA:121,1266
DA:122,1266
DA:123,1266
DA:124,1266
DA:125,1266
DA:126,1266
DA:127,1266
DA:128,1266
DA:129,1266
DA:130,5193
DA:131,5193
DA:132,438
DA:133,438
DA:134,438
DA:135,438
DA:136,4755
DA:137,4755
DA:138,4755
DA:139,4755
DA:140,4755
DA:141,4755
DA:142,4755
DA:143,4755
DA:144,4755
DA:145,4755
DA:146,4755
DA:147,4755
DA:148,4755
DA:149,4755
DA:150,4755
DA:151,4755
DA:152,4755
DA:153,4755
DA:154,4755
DA:155,4755
DA:156,4755
DA:157,4755
DA:158,4755
DA:159,4755
DA:160,4755
DA:161,4755
DA:162,4755
DA:163,4755
DA:164,5998
DA:165,5998
DA:166,5998
DA:167,5998
DA:168,5998
DA:169,5998
DA:170,2728
DA:171,2728
DA:172,2728
DA:173,2728
DA:174,2728
DA:175,5998
DA:176,4755
DA:177,4755
DA:178,4755
DA:179,4755
DA:180,4755
DA:181,4755
DA:182,4755
DA:183,5193
DA:184,2027
DA:185,2027
DA:186,2027
DA:187,2097
DA:188,1863
DA:189,4396
DA:190,1863
DA:191,2097
DA:192,2097
DA:193,2027
DA:194,2027
DA:195,2027
DA:196,2027
DA:197,2027
DA:198,2027
DA:199,2027
DA:200,2027
DA:201,2027
DA:202,2027
DA:203,2027
DA:204,2027
DA:205,2027
DA:206,2027
DA:207,2027
DA:208,2027
DA:209,2027
DA:210,2027
DA:211,2027
DA:212,2027
DA:213,2027
DA:214,2027
DA:215,2027
DA:216,2728
DA:217,2728
DA:218,5193
DA:219,328
DA:220,328
DA:221,328
DA:222,328
DA:223,1266
DA:224,1266
DA:225,1266
DA:226,579
DA:227,579
DA:228,579
DA:229,579
DA:230,579
DA:231,579
DA:232,579
DA:233,579
DA:234,579
DA:235,579
DA:236,579
DA:237,579
DA:238,579
DA:239,579
DA:240,579
DA:241,579
DA:242,579
DA:243,737
DA:244,737
DA:245,737
DA:246,737
DA:247,737
DA:248,737
DA:249,737
DA:250,737
DA:251,737
DA:252,737
DA:253,737
DA:254,737
DA:255,737
DA:256,737
DA:257,737
DA:258,737
DA:259,737
DA:260,737
DA:261,737
DA:262,737
DA:263,579
DA:264,579
DA:265,579
DA:266,579
DA:267,579
DA:268,423
DA:269,423
DA:270,579
DA:271,579
DA:272,579
DA:273,144
DA:274,144
DA:275,579
DA:276,579
DA:277,579
DA:278,96
DA:279,96
DA:280,96
DA:281,96
DA:282,96
DA:283,96
DA:284,579
DA:285,579
DA:286,579
DA:287,579
DA:288,164
DA:289,164
DA:290,164
DA:291,164
DA:292,1266
DA:293,1266
DA:294,1266
DA:295,2917
DA:296,2917
DA:297,2917
DA:298,2917
DA:299,2917
DA:300,2917
DA:301,2917
DA:302,2917
DA:303,2917
DA:304,2917
DA:305,3391
DA:306,3391
DA:307,3391
DA:308,3391
DA:309,2917
DA:310,2917
DA:311,2917
DA:312,2917
DA:313,2917
DA:314,2917
DA:315,82
DA:316,82
DA:317,82
DA:318,82
DA:319,1266
DA:320,1266
DA:321,1266
DA:322,109
DA:323,109
DA:324,109
DA:325,211
DA:326,109
DA:327,109
DA:328,109
DA:329,1266
DA:330,1266
DA:331,1266
DA:332,71
DA:333,71
DA:334,71
DA:335,71
DA:336,71
DA:337,71
DA:338,71
DA:339,71
DA:340,71
DA:341,1266
DA:342,1266
DA:343,1266
DA:344,47
DA:345,47
DA:346,47
DA:347,53
DA:348,53
DA:349,47
DA:350,47
DA:351,47
DA:352,1266
DA:353,1266
DA:354,1266
DA:355,1266
DA:356,1266
DA:357,1266
DA:358,1266
DA:359,1266
DA:360,1266
DA:361,1266
DA:362,1266
DA:363,1266
DA:364,1
DA:365,1
DA:366,1
DA:367,1
DA:368,1
DA:369,1
DA:370,1
DA:371,1
DA:372,1
DA:373,1
DA:374,1
DA:375,1
DA:376,1
DA:377,1
DA:378,1
DA:379,1
DA:380,4755
DA:381,4755
DA:382,4755
DA:383,4755
DA:384,4755
DA:385,4755
DA:386,4755
DA:387,4755
DA:388,4755
DA:389,4755
DA:390,4755
DA:391,4755
DA:392,4755
DA:393,4755
DA:394,4755
DA:395,4755
DA:396,4755
DA:397,4755
DA:398,4755
DA:399,10363
DA:400,10363
DA:401,10363
DA:402,10363
DA:403,10363
DA:404,10363
DA:405,10363
DA:406,10363
DA:407,10363
DA:408,10363
DA:409,10363
DA:410,10363
DA:411,10363
DA:412,10363
DA:413,10363
DA:414,10363
DA:415,10363
DA:416,10363
DA:417,10363
DA:418,10363
DA:419,8594
DA:420,2728
DA:421,3190
DA:422,2728
DA:423,2728
DA:424,2728
DA:425,2728
DA:426,8594
DA:427,5866
DA:428,5866
DA:429,8594
DA:430,10363
DA:431,10363
DA:432,4755
DA:433,4755
DA:434,4755
DA:435,4755
DA:436,4755
DA:437,4755
DA:438,4755
DA:439,1
DA:440,1
DA:441,1
DA:442,1
DA:443,1
DA:444,1
DA:445,1
DA:446,1
DA:447,1
DA:448,1
DA:449,1
DA:450,1
DA:451,1
DA:452,1
DA:453,1
DA:454,1
DA:455,1
DA:456,1
DA:457,1
DA:458,1
DA:459,1
DA:460,1
DA:461,1
DA:462,1
DA:463,1
DA:464,1
DA:465,1
DA:466,1
DA:467,1
DA:468,1
DA:469,1
DA:470,1
DA:471,1
DA:472,2027
DA:473,2027
DA:474,2027
DA:475,2027
DA:476,2027
DA:477,2027
DA:478,2097
DA:479,2367
DA:480,2097
DA:481,2097
DA:482,2097
DA:483,5140
DA:484,2097
DA:485,2027
DA:486,2027
DA:487,2027
DA:488,2027
DA:489,2027
DA:490,2027
DA:491,1125
DA:492,2980
DA:493,1125
DA:494,2027
DA:495,2027
DA:496,2027
DA:497,2027
DA:498,1
DA:499,1
DA:500,1
DA:501,1
DA:502,1
DA:503,1
DA:504,1
DA:505,1
DA:506,1
DA:507,1
DA:508,1
DA:509,1
DA:510,1
DA:511,60
DA:512,1
LF:512
LH:512
BRDA:77,0,0,1266
BRDA:116,1,0,309
BRDA:97,2,0,1949
BRDA:108,3,0,2006
BRDA:117,4,0,793
BRDA:118,5,0,644
BRDA:129,6,0,5193
BRDA:131,7,0,438
BRDA:136,8,0,4755
BRDA:183,9,0,2027
BRDA:216,10,0,2728
BRDA:218,11,0,328
BRDA:163,12,0,5998
BRDA:168,13,0,2728
BRDA:169,14,0,2728
BRDA:175,15,0,3270
BRDA:169,16,0,2728
BRDA:171,17,0,0
BRDA:186,18,0,2097
BRDA:187,19,0,234
BRDA:187,20,0,1863
BRDA:187,21,0,0
BRDA:188,22,0,4396
BRDA:225,23,0,579
BRDA:287,24,0,164
BRDA:242,25,0,737
BRDA:256,26,0,202
BRDA:257,27,0,453
BRDA:267,28,0,423
BRDA:268,29,0,327
BRDA:268,30,0,96
BRDA:268,31,0,327
BRDA:272,32,0,144
BRDA:277,33,0,96
BRDA:294,34,0,2917
BRDA:302,35,0,372
BRDA:302,36,0,2545
BRDA:311,37,0,1513
BRDA:314,38,0,82
BRDA:304,39,0,3391
BRDA:305,40,0,0
BRDA:308,41,0,0
BRDA:321,42,0,109
BRDA:324,43,0,211
BRDA:325,44,0,60
BRDA:325,45,0,151
BRDA:331,46,0,71
BRDA:343,47,0,47
BRDA:346,48,0,6
BRDA:346,49,0,41
BRDA:346,50,0,53
BRDA:379,51,0,4755
BRDA:398,52,0,10363
BRDA:418,53,0,8594
BRDA:419,54,0,2728
BRDA:420,55,0,0
BRDA:426,56,0,5866
BRDA:420,57,0,3190
BRDA:434,58,0,4591
BRDA:435,59,0,0
BRDA:471,60,0,2027
BRDA:477,61,0,2097
BRDA:482,62,0,0
BRDA:478,63,0,2367
BRDA:482,64,0,5140
BRDA:490,65,0,1125
BRDA:491,66,0,0
BRDA:491,67,0,2980
BRDA:510,68,0,60
BRF:69
BRH:61
end_of_record
TN:
SF:src\const.ts
FNF:0
FNH:0
DA:1,1
DA:2,1
DA:3,1
LF:3
LH:3
BRF:0
BRH:0
end_of_record
TN:
SF:src\forEachOnOwnNumerableProps.ts
FN:13,forEachOnOwnNumerableProps
FNF:1
FNH:1
FNDA:4183,forEachOnOwnNumerableProps
DA:1,1
DA:2,1
DA:3,1
DA:4,1
DA:5,1
DA:6,1
DA:7,1
DA:8,1
DA:9,1
DA:10,1
DA:11,1
DA:12,1
DA:13,1
DA:14,4183
DA:15,4183
DA:16,4183
DA:17,4183
DA:18,5397
DA:19,5397
DA:20,5397
DA:21,5397
DA:22,1
LF:22
LH:22
BRDA:13,0,0,4183
BRDA:17,1,0,5397
BRF:2
BRH:2
end_of_record
TN:
SF:src\index.ts
FNF:0
FNH:0
DA:1,1
DA:2,1
DA:3,1
LF:3
LH:3
BRF:0
BRH:0
end_of_record
TN:
SF:src\modeManager.ts
FN:47,createReadWorkModeManager
FN:50,runWithSubscriptionMeansRequested
FN:58,getRequestSubscriptionMeansState
FN:60,resetReadWorkMode
FN:211,createUpdateWorkModeManager
FN:220,getUpdateWorkState
FN:222,startUpdating
FN:232,signalToResolveSelector
FN:234,signalDeferredJobsToResolve
FN:239,subscribeForResolvingWhenSignalled
FN:250,createDeferrer
FN:254,defer
FN:268,reset
FN:279,createLayerSubscriptionRecord
FN:285,signalTrigger
FN:289,subscribeAndManageDeferring
FN:309,getSubscribeToLayerWithSelector
FN:324,resetUpdateWorkMode
FNF:18
FNH:18
FNDA:1,createReadWorkModeManager
FNDA:2027,runWithSubscriptionMeansRequested
FNDA:17846,getRequestSubscriptionMeansState
FNDA:1949,resetReadWorkMode
FNDA:1,createUpdateWorkModeManager
FNDA:2917,getUpdateWorkState
FNDA:3654,startUpdating
FNDA:1837,signalToResolveSelector
FNDA:2168,signalDeferredJobsToResolve
FNDA:1300,subscribeForResolvingWhenSignalled
FNDA:1266,createDeferrer
FNDA:2367,defer
FNDA:1949,reset
FNDA:1078,createLayerSubscriptionRecord
FNDA:1564,signalTrigger
FNDA:5140,subscribeAndManageDeferring
FNDA:4396,getSubscribeToLayerWithSelector
FNDA:1949,resetUpdateWorkMode
DA:1,1
DA:2,1
DA:3,1
DA:4,1
DA:5,1
DA:6,1
DA:7,1
DA:8,1
DA:9,1
DA:10,1
DA:11,1
DA:12,1
DA:13,1
DA:14,1
DA:15,1
DA:16,1
DA:17,1
DA:18,1
DA:19,1
DA:20,1
DA:21,1
DA:22,1
DA:23,1
DA:24,1
DA:25,1
DA:26,1
DA:27,1
DA:28,1
DA:29,1
DA:30,1
DA:31,1
DA:32,1
DA:33,1
DA:34,1
DA:35,1
DA:36,1
DA:37,1
DA:38,1
DA:39,1
DA:40,1
DA:41,1
DA:42,1
DA:43,1
DA:44,1
DA:45,1
DA:46,1
DA:47,1
DA:48,1
DA:49,1
DA:50,1
DA:51,2027
DA:52,2027
DA:53,2027
DA:54,2027
DA:55,2027
DA:56,1
DA:57,1
DA:58,1
DA:59,1
DA:60,1
DA:61,1949
DA:62,1
DA:63,1
DA:64,1
DA:65,1
DA:66,1
DA:67,1
DA:68,1
DA:69,1
DA:70,1
DA:71,1
DA:72,1
DA:73,1
DA:74,1
DA:75,1
DA:76,1
DA:77,1
DA:78,1
DA:79,1
DA:80,1
DA:81,1
DA:82,1
DA:83,1
DA:84,1
DA:85,1
DA:86,1
DA:87,1
DA:88,1
DA:89,1
DA:90,1
DA:91,1
DA:92,1
DA:93,1
DA:94,1
DA:95,1
DA:96,1
DA:97,1
DA:98,1
DA:99,1
DA:100,1
DA:101,1
DA:102,1
DA:103,1
DA:104,1
DA:105,1
DA:106,1
DA:107,1
DA:108,1
DA:109,1
DA:110,1
DA:111,1
DA:112,1
DA:113,1
DA:114,1
DA:115,1
DA:116,1
DA:117,1
DA:118,1
DA:119,1
DA:120,1
DA:121,1
DA:122,1
DA:123,1
DA:124,1
DA:125,1
DA:126,1
DA:127,1
DA:128,1
DA:129,1
DA:130,1
DA:131,1
DA:132,1
DA:133,1
DA:134,1
DA:135,1
DA:136,1
DA:137,1
DA:138,1
DA:139,1
DA:140,1
DA:141,1
DA:142,1
DA:143,1
DA:144,1
DA:145,1
DA:146,1
DA:147,1
DA:148,1
DA:149,1
DA:150,1
DA:151,1
DA:152,1
DA:153,1
DA:154,1
DA:155,1
DA:156,1
DA:157,1
DA:158,1
DA:159,1
DA:160,1
DA:161,1
DA:162,1
DA:163,1
DA:164,1
DA:165,1
DA:166,1
DA:167,1
DA:168,1
DA:169,1
DA:170,1
DA:171,1
DA:172,1
DA:173,1
DA:174,1
DA:175,1
DA:176,1
DA:177,1
DA:178,1
DA:179,1
DA:180,1
DA:181,1
DA:182,1
DA:183,1
DA:184,1
DA:185,1
DA:186,1
DA:187,1
DA:188,1
DA:189,1
DA:190,1
DA:191,1
DA:192,1
DA:193,1
DA:194,1
DA:195,1
DA:196,1
DA:197,1
DA:198,1
DA:199,1
DA:200,1
DA:201,1
DA:202,1
DA:203,1
DA:204,1
DA:205,1
DA:206,1
DA:207,1
DA:208,1
DA:209,1
DA:210,1
DA:211,1
DA:212,1
DA:213,1
DA:214,1
DA:215,1
DA:216,1
DA:217,1
DA:218,1
DA:219,1
DA:220,1
DA:221,1
DA:222,1
DA:223,3654
DA:224,1
DA:225,1
DA:226,1
DA:227,1
DA:228,1
DA:229,1
DA:230,1
DA:231,1
DA:232,1
DA:233,1
DA:234,1
DA:235,2168
DA:236,2168
DA:237,1
DA:238,1
DA:239,1
DA:240,1300
DA:241,1300
DA:242,1300
DA:243,1300
DA:244,1300
DA:245,1300
DA:246,1300
DA:247,1300
DA:248,1
DA:249,1
DA:250,1
DA:251,1266
DA:252,1266
DA:253,1266
DA:254,1266
DA:255,2367
DA:256,2367
DA:257,2367
DA:258,2367
DA:259,1300
DA:260,1300
DA:261,1300
DA:262,1300
DA:263,1300
DA:264,1300
DA:265,1300
DA:266,1266
DA:267,1266
DA:268,1266
DA:269,1949
DA:270,1266
DA:271,1266
DA:272,1
DA:273,1
DA:274,1
DA:275,1
DA:276,1
DA:277,1
DA:278,1
DA:279,1
DA:280,1078
DA:281,1078
DA:282,1078
DA:283,1078
DA:284,1078
DA:285,1078
DA:286,1791
DA:287,1078
DA:288,1078
DA:289,1078
DA:290,5140
DA:291,1564
DA:292,1564
DA:293,1564
DA:294,5140
DA:295,5140
DA:296,5140
DA:297,5140
DA:298,5140
DA:299,2980
DA:300,2980
DA:301,5140
DA:302,1078
DA:303,1078
DA:304,1078
DA:305,1078
DA:306,1078
DA:307,1
DA:308,1
DA:309,1
DA:310,4396
DA:311,4396
DA:312,4396
DA:313,4396
DA:314,4396
DA:315,4396
DA:316,4396
DA:317,4396
DA:318,4396
DA:319,4396
DA:320,4396
DA:321,4396
DA:322,1
DA:323,1
DA:324,1
DA:325,1949
DA:326,1949
DA:327,1
DA:328,1
DA:329,1
DA:330,1
DA:331,1
DA:332,1
DA:333,1
DA:334,1
DA:335,1
DA:336,1
DA:337,1
LF:337
LH:337
BRDA:47,0,0,1
BRDA:50,1,0,2027
BRDA:58,2,0,17846
BRDA:60,3,0,1949
BRDA:211,4,0,1
BRDA:220,5,0,2917
BRDA:222,6,0,3654
BRDA:232,7,0,1837
BRDA:234,8,0,2168
BRDA:239,9,0,1300
BRDA:243,10,0,1300
BRDA:243,11,0,1300
BRDA:250,12,0,1266
BRDA:254,13,0,2367
BRDA:258,14,0,1067
BRDA:259,15,0,1300
BRDA:260,16,0,1300
BRDA:268,17,0,1949
BRDA:279,18,0,1078
BRDA:285,19,0,1564
BRDA:285,20,0,1791
BRDA:286,21,0,22
BRDA:289,22,0,5140
BRDA:290,23,0,1564
BRDA:296,24,0,5140
BRDA:298,25,0,2980
BRDA:299,26,0,584
BRDA:299,27,0,0
BRDA:309,28,0,4396
BRDA:314,29,0,3318
BRDA:314,30,0,1078
BRDA:321,31,0,5140
BRDA:324,32,0,1949
BRF:33
BRH:32
end_of_record
TN:
SF:src\traverseThroughPupils.ts
FN:29,traverseThroughPupils
FN:40,stepLogic
FN:48,createStep
FN:49,stepEmitted
FNF:4
FNH:4
FNDA:5998,traverseThroughPupils
FNDA:10363,stepLogic
FNDA:10363,createStep
FNDA:12766,stepEmitted
DA:1,1
DA:2,1
DA:3,1
DA:4,1
DA:5,1
DA:6,1
DA:7,1
DA:8,1
DA:9,1
DA:10,1
DA:11,1
DA:12,1
DA:13,1
DA:14,1
DA:15,1
DA:16,1
DA:17,1
DA:18,1
DA:19,1
DA:20,1
DA:21,1
DA:22,1
DA:23,1
DA:24,1
DA:25,1
DA:26,1
DA:27,1
DA:28,1
DA:29,1
DA:30,5998
DA:31,5998
DA:32,5998
DA:33,5998
DA:34,5998
DA:35,5998
DA:36,5998
DA:37,5998
DA:38,5998
DA:39,5998
DA:40,5998
DA:41,10363
DA:42,10363
DA:43,10363
DA:44,10363
DA:45,10363
DA:46,5998
DA:47,5998
DA:48,5998
DA:49,10363
DA:50,12766
DA:51,10363
DA:52,10363
DA:53,10363
DA:54,12766
DA:55,5998
DA:56,5998
DA:57,5998
DA:58,5998
DA:59,10363
DA:60,10363
DA:61,10363
DA:62,5998
DA:63,5998
DA:64,5998
DA:65,5998
LF:65
LH:65
BRDA:29,0,0,5998
BRDA:40,1,0,10363
BRDA:48,2,0,10363
BRDA:49,3,0,12766
BRDA:50,4,0,2403
BRDA:51,5,0,10363
BRDA:54,6,0,4365
BRDA:55,7,0,5998
BRF:8
BRH:8
end_of_record
TN:
SF:src\__tests__\composeMedamaSpecific.testcases.ts
FN:19,compositeMedamaSpecificTest
FN:26,describe.each.args.readState.readState
FN:42,describe.each.args.subscribeToState.subscribeToState
FN:62,describe.each.args.subscribeToState.subscribeToState
FN:86,describe.each.args.subscribeToState.subscribeToState
FN:116,setState.a.a.a
FNF:6
FNH:6
FNDA:1,compositeMedamaSpecificTest
FNDA:7,describe.each.args.readState.readState
FNDA:8,describe.each.args.subscribeToState.subscribeToState
FNDA:8,describe.each.args.subscribeToState.subscribeToState
FNDA:8,describe.each.args.subscribeToState.subscribeToState
FNDA:16,setState.a.a.a
DA:1,1
DA:2,1
DA:3,1
DA:4,1
DA:5,1
DA:6,1
DA:7,1
DA:8,1
DA:9,1
DA:10,1
DA:11,1
DA:12,1
DA:13,1
DA:14,1
DA:15,1
DA:16,1
DA:17,1
DA:18,1
DA:19,1
DA:20,1
DA:21,1
DA:22,1
DA:23,1
DA:24,1
DA:25,1
DA:26,1
DA:27,7
DA:28,7
DA:29,7
DA:30,7
DA:31,7
DA:32,7
DA:33,7
DA:34,1
DA:35,1
DA:36,1
DA:37,1
DA:38,1
DA:39,1
DA:40,1
DA:41,1
DA:42,1
DA:43,8
DA:44,8
DA:45,8
DA:46,8
DA:47,8
DA:48,8
DA:49,8
DA:50,8
DA:51,8
DA:52,8
DA:53,8
DA:54,1
DA:55,1
DA:56,1
DA:57,1
DA:58,1
DA:59,1
DA:60,1
DA:61,1
DA:62,1
DA:63,8
DA:64,8
DA:65,8
DA:66,8
DA:67,8
DA:68,8
DA:69,8
DA:70,8
DA:71,8
DA:72,8
DA:73,8
DA:74,8
DA:75,8
DA:76,8
DA:77,8
DA:78,1
DA:79,1
DA:80,1
DA:81,1
DA:82,1
DA:83,1
DA:84,1
DA:85,1
DA:86,1
DA:87,8
DA:88,8
DA:89,8
DA:90,8
DA:91,8
DA:92,8
DA:93,8
DA:94,8
DA:95,8
DA:96,8
DA:97,8
DA:98,8
DA:99,8
DA:100,8
DA:101,8
DA:102,1
DA:103,1
DA:104,1
DA:105,1
DA:106,1
DA:107,1
DA:108,1
DA:109,1
DA:110,1
DA:111,8
DA:112,8
DA:113,8
DA:114,8
DA:115,8
DA:116,8
DA:117,8
DA:118,8
DA:119,8
DA:120,8
DA:121,8
DA:122,8
DA:123,8
DA:124,8
DA:125,8
DA:126,1
DA:127,1
DA:128,1
DA:129,1
DA:130,1
DA:131,6
DA:132,6
DA:133,6
DA:134,6
DA:135,6
DA:136,6
DA:137,6
DA:138,6
DA:139,6
DA:140,6
DA:141,6
DA:142,24
DA:143,24
DA:144,6
DA:145,6
DA:146,6
DA:147,6
DA:148,6
DA:149,6
DA:150,6
DA:151,6
DA:152,6
DA:153,6
DA:154,6
DA:155,6
DA:156,6
DA:157,6
DA:158,6
DA:159,6
DA:160,6
DA:161,6
DA:162,6
DA:163,6
DA:164,6
DA:165,6
DA:166,6
DA:167,6
DA:168,6
DA:169,6
DA:170,6
DA:171,6
DA:172,6
DA:173,6
DA:174,6
DA:175,6
DA:176,6
DA:177,6
DA:178,6
DA:179,6
DA:180,6
DA:181,6
DA:182,6
DA:183,6
DA:184,6
DA:185,6
DA:186,6
DA:187,6
DA:188,6
DA:189,6
DA:190,6
DA:191,6
DA:192,18
DA:193,18
DA:194,18
DA:195,18
DA:196,6
DA:197,6
DA:198,6
DA:199,6
DA:200,6
DA:201,6
DA:202,6
DA:203,6
DA:204,6
DA:205,6
DA:206,6
DA:207,6
DA:208,6
DA:209,6
DA:210,6
DA:211,6
DA:212,6
DA:213,6
DA:214,6
DA:215,6
DA:216,6
DA:217,6
DA:218,6
DA:219,6
DA:220,6
DA:221,6
DA:222,6
DA:223,6
DA:224,6
DA:225,6
DA:226,6
DA:227,6
DA:228,6
DA:229,6
DA:230,6
DA:231,6
DA:232,6
DA:233,6
DA:234,6
DA:235,6
DA:236,6
DA:237,6
DA:238,6
DA:239,6
DA:240,6
DA:241,6
DA:242,6
DA:243,6
DA:244,6
DA:245,6
DA:246,6
DA:247,6
DA:248,6
DA:249,6
DA:250,6
DA:251,6
DA:252,6
DA:253,6
DA:254,6
DA:255,6
DA:256,6
DA:257,6
DA:258,12
DA:259,12
DA:260,6
DA:261,6
DA:262,6
DA:263,6
DA:264,6
DA:265,6
DA:266,6
DA:267,6
DA:268,6
DA:269,6
DA:270,6
DA:271,6
DA:272,6
DA:273,6
DA:274,6
DA:275,6
DA:276,6
DA:277,6
DA:278,6
DA:279,6
DA:280,6
DA:281,6
DA:282,6
DA:283,6
DA:284,6
DA:285,6
DA:286,6
DA:287,12
DA:288,12
DA:289,12
DA:290,12
DA:291,6
DA:292,6
DA:293,6
DA:294,6
DA:295,6
DA:296,6
DA:297,6
DA:298,6
DA:299,6
DA:300,6
DA:301,6
DA:302,6
DA:303,6
DA:304,6
DA:305,6
DA:306,6
DA:307,6
DA:308,6
DA:309,6
DA:310,6
DA:311,6
DA:312,6
DA:313,6
DA:314,6
DA:315,6
DA:316,6
DA:317,6
DA:318,6
DA:319,6
DA:320,6
DA:321,6
DA:322,6
DA:323,6
DA:324,6
DA:325,6
DA:326,6
DA:327,6
DA:328,6
DA:329,6
DA:330,6
DA:331,24
DA:332,24
DA:333,6
DA:334,6
DA:335,6
DA:336,6
DA:337,6
DA:338,24
DA:339,6
DA:340,6
DA:341,6
DA:342,6
DA:343,6
DA:344,6
DA:345,6
DA:346,6
DA:347,6
DA:348,6
DA:349,6
DA:350,6
DA:351,6
DA:352,6
DA:353,6
DA:354,6
DA:355,6
DA:356,6
DA:357,6
DA:358,6
DA:359,6
DA:360,6
DA:361,6
DA:362,6
DA:363,6
DA:364,6
DA:365,6
DA:366,6
DA:367,6
DA:368,6
DA:369,6
DA:370,6
DA:371,42
DA:372,42
DA:373,6
DA:374,6
DA:375,6
DA:376,6
DA:377,6
DA:378,6
DA:379,6
DA:380,6
DA:381,6
DA:382,6
DA:383,6
DA:384,6
DA:385,6
DA:386,6
DA:387,6
DA:388,6
DA:389,6
DA:390,6
DA:391,6
DA:392,6
DA:393,6
DA:394,6
DA:395,6
DA:396,6
DA:397,6
DA:398,24
DA:399,24
DA:400,24
DA:401,24
DA:402,6
DA:403,6
DA:404,6
DA:405,6
DA:406,6
DA:407,6
DA:408,6
DA:409,6
DA:410,6
DA:411,6
DA:412,6
DA:413,6
DA:414,6
DA:415,6
DA:416,6
DA:417,6
DA:418,6
DA:419,6
DA:420,6
DA:421,6
DA:422,6
DA:423,6
DA:424,6
DA:425,6
DA:426,6
DA:427,6
DA:428,6
DA:429,6
DA:430,6
DA:431,6
DA:432,6
DA:433,6
DA:434,6
DA:435,6
DA:436,6
DA:437,6
DA:438,6
DA:439,6
DA:440,6
DA:441,6
DA:442,6
DA:443,6
DA:444,6
DA:445,6
DA:446,6
DA:447,6
DA:448,6
DA:449,6
DA:450,6
DA:451,6
DA:452,6
DA:453,6
DA:454,6
DA:455,6
DA:456,6
DA:457,6
DA:458,6
DA:459,6
DA:460,6
DA:461,6
DA:462,6
DA:463,6
DA:464,6
DA:465,6
DA:466,6
DA:467,6
DA:468,6
DA:469,30
DA:470,30
DA:471,30
DA:472,30
DA:473,30
DA:474,30
DA:475,30
DA:476,30
DA:477,30
DA:478,6
DA:479,6
DA:480,6
DA:481,6
DA:482,6
DA:483,6
DA:484,6
DA:485,6
DA:486,6
DA:487,6
DA:488,6
DA:489,6
DA:490,6
DA:491,6
DA:492,6
DA:493,6
DA:494,6
DA:495,6
DA:496,6
DA:497,6
DA:498,6
DA:499,6
DA:500,6
DA:501,6
DA:502,6
DA:503,6
DA:504,6
DA:505,6
DA:506,6
DA:507,6
DA:508,6
DA:509,6
DA:510,6
DA:511,6
DA:512,6
DA:513,6
DA:514,24
DA:515,24
DA:516,24
DA:517,6
DA:518,6
DA:519,6
DA:520,6
DA:521,6
DA:522,6
DA:523,6
DA:524,6
DA:525,6
DA:526,6
DA:527,6
DA:528,6
DA:529,6
DA:530,6
DA:531,6
DA:532,6
DA:533,6
DA:534,6
DA:535,6
DA:536,6
DA:537,6
DA:538,6
DA:539,6
DA:540,6
DA:541,6
DA:542,6
DA:543,6
DA:544,6
DA:545,6
DA:546,6
DA:547,6
DA:548,6
DA:549,6
DA:550,6
DA:551,6
DA:552,6
DA:553,6
DA:554,6
DA:555,6
DA:556,6
DA:557,6
DA:558,6
DA:559,6
DA:560,6
DA:561,6
DA:562,6
DA:563,6
DA:564,6
DA:565,6
DA:566,6
DA:567,6
DA:568,6
DA:569,6
DA:570,6
DA:571,6
DA:572,6
DA:573,6
DA:574,6
DA:575,6
DA:576,6
DA:577,6
DA:578,6
DA:579,6
DA:580,6
DA:581,6
DA:582,6
DA:583,6
DA:584,6
DA:585,6
DA:586,6
DA:587,6
DA:588,6
DA:589,6
DA:590,6
DA:591,6
DA:592,6
DA:593,6
DA:594,6
DA:595,6
DA:596,6
DA:597,6
DA:598,6
DA:599,6
DA:600,6
DA:601,6
DA:602,6
DA:603,6
DA:604,6
DA:605,6
DA:606,6
DA:607,6
DA:608,6
DA:609,6
DA:610,6
DA:611,6
DA:612,6
DA:613,6
DA:614,6
DA:615,6
DA:616,30
DA:617,30
DA:618,30
DA:619,30
DA:620,30
DA:621,30
DA:622,30
DA:623,30
DA:624,30
DA:625,6
DA:626,6
DA:627,6
DA:628,6
DA:629,6
DA:630,6
DA:631,6
DA:632,6
DA:633,6
DA:634,6
DA:635,6
DA:636,6
DA:637,6
DA:638,6
DA:639,6
DA:640,6
DA:641,6
DA:642,6
DA:643,6
DA:644,6
DA:645,6
DA:646,6
DA:647,6
DA:648,6
DA:649,6
DA:650,6
DA:651,6
DA:652,6
DA:653,6
DA:654,6
DA:655,6
DA:656,6
DA:657,6
DA:658,6
DA:659,6
DA:660,18
DA:661,18
DA:662,6
DA:663,6
DA:664,6
DA:665,6
DA:666,6
DA:667,6
DA:668,6
DA:669,6
DA:670,6
DA:671,6
DA:672,6
DA:673,6
DA:674,6
DA:675,6
DA:676,6
DA:677,6
DA:678,6
DA:679,6
DA:680,6
DA:681,6
DA:682,6
DA:683,6
DA:684,6
DA:685,6
DA:686,6
DA:687,6
DA:688,6
DA:689,6
DA:690,6
DA:691,6
DA:692,6
DA:693,6
DA:694,6
DA:695,6
DA:696,6
DA:697,6
DA:698,6
DA:699,6
DA:700,6
DA:701,6
DA:702,6
DA:703,6
DA:704,6
DA:705,6
DA:706,6
DA:707,6
DA:708,6
DA:709,6
DA:710,6
DA:711,6
DA:712,6
DA:713,6
DA:714,6
DA:715,6
DA:716,6
DA:717,6
DA:718,6
DA:719,6
DA:720,6
DA:721,6
DA:722,6
DA:723,6
DA:724,6
DA:725,6
DA:726,6
DA:727,6
DA:728,6
DA:729,6
DA:730,6
DA:731,6
DA:732,6
DA:733,6
DA:734,6
DA:735,24
DA:736,24
DA:737,24
DA:738,6
DA:739,6
DA:740,6
DA:741,6
DA:742,6
DA:743,6
DA:744,6
DA:745,24
DA:746,24
DA:747,6
DA:748,6
DA:749,6
DA:750,6
DA:751,6
DA:752,6
DA:753,6
DA:754,6
DA:755,6
DA:756,6
DA:757,6
DA:758,6
DA:759,6
DA:760,6
DA:761,6
DA:762,6
DA:763,6
DA:764,6
DA:765,6
DA:766,6
DA:767,6
DA:768,6
DA:769,6
DA:770,12
DA:771,12
DA:772,6
DA:773,6
DA:774,6
DA:775,6
DA:776,6
DA:777,12
DA:778,6
DA:779,6
DA:780,6
DA:781,6
DA:782,6
DA:783,6
DA:784,6
DA:785,6
DA:786,6
DA:787,6
DA:788,6
DA:789,6
DA:790,6
DA:791,6
DA:792,6
DA:793,6
DA:794,6
DA:795,6
DA:796,6
DA:797,6
DA:798,6
DA:799,6
DA:800,6
DA:801,6
DA:802,6
DA:803,6
DA:804,6
DA:805,6
DA:806,6
DA:807,6
DA:808,6
DA:809,6
DA:810,6
DA:811,6
DA:812,6
DA:813,6
DA:814,6
DA:815,6
DA:816,5
DA:817,5
DA:818,5
DA:819,5
DA:820,5
DA:821,5
DA:822,5
DA:823,5
DA:824,5
DA:825,5
DA:826,5
DA:827,10
DA:828,5
DA:829,5
DA:830,5
DA:831,5
DA:832,5
DA:833,5
DA:834,5
DA:835,5
DA:836,5
DA:837,5
DA:838,5
DA:839,5
DA:840,5
DA:841,5
DA:842,5
DA:843,5
DA:844,5
DA:845,20
DA:846,5
DA:847,5
DA:848,5
DA:849,5
DA:850,5
DA:851,5
DA:852,5
DA:853,5
DA:854,5
DA:855,5
DA:856,5
DA:857,5
DA:858,5
DA:859,5
DA:860,5
DA:861,25
DA:862,25
DA:863,25
DA:864,5
DA:865,5
DA:866,5
DA:867,5
DA:868,5
DA:869,5
DA:870,5
DA:871,25
DA:872,25
DA:873,5
DA:874,5
DA:875,5
DA:876,5
DA:877,5
DA:878,5
DA:879,5
DA:880,5
DA:881,5
DA:882,5
DA:883,5
DA:884,5
DA:885,5
DA:886,5
DA:887,15
DA:888,15
DA:889,5
DA:890,5
DA:891,5
DA:892,5
DA:893,5
DA:894,15
DA:895,5
DA:896,5
DA:897,5
DA:898,5
DA:899,5
DA:900,5
DA:901,5
DA:902,5
DA:903,5
DA:904,5
DA:905,5
DA:906,5
DA:907,5
DA:908,5
DA:909,20
DA:910,20
DA:911,20
DA:912,5
DA:913,5
DA:914,5
DA:915,5
DA:916,5
DA:917,5
DA:918,5
DA:919,20
DA:920,20
DA:921,5
DA:922,5
DA:923,5
DA:924,5
DA:925,5
DA:926,5
DA:927,5
DA:928,5
DA:929,5
DA:930,5
DA:931,5
DA:932,5
DA:933,5
DA:934,5
DA:935,5
DA:936,5
DA:937,5
DA:938,5
DA:939,5
DA:940,5
DA:941,5
DA:942,5
DA:943,5
DA:944,5
DA:945,5
DA:946,5
DA:947,5
DA:948,5
DA:949,5
DA:950,5
DA:951,5
DA:952,5
DA:953,5
DA:954,5
DA:955,5
DA:956,5
DA:957,5
DA:958,5
DA:959,5
DA:960,5
DA:961,5
DA:962,5
DA:963,5
DA:964,5
DA:965,5
DA:966,5
DA:967,5
DA:968,5
DA:969,5
DA:970,5
DA:971,5
DA:972,5
DA:973,5
DA:974,5
DA:975,5
DA:976,5
DA:977,5
DA:978,5
DA:979,5
DA:980,5
DA:981,5
DA:982,5
DA:983,5
DA:984,5
DA:985,5
DA:986,5
DA:987,5
DA:988,5
DA:989,5
DA:990,5
DA:991,5
DA:992,5
DA:993,5
DA:994,5
DA:995,5
DA:996,5
DA:997,5
DA:998,5
DA:999,5
DA:1000,5
DA:1001,5
DA:1002,5
DA:1003,5
DA:1004,5
DA:1005,5
DA:1006,5
DA:1007,5
DA:1008,5
DA:1009,5
DA:1010,5
DA:1011,5
DA:1012,5
DA:1013,5
DA:1014,5
DA:1015,5
DA:1016,5
DA:1017,5
DA:1018,5
DA:1019,5
DA:1020,5
DA:1021,5
DA:1022,5
DA:1023,5
DA:1024,5
DA:1025,5
DA:1026,5
DA:1027,5
DA:1028,5
DA:1029,5
DA:1030,5
DA:1031,5
DA:1032,5
DA:1033,5
DA:1034,5
DA:1035,5
DA:1036,5
DA:1037,5
DA:1038,5
DA:1039,5
DA:1040,5
DA:1041,5
DA:1042,5
DA:1043,5
DA:1044,5
DA:1045,5
DA:1046,5
DA:1047,5
DA:1048,5
DA:1049,5
DA:1050,5
DA:1051,5
DA:1052,5
DA:1053,5
DA:1054,5
DA:1055,5
DA:1056,5
DA:1057,5
DA:1058,5
DA:1059,5
DA:1060,5
DA:1061,5
DA:1062,5
DA:1063,5
DA:1064,5
DA:1065,5
DA:1066,5
DA:1067,5
DA:1068,5
DA:1069,5
DA:1070,5
DA:1071,5
DA:1072,5
DA:1073,5
DA:1074,5
DA:1075,5
DA:1076,5
DA:1077,5
DA:1078,5
DA:1079,5
DA:1080,5
DA:1081,5
DA:1082,5
DA:1083,5
DA:1084,5
DA:1085,5
DA:1086,5
DA:1087,5
DA:1088,5
DA:1089,5
DA:1090,5
DA:1091,5
DA:1092,5
DA:1093,5
DA:1094,5
DA:1095,5
DA:1096,5
DA:1097,5
DA:1098,5
DA:1099,5
DA:1100,5
DA:1101,5
DA:1102,5
DA:1103,5
DA:1104,5
DA:1105,5
DA:1106,5
DA:1107,5
DA:1108,6
DA:1109,6
DA:1110,6
DA:1111,6
DA:1112,6
DA:1113,6
DA:1114,6
DA:1115,6
DA:1116,6
DA:1117,6
DA:1118,6
DA:1119,6
DA:1120,6
DA:1121,6
DA:1122,6
DA:1123,6
DA:1124,6
DA:1125,6
DA:1126,6
DA:1127,6
DA:1128,18
DA:1129,6
DA:1130,6
DA:1131,6
DA:1132,6
DA:1133,6
DA:1134,6
DA:1135,6
DA:1136,6
DA:1137,6
DA:1138,6
DA:1139,6
DA:1140,6
DA:1141,6
DA:1142,6
DA:1143,6
DA:1144,6
DA:1145,6
DA:1146,6
DA:1147,6
DA:1148,6
DA:1149,6
DA:1150,6
DA:1151,12
DA:1152,6
DA:1153,6
DA:1154,6
DA:1155,6
DA:1156,6
DA:1157,6
DA:1158,6
DA:1159,6
DA:1160,6
DA:1161,6
DA:1162,6
DA:1163,6
DA:1164,6
DA:1165,6
DA:1166,6
DA:1167,6
DA:1168,18
DA:1169,6
DA:1170,6
DA:1171,6
DA:1172,6
DA:1173,6
DA:1174,6
DA:1175,6
DA:1176,6
DA:1177,6
DA:1178,6
DA:1179,6
DA:1180,6
DA:1181,6
DA:1182,6
DA:1183,6
DA:1184,6
DA:1185,6
DA:1186,6
DA:1187,6
DA:1188,6
DA:1189,6
DA:1190,6
DA:1191,6
DA:1192,6
DA:1193,6
DA:1194,6
DA:1195,6
DA:1196,6
DA:1197,6
DA:1198,6
DA:1199,6
DA:1200,6
DA:1201,6
DA:1202,6
DA:1203,6
DA:1204,6
DA:1205,6
DA:1206,6
DA:1207,6
DA:1208,6
DA:1209,6
DA:1210,6
DA:1211,6
DA:1212,6
DA:1213,6
DA:1214,6
DA:1215,6
DA:1216,1
DA:1217,1
LF:1217
LH:1217
BRDA:19,0,0,1
BRDA:26,1,0,7
BRDA:42,2,0,8
BRDA:47,3,0,8
BRDA:48,4,0,8
BRDA:62,5,0,8
BRDA:67,6,0,8
BRDA:69,7,0,8
BRDA:86,8,0,8
BRDA:91,9,0,8
BRDA:93,10,0,8
BRDA:95,11,0,8
BRDA:110,12,0,8
BRDA:116,13,0,16
BRDA:118,14,0,8
BRDA:118,15,0,8
BRDA:123,16,0,8
BRDA:130,17,0,6
BRDA:815,18,0,5
BRDA:131,19,0,6
BRDA:141,20,0,24
BRDA:165,21,0,24
BRDA:191,22,0,18
BRDA:251,23,0,6
BRDA:257,24,0,12
BRDA:286,25,0,12
BRDA:320,26,0,6
BRDA:330,27,0,24
BRDA:337,28,0,24
BRDA:365,29,0,18
BRDA:370,30,0,42
BRDA:397,31,0,24
BRDA:457,32,0,6
BRDA:468,33,0,30
BRDA:513,34,0,24
BRDA:604,35,0,6
BRDA:615,36,0,30
BRDA:659,37,0,18
BRDA:723,38,0,6
BRDA:734,39,0,24
BRDA:744,40,0,24
BRDA:769,41,0,12
BRDA:776,42,0,12
BRDA:816,43,0,5
BRDA:823,44,0,10
BRDA:826,45,0,10
BRDA:841,46,0,20
BRDA:844,47,0,20
BRDA:860,48,0,25
BRDA:870,49,0,25
BRDA:886,50,0,15
BRDA:893,51,0,15
BRDA:908,52,0,20
BRDA:918,53,0,20
BRDA:1110,54,0,6
BRDA:1120,55,0,18
BRDA:1127,56,0,18
BRDA:1138,57,0,12
BRDA:1150,58,0,12
BRDA:1167,59,0,18
BRF:60
BRH:60
end_of_record
TN:
SF:src\__tests__\medamaGuaranties.testcases.ts
FN:12,medamaGuarantiesTest
FN:34,describe.each.args.readState.readState
FN:47,describe.each.args.subscribeToState.subscribeToState
FN:64,describe.each.args.subscribeToState.subscribeToState
FN:85,describe.each.args.subscribeToState.subscribeToState
FN:112,setState.a.a.a
FN:421,testValue
FN:430,testValue
FN:454,testValue
FN:467,testValue
FN:476,testValue
FN:485,testValue
FN:494,testValue
FN:512,testValue
FN:1609,state
FNF:15
FNH:15
FNDA:1,medamaGuarantiesTest
FNDA:34,describe.each.args.readState.readState
FNDA:34,describe.each.args.subscribeToState.subscribeToState
FNDA:34,describe.each.args.subscribeToState.subscribeToState
FNDA:34,describe.each.args.subscribeToState.subscribeToState
FNDA:68,setState.a.a.a
FNDA:6,testValue
FNDA:6,testValue
FNDA:6,testValue
FNDA:6,testValue
FNDA:6,testValue
FNDA:6,testValue
FNDA:6,testValue
FNDA:6,testValue
FNDA:6,state
DA:1,1
DA:2,1
DA:3,1
DA:4,1
DA:5,1
DA:6,1
DA:7,1
DA:8,1
DA:9,1
DA:10,1
DA:11,1
DA:12,1
DA:13,1
DA:14,1
DA:15,1
DA:16,1
DA:17,1
DA:18,1
DA:19,1
DA:20,1
DA:21,1
DA:22,1
DA:23,1
DA:24,1
DA:25,1
DA:26,1
DA:27,1
DA:28,1
DA:29,1
DA:30,1
DA:31,1
DA:32,1
DA:33,1
DA:34,1
DA:35,34
DA:36,34
DA:37,34
DA:38,34
DA:39,34
DA:40,34
DA:41,34
DA:42,1
DA:43,1
DA:44,1
DA:45,1
DA:46,1
DA:47,1
DA:48,34
DA:49,34
DA:50,34
DA:51,34
DA:52,34
DA:53,34
DA:54,34
DA:55,34
DA:56,34
DA:57,34
DA:58,34
DA:59,1
DA:60,1
DA:61,1
DA:62,1
DA:63,1
DA:64,1
DA:65,34
DA:66,34
DA:67,34
DA:68,34
DA:69,34
DA:70,34
DA:71,34
DA:72,34
DA:73,34
DA:74,34
DA:75,34
DA:76,34
DA:77,34
DA:78,34
DA:79,34
DA:80,1
DA:81,1
DA:82,1
DA:83,1
DA:84,1
DA:85,1
DA:86,34
DA:87,34
DA:88,34
DA:89,34
DA:90,34
DA:91,34
DA:92,34
DA:93,34
DA:94,34
DA:95,34
DA:96,34
DA:97,34
DA:98,34
DA:99,34
DA:100,34
DA:101,1
DA:102,1
DA:103,1
DA:104,1
DA:105,1
DA:106,1
DA:107,34
DA:108,34
DA:109,34
DA:110,34
DA:111,34
DA:112,34
DA:113,34
DA:114,34
DA:115,34
DA:116,34
DA:117,34
DA:118,34
DA:119,34
DA:120,34
DA:121,34
DA:122,1
DA:123,1
DA:124,1
DA:125,6
DA:126,6
DA:127,6
DA:128,6
DA:129,6
DA:130,6
DA:131,6
DA:132,6
DA:133,6
DA:134,6
DA:135,6
DA:136,6
DA:137,6
DA:138,6
DA:139,6
DA:140,6
DA:141,6
DA:142,6
DA:143,6
DA:144,6
DA:145,6
DA:146,6
DA:147,6
DA:148,6
DA:149,6
DA:150,6
DA:151,6
DA:152,6
DA:153,6
DA:154,6
DA:155,6
DA:156,6
DA:157,6
DA:158,6
DA:159,6
DA:160,6
DA:161,6
DA:162,6
DA:163,6
DA:164,6
DA:165,6
DA:166,6
DA:167,6
DA:168,6
DA:169,6
DA:170,6
DA:171,6
DA:172,6
DA:173,6
DA:174,6
DA:175,6
DA:176,6
DA:177,6
DA:178,6
DA:179,6
DA:180,6
DA:181,6
DA:182,6
DA:183,6
DA:184,6
DA:185,6
DA:186,6
DA:187,6
DA:188,6
DA:189,6
DA:190,6
DA:191,6
DA:192,6
DA:193,6
DA:194,6
DA:195,6
DA:196,6
DA:197,6
DA:198,6
DA:199,6
DA:200,6
DA:201,6
DA:202,6
DA:203,6
DA:204,6
DA:205,6
DA:206,6
DA:207,6
DA:208,6
DA:209,6
DA:210,6
DA:211,6
DA:212,6
DA:213,6
DA:214,6
DA:215,6
DA:216,6
DA:217,6
DA:218,6
DA:219,6
DA:220,6
DA:221,6
DA:222,6
DA:223,6
DA:224,6
DA:225,6
DA:226,6
DA:227,6
DA:228,6
DA:229,6
DA:230,6
DA:231,6
DA:232,6
DA:233,6
DA:234,6
DA:235,6
DA:236,6
DA:237,6
DA:238,6
DA:239,6
DA:240,6
DA:241,6
DA:242,6
DA:243,6
DA:244,6
DA:245,6
DA:246,6
DA:247,6
DA:248,6
DA:249,6
DA:250,6
DA:251,6
DA:252,6
DA:253,6
DA:254,6
DA:255,6
DA:256,6
DA:257,6
DA:258,6
DA:259,6
DA:260,6
DA:261,6
DA:262,6
DA:263,6
DA:264,6
DA:265,6
DA:266,6
DA:267,6
DA:268,6
DA:269,6
DA:270,6
DA:271,6
DA:272,6
DA:273,6
DA:274,6
DA:275,6
DA:276,6
DA:277,6
DA:278,6
DA:279,6
DA:280,6
DA:281,6
DA:282,6
DA:283,6
DA:284,6
DA:285,6
DA:286,6
DA:287,6
DA:288,6
DA:289,6
DA:290,6
DA:291,6
DA:292,6
DA:293,6
DA:294,6
DA:295,6
DA:296,6
DA:297,6
DA:298,6
DA:299,6
DA:300,6
DA:301,6
DA:302,6
DA:303,6
DA:304,6
DA:305,6
DA:306,6
DA:307,6
DA:308,6
DA:309,6
DA:310,6
DA:311,6
DA:312,6
DA:313,6
DA:314,6
DA:315,6
DA:316,6
DA:317,6
DA:318,6
DA:319,6
DA:320,6
DA:321,6
DA:322,6
DA:323,6
DA:324,6
DA:325,6
DA:326,6
DA:327,6
DA:328,6
DA:329,6
DA:330,6
DA:331,6
DA:332,6
DA:333,6
DA:334,6
DA:335,6
DA:336,6
DA:337,6
DA:338,6
DA:339,6
DA:340,6
DA:341,6
DA:342,6
DA:343,6
DA:344,6
DA:345,6
DA:346,6
DA:347,6
DA:348,6
DA:349,6
DA:350,6
DA:351,6
DA:352,6
DA:353,6
DA:354,6
DA:355,6
DA:356,6
DA:357,6
DA:358,6
DA:359,6
DA:360,6
DA:361,6
DA:362,6
DA:363,6
DA:364,6
DA:365,6
DA:366,6
DA:367,6
DA:368,6
DA:369,6
DA:370,6
DA:371,6
DA:372,6
DA:373,6
DA:374,6
DA:375,6
DA:376,6
DA:377,6
DA:378,6
DA:379,6
DA:380,6
DA:381,6
DA:382,6
DA:383,6
DA:384,6
DA:385,6
DA:386,6
DA:387,6
DA:388,6
DA:389,6
DA:390,6
DA:391,6
DA:392,6
DA:393,6
DA:394,6
DA:395,6
DA:396,6
DA:397,6
DA:398,6
DA:399,6
DA:400,6
DA:401,6
DA:402,6
DA:403,6
DA:404,6
DA:405,6
DA:406,6
DA:407,6
DA:408,6
DA:409,6
DA:410,6
DA:411,6
DA:412,6
DA:413,6
DA:414,6
DA:415,6
DA:416,6
DA:417,6
DA:418,6
DA:419,6
DA:420,6
DA:421,6
DA:422,6
DA:423,6
DA:424,6
DA:425,6
DA:426,6
DA:427,6
DA:428,6
DA:429,6
DA:430,6
DA:431,6
DA:432,6
DA:433,6
DA:434,6
DA:435,6
DA:436,6
DA:437,6
DA:438,6
DA:439,6
DA:440,6
DA:441,6
DA:442,6
DA:443,6
DA:444,6
DA:445,6
DA:446,6
DA:447,6
DA:448,6
DA:449,6
DA:450,6
DA:451,6
DA:452,6
DA:453,6
DA:454,6
DA:455,6
DA:456,6
DA:457,6
DA:458,6
DA:459,6
DA:460,6
DA:461,6
DA:462,6
DA:463,6
DA:464,6
DA:465,6
DA:466,6
DA:467,6
DA:468,6
DA:469,6
DA:470,6
DA:471,6
DA:472,6
DA:473,6
DA:474,6
DA:475,6
DA:476,6
DA:477,6
DA:478,6
DA:479,6
DA:480,6
DA:481,6
DA:482,6
DA:483,6
DA:484,6
DA:485,6
DA:486,6
DA:487,6
DA:488,6
DA:489,6
DA:490,6
DA:491,6
DA:492,6
DA:493,6
DA:494,6
DA:495,6
DA:496,6
DA:497,6
DA:498,6
DA:499,6
DA:500,6
DA:501,6
DA:502,6
DA:503,6
DA:504,6
DA:505,6
DA:506,6
DA:507,6
DA:508,6
DA:509,6
DA:510,6
DA:511,6
DA:512,6
DA:513,6
DA:514,6
DA:515,6
DA:516,6
DA:517,6
DA:518,6
DA:519,6
DA:520,6
DA:521,6
DA:522,6
DA:523,6
DA:524,6
DA:525,6
DA:526,6
DA:527,6
DA:528,6
DA:529,6
DA:530,6
DA:531,6
DA:532,6
DA:533,6
DA:534,6
DA:535,6
DA:536,6
DA:537,6
DA:538,6
DA:539,6
DA:540,6
DA:541,6
DA:542,6
DA:543,6
DA:544,24
DA:545,6
DA:546,6
DA:547,6
DA:548,6
DA:549,6
DA:550,6
DA:551,6
DA:552,6
DA:553,6
DA:554,6
DA:555,6
DA:556,6
DA:557,6
DA:558,6
DA:559,6
DA:560,6
DA:561,6
DA:562,6
DA:563,6
DA:564,6
DA:565,6
DA:566,6
DA:567,6
DA:568,6
DA:569,6
DA:570,6
DA:571,6
DA:572,6
DA:573,6
DA:574,6
DA:575,6
DA:576,6
DA:577,6
DA:578,6
DA:579,6
DA:580,6
DA:581,6
DA:582,6
DA:583,6
DA:584,6
DA:585,6
DA:586,6
DA:587,6
DA:588,6
DA:589,6
DA:590,6
DA:591,6
DA:592,6
DA:593,6
DA:594,6
DA:595,6
DA:596,6
DA:597,6
DA:598,6
DA:599,6
DA:600,6
DA:601,6
DA:602,6
DA:603,6
DA:604,6
DA:605,6
DA:606,6
DA:607,6
DA:608,18
DA:609,6
DA:610,6
DA:611,6
DA:612,6
DA:613,6
DA:614,6
DA:615,6
DA:616,6
DA:617,6
DA:618,6
DA:619,6
DA:620,6
DA:621,6
DA:622,6
DA:623,6
DA:624,6
DA:625,6
DA:626,6
DA:627,6
DA:628,6
DA:629,6
DA:630,6
DA:631,6
DA:632,6
DA:633,6
DA:634,6
DA:635,6
DA:636,6
DA:637,6
DA:638,6
DA:639,6
DA:640,6
DA:641,6
DA:642,6
DA:643,6
DA:644,6
DA:645,6
DA:646,6
DA:647,6
DA:648,6
DA:649,6
DA:650,6
DA:651,6
DA:652,6
DA:653,6
DA:654,6
DA:655,6
DA:656,6
DA:657,6
DA:658,6
DA:659,6
DA:660,6
DA:661,6
DA:662,6
DA:663,6
DA:664,6
DA:665,6
DA:666,6
DA:667,6
DA:668,6
DA:669,6
DA:670,6
DA:671,6
DA:672,6
DA:673,6
DA:674,6
DA:675,6
DA:676,6
DA:677,6
DA:678,6
DA:679,6
DA:680,6
DA:681,6
DA:682,6
DA:683,6
DA:684,6
DA:685,6
DA:686,6
DA:687,6
DA:688,6
DA:689,6
DA:690,6
DA:691,6
DA:692,6
DA:693,6
DA:694,6
DA:695,6
DA:696,6
DA:697,6
DA:698,6
DA:699,6
DA:700,6
DA:701,24
DA:702,6
DA:703,6
DA:704,6
DA:705,6
DA:706,6
DA:707,6
DA:708,6
DA:709,6
DA:710,6
DA:711,6
DA:712,6
DA:713,6
DA:714,6
DA:715,6
DA:716,6
DA:717,6
DA:718,6
DA:719,6
DA:720,6
DA:721,6
DA:722,6
DA:723,6
DA:724,6
DA:725,6
DA:726,6
DA:727,6
DA:728,6
DA:729,6
DA:730,6
DA:731,6
DA:732,6
DA:733,6
DA:734,6
DA:735,6
DA:736,6
DA:737,6
DA:738,6
DA:739,6
DA:740,6
DA:741,6
DA:742,6
DA:743,6
DA:744,6
DA:745,6
DA:746,6
DA:747,6
DA:748,6
DA:749,6
DA:750,6
DA:751,6
DA:752,6
DA:753,6
DA:754,6
DA:755,6
DA:756,6
DA:757,6
DA:758,6
DA:759,6
DA:760,6
DA:761,6
DA:762,6
DA:763,6
DA:764,6
DA:765,6
DA:766,6
DA:767,6
DA:768,6
DA:769,6
DA:770,6
DA:771,6
DA:772,6
DA:773,6
DA:774,6
DA:775,6
DA:776,6
DA:777,6
DA:778,6
DA:779,6
DA:780,6
DA:781,6
DA:782,6
DA:783,6
DA:784,6
DA:785,6
DA:786,6
DA:787,18
DA:788,6
DA:789,6
DA:790,6
DA:791,6
DA:792,6
DA:793,6
DA:794,6
DA:795,6
DA:796,6
DA:797,6
DA:798,6
DA:799,6
DA:800,6
DA:801,6
DA:802,6
DA:803,6
DA:804,6
DA:805,6
DA:806,6
DA:807,6
DA:808,6
DA:809,6
DA:810,6
DA:811,6
DA:812,6
DA:813,6
DA:814,6
DA:815,6
DA:816,6
DA:817,6
DA:818,6
DA:819,6
DA:820,6
DA:821,6
DA:822,6
DA:823,6
DA:824,6
DA:825,6
DA:826,6
DA:827,6
DA:828,6
DA:829,6
DA:830,6
DA:831,6
DA:832,6
DA:833,6
DA:834,6
DA:835,6
DA:836,6
DA:837,6
DA:838,6
DA:839,6
DA:840,6
DA:841,6
DA:842,6
DA:843,6
DA:844,6
DA:845,6
DA:846,6
DA:847,6
DA:848,6
DA:849,6
DA:850,6
DA:851,6
DA:852,6
DA:853,6
DA:854,6
DA:855,6
DA:856,6
DA:857,6
DA:858,6
DA:859,6
DA:860,6
DA:861,6
DA:862,6
DA:863,6
DA:864,6
DA:865,6
DA:866,6
DA:867,6
DA:868,6
DA:869,6
DA:870,6
DA:871,6
DA:872,6
DA:873,6
DA:874,24
DA:875,6
DA:876,6
DA:877,6
DA:878,6
DA:879,6
DA:880,6
DA:881,6
DA:882,6
DA:883,6
DA:884,6
DA:885,6
DA:886,6
DA:887,6
DA:888,6
DA:889,6
DA:890,6
DA:891,6
DA:892,6
DA:893,6
DA:894,6
DA:895,6
DA:896,6
DA:897,6
DA:898,6
DA:899,6
DA:900,6
DA:901,6
DA:902,6
DA:903,6
DA:904,6
DA:905,6
DA:906,6
DA:907,6
DA:908,6
DA:909,6
DA:910,6
DA:911,6
DA:912,6
DA:913,6
DA:914,6
DA:915,6
DA:916,6
DA:917,6
DA:918,6
DA:919,6
DA:920,6
DA:921,6
DA:922,6
DA:923,6
DA:924,6
DA:925,6
DA:926,6
DA:927,6
DA:928,6
DA:929,6
DA:930,6
DA:931,6
DA:932,6
DA:933,6
DA:934,6
DA:935,6
DA:936,6
DA:937,6
DA:938,6
DA:939,6
DA:940,6
DA:941,6
DA:942,6
DA:943,6
DA:944,6
DA:945,6
DA:946,6
DA:947,6
DA:948,6
DA:949,6
DA:950,6
DA:951,18
DA:952,6
DA:953,6
DA:954,6
DA:955,6
DA:956,6
DA:957,6
DA:958,6
DA:959,6
DA:960,6
DA:961,6
DA:962,6
DA:963,6
DA:964,6
DA:965,6
DA:966,6
DA:967,6
DA:968,6
DA:969,6
DA:970,6
DA:971,6
DA:972,6
DA:973,6
DA:974,6
DA:975,6
DA:976,6
DA:977,6
DA:978,6
DA:979,6
DA:980,6
DA:981,6
DA:982,6
DA:983,6
DA:984,6
DA:985,6
DA:986,6
DA:987,6
DA:988,6
DA:989,6
DA:990,6
DA:991,6
DA:992,6
DA:993,6
DA:994,6
DA:995,6
DA:996,6
DA:997,6
DA:998,6
DA:999,6
DA:1000,6
DA:1001,6
DA:1002,6
DA:1003,6
DA:1004,6
DA:1005,6
DA:1006,6
DA:1007,6
DA:1008,6
DA:1009,6
DA:1010,6
DA:1011,6
DA:1012,6
DA:1013,6
DA:1014,6
DA:1015,6
DA:1016,6
DA:1017,6
DA:1018,6
DA:1019,6
DA:1020,6
DA:1021,6
DA:1022,6
DA:1023,6
DA:1024,6
DA:1025,6
DA:1026,6
DA:1027,6
DA:1028,6
DA:1029,6
DA:1030,6
DA:1031,6
DA:1032,6
DA:1033,6
DA:1034,6
DA:1035,6
DA:1036,6
DA:1037,6
DA:1038,6
DA:1039,6
DA:1040,6
DA:1041,6
DA:1042,6
DA:1043,6
DA:1044,6
DA:1045,6
DA:1046,6
DA:1047,6
DA:1048,6
DA:1049,6
DA:1050,6
DA:1051,6
DA:1052,6
DA:1053,6
DA:1054,6
DA:1055,6
DA:1056,6
DA:1057,6
DA:1058,6
DA:1059,6
DA:1060,6
DA:1061,6
DA:1062,6
DA:1063,6
DA:1064,6
DA:1065,6
DA:1066,6
DA:1067,6
DA:1068,6
DA:1069,6
DA:1070,6
DA:1071,6
DA:1072,6
DA:1073,6
DA:1074,6
DA:1075,6
DA:1076,6
DA:1077,6
DA:1078,6
DA:1079,6
DA:1080,6
DA:1081,6
DA:1082,6
DA:1083,6
DA:1084,6
DA:1085,6
DA:1086,6
DA:1087,6
DA:1088,6
DA:1089,6
DA:1090,6
DA:1091,6
DA:1092,6
DA:1093,6
DA:1094,6
DA:1095,6
DA:1096,6
DA:1097,6
DA:1098,6
DA:1099,6
DA:1100,6
DA:1101,6
DA:1102,6
DA:1103,6
DA:1104,6
DA:1105,6
DA:1106,6
DA:1107,6
DA:1108,6
DA:1109,6
DA:1110,6
DA:1111,6
DA:1112,6
DA:1113,6
DA:1114,6
DA:1115,6
DA:1116,6
DA:1117,6
DA:1118,6
DA:1119,6
DA:1120,6
DA:1121,6
DA:1122,6
DA:1123,6
DA:1124,6
DA:1125,6
DA:1126,6
DA:1127,6
DA:1128,6
DA:1129,6
DA:1130,6
DA:1131,6
DA:1132,6
DA:1133,6
DA:1134,6
DA:1135,6
DA:1136,6
DA:1137,6
DA:1138,6
DA:1139,6
DA:1140,6
DA:1141,6
DA:1142,6
DA:1143,6
DA:1144,6
DA:1145,6
DA:1146,6
DA:1147,6
DA:1148,6
DA:1149,6
DA:1150,6
DA:1151,6
DA:1152,6
DA:1153,6
DA:1154,6
DA:1155,6
DA:1156,6
DA:1157,6
DA:1158,6
DA:1159,6
DA:1160,6
DA:1161,6
DA:1162,6
DA:1163,6
DA:1164,6
DA:1165,6
DA:1166,6
DA:1167,6
DA:1168,6
DA:1169,6
DA:1170,6
DA:1171,6
DA:1172,18
DA:1173,6
DA:1174,6
DA:1175,6
DA:1176,6
DA:1177,6
DA:1178,6
DA:1179,6
DA:1180,6
DA:1181,6
DA:1182,6
DA:1183,6
DA:1184,6
DA:1185,6
DA:1186,6
DA:1187,6
DA:1188,6
DA:1189,6
DA:1190,6
DA:1191,6
DA:1192,6
DA:1193,6
DA:1194,6
DA:1195,6
DA:1196,6
DA:1197,6
DA:1198,6
DA:1199,6
DA:1200,6
DA:1201,6
DA:1202,6
DA:1203,6
DA:1204,6
DA:1205,6
DA:1206,6
DA:1207,6
DA:1208,6
DA:1209,6
DA:1210,6
DA:1211,6
DA:1212,6
DA:1213,6
DA:1214,6
DA:1215,6
DA:1216,6
DA:1217,6
DA:1218,6
DA:1219,6
DA:1220,6
DA:1221,6
DA:1222,6
DA:1223,6
DA:1224,6
DA:1225,6
DA:1226,6
DA:1227,6
DA:1228,6
DA:1229,6
DA:1230,6
DA:1231,6
DA:1232,6
DA:1233,6
DA:1234,6
DA:1235,6
DA:1236,6
DA:1237,6
DA:1238,6
DA:1239,6
DA:1240,6
DA:1241,6
DA:1242,6
DA:1243,6
DA:1244,6
DA:1245,6
DA:1246,6
DA:1247,6
DA:1248,6
DA:1249,6
DA:1250,6
DA:1251,6
DA:1252,6
DA:1253,6
DA:1254,6
DA:1255,6
DA:1256,6
DA:1257,6
DA:1258,6
DA:1259,6
DA:1260,6
DA:1261,6
DA:1262,6
DA:1263,6
DA:1264,6
DA:1265,6
DA:1266,6
DA:1267,6
DA:1268,6
DA:1269,6
DA:1270,6
DA:1271,6
DA:1272,6
DA:1273,6
DA:1274,6
DA:1275,6
DA:1276,6
DA:1277,6
DA:1278,6
DA:1279,6
DA:1280,6
DA:1281,6
DA:1282,6
DA:1283,6
DA:1284,6
DA:1285,6
DA:1286,6
DA:1287,6
DA:1288,6
DA:1289,6
DA:1290,6
DA:1291,6
DA:1292,6
DA:1293,6
DA:1294,6
DA:1295,6
DA:1296,6
DA:1297,6
DA:1298,6
DA:1299,6
DA:1300,6
DA:1301,6
DA:1302,6
DA:1303,6
DA:1304,6
DA:1305,6
DA:1306,6
DA:1307,6
DA:1308,6
DA:1309,6
DA:1310,6
DA:1311,6
DA:1312,6
DA:1313,6
DA:1314,6
DA:1315,6
DA:1316,6
DA:1317,6
DA:1318,6
DA:1319,6
DA:1320,6
DA:1321,6
DA:1322,6
DA:1323,6
DA:1324,6
DA:1325,6
DA:1326,6
DA:1327,18
DA:1328,6
DA:1329,6
DA:1330,6
DA:1331,6
DA:1332,6
DA:1333,6
DA:1334,6
DA:1335,6
DA:1336,6
DA:1337,6
DA:1338,6
DA:1339,6
DA:1340,6
DA:1341,6
DA:1342,6
DA:1343,6
DA:1344,6
DA:1345,6
DA:1346,6
DA:1347,6
DA:1348,6
DA:1349,6
DA:1350,6
DA:1351,6
DA:1352,6
DA:1353,6
DA:1354,6
DA:1355,6
DA:1356,6
DA:1357,6
DA:1358,6
DA:1359,6
DA:1360,6
DA:1361,6
DA:1362,6
DA:1363,6
DA:1364,6
DA:1365,6
DA:1366,6
DA:1367,12
DA:1368,6
DA:1369,6
DA:1370,6
DA:1371,6
DA:1372,6
DA:1373,6
DA:1374,6
DA:1375,6
DA:1376,6
DA:1377,6
DA:1378,6
DA:1379,6
DA:1380,6
DA:1381,6
DA:1382,6
DA:1383,6
DA:1384,6
DA:1385,6
DA:1386,6
DA:1387,6
DA:1388,6
DA:1389,6
DA:1390,6
DA:1391,6
DA:1392,6
DA:1393,6
DA:1394,6
DA:1395,6
DA:1396,6
DA:1397,6
DA:1398,6
DA:1399,6
DA:1400,6
DA:1401,6
DA:1402,6
DA:1403,6
DA:1404,6
DA:1405,6
DA:1406,6
DA:1407,6
DA:1408,6
DA:1409,6
DA:1410,6
DA:1411,6
DA:1412,6
DA:1413,6
DA:1414,6
DA:1415,6
DA:1416,6
DA:1417,6
DA:1418,6
DA:1419,6
DA:1420,6
DA:1421,6
DA:1422,6
DA:1423,6
DA:1424,6
DA:1425,6
DA:1426,6
DA:1427,6
DA:1428,6
DA:1429,6
DA:1430,6
DA:1431,6
DA:1432,6
DA:1433,6
DA:1434,6
DA:1435,6
DA:1436,6
DA:1437,6
DA:1438,6
DA:1439,6
DA:1440,6
DA:1441,6
DA:1442,6
DA:1443,6
DA:1444,6
DA:1445,6
DA:1446,6
DA:1447,6
DA:1448,6
DA:1449,6
DA:1450,6
DA:1451,6
DA:1452,6
DA:1453,6
DA:1454,6
DA:1455,6
DA:1456,6
DA:1457,6
DA:1458,6
DA:1459,6
DA:1460,6
DA:1461,6
DA:1462,6
DA:1463,6
DA:1464,6
DA:1465,6
DA:1466,6
DA:1467,6
DA:1468,6
DA:1469,6
DA:1470,6
DA:1471,6
DA:1472,6
DA:1473,6
DA:1474,6
DA:1475,6
DA:1476,6
DA:1477,6
DA:1478,6
DA:1479,6
DA:1480,6
DA:1481,6
DA:1482,6
DA:1483,6
DA:1484,6
DA:1485,6
DA:1486,6
DA:1487,6
DA:1488,6
DA:1489,6
DA:1490,6
DA:1491,6
DA:1492,24
DA:1493,24
DA:1494,24
DA:1495,6
DA:1496,6
DA:1497,6
DA:1498,6
DA:1499,6
DA:1500,6
DA:1501,6
DA:1502,6
DA:1503,6
DA:1504,6
DA:1505,6
DA:1506,6
DA:1507,6
DA:1508,6
DA:1509,6
DA:1510,6
DA:1511,6
DA:1512,6
DA:1513,6
DA:1514,6
DA:1515,6
DA:1516,6
DA:1517,6
DA:1518,6
DA:1519,6
DA:1520,6
DA:1521,6
DA:1522,6
DA:1523,6
DA:1524,6
DA:1525,6
DA:1526,6
DA:1527,6
DA:1528,6
DA:1529,6
DA:1530,6
DA:1531,6
DA:1532,6
DA:1533,6
DA:1534,6
DA:1535,6
DA:1536,6
DA:1537,6
DA:1538,6
DA:1539,6
DA:1540,6
DA:1541,6
DA:1542,6
DA:1543,6
DA:1544,6
DA:1545,6
DA:1546,6
DA:1547,6
DA:1548,6
DA:1549,6
DA:1550,6
DA:1551,6
DA:1552,6
DA:1553,6
DA:1554,6
DA:1555,6
DA:1556,6
DA:1557,6
DA:1558,6
DA:1559,6
DA:1560,6
DA:1561,6
DA:1562,6
DA:1563,6
DA:1564,6
DA:1565,6
DA:1566,6
DA:1567,6
DA:1568,6
DA:1569,6
DA:1570,6
DA:1571,6
DA:1572,6
DA:1573,6
DA:1574,6
DA:1575,6
DA:1576,6
DA:1577,6
DA:1578,6
DA:1579,6
DA:1580,6
DA:1581,6
DA:1582,6
DA:1583,6
DA:1584,6
DA:1585,6
DA:1586,6
DA:1587,6
DA:1588,6
DA:1589,6
DA:1590,6
DA:1591,6
DA:1592,6
DA:1593,6
DA:1594,6
DA:1595,6
DA:1596,6
DA:1597,6
DA:1598,6
DA:1599,6
DA:1600,6
DA:1601,6
DA:1602,6
DA:1603,6
DA:1604,6
DA:1605,6
DA:1606,6
DA:1607,6
DA:1608,6
DA:1609,6
DA:1610,6
DA:1611,6
DA:1612,6
DA:1613,6
DA:1614,6
DA:1615,6
DA:1616,6
DA:1617,6
DA:1618,6
DA:1619,6
DA:1620,6
DA:1621,6
DA:1622,6
DA:1623,6
DA:1624,6
DA:1625,6
DA:1626,6
DA:1627,6
DA:1628,6
DA:1629,6
DA:1630,6
DA:1631,6
DA:1632,6
DA:1633,6
DA:1634,6
DA:1635,6
DA:1636,6
DA:1637,6
DA:1638,6
DA:1639,6
DA:1640,6
DA:1641,6
DA:1642,6
DA:1643,6
DA:1644,6
DA:1645,6
DA:1646,6
DA:1647,6
DA:1648,6
DA:1649,6
DA:1650,6
DA:1651,6
DA:1652,6
DA:1653,6
DA:1654,6
DA:1655,6
DA:1656,6
DA:1657,6
DA:1658,6
DA:1659,6
DA:1660,6
DA:1661,6
DA:1662,6
DA:1663,6
DA:1664,6
DA:1665,6
DA:1666,6
DA:1667,6
DA:1668,6
DA:1669,6
DA:1670,6
DA:1671,6
DA:1672,6
DA:1673,6
DA:1674,6
DA:1675,6
DA:1676,6
DA:1677,6
DA:1678,6
DA:1679,6
DA:1680,6
DA:1681,6
DA:1682,6
DA:1683,6
DA:1684,6
DA:1685,6
DA:1686,6
DA:1687,6
DA:1688,6
DA:1689,6
DA:1690,6
DA:1691,6
DA:1692,6
DA:1693,6
DA:1694,6
DA:1695,6
DA:1696,6
DA:1697,6
DA:1698,6
DA:1699,6
DA:1700,6
DA:1701,6
DA:1702,6
DA:1703,6
DA:1704,6
DA:1705,6
DA:1706,6
DA:1707,6
DA:1708,6
DA:1709,6
DA:1710,6
DA:1711,6
DA:1712,6
DA:1713,6
DA:1714,6
DA:1715,6
DA:1716,6
DA:1717,6
DA:1718,6
DA:1719,6
DA:1720,6
DA:1721,6
DA:1722,6
DA:1723,6
DA:1724,6
DA:1725,6
DA:1726,6
DA:1727,6
DA:1728,12
DA:1729,12
DA:1730,6
DA:1731,6
DA:1732,6
DA:1733,6
DA:1734,6
DA:1735,6
DA:1736,24
DA:1737,6
DA:1738,6
DA:1739,6
DA:1740,6
DA:1741,6
DA:1742,6
DA:1743,6
DA:1744,6
DA:1745,24
DA:1746,6
DA:1747,6
DA:1748,6
DA:1749,6
DA:1750,6
DA:1751,6
DA:1752,6
DA:1753,6
DA:1754,6
DA:1755,6
DA:1756,6
DA:1757,6
DA:1758,6
DA:1759,6
DA:1760,6
DA:1761,6
DA:1762,6
DA:1763,6
DA:1764,6
DA:1765,6
DA:1766,6
DA:1767,6
DA:1768,6
DA:1769,6
DA:1770,6
DA:1771,6
DA:1772,6
DA:1773,6
DA:1774,6
DA:1775,6
DA:1776,6
DA:1777,6
DA:1778,6
DA:1779,6
DA:1780,6
DA:1781,6
DA:1782,6
DA:1783,6
DA:1784,6
DA:1785,6
DA:1786,6
DA:1787,6
DA:1788,6
DA:1789,6
DA:1790,6
DA:1791,6
DA:1792,6
DA:1793,6
DA:1794,6
DA:1795,6
DA:1796,6
DA:1797,6
DA:1798,6
DA:1799,6
DA:1800,6
DA:1801,6
DA:1802,6
DA:1803,6
DA:1804,6
DA:1805,6
DA:1806,6
DA:1807,6
DA:1808,6
DA:1809,6
DA:1810,6
DA:1811,6
DA:1812,6
DA:1813,6
DA:1814,6
DA:1815,6
DA:1816,6
DA:1817,6
DA:1818,6
DA:1819,6
DA:1820,6
DA:1821,6
DA:1822,12
DA:1823,6
DA:1824,6
DA:1825,6
DA:1826,6
DA:1827,6
DA:1828,6
DA:1829,6
DA:1830,6
DA:1831,6
DA:1832,6
DA:1833,6
DA:1834,6
DA:1835,6
DA:1836,6
DA:1837,6
DA:1838,6
DA:1839,6
DA:1840,6
DA:1841,6
DA:1842,6
DA:1843,6
DA:1844,6
DA:1845,6
DA:1846,6
DA:1847,6
DA:1848,6
DA:1849,6
DA:1850,54
DA:1851,6
DA:1852,6
DA:1853,6
DA:1854,6
DA:1855,6
DA:1856,6
DA:1857,6
DA:1858,6
DA:1859,6
DA:1860,6
DA:1861,6
DA:1862,6
DA:1863,6
DA:1864,6
DA:1865,6
DA:1866,6
DA:1867,6
DA:1868,6
DA:1869,6
DA:1870,6
DA:1871,6
DA:1872,6
DA:1873,6
DA:1874,6
DA:1875,6
DA:1876,6
DA:1877,6
DA:1878,6
DA:1879,6
DA:1880,6
DA:1881,6
DA:1882,6
DA:1883,6
DA:1884,6
DA:1885,6
DA:1886,6
DA:1887,6
DA:1888,6
DA:1889,6
DA:1890,6
DA:1891,6
DA:1892,6
DA:1893,6
DA:1894,6
DA:1895,6
DA:1896,6
DA:1897,6
DA:1898,6
DA:1899,6
DA:1900,6
DA:1901,6
DA:1902,6
DA:1903,6
DA:1904,6
DA:1905,6
DA:1906,6
DA:1907,6
DA:1908,6
DA:1909,6
DA:1910,6
DA:1911,6
DA:1912,6
DA:1913,6
DA:1914,6
DA:1915,6
DA:1916,6
DA:1917,6
DA:1918,6
DA:1919,6
DA:1920,6
DA:1921,6
DA:1922,6
DA:1923,6
DA:1924,6
DA:1925,6
DA:1926,6
DA:1927,6
DA:1928,6
DA:1929,6
DA:1930,6
DA:1931,6
DA:1932,6
DA:1933,6
DA:1934,6
DA:1935,6
DA:1936,6
DA:1937,6
DA:1938,6
DA:1939,6
DA:1940,6
DA:1941,6
DA:1942,6
DA:1943,6
DA:1944,6
DA:1945,6
DA:1946,6
DA:1947,6
DA:1948,6
DA:1949,12
DA:1950,12
DA:1951,6
DA:1952,6
DA:1953,6
DA:1954,6
DA:1955,6
DA:1956,12
DA:1957,6
DA:1958,6
DA:1959,6
DA:1960,6
DA:1961,6
DA:1962,6
DA:1963,6
DA:1964,6
DA:1965,6
DA:1966,6
DA:1967,6
DA:1968,6
DA:1969,6
DA:1970,6
DA:1971,6
DA:1972,6
DA:1973,6
DA:1974,6
DA:1975,6
DA:1976,6
DA:1977,6
DA:1978,6
DA:1979,6
DA:1980,6
DA:1981,6
DA:1982,6
DA:1983,6
DA:1984,6
DA:1985,6
DA:1986,6
DA:1987,6
DA:1988,6
DA:1989,6
DA:1990,6
DA:1991,6
DA:1992,6
DA:1993,6
DA:1994,6
DA:1995,6
DA:1996,6
DA:1997,6
DA:1998,6
DA:1999,6
DA:2000,6
DA:2001,6
DA:2002,18
DA:2003,6
DA:2004,6
DA:2005,6
DA:2006,6
DA:2007,6
DA:2008,6
DA:2009,6
DA:2010,6
DA:2011,6
DA:2012,6
DA:2013,6
DA:2014,6
DA:2015,6
DA:2016,6
DA:2017,6
DA:2018,6
DA:2019,6
DA:2020,6
DA:2021,6
DA:2022,6
DA:2023,6
DA:2024,6
DA:2025,6
DA:2026,6
DA:2027,6
DA:2028,6
DA:2029,6
DA:2030,6
DA:2031,6
DA:2032,6
DA:2033,6
DA:2034,6
DA:2035,6
DA:2036,6
DA:2037,6
DA:2038,6
DA:2039,6
DA:2040,6
DA:2041,6
DA:2042,6
DA:2043,6
DA:2044,6
DA:2045,6
DA:2046,6
DA:2047,6
DA:2048,6
DA:2049,6
DA:2050,6
DA:2051,6
DA:2052,6
DA:2053,12
DA:2054,6
DA:2055,6
DA:2056,6
DA:2057,6
DA:2058,6
DA:2059,6
DA:2060,6
DA:2061,6
DA:2062,6
DA:2063,6
DA:2064,6
DA:2065,6
DA:2066,6
DA:2067,6
DA:2068,6
DA:2069,6
DA:2070,6
DA:2071,6
DA:2072,6
DA:2073,6
DA:2074,6
DA:2075,6
DA:2076,6
DA:2077,6
DA:2078,6
DA:2079,6
DA:2080,6
DA:2081,6
DA:2082,6
DA:2083,6
DA:2084,6
DA:2085,6
DA:2086,6
DA:2087,6
DA:2088,6
DA:2089,6
DA:2090,6
DA:2091,6
DA:2092,6
DA:2093,6
DA:2094,6
DA:2095,6
DA:2096,18
DA:2097,18
DA:2098,18
DA:2099,6
DA:2100,6
DA:2101,6
DA:2102,6
DA:2103,6
DA:2104,6
DA:2105,6
DA:2106,6
DA:2107,6
DA:2108,6
DA:2109,6
DA:2110,6
DA:2111,6
DA:2112,6
DA:2113,6
DA:2114,6
DA:2115,6
DA:2116,6
DA:2117,6
DA:2118,6
DA:2119,6
DA:2120,6
DA:2121,6
DA:2122,6
DA:2123,6
DA:2124,18
DA:2125,18
DA:2126,18
DA:2127,6
DA:2128,6
DA:2129,6
DA:2130,6
DA:2131,6
DA:2132,18
DA:2133,6
DA:2134,6
DA:2135,6
DA:2136,6
DA:2137,6
DA:2138,6
DA:2139,6
DA:2140,6
DA:2141,6
DA:2142,6
DA:2143,6
DA:2144,6
DA:2145,6
DA:2146,6
DA:2147,6
DA:2148,6
DA:2149,6
DA:2150,6
DA:2151,6
DA:2152,6
DA:2153,6
DA:2154,6
DA:2155,6
DA:2156,6
DA:2157,6
DA:2158,6
DA:2159,48
DA:2160,48
DA:2161,6
DA:2162,6
DA:2163,6
DA:2164,6
DA:2165,6
DA:2166,6
DA:2167,6
DA:2168,6
DA:2169,6
DA:2170,6
DA:2171,6
DA:2172,6
DA:2173,6
DA:2174,6
DA:2175,6
DA:2176,6
DA:2177,6
DA:2178,6
DA:2179,6
DA:2180,6
DA:2181,6
DA:2182,6
DA:2183,6
DA:2184,6
DA:2185,6
DA:2186,6
DA:2187,6
DA:2188,6
DA:2189,6
DA:2190,6
DA:2191,6
DA:2192,6
DA:2193,6
DA:2194,6
DA:2195,6
DA:2196,6
DA:2197,6
DA:2198,6
DA:2199,6
DA:2200,6
DA:2201,6
DA:2202,6
DA:2203,6
DA:2204,6
DA:2205,6
DA:2206,6
DA:2207,6
DA:2208,6
DA:2209,6
DA:2210,6
DA:2211,6
DA:2212,6
DA:2213,6
DA:2214,6
DA:2215,6
DA:2216,6
DA:2217,6
DA:2218,6
DA:2219,6
DA:2220,6
DA:2221,6
DA:2222,6
DA:2223,6
DA:2224,6
DA:2225,6
DA:2226,6
DA:2227,6
DA:2228,6
DA:2229,6
DA:2230,6
DA:2231,6
DA:2232,6
DA:2233,6
DA:2234,6
DA:2235,6
DA:2236,6
DA:2237,6
DA:2238,6
DA:2239,6
DA:2240,6
DA:2241,6
DA:2242,6
DA:2243,6
DA:2244,18
DA:2245,6
DA:2246,6
DA:2247,6
DA:2248,6
DA:2249,6
DA:2250,6
DA:2251,6
DA:2252,6
DA:2253,6
DA:2254,6
DA:2255,6
DA:2256,6
DA:2257,6
DA:2258,6
DA:2259,6
DA:2260,6
DA:2261,6
DA:2262,6
DA:2263,6
DA:2264,6
DA:2265,6
DA:2266,6
DA:2267,12
DA:2268,6
DA:2269,6
DA:2270,6
DA:2271,6
DA:2272,6
DA:2273,6
DA:2274,6
DA:2275,6
DA:2276,6
DA:2277,6
DA:2278,6
DA:2279,6
DA:2280,6
DA:2281,6
DA:2282,6
DA:2283,6
DA:2284,18
DA:2285,6
DA:2286,6
DA:2287,6
DA:2288,6
DA:2289,6
DA:2290,6
DA:2291,6
DA:2292,6
DA:2293,6
DA:2294,6
DA:2295,6
DA:2296,6
DA:2297,6
DA:2298,6
DA:2299,6
DA:2300,6
DA:2301,6
DA:2302,6
DA:2303,6
DA:2304,6
DA:2305,6
DA:2306,6
DA:2307,6
DA:2308,6
DA:2309,6
DA:2310,6
DA:2311,6
DA:2312,6
DA:2313,6
DA:2314,6
DA:2315,6
DA:2316,6
DA:2317,6
DA:2318,6
DA:2319,6
DA:2320,6
DA:2321,6
DA:2322,6
DA:2323,6
DA:2324,6
DA:2325,6
DA:2326,6
DA:2327,6
DA:2328,6
DA:2329,6
DA:2330,6
DA:2331,6
DA:2332,1
DA:2333,1
LF:2333
LH:2333
BRDA:12,0,0,1
BRDA:15,1,0,1
BRDA:16,2,0,1
BRDA:34,3,0,34
BRDA:47,4,0,34
BRDA:52,5,0,34
BRDA:53,6,0,34
BRDA:64,7,0,34
BRDA:69,8,0,34
BRDA:71,9,0,34
BRDA:85,10,0,34
BRDA:90,11,0,34
BRDA:92,12,0,34
BRDA:94,13,0,34
BRDA:106,14,0,34
BRDA:112,15,0,68
BRDA:114,16,0,34
BRDA:114,17,0,34
BRDA:119,18,0,34
BRDA:124,19,0,6
BRDA:125,20,0,6
BRDA:135,21,0,6
BRDA:136,22,0,6
BRDA:137,23,0,6
BRDA:138,24,0,6
BRDA:141,25,0,6
BRDA:152,26,0,6
BRDA:157,27,0,6
BRDA:163,28,0,6
BRDA:174,29,0,6
BRDA:180,30,0,6
BRDA:186,31,0,6
BRDA:195,32,0,6
BRDA:207,33,0,6
BRDA:217,34,0,6
BRDA:218,35,0,6
BRDA:223,36,0,6
BRDA:224,37,0,6
BRDA:229,38,0,6
BRDA:230,39,0,6
BRDA:236,40,0,6
BRDA:243,41,0,6
BRDA:255,42,0,6
BRDA:265,43,0,6
BRDA:266,44,0,6
BRDA:271,45,0,6
BRDA:272,46,0,6
BRDA:277,47,0,6
BRDA:280,48,0,6
BRDA:285,49,0,6
BRDA:288,50,0,6
BRDA:293,51,0,6
BRDA:296,52,0,6
BRDA:301,53,0,6
BRDA:304,54,0,6
BRDA:310,55,0,6
BRDA:321,56,0,6
BRDA:333,57,0,6
BRDA:343,58,0,6
BRDA:346,59,0,6
BRDA:351,60,0,6
BRDA:356,61,0,6
BRDA:362,62,0,6
BRDA:377,63,0,6
BRDA:389,64,0,6
BRDA:396,65,0,6
BRDA:402,66,0,6
BRDA:408,67,0,6
BRDA:415,68,0,6
BRDA:421,69,0,6
BRDA:423,70,0,6
BRDA:430,71,0,6
BRDA:432,72,0,6
BRDA:441,73,0,6
BRDA:454,74,0,6
BRDA:456,75,0,6
BRDA:467,76,0,6
BRDA:469,77,0,6
BRDA:476,78,0,6
BRDA:478,79,0,6
BRDA:485,80,0,6
BRDA:487,81,0,6
BRDA:494,82,0,6
BRDA:496,83,0,6
BRDA:503,84,0,6
BRDA:512,85,0,6
BRDA:514,86,0,6
BRDA:521,87,0,6
BRDA:527,88,0,6
BRDA:538,89,0,6
BRDA:543,90,0,24
BRDA:547,91,0,24
BRDA:562,92,0,6
BRDA:567,93,0,6
BRDA:572,94,0,6
BRDA:579,95,0,6
BRDA:584,96,0,6
BRDA:591,97,0,6
BRDA:602,98,0,6
BRDA:607,99,0,18
BRDA:611,100,0,6
BRDA:617,101,0,24
BRDA:638,102,0,6
BRDA:645,103,0,6
BRDA:652,104,0,6
BRDA:661,105,0,6
BRDA:668,106,0,6
BRDA:676,107,0,6
BRDA:687,108,0,6
BRDA:692,109,0,6
BRDA:696,110,0,24
BRDA:700,111,0,24
BRDA:719,112,0,6
BRDA:724,113,0,6
BRDA:729,114,0,6
BRDA:736,115,0,6
BRDA:741,116,0,6
BRDA:748,117,0,6
BRDA:759,118,0,6
BRDA:764,119,0,6
BRDA:768,120,0,6
BRDA:774,121,0,30
BRDA:786,122,0,18
BRDA:790,123,0,6
BRDA:817,124,0,6
BRDA:824,125,0,6
BRDA:831,126,0,6
BRDA:840,127,0,6
BRDA:847,128,0,6
BRDA:855,129,0,6
BRDA:868,130,0,6
BRDA:873,131,0,24
BRDA:877,132,0,12
BRDA:900,133,0,12
BRDA:932,134,0,6
BRDA:945,135,0,6
BRDA:950,136,0,18
BRDA:954,137,0,6
BRDA:960,138,0,12
BRDA:987,139,0,12
BRDA:1025,140,0,6
BRDA:1031,141,0,6
BRDA:1038,142,0,6
BRDA:1042,143,0,6
BRDA:1048,144,0,12
BRDA:1075,145,0,6
BRDA:1081,146,0,6
BRDA:1088,147,0,6
BRDA:1092,148,0,6
BRDA:1099,149,0,24
BRDA:1128,150,0,6
BRDA:1132,151,0,6
BRDA:1151,152,0,6
BRDA:1162,153,0,6
BRDA:1167,154,0,12
BRDA:1171,155,0,18
BRDA:1175,156,0,6
BRDA:1218,157,0,12
BRDA:1280,158,0,6
BRDA:1293,159,0,6
BRDA:1296,160,0,12
BRDA:1300,161,0,6
BRDA:1304,162,0,6
BRDA:1326,163,0,18
BRDA:1330,164,0,6
BRDA:1348,165,0,18
BRDA:1366,166,0,12
BRDA:1370,167,0,6
BRDA:1377,168,0,18
BRDA:1482,169,0,6
BRDA:1489,170,0,18
BRDA:1491,171,0,24
BRDA:1507,172,0,12
BRDA:1529,173,0,6
BRDA:1535,174,0,24
BRDA:1536,175,0,6
BRDA:1538,176,0,30
BRDA:1545,177,0,6
BRDA:1555,178,0,6
BRDA:1565,179,0,6
BRDA:1575,180,0,6
BRDA:1585,181,0,6
BRDA:1593,182,0,6
BRDA:1600,183,0,6
BRDA:1602,184,0,6
BRDA:1603,185,0,6
BRDA:1609,186,0,6
BRDA:1615,187,0,6
BRDA:1621,188,0,6
BRDA:1623,189,0,6
BRDA:1627,190,0,6
BRDA:1635,191,0,30
BRDA:1636,192,0,18
BRDA:1638,193,0,18
BRDA:1663,194,0,12
BRDA:1683,195,0,24
BRDA:1717,196,0,6
BRDA:1725,197,0,36
BRDA:1727,198,0,12
BRDA:1735,199,0,24
BRDA:1744,200,0,24
BRDA:1811,201,0,6
BRDA:1821,202,0,12
BRDA:1839,203,0,6
BRDA:1849,204,0,54
BRDA:1853,205,0,36
BRDA:1874,206,0,18
BRDA:1938,207,0,6
BRDA:1946,208,0,24
BRDA:1948,209,0,12
BRDA:1955,210,0,12
BRDA:2001,211,0,18
BRDA:2036,212,0,6
BRDA:2044,213,0,12
BRDA:2052,214,0,12
BRDA:2064,215,0,6
BRDA:2072,216,0,12
BRDA:2087,217,0,6
BRDA:2095,218,0,18
BRDA:2115,219,0,6
BRDA:2123,220,0,18
BRDA:2131,221,0,18
BRDA:2148,222,0,6
BRDA:2158,223,0,48
BRDA:2159,224,0,6
BRDA:2159,225,0,42
BRDA:2163,226,0,24
BRDA:2200,227,0,24
BRDA:2219,228,0,6
BRDA:2228,229,0,6
BRDA:2236,230,0,18
BRDA:2243,231,0,18
BRDA:2254,232,0,12
BRDA:2266,233,0,12
BRDA:2283,234,0,18
BRF:235
BRH:235
end_of_record
TN:
SF:src\__tests__\nestedLayers.testcases.ts
FN:13,compositeMedamaWithNestedLayers
FN:24,describe.each.args.readState.readState
FN:37,describe.each.args.subscribeToState.subscribeToState
FN:54,describe.each.args.subscribeToState.subscribeToState
FN:75,describe.each.args.subscribeToState.subscribeToState
FN:102,setState.a.a.a
FN:245,fooSelector.mock.calls
FN:1164,fooSelector.mock.calls
FN:1265,fooSelector.mock.calls
FN:2616,levelDown
FN:2631,selector
FNF:11
FNH:8
FNDA:1,compositeMedamaWithNestedLayers
FNDA:40,describe.each.args.readState.readState
FNDA:40,describe.each.args.subscribeToState.subscribeToState
FNDA:40,describe.each.args.subscribeToState.subscribeToState
FNDA:40,describe.each.args.subscribeToState.subscribeToState
FNDA:80,setState.a.a.a
FNDA:0,fooSelector.mock.calls
FNDA:0,fooSelector.mock.calls
FNDA:0,fooSelector.mock.calls
FNDA:24,levelDown
FNDA:6,selector
DA:1,1
DA:2,1
DA:3,1
DA:4,1
DA:5,1
DA:6,1
DA:7,1
DA:8,1
DA:9,1
DA:10,1
DA:11,1
DA:12,1
DA:13,1
DA:14,1
DA:15,1
DA:16,1
DA:17,1
DA:18,1
DA:19,1
DA:20,1
DA:21,1
DA:22,1
DA:23,1
DA:24,1
DA:25,40
DA:26,40
DA:27,40
DA:28,40
DA:29,40
DA:30,40
DA:31,40
DA:32,1
DA:33,1
DA:34,1
DA:35,1
DA:36,1
DA:37,1
DA:38,40
DA:39,40
DA:40,40
DA:41,40
DA:42,40
DA:43,40
DA:44,40
DA:45,40
DA:46,40
DA:47,40
DA:48,40
DA:49,1
DA:50,1
DA:51,1
DA:52,1
DA:53,1
DA:54,1
DA:55,40
DA:56,40
DA:57,40
DA:58,40
DA:59,40
DA:60,40
DA:61,40
DA:62,40
DA:63,40
DA:64,40
DA:65,40
DA:66,40
DA:67,40
DA:68,40
DA:69,40
DA:70,1
DA:71,1
DA:72,1
DA:73,1
DA:74,1
DA:75,1
DA:76,40
DA:77,40
DA:78,40
DA:79,40
DA:80,40
DA:81,40
DA:82,40
DA:83,40
DA:84,40
DA:85,40
DA:86,40
DA:87,40
DA:88,40
DA:89,40
DA:90,40
DA:91,1
DA:92,1
DA:93,1
DA:94,1
DA:95,1
DA:96,1
DA:97,40
DA:98,40
DA:99,40
DA:100,40
DA:101,40
DA:102,40
DA:103,40
DA:104,40
DA:105,40
DA:106,40
DA:107,40
DA:108,40
DA:109,40
DA:110,40
DA:111,40
DA:112,1
DA:113,1
DA:114,1
DA:115,6
DA:116,6
DA:117,6
DA:118,6
DA:119,6
DA:120,6
DA:121,6
DA:122,6
DA:123,6
DA:124,6
DA:125,6
DA:126,6
DA:127,6
DA:128,6
DA:129,6
DA:130,6
DA:131,6
DA:132,6
DA:133,6
DA:134,6
DA:135,6
DA:136,6
DA:137,6
DA:138,6
DA:139,6
DA:140,6
DA:141,6
DA:142,6
DA:143,6
DA:144,6
DA:145,6
DA:146,6
DA:147,6
DA:148,6
DA:149,6
DA:150,6
DA:151,6
DA:152,6
DA:153,6
DA:154,6
DA:155,6
DA:156,6
DA:157,6
DA:158,6
DA:159,6
DA:160,6
DA:161,6
DA:162,6
DA:163,6
DA:164,6
DA:165,6
DA:166,6
DA:167,6
DA:168,6
DA:169,6
DA:170,6
DA:171,6
DA:172,6
DA:173,6
DA:174,6
DA:175,6
DA:176,6
DA:177,6
DA:178,6
DA:179,6
DA:180,6
DA:181,6
DA:182,6
DA:183,6
DA:184,6
DA:185,6
DA:186,6
DA:187,6
DA:188,6
DA:189,6
DA:190,6
DA:191,6
DA:192,6
DA:193,6
DA:194,6
DA:195,6
DA:196,6
DA:197,6
DA:198,6
DA:199,6
DA:200,6
DA:201,6
DA:202,6
DA:203,6
DA:204,6
DA:205,6
DA:206,6
DA:207,12
DA:208,12
DA:209,12
DA:210,12
DA:211,12
DA:212,12
DA:213,12
DA:214,12
DA:215,6
DA:216,6
DA:217,6
DA:218,6
DA:219,6
DA:220,6
DA:221,6
DA:222,6
DA:223,6
DA:224,6
DA:225,6
DA:226,6
DA:227,6
DA:228,6
DA:229,6
DA:230,6
DA:231,6
DA:232,6
DA:233,6
DA:234,6
DA:235,6
DA:236,6
DA:237,6
DA:238,6
DA:239,6
DA:240,6
DA:241,6
DA:242,6
DA:243,6
DA:244,6
DA:245,6
DA:246,6
DA:247,6
DA:248,6
DA:249,6
DA:250,6
DA:251,6
DA:252,6
DA:253,6
DA:254,6
DA:255,6
DA:256,6
DA:257,6
DA:258,6
DA:259,6
DA:260,6
DA:261,6
DA:262,6
DA:263,6
DA:264,6
DA:265,6
DA:266,6
DA:267,6
DA:268,6
DA:269,6
DA:270,6
DA:271,6
DA:272,6
DA:273,6
DA:274,6
DA:275,6
DA:276,6
DA:277,6
DA:278,6
DA:279,6
DA:280,6
DA:281,6
DA:282,6
DA:283,6
DA:284,6
DA:285,6
DA:286,6
DA:287,6
DA:288,6
DA:289,6
DA:290,6
DA:291,6
DA:292,6
DA:293,6
DA:294,6
DA:295,6
DA:296,6
DA:297,6
DA:298,6
DA:299,6
DA:300,6
DA:301,36
DA:302,36
DA:303,36
DA:304,36
DA:305,36
DA:306,6
DA:307,6
DA:308,6
DA:309,6
DA:310,6
DA:311,6
DA:312,6
DA:313,6
DA:314,6
DA:315,6
DA:316,6
DA:317,6
DA:318,18
DA:319,6
DA:320,6
DA:321,6
DA:322,6
DA:323,6
DA:324,6
DA:325,6
DA:326,6
DA:327,6
DA:328,6
DA:329,6
DA:330,6
DA:331,6
DA:332,6
DA:333,6
DA:334,6
DA:335,6
DA:336,6
DA:337,6
DA:338,6
DA:339,6
DA:340,6
DA:341,6
DA:342,6
DA:343,6
DA:344,6
DA:345,6
DA:346,6
DA:347,6
DA:348,6
DA:349,6
DA:350,6
DA:351,6
DA:352,6
DA:353,6
DA:354,6
DA:355,6
DA:356,6
DA:357,6
DA:358,6
DA:359,6
DA:360,6
DA:361,6
DA:362,6
DA:363,6
DA:364,6
DA:365,6
DA:366,6
DA:367,6
DA:368,6
DA:369,6
DA:370,6
DA:371,6
DA:372,6
DA:373,6
DA:374,6
DA:375,6
DA:376,6
DA:377,6
DA:378,6
DA:379,6
DA:380,6
DA:381,6
DA:382,6
DA:383,18
DA:384,6
DA:385,6
DA:386,6
DA:387,6
DA:388,6
DA:389,6
DA:390,6
DA:391,6
DA:392,6
DA:393,6
DA:394,6
DA:395,6
DA:396,6
DA:397,6
DA:398,6
DA:399,6
DA:400,6
DA:401,6
DA:402,6
DA:403,6
DA:404,6
DA:405,6
DA:406,6
DA:407,6
DA:408,6
DA:409,6
DA:410,6
DA:411,6
DA:412,6
DA:413,6
DA:414,6
DA:415,6
DA:416,6
DA:417,6
DA:418,6
DA:419,6
DA:420,6
DA:421,6
DA:422,6
DA:423,6
DA:424,6
DA:425,6
DA:426,6
DA:427,6
DA:428,6
DA:429,6
DA:430,6
DA:431,6
DA:432,6
DA:433,6
DA:434,6
DA:435,6
DA:436,6
DA:437,6
DA:438,24
DA:439,24
DA:440,6
DA:441,6
DA:442,6
DA:443,6
DA:444,6
DA:445,6
DA:446,6
DA:447,6
DA:448,6
DA:449,6
DA:450,6
DA:451,6
DA:452,6
DA:453,6
DA:454,6
DA:455,6
DA:456,6
DA:457,6
DA:458,6
DA:459,6
DA:460,6
DA:461,6
DA:462,6
DA:463,6
DA:464,6
DA:465,6
DA:466,6
DA:467,6
DA:468,6
DA:469,6
DA:470,6
DA:471,6
DA:472,6
DA:473,6
DA:474,6
DA:475,6
DA:476,6
DA:477,6
DA:478,6
DA:479,6
DA:480,6
DA:481,6
DA:482,6
DA:483,6
DA:484,6
DA:485,6
DA:486,6
DA:487,6
DA:488,6
DA:489,6
DA:490,6
DA:491,6
DA:492,6
DA:493,6
DA:494,6
DA:495,6
DA:496,6
DA:497,6
DA:498,6
DA:499,6
DA:500,6
DA:501,6
DA:502,6
DA:503,6
DA:504,6
DA:505,6
DA:506,6
DA:507,6
DA:508,6
DA:509,6
DA:510,6
DA:511,6
DA:512,6
DA:513,6
DA:514,6
DA:515,18
DA:516,6
DA:517,6
DA:518,6
DA:519,6
DA:520,6
DA:521,6
DA:522,6
DA:523,6
DA:524,6
DA:525,6
DA:526,6
DA:527,6
DA:528,6
DA:529,6
DA:530,6
DA:531,6
DA:532,6
DA:533,6
DA:534,6
DA:535,6
DA:536,6
DA:537,6
DA:538,6
DA:539,6
DA:540,6
DA:541,6
DA:542,6
DA:543,6
DA:544,6
DA:545,6
DA:546,6
DA:547,6
DA:548,6
DA:549,6
DA:550,6
DA:551,6
DA:552,6
DA:553,6
DA:554,6
DA:555,6
DA:556,6
DA:557,6
DA:558,6
DA:559,6
DA:560,6
DA:561,6
DA:562,6
DA:563,6
DA:564,6
DA:565,6
DA:566,6
DA:567,6
DA:568,6
DA:569,6
DA:570,6
DA:571,6
DA:572,6
DA:573,6
DA:574,6
DA:575,6
DA:576,6
DA:577,6
DA:578,6
DA:579,6
DA:580,6
DA:581,6
DA:582,6
DA:583,6
DA:584,6
DA:585,6
DA:586,6
DA:587,6
DA:588,6
DA:589,6
DA:590,6
DA:591,6
DA:592,6
DA:593,6
DA:594,6
DA:595,6
DA:596,6
DA:597,6
DA:598,6
DA:599,6
DA:600,6
DA:601,6
DA:602,6
DA:603,6
DA:604,6
DA:605,6
DA:606,6
DA:607,6
DA:608,6
DA:609,6
DA:610,6
DA:611,6
DA:612,6
DA:613,6
DA:614,6
DA:615,6
DA:616,6
DA:617,6
DA:618,6
DA:619,6
DA:620,36
DA:621,36
DA:622,36
DA:623,30
DA:624,30
DA:625,30
DA:626,6
DA:627,6
DA:628,6
DA:629,6
DA:630,6
DA:631,6
DA:632,6
DA:633,6
DA:634,6
DA:635,54
DA:636,54
DA:637,54
DA:638,48
DA:639,48
DA:640,6
DA:641,6
DA:642,6
DA:643,6
DA:644,6
DA:645,6
DA:646,6
DA:647,6
DA:648,6
DA:649,6
DA:650,6
DA:651,6
DA:652,6
DA:653,6
DA:654,6
DA:655,6
DA:656,6
DA:657,6
DA:658,6
DA:659,6
DA:660,6
DA:661,6
DA:662,6
DA:663,48
DA:664,48
DA:665,48
DA:666,48
DA:667,6
DA:668,6
DA:669,6
DA:670,6
DA:671,6
DA:672,6
DA:673,6
DA:674,6
DA:675,6
DA:676,6
DA:677,48
DA:678,48
DA:679,48
DA:680,48
DA:681,6
DA:682,6
DA:683,6
DA:684,6
DA:685,6
DA:686,6
DA:687,6
DA:688,6
DA:689,6
DA:690,6
DA:691,60
DA:692,6
DA:693,6
DA:694,6
DA:695,6
DA:696,48
DA:697,48
DA:698,48
DA:699,48
DA:700,48
DA:701,48
DA:702,48
DA:703,48
DA:704,48
DA:705,48
DA:706,48
DA:707,6
DA:708,6
DA:709,6
DA:710,6
DA:711,6
DA:712,6
DA:713,6
DA:714,6
DA:715,6
DA:716,6
DA:717,6
DA:718,6
DA:719,6
DA:720,6
DA:721,6
DA:722,6
DA:723,6
DA:724,6
DA:725,6
DA:726,6
DA:727,6
DA:728,6
DA:729,6
DA:730,6
DA:731,6
DA:732,6
DA:733,6
DA:734,6
DA:735,6
DA:736,6
DA:737,6
DA:738,6
DA:739,6
DA:740,6
DA:741,6
DA:742,6
DA:743,6
DA:744,6
DA:745,6
DA:746,6
DA:747,6
DA:748,6
DA:749,6
DA:750,6
DA:751,6
DA:752,6
DA:753,6
DA:754,6
DA:755,6
DA:756,6
DA:757,6
DA:758,6
DA:759,6
DA:760,6
DA:761,6
DA:762,6
DA:763,6
DA:764,6
DA:765,6
DA:766,6
DA:767,6
DA:768,6
DA:769,6
DA:770,6
DA:771,6
DA:772,6
DA:773,6
DA:774,6
DA:775,6
DA:776,6
DA:777,6
DA:778,6
DA:779,6
DA:780,6
DA:781,6
DA:782,6
DA:783,6
DA:784,6
DA:785,6
DA:786,6
DA:787,6
DA:788,6
DA:789,6
DA:790,6
DA:791,6
DA:792,6
DA:793,6
DA:794,6
DA:795,6
DA:796,6
DA:797,6
DA:798,6
DA:799,6
DA:800,6
DA:801,6
DA:802,6
DA:803,6
DA:804,6
DA:805,6
DA:806,6
DA:807,6
DA:808,6
DA:809,6
DA:810,6
DA:811,6
DA:812,6
DA:813,6
DA:814,6
DA:815,6
DA:816,6
DA:817,6
DA:818,6
DA:819,6
DA:820,6
DA:821,6
DA:822,6
DA:823,6
DA:824,6
DA:825,6
DA:826,6
DA:827,6
DA:828,6
DA:829,6
DA:830,6
DA:831,6
DA:832,6
DA:833,6
DA:834,6
DA:835,6
DA:836,6
DA:837,6
DA:838,6
DA:839,6
DA:840,6
DA:841,6
DA:842,6
DA:843,6
DA:844,6
DA:845,6
DA:846,6
DA:847,6
DA:848,6
DA:849,6
DA:850,6
DA:851,6
DA:852,6
DA:853,6
DA:854,6
DA:855,6
DA:856,6
DA:857,6
DA:858,6
DA:859,6
DA:860,6
DA:861,6
DA:862,6
DA:863,6
DA:864,6
DA:865,6
DA:866,6
DA:867,6
DA:868,6
DA:869,6
DA:870,6
DA:871,6
DA:872,6
DA:873,12
DA:874,12
DA:875,12
DA:876,6
DA:877,6
DA:878,6
DA:879,6
DA:880,6
DA:881,6
DA:882,6
DA:883,6
DA:884,6
DA:885,6
DA:886,6
DA:887,6
DA:888,6
DA:889,6
DA:890,6
DA:891,6
DA:892,6
DA:893,6
DA:894,6
DA:895,6
DA:896,6
DA:897,6
DA:898,6
DA:899,6
DA:900,6
DA:901,6
DA:902,6
DA:903,6
DA:904,6
DA:905,6
DA:906,6
DA:907,6
DA:908,6
DA:909,6
DA:910,6
DA:911,6
DA:912,6
DA:913,6
DA:914,6
DA:915,6
DA:916,6
DA:917,6
DA:918,6
DA:919,6
DA:920,6
DA:921,6
DA:922,6
DA:923,6
DA:924,6
DA:925,6
DA:926,6
DA:927,6
DA:928,6
DA:929,6
DA:930,6
DA:931,6
DA:932,6
DA:933,6
DA:934,6
DA:935,6
DA:936,6
DA:937,6
DA:938,6
DA:939,6
DA:940,6
DA:941,6
DA:942,6
DA:943,6
DA:944,6
DA:945,6
DA:946,6
DA:947,6
DA:948,6
DA:949,6
DA:950,6
DA:951,6
DA:952,6
DA:953,6
DA:954,6
DA:955,6
DA:956,6
DA:957,6
DA:958,6
DA:959,6
DA:960,6
DA:961,6
DA:962,6
DA:963,6
DA:964,6
DA:965,6
DA:966,6
DA:967,6
DA:968,6
DA:969,6
DA:970,6
DA:971,6
DA:972,6
DA:973,6
DA:974,6
DA:975,6
DA:976,6
DA:977,6
DA:978,6
DA:979,6
DA:980,6
DA:981,6
DA:982,6
DA:983,6
DA:984,6
DA:985,6
DA:986,6
DA:987,6
DA:988,6
DA:989,6
DA:990,6
DA:991,6
DA:992,6
DA:993,6
DA:994,6
DA:995,6
DA:996,6
DA:997,6
DA:998,6
DA:999,6
DA:1000,6
DA:1001,6
DA:1002,6
DA:1003,6
DA:1004,6
DA:1005,6
DA:1006,6
DA:1007,6
DA:1008,6
DA:1009,6
DA:1010,6
DA:1011,6
DA:1012,6
DA:1013,6
DA:1014,6
DA:1015,6
DA:1016,6
DA:1017,6
DA:1018,6
DA:1019,6
DA:1020,6
DA:1021,6
DA:1022,6
DA:1023,6
DA:1024,6
DA:1025,6
DA:1026,6
DA:1027,6
DA:1028,6
DA:1029,6
DA:1030,6
DA:1031,6
DA:1032,6
DA:1033,6
DA:1034,6
DA:1035,6
DA:1036,6
DA:1037,6
DA:1038,6
DA:1039,6
DA:1040,6
DA:1041,6
DA:1042,6
DA:1043,6
DA:1044,6
DA:1045,12
DA:1046,12
DA:1047,12
DA:1048,12
DA:1049,12
DA:1050,12
DA:1051,12
DA:1052,12
DA:1053,12
DA:1054,6
DA:1055,6
DA:1056,6
DA:1057,6
DA:1058,6
DA:1059,6
DA:1060,6
DA:1061,6
DA:1062,6
DA:1063,6
DA:1064,6
DA:1065,6
DA:1066,6
DA:1067,6
DA:1068,6
DA:1069,6
DA:1070,6
DA:1071,6
DA:1072,6
DA:1073,6
DA:1074,6
DA:1075,6
DA:1076,6
DA:1077,6
DA:1078,6
DA:1079,6
DA:1080,6
DA:1081,6
DA:1082,6
DA:1083,6
DA:1084,6
DA:1085,6
DA:1086,6
DA:1087,6
DA:1088,6
DA:1089,6
DA:1090,6
DA:1091,6
DA:1092,6
DA:1093,6
DA:1094,6
DA:1095,6
DA:1096,6
DA:1097,6
DA:1098,6
DA:1099,6
DA:1100,6
DA:1101,6
DA:1102,6
DA:1103,6
DA:1104,6
DA:1105,6
DA:1106,6
DA:1107,6
DA:1108,6
DA:1109,6
DA:1110,6
DA:1111,6
DA:1112,6
DA:1113,6
DA:1114,6
DA:1115,6
DA:1116,6
DA:1117,6
DA:1118,6
DA:1119,6
DA:1120,6
DA:1121,6
DA:1122,6
DA:1123,6
DA:1124,6
DA:1125,6
DA:1126,24
DA:1127,24
DA:1128,24
DA:1129,24
DA:1130,24
DA:1131,24
DA:1132,24
DA:1133,24
DA:1134,6
DA:1135,6
DA:1136,6
DA:1137,6
DA:1138,6
DA:1139,6
DA:1140,6
DA:1141,6
DA:1142,6
DA:1143,6
DA:1144,6
DA:1145,6
DA:1146,6
DA:1147,6
DA:1148,6
DA:1149,6
DA:1150,6
DA:1151,6
DA:1152,6
DA:1153,6
DA:1154,6
DA:1155,6
DA:1156,6
DA:1157,6
DA:1158,6
DA:1159,6
DA:1160,6
DA:1161,6
DA:1162,6
DA:1163,6
DA:1164,6
DA:1165,6
DA:1166,6
DA:1167,6
DA:1168,6
DA:1169,6
DA:1170,6
DA:1171,6
DA:1172,6
DA:1173,6
DA:1174,6
DA:1175,6
DA:1176,6
DA:1177,6
DA:1178,6
DA:1179,6
DA:1180,6
DA:1181,6
DA:1182,6
DA:1183,6
DA:1184,6
DA:1185,6
DA:1186,6
DA:1187,6
DA:1188,6
DA:1189,6
DA:1190,6
DA:1191,6
DA:1192,6
DA:1193,6
DA:1194,6
DA:1195,6
DA:1196,6
DA:1197,6
DA:1198,6
DA:1199,6
DA:1200,6
DA:1201,6
DA:1202,6
DA:1203,6
DA:1204,6
DA:1205,6
DA:1206,6
DA:1207,6
DA:1208,6
DA:1209,6
DA:1210,6
DA:1211,6
DA:1212,6
DA:1213,6
DA:1214,6
DA:1215,6
DA:1216,6
DA:1217,6
DA:1218,6
DA:1219,6
DA:1220,6
DA:1221,6
DA:1222,6
DA:1223,6
DA:1224,6
DA:1225,6
DA:1226,6
DA:1227,6
DA:1228,6
DA:1229,6
DA:1230,6
DA:1231,6
DA:1232,6
DA:1233,6
DA:1234,6
DA:1235,6
DA:1236,6
DA:1237,6
DA:1238,6
DA:1239,6
DA:1240,6
DA:1241,6
DA:1242,6
DA:1243,6
DA:1244,6
DA:1245,6
DA:1246,6
DA:1247,6
DA:1248,6
DA:1249,6
DA:1250,6
DA:1251,6
DA:1252,6
DA:1253,6
DA:1254,6
DA:1255,6
DA:1256,6
DA:1257,6
DA:1258,6
DA:1259,6
DA:1260,6
DA:1261,6
DA:1262,6
DA:1263,6
DA:1264,6
DA:1265,6
DA:1266,6
DA:1267,6
DA:1268,6
DA:1269,6
DA:1270,6
DA:1271,6
DA:1272,6
DA:1273,6
DA:1274,6
DA:1275,6
DA:1276,6
DA:1277,6
DA:1278,6
DA:1279,6
DA:1280,6
DA:1281,6
DA:1282,6
DA:1283,6
DA:1284,6
DA:1285,6
DA:1286,6
DA:1287,6
DA:1288,6
DA:1289,6
DA:1290,6
DA:1291,6
DA:1292,6
DA:1293,6
DA:1294,6
DA:1295,6
DA:1296,6
DA:1297,6
DA:1298,6
DA:1299,6
DA:1300,6
DA:1301,6
DA:1302,6
DA:1303,6
DA:1304,6
DA:1305,6
DA:1306,6
DA:1307,6
DA:1308,6
DA:1309,6
DA:1310,6
DA:1311,6
DA:1312,6
DA:1313,6
DA:1314,6
DA:1315,6
DA:1316,6
DA:1317,6
DA:1318,6
DA:1319,6
DA:1320,6
DA:1321,6
DA:1322,6
DA:1323,6
DA:1324,6
DA:1325,6
DA:1326,6
DA:1327,6
DA:1328,6
DA:1329,6
DA:1330,6
DA:1331,6
DA:1332,6
DA:1333,6
DA:1334,48
DA:1335,48
DA:1336,48
DA:1337,48
DA:1338,48
DA:1339,6
DA:1340,6
DA:1341,6
DA:1342,6
DA:1343,6
DA:1344,6
DA:1345,6
DA:1346,6
DA:1347,6
DA:1348,6
DA:1349,6
DA:1350,6
DA:1351,36
DA:1352,6
DA:1353,6
DA:1354,6
DA:1355,6
DA:1356,6
DA:1357,6
DA:1358,6
DA:1359,6
DA:1360,6
DA:1361,6
DA:1362,6
DA:1363,6
DA:1364,6
DA:1365,6
DA:1366,6
DA:1367,6
DA:1368,6
DA:1369,6
DA:1370,6
DA:1371,6
DA:1372,6
DA:1373,6
DA:1374,6
DA:1375,6
DA:1376,6
DA:1377,6
DA:1378,6
DA:1379,6
DA:1380,6
DA:1381,6
DA:1382,6
DA:1383,6
DA:1384,6
DA:1385,6
DA:1386,6
DA:1387,6
DA:1388,6
DA:1389,6
DA:1390,6
DA:1391,6
DA:1392,6
DA:1393,6
DA:1394,6
DA:1395,6
DA:1396,6
DA:1397,6
DA:1398,6
DA:1399,6
DA:1400,6
DA:1401,6
DA:1402,6
DA:1403,6
DA:1404,6
DA:1405,6
DA:1406,6
DA:1407,6
DA:1408,6
DA:1409,6
DA:1410,6
DA:1411,6
DA:1412,6
DA:1413,6
DA:1414,6
DA:1415,6
DA:1416,6
DA:1417,6
DA:1418,6
DA:1419,6
DA:1420,36
DA:1421,6
DA:1422,6
DA:1423,12
DA:1424,12
DA:1425,12
DA:1426,6
DA:1427,6
DA:1428,6
DA:1429,6
DA:1430,6
DA:1431,6
DA:1432,6
DA:1433,6
DA:1434,6
DA:1435,6
DA:1436,6
DA:1437,6
DA:1438,6
DA:1439,6
DA:1440,6
DA:1441,6
DA:1442,6
DA:1443,6
DA:1444,6
DA:1445,6
DA:1446,6
DA:1447,6
DA:1448,6
DA:1449,6
DA:1450,6
DA:1451,6
DA:1452,6
DA:1453,6
DA:1454,6
DA:1455,6
DA:1456,6
DA:1457,6
DA:1458,6
DA:1459,6
DA:1460,6
DA:1461,6
DA:1462,6
DA:1463,6
DA:1464,6
DA:1465,6
DA:1466,6
DA:1467,6
DA:1468,6
DA:1469,6
DA:1470,6
DA:1471,6
DA:1472,6
DA:1473,6
DA:1474,6
DA:1475,48
DA:1476,48
DA:1477,6
DA:1478,6
DA:1479,6
DA:1480,6
DA:1481,6
DA:1482,6
DA:1483,6
DA:1484,6
DA:1485,6
DA:1486,6
DA:1487,6
DA:1488,6
DA:1489,6
DA:1490,6
DA:1491,6
DA:1492,6
DA:1493,6
DA:1494,6
DA:1495,6
DA:1496,6
DA:1497,6
DA:1498,6
DA:1499,6
DA:1500,6
DA:1501,6
DA:1502,6
DA:1503,6
DA:1504,6
DA:1505,6
DA:1506,6
DA:1507,6
DA:1508,6
DA:1509,6
DA:1510,6
DA:1511,6
DA:1512,6
DA:1513,6
DA:1514,6
DA:1515,6
DA:1516,6
DA:1517,6
DA:1518,6
DA:1519,6
DA:1520,6
DA:1521,6
DA:1522,6
DA:1523,6
DA:1524,6
DA:1525,6
DA:1526,6
DA:1527,6
DA:1528,6
DA:1529,6
DA:1530,6
DA:1531,6
DA:1532,6
DA:1533,6
DA:1534,6
DA:1535,6
DA:1536,6
DA:1537,6
DA:1538,6
DA:1539,6
DA:1540,6
DA:1541,6
DA:1542,6
DA:1543,6
DA:1544,6
DA:1545,6
DA:1546,6
DA:1547,6
DA:1548,6
DA:1549,6
DA:1550,6
DA:1551,6
DA:1552,12
DA:1553,6
DA:1554,6
DA:1555,12
DA:1556,12
DA:1557,12
DA:1558,6
DA:1559,6
DA:1560,6
DA:1561,6
DA:1562,6
DA:1563,6
DA:1564,6
DA:1565,6
DA:1566,6
DA:1567,6
DA:1568,6
DA:1569,6
DA:1570,6
DA:1571,6
DA:1572,6
DA:1573,6
DA:1574,6
DA:1575,6
DA:1576,6
DA:1577,6
DA:1578,6
DA:1579,6
DA:1580,6
DA:1581,6
DA:1582,6
DA:1583,6
DA:1584,6
DA:1585,6
DA:1586,6
DA:1587,6
DA:1588,6
DA:1589,6
DA:1590,6
DA:1591,6
DA:1592,6
DA:1593,6
DA:1594,6
DA:1595,6
DA:1596,6
DA:1597,6
DA:1598,6
DA:1599,6
DA:1600,6
DA:1601,6
DA:1602,6
DA:1603,6
DA:1604,6
DA:1605,6
DA:1606,6
DA:1607,6
DA:1608,6
DA:1609,6
DA:1610,6
DA:1611,6
DA:1612,6
DA:1613,6
DA:1614,6
DA:1615,6
DA:1616,6
DA:1617,6
DA:1618,6
DA:1619,6
DA:1620,6
DA:1621,6
DA:1622,6
DA:1623,6
DA:1624,6
DA:1625,6
DA:1626,6
DA:1627,6
DA:1628,6
DA:1629,6
DA:1630,6
DA:1631,6
DA:1632,6
DA:1633,6
DA:1634,6
DA:1635,6
DA:1636,6
DA:1637,6
DA:1638,6
DA:1639,6
DA:1640,6
DA:1641,6
DA:1642,6
DA:1643,6
DA:1644,6
DA:1645,6
DA:1646,6
DA:1647,6
DA:1648,6
DA:1649,6
DA:1650,6
DA:1651,6
DA:1652,6
DA:1653,6
DA:1654,6
DA:1655,6
DA:1656,6
DA:1657,6
DA:1658,6
DA:1659,6
DA:1660,6
DA:1661,6
DA:1662,6
DA:1663,6
DA:1664,6
DA:1665,6
DA:1666,6
DA:1667,6
DA:1668,6
DA:1669,6
DA:1670,6
DA:1671,6
DA:1672,6
DA:1673,6
DA:1674,6
DA:1675,6
DA:1676,6
DA:1677,6
DA:1678,6
DA:1679,6
DA:1680,6
DA:1681,6
DA:1682,6
DA:1683,6
DA:1684,6
DA:1685,6
DA:1686,6
DA:1687,6
DA:1688,6
DA:1689,6
DA:1690,6
DA:1691,6
DA:1692,6
DA:1693,6
DA:1694,6
DA:1695,6
DA:1696,6
DA:1697,6
DA:1698,6
DA:1699,6
DA:1700,6
DA:1701,6
DA:1702,6
DA:1703,6
DA:1704,6
DA:1705,6
DA:1706,6
DA:1707,6
DA:1708,6
DA:1709,6
DA:1710,6
DA:1711,6
DA:1712,6
DA:1713,6
DA:1714,6
DA:1715,6
DA:1716,6
DA:1717,6
DA:1718,6
DA:1719,6
DA:1720,6
DA:1721,6
DA:1722,6
DA:1723,6
DA:1724,6
DA:1725,6
DA:1726,6
DA:1727,6
DA:1728,6
DA:1729,6
DA:1730,6
DA:1731,6
DA:1732,6
DA:1733,6
DA:1734,6
DA:1735,6
DA:1736,6
DA:1737,6
DA:1738,6
DA:1739,6
DA:1740,6
DA:1741,6
DA:1742,6
DA:1743,6
DA:1744,6
DA:1745,6
DA:1746,6
DA:1747,6
DA:1748,6
DA:1749,6
DA:1750,6
DA:1751,6
DA:1752,6
DA:1753,6
DA:1754,6
DA:1755,6
DA:1756,6
DA:1757,6
DA:1758,6
DA:1759,6
DA:1760,6
DA:1761,6
DA:1762,6
DA:1763,6
DA:1764,6
DA:1765,6
DA:1766,6
DA:1767,6
DA:1768,6
DA:1769,6
DA:1770,6
DA:1771,6
DA:1772,6
DA:1773,6
DA:1774,6
DA:1775,6
DA:1776,6
DA:1777,6
DA:1778,6
DA:1779,6
DA:1780,6
DA:1781,6
DA:1782,6
DA:1783,6
DA:1784,6
DA:1785,6
DA:1786,6
DA:1787,6
DA:1788,6
DA:1789,6
DA:1790,6
DA:1791,6
DA:1792,6
DA:1793,6
DA:1794,6
DA:1795,6
DA:1796,6
DA:1797,6
DA:1798,6
DA:1799,6
DA:1800,6
DA:1801,6
DA:1802,6
DA:1803,6
DA:1804,6
DA:1805,6
DA:1806,6
DA:1807,6
DA:1808,6
DA:1809,6
DA:1810,6
DA:1811,6
DA:1812,6
DA:1813,6
DA:1814,6
DA:1815,6
DA:1816,6
DA:1817,6
DA:1818,6
DA:1819,6
DA:1820,6
DA:1821,6
DA:1822,6
DA:1823,6
DA:1824,6
DA:1825,6
DA:1826,6
DA:1827,6
DA:1828,6
DA:1829,6
DA:1830,6
DA:1831,6
DA:1832,6
DA:1833,6
DA:1834,6
DA:1835,6
DA:1836,6
DA:1837,6
DA:1838,6
DA:1839,6
DA:1840,6
DA:1841,6
DA:1842,6
DA:1843,6
DA:1844,6
DA:1845,6
DA:1846,6
DA:1847,6
DA:1848,6
DA:1849,6
DA:1850,6
DA:1851,6
DA:1852,6
DA:1853,6
DA:1854,6
DA:1855,6
DA:1856,6
DA:1857,6
DA:1858,6
DA:1859,6
DA:1860,6
DA:1861,6
DA:1862,6
DA:1863,6
DA:1864,6
DA:1865,6
DA:1866,6
DA:1867,6
DA:1868,6
DA:1869,6
DA:1870,6
DA:1871,6
DA:1872,6
DA:1873,6
DA:1874,6
DA:1875,6
DA:1876,6
DA:1877,6
DA:1878,6
DA:1879,6
DA:1880,6
DA:1881,6
DA:1882,6
DA:1883,6
DA:1884,6
DA:1885,6
DA:1886,6
DA:1887,6
DA:1888,6
DA:1889,6
DA:1890,6
DA:1891,6
DA:1892,6
DA:1893,6
DA:1894,6
DA:1895,6
DA:1896,6
DA:1897,96
DA:1898,96
DA:1899,96
DA:1900,96
DA:1901,6
DA:1902,6
DA:1903,6
DA:1904,6
DA:1905,6
DA:1906,6
DA:1907,6
DA:1908,6
DA:1909,6
DA:1910,6
DA:1911,96
DA:1912,96
DA:1913,96
DA:1914,96
DA:1915,6
DA:1916,6
DA:1917,6
DA:1918,6
DA:1919,6
DA:1920,6
DA:1921,6
DA:1922,6
DA:1923,6
DA:1924,6
DA:1925,120
DA:1926,6
DA:1927,6
DA:1928,6
DA:1929,6
DA:1930,48
DA:1931,48
DA:1932,48
DA:1933,48
DA:1934,48
DA:1935,48
DA:1936,48
DA:1937,48
DA:1938,48
DA:1939,48
DA:1940,48
DA:1941,6
DA:1942,6
DA:1943,6
DA:1944,6
DA:1945,6
DA:1946,6
DA:1947,6
DA:1948,6
DA:1949,6
DA:1950,6
DA:1951,6
DA:1952,6
DA:1953,6
DA:1954,6
DA:1955,6
DA:1956,6
DA:1957,6
DA:1958,6
DA:1959,6
DA:1960,6
DA:1961,6
DA:1962,6
DA:1963,6
DA:1964,6
DA:1965,6
DA:1966,6
DA:1967,6
DA:1968,6
DA:1969,6
DA:1970,6
DA:1971,6
DA:1972,6
DA:1973,6
DA:1974,6
DA:1975,6
DA:1976,6
DA:1977,6
DA:1978,6
DA:1979,6
DA:1980,6
DA:1981,6
DA:1982,6
DA:1983,6
DA:1984,6
DA:1985,6
DA:1986,6
DA:1987,6
DA:1988,6
DA:1989,6
DA:1990,6
DA:1991,6
DA:1992,6
DA:1993,6
DA:1994,6
DA:1995,6
DA:1996,6
DA:1997,6
DA:1998,6
DA:1999,6
DA:2000,6
DA:2001,6
DA:2002,6
DA:2003,6
DA:2004,6
DA:2005,6
DA:2006,6
DA:2007,6
DA:2008,6
DA:2009,6
DA:2010,6
DA:2011,6
DA:2012,6
DA:2013,6
DA:2014,6
DA:2015,6
DA:2016,6
DA:2017,6
DA:2018,6
DA:2019,6
DA:2020,6
DA:2021,6
DA:2022,6
DA:2023,6
DA:2024,6
DA:2025,6
DA:2026,6
DA:2027,6
DA:2028,6
DA:2029,6
DA:2030,6
DA:2031,6
DA:2032,6
DA:2033,6
DA:2034,6
DA:2035,6
DA:2036,6
DA:2037,6
DA:2038,6
DA:2039,6
DA:2040,6
DA:2041,6
DA:2042,6
DA:2043,6
DA:2044,6
DA:2045,6
DA:2046,6
DA:2047,6
DA:2048,6
DA:2049,6
DA:2050,6
DA:2051,6
DA:2052,6
DA:2053,6
DA:2054,6
DA:2055,6
DA:2056,6
DA:2057,6
DA:2058,6
DA:2059,6
DA:2060,6
DA:2061,6
DA:2062,6
DA:2063,6
DA:2064,6
DA:2065,6
DA:2066,6
DA:2067,6
DA:2068,6
DA:2069,6
DA:2070,6
DA:2071,6
DA:2072,6
DA:2073,6
DA:2074,6
DA:2075,6
DA:2076,6
DA:2077,6
DA:2078,6
DA:2079,6
DA:2080,6
DA:2081,6
DA:2082,6
DA:2083,6
DA:2084,6
DA:2085,6
DA:2086,6
DA:2087,6
DA:2088,6
DA:2089,6
DA:2090,6
DA:2091,6
DA:2092,6
DA:2093,6
DA:2094,6
DA:2095,6
DA:2096,6
DA:2097,6
DA:2098,6
DA:2099,6
DA:2100,6
DA:2101,6
DA:2102,6
DA:2103,6
DA:2104,6
DA:2105,6
DA:2106,6
DA:2107,24
DA:2108,24
DA:2109,24
DA:2110,6
DA:2111,6
DA:2112,6
DA:2113,6
DA:2114,6
DA:2115,6
DA:2116,6
DA:2117,6
DA:2118,6
DA:2119,6
DA:2120,6
DA:2121,6
DA:2122,6
DA:2123,6
DA:2124,6
DA:2125,6
DA:2126,6
DA:2127,6
DA:2128,6
DA:2129,6
DA:2130,6
DA:2131,6
DA:2132,6
DA:2133,6
DA:2134,6
DA:2135,6
DA:2136,6
DA:2137,6
DA:2138,6
DA:2139,6
DA:2140,6
DA:2141,6
DA:2142,6
DA:2143,6
DA:2144,6
DA:2145,6
DA:2146,6
DA:2147,6
DA:2148,6
DA:2149,6
DA:2150,6
DA:2151,6
DA:2152,6
DA:2153,6
DA:2154,6
DA:2155,6
DA:2156,6
DA:2157,6
DA:2158,6
DA:2159,6
DA:2160,6
DA:2161,6
DA:2162,6
DA:2163,6
DA:2164,6
DA:2165,6
DA:2166,6
DA:2167,6
DA:2168,6
DA:2169,6
DA:2170,6
DA:2171,6
DA:2172,6
DA:2173,6
DA:2174,6
DA:2175,6
DA:2176,6
DA:2177,6
DA:2178,6
DA:2179,6
DA:2180,6
DA:2181,6
DA:2182,6
DA:2183,6
DA:2184,6
DA:2185,6
DA:2186,6
DA:2187,6
DA:2188,6
DA:2189,6
DA:2190,6
DA:2191,6
DA:2192,6
DA:2193,6
DA:2194,6
DA:2195,6
DA:2196,6
DA:2197,6
DA:2198,6
DA:2199,6
DA:2200,6
DA:2201,6
DA:2202,6
DA:2203,6
DA:2204,6
DA:2205,6
DA:2206,6
DA:2207,6
DA:2208,6
DA:2209,6
DA:2210,6
DA:2211,6
DA:2212,6
DA:2213,6
DA:2214,6
DA:2215,6
DA:2216,6
DA:2217,6
DA:2218,6
DA:2219,6
DA:2220,6
DA:2221,6
DA:2222,6
DA:2223,6
DA:2224,6
DA:2225,6
DA:2226,6
DA:2227,6
DA:2228,6
DA:2229,6
DA:2230,6
DA:2231,6
DA:2232,6
DA:2233,6
DA:2234,6
DA:2235,6
DA:2236,6
DA:2237,6
DA:2238,6
DA:2239,6
DA:2240,6
DA:2241,6
DA:2242,6
DA:2243,6
DA:2244,6
DA:2245,6
DA:2246,6
DA:2247,6
DA:2248,6
DA:2249,6
DA:2250,6
DA:2251,6
DA:2252,6
DA:2253,6
DA:2254,6
DA:2255,6
DA:2256,6
DA:2257,6
DA:2258,6
DA:2259,6
DA:2260,6
DA:2261,6
DA:2262,6
DA:2263,6
DA:2264,6
DA:2265,6
DA:2266,6
DA:2267,6
DA:2268,6
DA:2269,6
DA:2270,6
DA:2271,6
DA:2272,6
DA:2273,6
DA:2274,6
DA:2275,6
DA:2276,6
DA:2277,6
DA:2278,6
DA:2279,6
DA:2280,6
DA:2281,6
DA:2282,6
DA:2283,6
DA:2284,6
DA:2285,6
DA:2286,6
DA:2287,48
DA:2288,48
DA:2289,48
DA:2290,48
DA:2291,48
DA:2292,48
DA:2293,48
DA:2294,48
DA:2295,48
DA:2296,48
DA:2297,48
DA:2298,6
DA:2299,6
DA:2300,6
DA:2301,6
DA:2302,6
DA:2303,6
DA:2304,6
DA:2305,6
DA:2306,6
DA:2307,6
DA:2308,6
DA:2309,6
DA:2310,6
DA:2311,6
DA:2312,6
DA:2313,6
DA:2314,6
DA:2315,6
DA:2316,6
DA:2317,6
DA:2318,6
DA:2319,6
DA:2320,6
DA:2321,6
DA:2322,6
DA:2323,6
DA:2324,6
DA:2325,6
DA:2326,6
DA:2327,6
DA:2328,6
DA:2329,6
DA:2330,6
DA:2331,6
DA:2332,6
DA:2333,6
DA:2334,6
DA:2335,6
DA:2336,6
DA:2337,6
DA:2338,6
DA:2339,6
DA:2340,6
DA:2341,6
DA:2342,6
DA:2343,6
DA:2344,6
DA:2345,6
DA:2346,6
DA:2347,6
DA:2348,6
DA:2349,6
DA:2350,6
DA:2351,6
DA:2352,6
DA:2353,6
DA:2354,6
DA:2355,6
DA:2356,6
DA:2357,6
DA:2358,6
DA:2359,6
DA:2360,6
DA:2361,6
DA:2362,6
DA:2363,6
DA:2364,6
DA:2365,6
DA:2366,6
DA:2367,6
DA:2368,6
DA:2369,6
DA:2370,6
DA:2371,6
DA:2372,6
DA:2373,6
DA:2374,6
DA:2375,6
DA:2376,6
DA:2377,6
DA:2378,6
DA:2379,6
DA:2380,6
DA:2381,6
DA:2382,6
DA:2383,6
DA:2384,6
DA:2385,6
DA:2386,6
DA:2387,6
DA:2388,6
DA:2389,6
DA:2390,6
DA:2391,6
DA:2392,6
DA:2393,6
DA:2394,6
DA:2395,6
DA:2396,6
DA:2397,6
DA:2398,6
DA:2399,6
DA:2400,6
DA:2401,6
DA:2402,6
DA:2403,6
DA:2404,6
DA:2405,6
DA:2406,6
DA:2407,6
DA:2408,6
DA:2409,6
DA:2410,6
DA:2411,6
DA:2412,6
DA:2413,6
DA:2414,6
DA:2415,6
DA:2416,6
DA:2417,6
DA:2418,6
DA:2419,6
DA:2420,6
DA:2421,6
DA:2422,6
DA:2423,6
DA:2424,6
DA:2425,6
DA:2426,6
DA:2427,6
DA:2428,6
DA:2429,6
DA:2430,6
DA:2431,6
DA:2432,6
DA:2433,6
DA:2434,6
DA:2435,6
DA:2436,6
DA:2437,6
DA:2438,6
DA:2439,6
DA:2440,6
DA:2441,6
DA:2442,6
DA:2443,6
DA:2444,6
DA:2445,6
DA:2446,6
DA:2447,6
DA:2448,6
DA:2449,6
DA:2450,6
DA:2451,6
DA:2452,6
DA:2453,6
DA:2454,6
DA:2455,6
DA:2456,6
DA:2457,6
DA:2458,6
DA:2459,6
DA:2460,6
DA:2461,6
DA:2462,6
DA:2463,6
DA:2464,6
DA:2465,6
DA:2466,6
DA:2467,6
DA:2468,6
DA:2469,6
DA:2470,6
DA:2471,6
DA:2472,6
DA:2473,6
DA:2474,6
DA:2475,6
DA:2476,6
DA:2477,6
DA:2478,6
DA:2479,6
DA:2480,6
DA:2481,6
DA:2482,6
DA:2483,6
DA:2484,6
DA:2485,6
DA:2486,6
DA:2487,6
DA:2488,6
DA:2489,6
DA:2490,6
DA:2491,6
DA:2492,6
DA:2493,6
DA:2494,6
DA:2495,6
DA:2496,6
DA:2497,6
DA:2498,6
DA:2499,6
DA:2500,6
DA:2501,6
DA:2502,6
DA:2503,6
DA:2504,6
DA:2505,6
DA:2506,6
DA:2507,6
DA:2508,6
DA:2509,6
DA:2510,6
DA:2511,6
DA:2512,6
DA:2513,6
DA:2514,6
DA:2515,6
DA:2516,6
DA:2517,6
DA:2518,6
DA:2519,6
DA:2520,6
DA:2521,6
DA:2522,6
DA:2523,6
DA:2524,6
DA:2525,6
DA:2526,6
DA:2527,6
DA:2528,6
DA:2529,6
DA:2530,6
DA:2531,6
DA:2532,6
DA:2533,6
DA:2534,6
DA:2535,6
DA:2536,6
DA:2537,6
DA:2538,6
DA:2539,6
DA:2540,6
DA:2541,6
DA:2542,6
DA:2543,6
DA:2544,6
DA:2545,6
DA:2546,6
DA:2547,6
DA:2548,6
DA:2549,6
DA:2550,6
DA:2551,6
DA:2552,6
DA:2553,6
DA:2554,6
DA:2555,6
DA:2556,6
DA:2557,6
DA:2558,6
DA:2559,6
DA:2560,6
DA:2561,6
DA:2562,6
DA:2563,6
DA:2564,6
DA:2565,6
DA:2566,6
DA:2567,6
DA:2568,6
DA:2569,6
DA:2570,6
DA:2571,6
DA:2572,6
DA:2573,6
DA:2574,6
DA:2575,6
DA:2576,6
DA:2577,6
DA:2578,6
DA:2579,6
DA:2580,6
DA:2581,6
DA:2582,6
DA:2583,6
DA:2584,6
DA:2585,6
DA:2586,6
DA:2587,6
DA:2588,6
DA:2589,6
DA:2590,6
DA:2591,6
DA:2592,6
DA:2593,6
DA:2594,6
DA:2595,6
DA:2596,6
DA:2597,6
DA:2598,6
DA:2599,6
DA:2600,6
DA:2601,6
DA:2602,6
DA:2603,6
DA:2604,6
DA:2605,6
DA:2606,6
DA:2607,6
DA:2608,6
DA:2609,6
DA:2610,6
DA:2611,6
DA:2612,6
DA:2613,6
DA:2614,6
DA:2615,6
DA:2616,6
DA:2617,24
DA:2618,24
DA:2619,24
DA:2620,24
DA:2621,60
DA:2622,60
DA:2623,60
DA:2624,60
DA:2625,60
DA:2626,60
DA:2627,60
DA:2628,60
DA:2629,6
DA:2630,6
DA:2631,6
DA:2632,6
DA:2633,6
DA:2634,6
DA:2635,6
DA:2636,6
DA:2637,6
DA:2638,6
DA:2639,6
DA:2640,6
DA:2641,6
DA:2642,6
DA:2643,6
DA:2644,1
DA:2645,1
LF:2645
LH:2645
BRDA:13,0,0,1
BRDA:24,1,0,40
BRDA:37,2,0,40
BRDA:42,3,0,40
BRDA:43,4,0,40
BRDA:54,5,0,40
BRDA:59,6,0,40
BRDA:61,7,0,40
BRDA:75,8,0,40
BRDA:80,9,0,40
BRDA:82,10,0,40
BRDA:84,11,0,40
BRDA:96,12,0,40
BRDA:102,13,0,80
BRDA:104,14,0,40
BRDA:104,15,0,40
BRDA:109,16,0,40
BRDA:114,17,0,6
BRDA:115,18,0,6
BRDA:143,19,0,6
BRDA:161,20,0,6
BRDA:188,21,0,6
BRDA:196,22,0,6
BRDA:206,23,0,12
BRDA:252,24,0,6
BRDA:286,25,0,6
BRDA:300,26,0,36
BRDA:317,27,0,18
BRDA:382,28,0,18
BRDA:385,29,0,6
BRDA:437,30,0,24
BRDA:514,31,0,18
BRDA:517,32,0,6
BRDA:608,33,0,6
BRDA:617,34,0,72
BRDA:619,35,0,6
BRDA:619,36,0,36
BRDA:622,37,0,6
BRDA:623,38,0,30
BRDA:634,39,0,54
BRDA:637,40,0,6
BRDA:638,41,0,48
BRDA:644,42,0,18
BRDA:648,43,0,6
BRDA:662,44,0,48
BRDA:676,45,0,48
BRDA:690,46,0,60
BRDA:695,47,0,48
BRDA:699,48,0,48
BRDA:872,49,0,12
BRDA:1007,50,0,6
BRDA:1044,51,0,12
BRDA:1069,52,0,6
BRDA:1107,53,0,12
BRDA:1115,54,0,12
BRDA:1125,55,0,24
BRDA:1171,56,0,6
BRDA:1272,57,0,6
BRDA:1306,58,0,6
BRDA:1333,59,0,48
BRDA:1350,60,0,36
BRDA:1419,61,0,36
BRDA:1422,62,0,12
BRDA:1474,63,0,48
BRDA:1551,64,0,12
BRDA:1554,65,0,12
BRDA:1869,66,0,6
BRDA:1896,67,0,96
BRDA:1910,68,0,96
BRDA:1924,69,0,120
BRDA:1929,70,0,48
BRDA:1933,71,0,48
BRDA:2106,72,0,24
BRDA:2286,73,0,48
BRDA:2290,74,0,48
BRDA:2589,75,0,6
BRDA:2616,76,0,24
BRDA:2620,77,0,60
BRDA:2625,78,0,18
BRDA:2626,79,0,42
BRDA:2627,80,0,0
BRDA:2631,81,0,6
BRF:82
BRH:81
end_of_record
