TN:
SF:src\composeMedama.ts
FN:73,Object.<anonymous>.exports.composeMedama
FN:91,initReset
FN:123,readState
FN:156,calculateResultFromLayers
FN:203,subscribeToState
FN:219,evaluateAndSubscribe
FN:247,unsubscribe
FN:252,resubscribe
FN:265,setState
FN:292,resetState
FN:302,addLayers
FN:312,deleteLayers
FN:358,createLayerProcessorWithSubscriptionMeans
FN:376,processLayer
FN:409,getSubscriptionMeans
FN:456,createSelectorRecord
FN:476,registerTrigger
FN:479,determineSubscriptionPoolExecution
FN:487,unsubscribePoolFromLayers
FN:510,runSelectorWithMemoization
FN:529,selectorTrigger
FN:546,addSubscription
FN:554,getValue
FN:575,isComposite
FNF:24
FNH:24
FNDA:2427,Object.<anonymous>.exports.composeMedama
FNDA:3667,initReset
FNDA:7926,readState
FNDA:9088,calculateResultFromLayers
FNDA:954,subscribeToState
FNDA:1094,evaluateAndSubscribe
FNDA:564,unsubscribe
FNDA:288,resubscribe
FNDA:4612,setState
FNDA:204,resetState
FNDA:150,addLayers
FNDA:96,deleteLayers
FNDA:7254,createLayerProcessorWithSubscriptionMeans
FNDA:16282,processLayer
FNDA:4962,getSubscriptionMeans
FNDA:2578,createSelectorRecord
FNDA:4048,registerTrigger
FNDA:3286,determineSubscriptionPoolExecution
FNDA:1428,unsubscribePoolFromLayers
FNDA:5758,runSelectorWithMemoization
FNDA:2842,selectorTrigger
FNDA:946,addSubscription
FNDA:4344,getValue
FNDA:120,isComposite
DA:1,2
DA:2,2
DA:3,2
DA:4,2
DA:5,2
DA:6,2
DA:7,2
DA:8,2
DA:9,2
DA:10,2
DA:11,2
DA:12,2
DA:13,2
DA:14,2
DA:15,2
DA:16,2
DA:17,2
DA:18,2
DA:19,2
DA:20,2
DA:21,2
DA:22,2
DA:23,2
DA:24,2
DA:25,2
DA:26,2
DA:27,2
DA:28,2
DA:29,2
DA:30,2
DA:31,2
DA:32,2
DA:33,2
DA:34,2
DA:35,2
DA:36,2
DA:37,2
DA:38,2
DA:39,2
DA:40,2
DA:41,2
DA:42,2
DA:43,2
DA:44,2
DA:45,2
DA:46,2
DA:47,2
DA:48,2
DA:49,2
DA:50,2
DA:51,2
DA:52,2
DA:53,2
DA:54,2
DA:55,2
DA:56,2
DA:57,2
DA:58,2
DA:59,2
DA:60,2
DA:61,2
DA:62,2
DA:63,2
DA:64,2
DA:65,2
DA:66,2
DA:67,2
DA:68,2
DA:69,2
DA:70,2
DA:71,2
DA:72,2
DA:73,2
DA:74,2427
DA:75,2427
DA:76,2427
DA:77,2427
DA:78,2427
DA:79,2427
DA:80,2427
DA:81,2427
DA:82,2427
DA:83,2427
DA:84,2427
DA:85,2427
DA:86,2427
DA:87,2427
DA:88,2427
DA:89,2427
DA:90,2427
DA:91,2427
DA:92,3667
DA:93,3667
DA:94,3667
DA:95,3667
DA:96,2427
DA:97,2427
DA:98,2427
DA:99,2427
DA:100,2427
DA:101,2427
DA:102,2427
DA:103,2427
DA:104,2427
DA:105,2427
DA:106,2427
DA:107,2427
DA:108,2427
DA:109,2427
DA:110,2427
DA:111,570
DA:112,1501
DA:113,2427
DA:114,2427
DA:115,2427
DA:116,2427
DA:117,2427
DA:118,2427
DA:119,2427
DA:120,2427
DA:121,2427
DA:122,2427
DA:123,2427
DA:124,7926
DA:125,7926
DA:126,672
DA:127,672
DA:128,672
DA:129,672
DA:130,7254
DA:131,7254
DA:132,7254
DA:133,7254
DA:134,7254
DA:135,7254
DA:136,7254
DA:137,7254
DA:138,7254
DA:139,7254
DA:140,7254
DA:141,7254
DA:142,7254
DA:143,7254
DA:144,7254
DA:145,7254
DA:146,7254
DA:147,7254
DA:148,7254
DA:149,7254
DA:150,7254
DA:151,7254
DA:152,7254
DA:153,7254
DA:154,7254
DA:155,7254
DA:156,7254
DA:157,9088
DA:158,9088
DA:159,9088
DA:160,9088
DA:161,9088
DA:162,9088
DA:163,2260
DA:164,2260
DA:165,2260
DA:166,2260
DA:167,2260
DA:168,9088
DA:169,7254
DA:170,7254
DA:171,7254
DA:172,7254
DA:173,7254
DA:174,7254
DA:175,7254
DA:176,7926
DA:177,2578
DA:178,2578
DA:179,2578
DA:180,2578
DA:181,2578
DA:182,2578
DA:183,2578
DA:184,2578
DA:185,2578
DA:186,2578
DA:187,2578
DA:188,2578
DA:189,2578
DA:190,2578
DA:191,2578
DA:192,2578
DA:193,2578
DA:194,4676
DA:195,4676
DA:196,7926
DA:197,592
DA:198,592
DA:199,592
DA:200,592
DA:201,2427
DA:202,2427
DA:203,2427
DA:204,954
DA:205,954
DA:206,954
DA:207,954
DA:208,954
DA:209,954
DA:210,954
DA:211,954
DA:212,954
DA:213,954
DA:214,954
DA:215,954
DA:216,954
DA:217,954
DA:218,954
DA:219,954
DA:220,1094
DA:221,1094
DA:222,1094
DA:223,1094
DA:224,1094
DA:225,1094
DA:226,1094
DA:227,1094
DA:228,1094
DA:229,1094
DA:230,1094
DA:231,1094
DA:232,1094
DA:233,1094
DA:234,1094
DA:235,1094
DA:236,1094
DA:237,1094
DA:238,1094
DA:239,1094
DA:240,1094
DA:241,1094
DA:242,1094
DA:243,954
DA:244,954
DA:245,954
DA:246,954
DA:247,954
DA:248,564
DA:249,564
DA:250,954
DA:251,954
DA:252,954
DA:253,288
DA:254,288
DA:255,954
DA:256,954
DA:257,954
DA:258,954
DA:259,296
DA:260,296
DA:261,296
DA:262,296
DA:263,2427
DA:264,2427
DA:265,2427
DA:266,4612
DA:267,4612
DA:268,4612
DA:269,4612
DA:270,4612
DA:271,4612
DA:272,4612
DA:273,4612
DA:274,4612
DA:275,4612
DA:276,5570
DA:277,5570
DA:278,5570
DA:279,5570
DA:280,4612
DA:281,4612
DA:282,4612
DA:283,4612
DA:284,4612
DA:285,4612
DA:286,148
DA:287,148
DA:288,148
DA:289,148
DA:290,2427
DA:291,2427
DA:292,2427
DA:293,204
DA:294,204
DA:295,204
DA:296,394
DA:297,204
DA:298,204
DA:299,204
DA:300,2427
DA:301,2427
DA:302,2427
DA:303,150
DA:304,150
DA:305,150
DA:306,150
DA:307,150
DA:308,150
DA:309,150
DA:310,2427
DA:311,2427
DA:312,2427
DA:313,96
DA:314,96
DA:315,96
DA:316,112
DA:317,112
DA:318,96
DA:319,96
DA:320,96
DA:321,2427
DA:322,2427
DA:323,2427
DA:324,2427
DA:325,2427
DA:326,2427
DA:327,2427
DA:328,2427
DA:329,2427
DA:330,2427
DA:331,2427
DA:332,2427
DA:333,2427
DA:334,2427
DA:335,2427
DA:336,2427
DA:337,2427
DA:338,2
DA:339,2
DA:340,2
DA:341,2
DA:342,2
DA:343,2
DA:344,2
DA:345,2
DA:346,2
DA:347,2
DA:348,2
DA:349,2
DA:350,2
DA:351,2
DA:352,2
DA:353,2
DA:354,2
DA:355,2
DA:356,2
DA:357,2
DA:358,2
DA:359,7254
DA:360,7254
DA:361,7254
DA:362,7254
DA:363,7254
DA:364,7254
DA:365,7254
DA:366,7254
DA:367,7254
DA:368,7254
DA:369,7254
DA:370,7254
DA:371,7254
DA:372,7254
DA:373,7254
DA:374,7254
DA:375,7254
DA:376,7254
DA:377,16282
DA:378,16282
DA:379,16282
DA:380,16282
DA:381,16282
DA:382,16282
DA:383,16282
DA:384,16282
DA:385,16282
DA:386,16282
DA:387,16282
DA:388,16282
DA:389,16282
DA:390,16282
DA:391,16282
DA:392,9144
DA:393,2260
DA:394,3112
DA:395,2260
DA:396,2260
DA:397,2260
DA:398,2260
DA:399,9144
DA:400,6884
DA:401,6884
DA:402,6884
DA:403,6884
DA:404,9144
DA:405,16282
DA:406,16282
DA:407,7254
DA:408,7254
DA:409,7254
DA:410,7254
DA:411,7254
DA:412,7254
DA:413,2
DA:414,2
DA:415,2
DA:416,2
DA:417,2
DA:418,2
DA:419,2
DA:420,2
DA:421,2
DA:422,2
DA:423,2
DA:424,2
DA:425,2
DA:426,2
DA:427,2
DA:428,2
DA:429,2
DA:430,2
DA:431,2
DA:432,2
DA:433,2
DA:434,2
DA:435,2
DA:436,2
DA:437,2
DA:438,2
DA:439,2
DA:440,2
DA:441,2
DA:442,2
DA:443,2
DA:444,2
DA:445,2
DA:446,2
DA:447,2
DA:448,2
DA:449,2
DA:450,2
DA:451,2
DA:452,2
DA:453,2
DA:454,2
DA:455,2
DA:456,2
DA:457,2578
DA:458,2578
DA:459,2578
DA:460,2578
DA:461,2578
DA:462,2578
DA:463,2578
DA:464,2578
DA:465,2578
DA:466,2578
DA:467,2578
DA:468,2578
DA:469,2578
DA:470,2578
DA:471,2578
DA:472,2578
DA:473,2578
DA:474,2578
DA:475,2578
DA:476,2578
DA:477,4048
DA:478,2702
DA:479,2702
DA:480,3286
DA:481,2702
DA:482,2702
DA:483,2702
DA:484,7968
DA:485,2702
DA:486,2702
DA:487,2702
DA:488,1428
DA:489,4500
DA:490,1428
DA:491,2702
DA:492,2702
DA:493,2702
DA:494,2578
DA:495,2578
DA:496,2578
DA:497,2578
DA:498,2578
DA:499,2578
DA:500,2578
DA:501,2578
DA:502,2578
DA:503,2578
DA:504,2578
DA:505,2578
DA:506,2578
DA:507,2578
DA:508,2578
DA:509,2578
DA:510,2578
DA:511,5758
DA:512,4412
DA:513,4412
DA:514,4412
DA:515,4412
DA:516,4412
DA:517,4412
DA:518,2578
DA:519,2578
DA:520,2578
DA:521,2578
DA:522,2578
DA:523,2578
DA:524,2578
DA:525,2578
DA:526,2578
DA:527,2578
DA:528,2578
DA:529,2578
DA:530,2842
DA:531,2842
DA:532,2842
DA:533,1428
DA:534,1428
DA:535,1428
DA:536,1428
DA:537,1428
DA:538,1414
DA:539,1414
DA:540,1414
DA:541,1414
DA:542,1426
DA:543,1414
DA:544,2578
DA:545,2578
DA:546,2578
DA:547,946
DA:548,946
DA:549,946
DA:550,408
DA:551,946
DA:552,2578
DA:553,2578
DA:554,2578
DA:555,4344
DA:556,4344
DA:557,4344
DA:558,4344
DA:559,2578
DA:560,2578
DA:561,2578
DA:562,2578
DA:563,2
DA:564,2
DA:565,2
DA:566,2
DA:567,2
DA:568,2
DA:569,2
DA:570,2
DA:571,2
DA:572,2
DA:573,2
DA:574,2
DA:575,2
DA:576,120
DA:577,120
DA:578,2
LF:578
LH:578
BRDA:73,0,0,2427
BRDA:110,1,0,570
BRDA:91,2,0,3667
BRDA:102,3,0,3941
BRDA:111,4,0,1501
BRDA:112,5,0,1209
BRDA:123,6,0,7926
BRDA:125,7,0,672
BRDA:130,8,0,7254
BRDA:176,9,0,2578
BRDA:194,10,0,4676
BRDA:196,11,0,592
BRDA:156,12,0,9088
BRDA:161,13,0,4676
BRDA:162,14,0,2260
BRDA:168,15,0,6828
BRDA:162,16,0,2260
BRDA:203,17,0,954
BRDA:258,18,0,296
BRDA:219,19,0,1094
BRDA:236,20,0,364
BRDA:237,21,0,582
BRDA:247,22,0,564
BRDA:248,23,0,408
BRDA:252,24,0,288
BRDA:265,25,0,4612
BRDA:273,26,0,636
BRDA:273,27,0,3976
BRDA:283,28,0,2433
BRDA:285,29,0,148
BRDA:275,30,0,5570
BRDA:276,31,0,0
BRDA:279,32,0,0
BRDA:292,33,0,204
BRDA:295,34,0,394
BRDA:296,35,0,120
BRDA:296,36,0,274
BRDA:302,37,0,150
BRDA:312,38,0,96
BRDA:315,39,0,16
BRDA:315,40,0,80
BRDA:315,41,0,112
BRDA:358,42,0,7254
BRDA:376,43,0,16282
BRDA:391,44,0,9144
BRDA:392,45,0,2260
BRDA:393,46,0,0
BRDA:399,47,0,6884
BRDA:393,48,0,3112
BRDA:401,49,0,7968
BRDA:409,50,0,4962
BRDA:456,51,0,2578
BRDA:476,52,0,4048
BRDA:477,53,0,1346
BRDA:478,54,0,2702
BRDA:479,55,0,3286
BRDA:483,56,0,7968
BRDA:484,57,0,7968
BRDA:487,58,0,1428
BRDA:488,59,0,4500
BRDA:510,60,0,5758
BRDA:511,61,0,4412
BRDA:512,62,0,4412
BRDA:529,63,0,2842
BRDA:532,64,0,1428
BRDA:538,65,0,1414
BRDA:541,66,0,1426
BRDA:546,67,0,946
BRDA:549,68,0,408
BRDA:554,69,0,4344
BRDA:575,70,0,120
BRF:71
BRH:68
end_of_record
TN:
SF:src\const.ts
FNF:0
FNH:0
DA:1,2
DA:2,2
DA:3,2
LF:3
LH:3
BRF:0
BRH:0
end_of_record
TN:
SF:src\forEachOnOwnNumerableProps.ts
FN:13,forEachOnOwnNumerableProps
FNF:1
FNH:1
FNDA:7039,forEachOnOwnNumerableProps
DA:1,2
DA:2,2
DA:3,2
DA:4,2
DA:5,2
DA:6,2
DA:7,2
DA:8,2
DA:9,2
DA:10,2
DA:11,2
DA:12,2
DA:13,2
DA:14,7039
DA:15,7039
DA:16,7039
DA:17,7039
DA:18,9511
DA:19,9511
DA:20,9511
DA:21,9511
DA:22,2
LF:22
LH:22
BRDA:13,0,0,7039
BRDA:17,1,0,9511
BRF:2
BRH:2
end_of_record
TN:
SF:src\index.ts
FNF:0
FNH:0
DA:1,2
DA:2,2
LF:2
LH:2
BRF:0
BRH:0
end_of_record
TN:
SF:src\jobQueue.ts
FN:33,createJobQueue
FN:36,processQueue
FN:47,addToQueue
FN:51,resetQueue
FNF:4
FNH:4
FNDA:2427,createJobQueue
FNDA:1814,processQueue
FNDA:3278,addToQueue
FNDA:3667,resetQueue
DA:1,2
DA:2,2
DA:3,2
DA:4,2
DA:5,2
DA:6,2
DA:7,2
DA:8,2
DA:9,2
DA:10,2
DA:11,2
DA:12,2
DA:13,2
DA:14,2
DA:15,2
DA:16,2
DA:17,2
DA:18,2
DA:19,2
DA:20,2
DA:21,2
DA:22,2
DA:23,2
DA:24,2
DA:25,2
DA:26,2
DA:27,2
DA:28,2
DA:29,2
DA:30,2
DA:31,2
DA:32,2
DA:33,2
DA:34,2427
DA:35,2427
DA:36,2427
DA:37,1814
DA:38,2834
DA:39,2834
DA:40,2834
DA:41,2834
DA:42,2834
DA:43,2834
DA:44,2834
DA:45,2427
DA:46,2427
DA:47,2427
DA:48,3278
DA:49,2427
DA:50,2427
DA:51,2427
DA:52,3667
DA:53,2427
DA:54,2427
DA:55,2427
DA:56,2427
LF:56
LH:56
BRDA:33,0,0,2427
BRDA:36,1,0,1814
BRDA:37,2,0,2834
BRDA:47,3,0,3278
BRDA:51,4,0,3667
BRF:5
BRH:5
end_of_record
TN:
SF:src\modeManager.ts
FN:61,createReadWorkModeManager
FN:65,getReadWorkState
FN:67,runWithReadModeOn
FN:74,setSubscriptionMeansRequested
FN:78,getRequestSubscriptionMeansState
FN:80,resetReadWorkMode
FN:171,createUpdateWorkModeManager
FN:174,getUpdateWorkState
FN:176,startUpdating
FN:186,signalToResolveSelector
FN:188,signalDeferredJobsToResolve
FN:193,subscribeForResolvingWhenSignalled
FN:204,createConditionalDeferrer
FN:211,deferOrRun
FN:230,reset
FN:236,resetUpdateWorkMode
FNF:16
FNH:16
FNDA:3,createReadWorkModeManager
FNDA:7254,getReadWorkState
FNDA:4412,runWithReadModeOn
FNDA:2578,setSubscriptionMeansRequested
FNDA:20958,getRequestSubscriptionMeansState
FNDA:3667,resetReadWorkMode
FNDA:3,createUpdateWorkModeManager
FNDA:4612,getUpdateWorkState
FNDA:5706,startUpdating
FNDA:2788,signalToResolveSelector
FNDA:3379,signalDeferredJobsToResolve
FNDA:1814,subscribeForResolvingWhenSignalled
FNDA:2427,createConditionalDeferrer
FNDA:3286,deferOrRun
FNDA:3667,reset
FNDA:3667,resetUpdateWorkMode
DA:1,2
DA:2,2
DA:3,2
DA:4,2
DA:5,2
DA:6,2
DA:7,2
DA:8,2
DA:9,2
DA:10,2
DA:11,2
DA:12,2
DA:13,2
DA:14,2
DA:15,2
DA:16,2
DA:17,2
DA:18,2
DA:19,2
DA:20,2
DA:21,2
DA:22,2
DA:23,2
DA:24,2
DA:25,2
DA:26,2
DA:27,2
DA:28,2
DA:29,2
DA:30,2
DA:31,2
DA:32,2
DA:33,2
DA:34,2
DA:35,2
DA:36,2
DA:37,2
DA:38,2
DA:39,2
DA:40,2
DA:41,2
DA:42,2
DA:43,2
DA:44,2
DA:45,2
DA:46,2
DA:47,2
DA:48,2
DA:49,2
DA:50,2
DA:51,2
DA:52,2
DA:53,2
DA:54,2
DA:55,2
DA:56,2
DA:57,2
DA:58,2
DA:59,2
DA:60,2
DA:61,2
DA:62,3
DA:63,3
DA:64,3
DA:65,3
DA:66,3
DA:67,3
DA:68,4412
DA:69,4412
DA:70,4412
DA:71,4412
DA:72,3
DA:73,3
DA:74,3
DA:75,2578
DA:76,3
DA:77,3
DA:78,3
DA:79,3
DA:80,3
DA:81,3667
DA:82,3667
DA:83,3
DA:84,3
DA:85,3
DA:86,3
DA:87,3
DA:88,3
DA:89,3
DA:90,3
DA:91,3
DA:92,3
DA:93,2
DA:94,2
DA:95,2
DA:96,2
DA:97,2
DA:98,2
DA:99,2
DA:100,2
DA:101,2
DA:102,2
DA:103,2
DA:104,2
DA:105,2
DA:106,2
DA:107,2
DA:108,2
DA:109,2
DA:110,2
DA:111,2
DA:112,2
DA:113,2
DA:114,2
DA:115,2
DA:116,2
DA:117,2
DA:118,2
DA:119,2
DA:120,2
DA:121,2
DA:122,2
DA:123,2
DA:124,2
DA:125,2
DA:126,2
DA:127,2
DA:128,2
DA:129,2
DA:130,2
DA:131,2
DA:132,2
DA:133,2
DA:134,2
DA:135,2
DA:136,2
DA:137,2
DA:138,2
DA:139,2
DA:140,2
DA:141,2
DA:142,2
DA:143,2
DA:144,2
DA:145,2
DA:146,2
DA:147,2
DA:148,2
DA:149,2
DA:150,2
DA:151,2
DA:152,2
DA:153,2
DA:154,2
DA:155,2
DA:156,2
DA:157,2
DA:158,2
DA:159,2
DA:160,2
DA:161,2
DA:162,2
DA:163,2
DA:164,2
DA:165,2
DA:166,2
DA:167,2
DA:168,2
DA:169,2
DA:170,2
DA:171,2
DA:172,3
DA:173,3
DA:174,3
DA:175,3
DA:176,3
DA:177,5706
DA:178,3
DA:179,3
DA:180,3
DA:181,3
DA:182,3
DA:183,3
DA:184,3
DA:185,3
DA:186,3
DA:187,3
DA:188,3
DA:189,3379
DA:190,3379
DA:191,3
DA:192,3
DA:193,3
DA:194,1814
DA:195,1814
DA:196,1814
DA:197,1814
DA:198,1814
DA:199,1814
DA:200,1814
DA:201,1814
DA:202,3
DA:203,3
DA:204,3
DA:205,2427
DA:206,2427
DA:207,2427
DA:208,2427
DA:209,2427
DA:210,2427
DA:211,2427
DA:212,3286
DA:213,8
DA:214,8
DA:215,8
DA:216,8
DA:217,3278
DA:218,3278
DA:219,3278
DA:220,3278
DA:221,1814
DA:222,1814
DA:223,1814
DA:224,1814
DA:225,1814
DA:226,1814
DA:227,1814
DA:228,2427
DA:229,2427
DA:230,2427
DA:231,3667
DA:232,2427
DA:233,2427
DA:234,3
DA:235,3
DA:236,3
DA:237,3667
DA:238,3667
DA:239,3
DA:240,3
DA:241,3
DA:242,3
DA:243,3
DA:244,3
DA:245,3
DA:246,3
DA:247,3
DA:248,3
LF:248
LH:248
BRDA:61,0,0,3
BRDA:65,1,0,7254
BRDA:67,2,0,4412
BRDA:74,3,0,2578
BRDA:78,4,0,20958
BRDA:80,5,0,3667
BRDA:171,6,0,3
BRDA:174,7,0,4612
BRDA:176,8,0,5706
BRDA:186,9,0,2788
BRDA:188,10,0,3379
BRDA:193,11,0,1814
BRDA:197,12,0,1814
BRDA:197,13,0,1814
BRDA:204,14,0,2427
BRDA:211,15,0,3286
BRDA:212,16,0,8
BRDA:217,17,0,3278
BRDA:220,18,0,1464
BRDA:221,19,0,1814
BRDA:222,20,0,1814
BRDA:230,21,0,3667
BRDA:236,22,0,3667
BRF:23
BRH:23
end_of_record
TN:
SF:src\traverseThroughPupils.ts
FN:21,traverseThroughPupils
FN:38,stepLogic
FN:46,createStep
FN:47,stepEmitted
FNF:4
FNH:4
FNDA:9091,traverseThroughPupils
FNDA:16289,stepLogic
FNDA:16289,createStep
FNDA:19582,stepEmitted
DA:1,2
DA:2,2
DA:3,2
DA:4,2
DA:5,2
DA:6,2
DA:7,2
DA:8,2
DA:9,2
DA:10,2
DA:11,2
DA:12,2
DA:13,2
DA:14,2
DA:15,2
DA:16,2
DA:17,2
DA:18,2
DA:19,2
DA:20,2
DA:21,2
DA:22,9091
DA:23,9091
DA:24,9091
DA:25,9091
DA:26,9091
DA:27,9091
DA:28,9091
DA:29,9091
DA:30,9091
DA:31,9091
DA:32,9091
DA:33,9091
DA:34,9091
DA:35,9091
DA:36,9091
DA:37,9091
DA:38,9091
DA:39,16289
DA:40,16289
DA:41,16289
DA:42,16289
DA:43,16289
DA:44,9091
DA:45,9091
DA:46,9091
DA:47,16289
DA:48,19582
DA:49,16289
DA:50,16289
DA:51,16289
DA:52,19582
DA:53,9091
DA:54,9091
DA:55,9091
DA:56,9091
DA:57,16289
DA:58,16289
DA:59,16289
DA:60,9091
DA:61,9091
DA:62,9091
DA:63,9091
LF:63
LH:63
BRDA:21,0,0,9091
BRDA:38,1,0,16289
BRDA:46,2,0,16289
BRDA:47,3,0,19582
BRDA:48,4,0,3293
BRDA:49,5,0,16289
BRDA:52,6,0,7198
BRDA:53,7,0,9091
BRDA:48,8,0,19575
BRF:9
BRH:9
end_of_record
TN:
SF:src\__tests__\composeMedamaSpecific.testcases.ts
FN:11,compositeMedamaSpecificTest
FN:17,describe.each.args.readState.readState
FN:30,describe.each.args.subscribeToState.subscribeToState
FN:47,describe.each.args.subscribeToState.subscribeToState
FN:68,describe.each.args.subscribeToState.subscribeToState
FN:95,setState.a.a.a
FNF:6
FNH:6
FNDA:2,compositeMedamaSpecificTest
FNDA:12,describe.each.args.readState.readState
FNDA:12,describe.each.args.subscribeToState.subscribeToState
FNDA:12,describe.each.args.subscribeToState.subscribeToState
FNDA:12,describe.each.args.subscribeToState.subscribeToState
FNDA:24,setState.a.a.a
DA:1,1
DA:2,1
DA:3,1
DA:4,1
DA:5,1
DA:6,1
DA:7,1
DA:8,1
DA:9,1
DA:10,1
DA:11,1
DA:12,2
DA:13,2
DA:14,2
DA:15,2
DA:16,2
DA:17,2
DA:18,12
DA:19,12
DA:20,12
DA:21,12
DA:22,12
DA:23,12
DA:24,12
DA:25,2
DA:26,2
DA:27,2
DA:28,2
DA:29,2
DA:30,2
DA:31,12
DA:32,12
DA:33,12
DA:34,12
DA:35,12
DA:36,12
DA:37,12
DA:38,12
DA:39,12
DA:40,12
DA:41,12
DA:42,2
DA:43,2
DA:44,2
DA:45,2
DA:46,2
DA:47,2
DA:48,12
DA:49,12
DA:50,12
DA:51,12
DA:52,12
DA:53,12
DA:54,12
DA:55,12
DA:56,12
DA:57,12
DA:58,12
DA:59,12
DA:60,12
DA:61,12
DA:62,12
DA:63,2
DA:64,2
DA:65,2
DA:66,2
DA:67,2
DA:68,2
DA:69,12
DA:70,12
DA:71,12
DA:72,12
DA:73,12
DA:74,12
DA:75,12
DA:76,12
DA:77,12
DA:78,12
DA:79,12
DA:80,12
DA:81,12
DA:82,12
DA:83,12
DA:84,2
DA:85,2
DA:86,2
DA:87,2
DA:88,2
DA:89,2
DA:90,12
DA:91,12
DA:92,12
DA:93,12
DA:94,12
DA:95,12
DA:96,12
DA:97,12
DA:98,12
DA:99,12
DA:100,12
DA:101,12
DA:102,12
DA:103,12
DA:104,12
DA:105,2
DA:106,2
DA:107,2
DA:108,12
DA:109,12
DA:110,12
DA:111,12
DA:112,12
DA:113,12
DA:114,12
DA:115,12
DA:116,12
DA:117,12
DA:118,12
DA:119,48
DA:120,48
DA:121,12
DA:122,12
DA:123,12
DA:124,12
DA:125,12
DA:126,12
DA:127,12
DA:128,12
DA:129,12
DA:130,12
DA:131,12
DA:132,12
DA:133,12
DA:134,12
DA:135,12
DA:136,12
DA:137,12
DA:138,12
DA:139,12
DA:140,12
DA:141,12
DA:142,12
DA:143,12
DA:144,12
DA:145,12
DA:146,12
DA:147,12
DA:148,12
DA:149,12
DA:150,12
DA:151,12
DA:152,12
DA:153,12
DA:154,12
DA:155,12
DA:156,12
DA:157,12
DA:158,12
DA:159,12
DA:160,12
DA:161,12
DA:162,12
DA:163,12
DA:164,12
DA:165,12
DA:166,12
DA:167,12
DA:168,12
DA:169,36
DA:170,36
DA:171,36
DA:172,36
DA:173,12
DA:174,12
DA:175,12
DA:176,12
DA:177,12
DA:178,12
DA:179,12
DA:180,12
DA:181,12
DA:182,12
DA:183,12
DA:184,12
DA:185,12
DA:186,12
DA:187,12
DA:188,12
DA:189,12
DA:190,12
DA:191,12
DA:192,12
DA:193,12
DA:194,12
DA:195,12
DA:196,12
DA:197,12
DA:198,12
DA:199,12
DA:200,12
DA:201,12
DA:202,12
DA:203,12
DA:204,12
DA:205,12
DA:206,12
DA:207,12
DA:208,12
DA:209,12
DA:210,12
DA:211,12
DA:212,12
DA:213,12
DA:214,12
DA:215,12
DA:216,12
DA:217,12
DA:218,12
DA:219,12
DA:220,12
DA:221,12
DA:222,12
DA:223,12
DA:224,12
DA:225,12
DA:226,12
DA:227,12
DA:228,12
DA:229,12
DA:230,12
DA:231,12
DA:232,12
DA:233,12
DA:234,12
DA:235,24
DA:236,24
DA:237,12
DA:238,12
DA:239,12
DA:240,12
DA:241,12
DA:242,12
DA:243,12
DA:244,12
DA:245,12
DA:246,12
DA:247,12
DA:248,12
DA:249,12
DA:250,12
DA:251,12
DA:252,12
DA:253,12
DA:254,12
DA:255,12
DA:256,12
DA:257,12
DA:258,12
DA:259,12
DA:260,12
DA:261,12
DA:262,12
DA:263,12
DA:264,24
DA:265,24
DA:266,24
DA:267,24
DA:268,12
DA:269,12
DA:270,12
DA:271,12
DA:272,12
DA:273,12
DA:274,12
DA:275,12
DA:276,12
DA:277,12
DA:278,12
DA:279,12
DA:280,12
DA:281,12
DA:282,12
DA:283,12
DA:284,12
DA:285,12
DA:286,12
DA:287,12
DA:288,12
DA:289,12
DA:290,12
DA:291,12
DA:292,12
DA:293,12
DA:294,12
DA:295,12
DA:296,12
DA:297,12
DA:298,12
DA:299,12
DA:300,12
DA:301,12
DA:302,12
DA:303,12
DA:304,12
DA:305,12
DA:306,12
DA:307,12
DA:308,48
DA:309,48
DA:310,12
DA:311,12
DA:312,12
DA:313,12
DA:314,12
DA:315,48
DA:316,12
DA:317,12
DA:318,12
DA:319,12
DA:320,12
DA:321,12
DA:322,12
DA:323,12
DA:324,12
DA:325,12
DA:326,12
DA:327,12
DA:328,12
DA:329,12
DA:330,12
DA:331,12
DA:332,12
DA:333,12
DA:334,12
DA:335,12
DA:336,12
DA:337,12
DA:338,12
DA:339,12
DA:340,12
DA:341,12
DA:342,12
DA:343,12
DA:344,12
DA:345,12
DA:346,12
DA:347,12
DA:348,84
DA:349,84
DA:350,12
DA:351,12
DA:352,12
DA:353,12
DA:354,12
DA:355,12
DA:356,12
DA:357,12
DA:358,12
DA:359,12
DA:360,12
DA:361,12
DA:362,12
DA:363,12
DA:364,12
DA:365,12
DA:366,12
DA:367,12
DA:368,12
DA:369,12
DA:370,12
DA:371,12
DA:372,12
DA:373,12
DA:374,12
DA:375,48
DA:376,48
DA:377,48
DA:378,48
DA:379,12
DA:380,12
DA:381,12
DA:382,12
DA:383,12
DA:384,12
DA:385,12
DA:386,12
DA:387,12
DA:388,12
DA:389,12
DA:390,12
DA:391,12
DA:392,12
DA:393,12
DA:394,12
DA:395,12
DA:396,12
DA:397,12
DA:398,12
DA:399,12
DA:400,12
DA:401,12
DA:402,12
DA:403,12
DA:404,12
DA:405,12
DA:406,12
DA:407,12
DA:408,12
DA:409,12
DA:410,12
DA:411,12
DA:412,12
DA:413,12
DA:414,12
DA:415,12
DA:416,12
DA:417,12
DA:418,12
DA:419,12
DA:420,12
DA:421,12
DA:422,12
DA:423,12
DA:424,12
DA:425,12
DA:426,12
DA:427,12
DA:428,12
DA:429,12
DA:430,12
DA:431,12
DA:432,12
DA:433,12
DA:434,12
DA:435,12
DA:436,12
DA:437,12
DA:438,12
DA:439,12
DA:440,12
DA:441,12
DA:442,12
DA:443,12
DA:444,12
DA:445,12
DA:446,60
DA:447,60
DA:448,60
DA:449,60
DA:450,60
DA:451,60
DA:452,60
DA:453,60
DA:454,60
DA:455,12
DA:456,12
DA:457,12
DA:458,12
DA:459,12
DA:460,12
DA:461,12
DA:462,12
DA:463,12
DA:464,12
DA:465,12
DA:466,12
DA:467,12
DA:468,12
DA:469,12
DA:470,12
DA:471,12
DA:472,12
DA:473,12
DA:474,12
DA:475,12
DA:476,12
DA:477,12
DA:478,12
DA:479,12
DA:480,12
DA:481,12
DA:482,12
DA:483,12
DA:484,12
DA:485,12
DA:486,12
DA:487,12
DA:488,12
DA:489,12
DA:490,12
DA:491,48
DA:492,48
DA:493,48
DA:494,12
DA:495,12
DA:496,12
DA:497,12
DA:498,12
DA:499,12
DA:500,12
DA:501,12
DA:502,12
DA:503,12
DA:504,12
DA:505,12
DA:506,12
DA:507,12
DA:508,12
DA:509,12
DA:510,12
DA:511,12
DA:512,12
DA:513,12
DA:514,12
DA:515,12
DA:516,12
DA:517,12
DA:518,12
DA:519,12
DA:520,12
DA:521,12
DA:522,12
DA:523,12
DA:524,12
DA:525,12
DA:526,12
DA:527,12
DA:528,12
DA:529,12
DA:530,12
DA:531,12
DA:532,12
DA:533,12
DA:534,12
DA:535,12
DA:536,12
DA:537,12
DA:538,12
DA:539,12
DA:540,12
DA:541,12
DA:542,12
DA:543,12
DA:544,12
DA:545,12
DA:546,12
DA:547,12
DA:548,12
DA:549,12
DA:550,12
DA:551,12
DA:552,12
DA:553,12
DA:554,12
DA:555,12
DA:556,12
DA:557,12
DA:558,12
DA:559,12
DA:560,12
DA:561,12
DA:562,12
DA:563,12
DA:564,12
DA:565,12
DA:566,12
DA:567,12
DA:568,12
DA:569,12
DA:570,12
DA:571,12
DA:572,12
DA:573,12
DA:574,12
DA:575,12
DA:576,12
DA:577,12
DA:578,12
DA:579,12
DA:580,12
DA:581,12
DA:582,12
DA:583,12
DA:584,12
DA:585,12
DA:586,12
DA:587,12
DA:588,12
DA:589,12
DA:590,12
DA:591,12
DA:592,12
DA:593,60
DA:594,60
DA:595,60
DA:596,60
DA:597,60
DA:598,60
DA:599,60
DA:600,60
DA:601,60
DA:602,12
DA:603,12
DA:604,12
DA:605,12
DA:606,12
DA:607,12
DA:608,12
DA:609,12
DA:610,12
DA:611,12
DA:612,12
DA:613,12
DA:614,12
DA:615,12
DA:616,12
DA:617,12
DA:618,12
DA:619,12
DA:620,12
DA:621,12
DA:622,12
DA:623,12
DA:624,12
DA:625,12
DA:626,12
DA:627,12
DA:628,12
DA:629,12
DA:630,12
DA:631,12
DA:632,12
DA:633,12
DA:634,12
DA:635,12
DA:636,12
DA:637,36
DA:638,36
DA:639,12
DA:640,12
DA:641,12
DA:642,12
DA:643,12
DA:644,12
DA:645,12
DA:646,12
DA:647,12
DA:648,12
DA:649,12
DA:650,12
DA:651,12
DA:652,12
DA:653,12
DA:654,12
DA:655,12
DA:656,12
DA:657,12
DA:658,12
DA:659,12
DA:660,12
DA:661,12
DA:662,12
DA:663,12
DA:664,12
DA:665,12
DA:666,12
DA:667,12
DA:668,12
DA:669,12
DA:670,12
DA:671,12
DA:672,12
DA:673,12
DA:674,12
DA:675,12
DA:676,12
DA:677,12
DA:678,12
DA:679,12
DA:680,12
DA:681,12
DA:682,12
DA:683,12
DA:684,12
DA:685,12
DA:686,12
DA:687,12
DA:688,12
DA:689,12
DA:690,12
DA:691,12
DA:692,12
DA:693,12
DA:694,12
DA:695,12
DA:696,12
DA:697,12
DA:698,12
DA:699,12
DA:700,12
DA:701,12
DA:702,12
DA:703,12
DA:704,12
DA:705,12
DA:706,12
DA:707,12
DA:708,12
DA:709,12
DA:710,12
DA:711,12
DA:712,48
DA:713,48
DA:714,48
DA:715,12
DA:716,12
DA:717,12
DA:718,12
DA:719,12
DA:720,12
DA:721,12
DA:722,48
DA:723,48
DA:724,12
DA:725,12
DA:726,12
DA:727,12
DA:728,12
DA:729,12
DA:730,12
DA:731,12
DA:732,12
DA:733,12
DA:734,12
DA:735,12
DA:736,12
DA:737,12
DA:738,12
DA:739,12
DA:740,12
DA:741,12
DA:742,12
DA:743,12
DA:744,12
DA:745,12
DA:746,12
DA:747,24
DA:748,24
DA:749,12
DA:750,12
DA:751,12
DA:752,12
DA:753,12
DA:754,24
DA:755,12
DA:756,12
DA:757,12
DA:758,12
DA:759,12
DA:760,12
DA:761,12
DA:762,12
DA:763,12
DA:764,12
DA:765,12
DA:766,12
DA:767,12
DA:768,12
DA:769,12
DA:770,12
DA:771,12
DA:772,12
DA:773,12
DA:774,12
DA:775,12
DA:776,12
DA:777,12
DA:778,12
DA:779,12
DA:780,12
DA:781,12
DA:782,12
DA:783,12
DA:784,12
DA:785,12
DA:786,12
DA:787,12
DA:788,12
DA:789,12
DA:790,12
DA:791,2
DA:792,2
DA:793,2
DA:794,2
DA:795,2
DA:796,2
DA:797,2
DA:798,2
DA:799,2
DA:800,2
DA:801,2
DA:802,2
DA:803,2
DA:804,2
DA:805,4
DA:806,2
DA:807,2
DA:808,2
DA:809,2
DA:810,2
DA:811,2
DA:812,2
DA:813,2
DA:814,2
DA:815,2
DA:816,2
DA:817,2
DA:818,2
DA:819,2
DA:820,2
DA:821,2
DA:822,2
DA:823,6
DA:824,2
DA:825,2
DA:826,2
DA:827,2
DA:828,2
DA:829,2
DA:830,2
DA:831,2
DA:832,2
DA:833,2
DA:834,2
DA:835,2
DA:836,2
DA:837,2
DA:838,2
DA:839,10
DA:840,10
DA:841,10
DA:842,2
DA:843,2
DA:844,2
DA:845,2
DA:846,2
DA:847,2
DA:848,2
DA:849,10
DA:850,10
DA:851,2
DA:852,2
DA:853,2
DA:854,2
DA:855,2
DA:856,2
DA:857,2
DA:858,2
DA:859,2
DA:860,2
DA:861,2
DA:862,2
DA:863,2
DA:864,2
DA:865,6
DA:866,6
DA:867,2
DA:868,2
DA:869,2
DA:870,2
DA:871,2
DA:872,6
DA:873,2
DA:874,2
DA:875,2
DA:876,2
DA:877,2
DA:878,2
DA:879,2
DA:880,2
DA:881,2
DA:882,2
DA:883,2
DA:884,2
DA:885,2
DA:886,2
DA:887,8
DA:888,8
DA:889,8
DA:890,2
DA:891,2
DA:892,2
DA:893,2
DA:894,2
DA:895,2
DA:896,2
DA:897,8
DA:898,8
DA:899,2
DA:900,2
DA:901,2
DA:902,2
DA:903,2
DA:904,2
DA:905,2
DA:906,2
DA:907,2
DA:908,2
DA:909,2
DA:910,2
DA:911,2
DA:912,2
DA:913,2
DA:914,2
DA:915,2
DA:916,2
DA:917,2
DA:918,2
DA:919,2
DA:920,2
DA:921,2
DA:922,2
DA:923,2
DA:924,2
DA:925,2
DA:926,2
DA:927,2
DA:928,2
DA:929,2
DA:930,2
DA:931,2
DA:932,2
DA:933,2
DA:934,2
DA:935,2
DA:936,2
DA:937,2
DA:938,2
DA:939,2
DA:940,2
DA:941,2
DA:942,2
DA:943,2
DA:944,2
DA:945,2
DA:946,2
DA:947,2
DA:948,2
DA:949,2
DA:950,2
DA:951,2
DA:952,2
DA:953,2
DA:954,2
DA:955,2
DA:956,2
DA:957,2
DA:958,2
DA:959,2
DA:960,2
DA:961,2
DA:962,2
DA:963,2
DA:964,2
DA:965,2
DA:966,2
DA:967,2
DA:968,2
DA:969,2
DA:970,2
DA:971,2
DA:972,2
DA:973,2
DA:974,2
DA:975,2
DA:976,2
DA:977,2
DA:978,2
DA:979,2
DA:980,2
DA:981,2
DA:982,2
DA:983,2
DA:984,2
DA:985,2
DA:986,2
DA:987,2
DA:988,2
DA:989,2
DA:990,2
DA:991,2
DA:992,2
DA:993,2
DA:994,2
DA:995,2
DA:996,2
DA:997,2
DA:998,2
DA:999,2
DA:1000,2
DA:1001,2
DA:1002,2
DA:1003,2
DA:1004,2
DA:1005,2
DA:1006,2
DA:1007,2
DA:1008,2
DA:1009,2
DA:1010,2
DA:1011,2
DA:1012,2
DA:1013,2
DA:1014,2
DA:1015,2
DA:1016,2
DA:1017,2
DA:1018,2
DA:1019,2
DA:1020,2
DA:1021,2
DA:1022,2
DA:1023,2
DA:1024,2
DA:1025,2
DA:1026,2
DA:1027,2
DA:1028,2
DA:1029,2
DA:1030,2
DA:1031,2
DA:1032,2
DA:1033,2
DA:1034,2
DA:1035,2
DA:1036,2
DA:1037,2
DA:1038,2
DA:1039,2
DA:1040,2
DA:1041,2
DA:1042,2
LF:1042
LH:1042
BRDA:11,0,0,2
BRDA:17,1,0,12
BRDA:30,2,0,12
BRDA:35,3,0,12
BRDA:36,4,0,12
BRDA:47,5,0,12
BRDA:52,6,0,12
BRDA:54,7,0,12
BRDA:68,8,0,12
BRDA:73,9,0,12
BRDA:75,10,0,12
BRDA:77,11,0,12
BRDA:89,12,0,12
BRDA:95,13,0,24
BRDA:97,14,0,12
BRDA:97,15,0,12
BRDA:102,16,0,12
BRDA:107,17,0,12
BRDA:108,18,0,12
BRDA:118,19,0,48
BRDA:142,20,0,48
BRDA:168,21,0,36
BRDA:228,22,0,12
BRDA:234,23,0,24
BRDA:263,24,0,24
BRDA:297,25,0,12
BRDA:307,26,0,48
BRDA:314,27,0,48
BRDA:342,28,0,36
BRDA:347,29,0,84
BRDA:374,30,0,48
BRDA:434,31,0,12
BRDA:445,32,0,60
BRDA:490,33,0,48
BRDA:581,34,0,12
BRDA:592,35,0,60
BRDA:636,36,0,36
BRDA:700,37,0,12
BRDA:711,38,0,48
BRDA:721,39,0,48
BRDA:746,40,0,24
BRDA:753,41,0,24
BRDA:793,42,0,2
BRDA:794,43,0,2
BRDA:801,44,0,4
BRDA:804,45,0,4
BRDA:819,46,0,6
BRDA:822,47,0,6
BRDA:838,48,0,10
BRDA:848,49,0,10
BRDA:864,50,0,6
BRDA:871,51,0,6
BRDA:886,52,0,8
BRDA:896,53,0,8
BRF:54
BRH:54
end_of_record
TN:
SF:src\__tests__\medamaGuaranties.testcases.ts
FN:12,medamaGuarantiesTest
FN:34,describe.each.args.readState.readState
FN:47,describe.each.args.subscribeToState.subscribeToState
FN:64,describe.each.args.subscribeToState.subscribeToState
FN:85,describe.each.args.subscribeToState.subscribeToState
FN:112,setState.a.a.a
FN:421,testValue
FN:430,testValue
FN:454,testValue
FN:467,testValue
FN:476,testValue
FN:485,testValue
FN:494,testValue
FN:512,testValue
FN:1259,state
FNF:15
FNH:15
FNDA:2,medamaGuarantiesTest
FNDA:56,describe.each.args.readState.readState
FNDA:56,describe.each.args.subscribeToState.subscribeToState
FNDA:56,describe.each.args.subscribeToState.subscribeToState
FNDA:56,describe.each.args.subscribeToState.subscribeToState
FNDA:112,setState.a.a.a
FNDA:12,testValue
FNDA:12,testValue
FNDA:12,testValue
FNDA:12,testValue
FNDA:12,testValue
FNDA:12,testValue
FNDA:12,testValue
FNDA:12,testValue
FNDA:12,state
DA:1,1
DA:2,1
DA:3,1
DA:4,1
DA:5,1
DA:6,1
DA:7,1
DA:8,1
DA:9,1
DA:10,1
DA:11,1
DA:12,1
DA:13,2
DA:14,2
DA:15,2
DA:16,2
DA:17,2
DA:18,2
DA:19,2
DA:20,2
DA:21,2
DA:22,2
DA:23,2
DA:24,2
DA:25,2
DA:26,2
DA:27,2
DA:28,2
DA:29,2
DA:30,2
DA:31,2
DA:32,2
DA:33,2
DA:34,2
DA:35,56
DA:36,56
DA:37,56
DA:38,56
DA:39,56
DA:40,56
DA:41,56
DA:42,2
DA:43,2
DA:44,2
DA:45,2
DA:46,2
DA:47,2
DA:48,56
DA:49,56
DA:50,56
DA:51,56
DA:52,56
DA:53,56
DA:54,56
DA:55,56
DA:56,56
DA:57,56
DA:58,56
DA:59,2
DA:60,2
DA:61,2
DA:62,2
DA:63,2
DA:64,2
DA:65,56
DA:66,56
DA:67,56
DA:68,56
DA:69,56
DA:70,56
DA:71,56
DA:72,56
DA:73,56
DA:74,56
DA:75,56
DA:76,56
DA:77,56
DA:78,56
DA:79,56
DA:80,2
DA:81,2
DA:82,2
DA:83,2
DA:84,2
DA:85,2
DA:86,56
DA:87,56
DA:88,56
DA:89,56
DA:90,56
DA:91,56
DA:92,56
DA:93,56
DA:94,56
DA:95,56
DA:96,56
DA:97,56
DA:98,56
DA:99,56
DA:100,56
DA:101,2
DA:102,2
DA:103,2
DA:104,2
DA:105,2
DA:106,2
DA:107,56
DA:108,56
DA:109,56
DA:110,56
DA:111,56
DA:112,56
DA:113,56
DA:114,56
DA:115,56
DA:116,56
DA:117,56
DA:118,56
DA:119,56
DA:120,56
DA:121,56
DA:122,2
DA:123,2
DA:124,2
DA:125,12
DA:126,12
DA:127,12
DA:128,12
DA:129,12
DA:130,12
DA:131,12
DA:132,12
DA:133,12
DA:134,12
DA:135,12
DA:136,12
DA:137,12
DA:138,12
DA:139,12
DA:140,12
DA:141,12
DA:142,12
DA:143,12
DA:144,12
DA:145,12
DA:146,12
DA:147,12
DA:148,12
DA:149,12
DA:150,12
DA:151,12
DA:152,12
DA:153,12
DA:154,12
DA:155,12
DA:156,12
DA:157,12
DA:158,12
DA:159,12
DA:160,12
DA:161,12
DA:162,12
DA:163,12
DA:164,12
DA:165,12
DA:166,12
DA:167,12
DA:168,12
DA:169,12
DA:170,12
DA:171,12
DA:172,12
DA:173,12
DA:174,12
DA:175,12
DA:176,12
DA:177,12
DA:178,12
DA:179,12
DA:180,12
DA:181,12
DA:182,12
DA:183,12
DA:184,12
DA:185,12
DA:186,12
DA:187,12
DA:188,12
DA:189,12
DA:190,12
DA:191,12
DA:192,12
DA:193,12
DA:194,12
DA:195,12
DA:196,12
DA:197,12
DA:198,12
DA:199,12
DA:200,12
DA:201,12
DA:202,12
DA:203,12
DA:204,12
DA:205,12
DA:206,12
DA:207,12
DA:208,12
DA:209,12
DA:210,12
DA:211,12
DA:212,12
DA:213,12
DA:214,12
DA:215,12
DA:216,12
DA:217,12
DA:218,12
DA:219,12
DA:220,12
DA:221,12
DA:222,12
DA:223,12
DA:224,12
DA:225,12
DA:226,12
DA:227,12
DA:228,12
DA:229,12
DA:230,12
DA:231,12
DA:232,12
DA:233,12
DA:234,12
DA:235,12
DA:236,12
DA:237,12
DA:238,12
DA:239,12
DA:240,12
DA:241,12
DA:242,12
DA:243,12
DA:244,12
DA:245,12
DA:246,12
DA:247,12
DA:248,12
DA:249,12
DA:250,12
DA:251,12
DA:252,12
DA:253,12
DA:254,12
DA:255,12
DA:256,12
DA:257,12
DA:258,12
DA:259,12
DA:260,12
DA:261,12
DA:262,12
DA:263,12
DA:264,12
DA:265,12
DA:266,12
DA:267,12
DA:268,12
DA:269,12
DA:270,12
DA:271,12
DA:272,12
DA:273,12
DA:274,12
DA:275,12
DA:276,12
DA:277,12
DA:278,12
DA:279,12
DA:280,12
DA:281,12
DA:282,12
DA:283,12
DA:284,12
DA:285,12
DA:286,12
DA:287,12
DA:288,12
DA:289,12
DA:290,12
DA:291,12
DA:292,12
DA:293,12
DA:294,12
DA:295,12
DA:296,12
DA:297,12
DA:298,12
DA:299,12
DA:300,12
DA:301,12
DA:302,12
DA:303,12
DA:304,12
DA:305,12
DA:306,12
DA:307,12
DA:308,12
DA:309,12
DA:310,12
DA:311,12
DA:312,12
DA:313,12
DA:314,12
DA:315,12
DA:316,12
DA:317,12
DA:318,12
DA:319,12
DA:320,12
DA:321,12
DA:322,12
DA:323,12
DA:324,12
DA:325,12
DA:326,12
DA:327,12
DA:328,12
DA:329,12
DA:330,12
DA:331,12
DA:332,12
DA:333,12
DA:334,12
DA:335,12
DA:336,12
DA:337,12
DA:338,12
DA:339,12
DA:340,12
DA:341,12
DA:342,12
DA:343,12
DA:344,12
DA:345,12
DA:346,12
DA:347,12
DA:348,12
DA:349,12
DA:350,12
DA:351,12
DA:352,12
DA:353,12
DA:354,12
DA:355,12
DA:356,12
DA:357,12
DA:358,12
DA:359,12
DA:360,12
DA:361,12
DA:362,12
DA:363,12
DA:364,12
DA:365,12
DA:366,12
DA:367,12
DA:368,12
DA:369,12
DA:370,12
DA:371,12
DA:372,12
DA:373,12
DA:374,12
DA:375,12
DA:376,12
DA:377,12
DA:378,12
DA:379,12
DA:380,12
DA:381,12
DA:382,12
DA:383,12
DA:384,12
DA:385,12
DA:386,12
DA:387,12
DA:388,12
DA:389,12
DA:390,12
DA:391,12
DA:392,12
DA:393,12
DA:394,12
DA:395,12
DA:396,12
DA:397,12
DA:398,12
DA:399,12
DA:400,12
DA:401,12
DA:402,12
DA:403,12
DA:404,12
DA:405,12
DA:406,12
DA:407,12
DA:408,12
DA:409,12
DA:410,12
DA:411,12
DA:412,12
DA:413,12
DA:414,12
DA:415,12
DA:416,12
DA:417,12
DA:418,12
DA:419,12
DA:420,12
DA:421,12
DA:422,12
DA:423,12
DA:424,12
DA:425,12
DA:426,12
DA:427,12
DA:428,12
DA:429,12
DA:430,12
DA:431,12
DA:432,12
DA:433,12
DA:434,12
DA:435,12
DA:436,12
DA:437,12
DA:438,12
DA:439,12
DA:440,12
DA:441,12
DA:442,12
DA:443,12
DA:444,12
DA:445,12
DA:446,12
DA:447,12
DA:448,12
DA:449,12
DA:450,12
DA:451,12
DA:452,12
DA:453,12
DA:454,12
DA:455,12
DA:456,12
DA:457,12
DA:458,12
DA:459,12
DA:460,12
DA:461,12
DA:462,12
DA:463,12
DA:464,12
DA:465,12
DA:466,12
DA:467,12
DA:468,12
DA:469,12
DA:470,12
DA:471,12
DA:472,12
DA:473,12
DA:474,12
DA:475,12
DA:476,12
DA:477,12
DA:478,12
DA:479,12
DA:480,12
DA:481,12
DA:482,12
DA:483,12
DA:484,12
DA:485,12
DA:486,12
DA:487,12
DA:488,12
DA:489,12
DA:490,12
DA:491,12
DA:492,12
DA:493,12
DA:494,12
DA:495,12
DA:496,12
DA:497,12
DA:498,12
DA:499,12
DA:500,12
DA:501,12
DA:502,12
DA:503,12
DA:504,12
DA:505,12
DA:506,12
DA:507,12
DA:508,12
DA:509,12
DA:510,12
DA:511,12
DA:512,12
DA:513,12
DA:514,12
DA:515,12
DA:516,12
DA:517,12
DA:518,12
DA:519,12
DA:520,12
DA:521,12
DA:522,12
DA:523,12
DA:524,12
DA:525,12
DA:526,12
DA:527,12
DA:528,12
DA:529,12
DA:530,12
DA:531,12
DA:532,12
DA:533,12
DA:534,12
DA:535,12
DA:536,12
DA:537,12
DA:538,12
DA:539,12
DA:540,12
DA:541,12
DA:542,12
DA:543,12
DA:544,48
DA:545,12
DA:546,12
DA:547,12
DA:548,12
DA:549,12
DA:550,12
DA:551,12
DA:552,12
DA:553,12
DA:554,12
DA:555,12
DA:556,12
DA:557,12
DA:558,12
DA:559,12
DA:560,12
DA:561,12
DA:562,12
DA:563,12
DA:564,12
DA:565,12
DA:566,12
DA:567,12
DA:568,12
DA:569,12
DA:570,12
DA:571,12
DA:572,12
DA:573,12
DA:574,12
DA:575,12
DA:576,12
DA:577,12
DA:578,12
DA:579,12
DA:580,12
DA:581,12
DA:582,12
DA:583,12
DA:584,12
DA:585,12
DA:586,12
DA:587,12
DA:588,12
DA:589,12
DA:590,12
DA:591,12
DA:592,12
DA:593,12
DA:594,12
DA:595,12
DA:596,12
DA:597,12
DA:598,12
DA:599,12
DA:600,12
DA:601,12
DA:602,12
DA:603,12
DA:604,12
DA:605,12
DA:606,12
DA:607,12
DA:608,36
DA:609,12
DA:610,12
DA:611,12
DA:612,12
DA:613,12
DA:614,12
DA:615,12
DA:616,12
DA:617,12
DA:618,12
DA:619,12
DA:620,12
DA:621,12
DA:622,12
DA:623,12
DA:624,12
DA:625,12
DA:626,12
DA:627,12
DA:628,12
DA:629,12
DA:630,12
DA:631,12
DA:632,12
DA:633,12
DA:634,12
DA:635,12
DA:636,12
DA:637,12
DA:638,12
DA:639,12
DA:640,12
DA:641,12
DA:642,12
DA:643,12
DA:644,12
DA:645,12
DA:646,12
DA:647,12
DA:648,12
DA:649,12
DA:650,12
DA:651,12
DA:652,12
DA:653,12
DA:654,12
DA:655,12
DA:656,12
DA:657,12
DA:658,12
DA:659,12
DA:660,12
DA:661,12
DA:662,12
DA:663,12
DA:664,12
DA:665,12
DA:666,12
DA:667,12
DA:668,12
DA:669,12
DA:670,12
DA:671,12
DA:672,12
DA:673,12
DA:674,12
DA:675,12
DA:676,12
DA:677,12
DA:678,12
DA:679,12
DA:680,12
DA:681,12
DA:682,12
DA:683,12
DA:684,12
DA:685,12
DA:686,12
DA:687,12
DA:688,12
DA:689,12
DA:690,12
DA:691,12
DA:692,12
DA:693,12
DA:694,12
DA:695,12
DA:696,12
DA:697,12
DA:698,12
DA:699,12
DA:700,12
DA:701,48
DA:702,12
DA:703,12
DA:704,12
DA:705,12
DA:706,12
DA:707,12
DA:708,12
DA:709,12
DA:710,12
DA:711,12
DA:712,12
DA:713,12
DA:714,12
DA:715,12
DA:716,12
DA:717,12
DA:718,12
DA:719,12
DA:720,12
DA:721,12
DA:722,12
DA:723,12
DA:724,12
DA:725,12
DA:726,12
DA:727,12
DA:728,12
DA:729,12
DA:730,12
DA:731,12
DA:732,12
DA:733,12
DA:734,12
DA:735,12
DA:736,12
DA:737,12
DA:738,12
DA:739,12
DA:740,12
DA:741,12
DA:742,12
DA:743,12
DA:744,12
DA:745,12
DA:746,12
DA:747,12
DA:748,12
DA:749,12
DA:750,12
DA:751,12
DA:752,12
DA:753,12
DA:754,12
DA:755,12
DA:756,12
DA:757,12
DA:758,12
DA:759,12
DA:760,12
DA:761,12
DA:762,12
DA:763,12
DA:764,12
DA:765,12
DA:766,12
DA:767,12
DA:768,12
DA:769,12
DA:770,12
DA:771,12
DA:772,12
DA:773,12
DA:774,12
DA:775,12
DA:776,12
DA:777,12
DA:778,12
DA:779,12
DA:780,12
DA:781,12
DA:782,12
DA:783,12
DA:784,12
DA:785,12
DA:786,12
DA:787,36
DA:788,12
DA:789,12
DA:790,12
DA:791,12
DA:792,12
DA:793,12
DA:794,12
DA:795,12
DA:796,12
DA:797,12
DA:798,12
DA:799,12
DA:800,12
DA:801,12
DA:802,12
DA:803,12
DA:804,12
DA:805,12
DA:806,12
DA:807,12
DA:808,12
DA:809,12
DA:810,12
DA:811,12
DA:812,12
DA:813,12
DA:814,12
DA:815,12
DA:816,12
DA:817,12
DA:818,12
DA:819,12
DA:820,12
DA:821,12
DA:822,12
DA:823,12
DA:824,12
DA:825,12
DA:826,12
DA:827,12
DA:828,12
DA:829,12
DA:830,12
DA:831,12
DA:832,12
DA:833,12
DA:834,12
DA:835,12
DA:836,12
DA:837,12
DA:838,12
DA:839,12
DA:840,12
DA:841,12
DA:842,12
DA:843,12
DA:844,12
DA:845,12
DA:846,12
DA:847,12
DA:848,12
DA:849,12
DA:850,12
DA:851,12
DA:852,12
DA:853,12
DA:854,12
DA:855,12
DA:856,12
DA:857,12
DA:858,12
DA:859,12
DA:860,12
DA:861,12
DA:862,12
DA:863,12
DA:864,12
DA:865,12
DA:866,12
DA:867,12
DA:868,12
DA:869,12
DA:870,12
DA:871,12
DA:872,12
DA:873,12
DA:874,12
DA:875,12
DA:876,12
DA:877,12
DA:878,12
DA:879,12
DA:880,12
DA:881,12
DA:882,12
DA:883,12
DA:884,12
DA:885,12
DA:886,12
DA:887,12
DA:888,12
DA:889,12
DA:890,12
DA:891,12
DA:892,12
DA:893,12
DA:894,12
DA:895,12
DA:896,12
DA:897,12
DA:898,12
DA:899,12
DA:900,12
DA:901,12
DA:902,12
DA:903,12
DA:904,12
DA:905,12
DA:906,12
DA:907,12
DA:908,12
DA:909,12
DA:910,12
DA:911,12
DA:912,12
DA:913,12
DA:914,12
DA:915,12
DA:916,12
DA:917,12
DA:918,12
DA:919,12
DA:920,12
DA:921,12
DA:922,12
DA:923,12
DA:924,12
DA:925,12
DA:926,12
DA:927,12
DA:928,12
DA:929,12
DA:930,12
DA:931,12
DA:932,12
DA:933,12
DA:934,12
DA:935,12
DA:936,12
DA:937,12
DA:938,12
DA:939,12
DA:940,12
DA:941,12
DA:942,12
DA:943,12
DA:944,12
DA:945,12
DA:946,12
DA:947,12
DA:948,12
DA:949,12
DA:950,12
DA:951,12
DA:952,12
DA:953,12
DA:954,12
DA:955,12
DA:956,12
DA:957,12
DA:958,12
DA:959,12
DA:960,12
DA:961,12
DA:962,12
DA:963,12
DA:964,12
DA:965,12
DA:966,12
DA:967,12
DA:968,12
DA:969,12
DA:970,12
DA:971,12
DA:972,12
DA:973,12
DA:974,12
DA:975,12
DA:976,12
DA:977,12
DA:978,12
DA:979,12
DA:980,12
DA:981,12
DA:982,12
DA:983,12
DA:984,12
DA:985,12
DA:986,12
DA:987,12
DA:988,12
DA:989,12
DA:990,12
DA:991,12
DA:992,12
DA:993,12
DA:994,12
DA:995,12
DA:996,12
DA:997,12
DA:998,12
DA:999,12
DA:1000,12
DA:1001,12
DA:1002,12
DA:1003,12
DA:1004,12
DA:1005,12
DA:1006,12
DA:1007,12
DA:1008,12
DA:1009,12
DA:1010,12
DA:1011,12
DA:1012,12
DA:1013,12
DA:1014,12
DA:1015,12
DA:1016,12
DA:1017,12
DA:1018,12
DA:1019,12
DA:1020,24
DA:1021,12
DA:1022,12
DA:1023,12
DA:1024,12
DA:1025,12
DA:1026,12
DA:1027,12
DA:1028,12
DA:1029,12
DA:1030,12
DA:1031,12
DA:1032,12
DA:1033,12
DA:1034,12
DA:1035,12
DA:1036,12
DA:1037,24
DA:1038,12
DA:1039,12
DA:1040,12
DA:1041,12
DA:1042,12
DA:1043,12
DA:1044,12
DA:1045,12
DA:1046,12
DA:1047,12
DA:1048,12
DA:1049,12
DA:1050,12
DA:1051,12
DA:1052,12
DA:1053,12
DA:1054,12
DA:1055,12
DA:1056,12
DA:1057,12
DA:1058,12
DA:1059,12
DA:1060,12
DA:1061,12
DA:1062,12
DA:1063,12
DA:1064,12
DA:1065,12
DA:1066,12
DA:1067,12
DA:1068,12
DA:1069,12
DA:1070,12
DA:1071,12
DA:1072,12
DA:1073,12
DA:1074,12
DA:1075,12
DA:1076,12
DA:1077,12
DA:1078,12
DA:1079,12
DA:1080,12
DA:1081,12
DA:1082,12
DA:1083,12
DA:1084,12
DA:1085,12
DA:1086,12
DA:1087,12
DA:1088,12
DA:1089,12
DA:1090,12
DA:1091,12
DA:1092,12
DA:1093,12
DA:1094,12
DA:1095,12
DA:1096,12
DA:1097,12
DA:1098,12
DA:1099,12
DA:1100,12
DA:1101,12
DA:1102,12
DA:1103,12
DA:1104,12
DA:1105,12
DA:1106,12
DA:1107,12
DA:1108,12
DA:1109,12
DA:1110,12
DA:1111,12
DA:1112,12
DA:1113,12
DA:1114,12
DA:1115,12
DA:1116,12
DA:1117,12
DA:1118,12
DA:1119,12
DA:1120,12
DA:1121,12
DA:1122,12
DA:1123,12
DA:1124,12
DA:1125,12
DA:1126,12
DA:1127,12
DA:1128,12
DA:1129,12
DA:1130,12
DA:1131,12
DA:1132,12
DA:1133,12
DA:1134,12
DA:1135,12
DA:1136,12
DA:1137,12
DA:1138,12
DA:1139,12
DA:1140,12
DA:1141,12
DA:1142,48
DA:1143,48
DA:1144,48
DA:1145,12
DA:1146,12
DA:1147,12
DA:1148,12
DA:1149,12
DA:1150,12
DA:1151,12
DA:1152,12
DA:1153,12
DA:1154,12
DA:1155,12
DA:1156,12
DA:1157,12
DA:1158,12
DA:1159,12
DA:1160,12
DA:1161,12
DA:1162,12
DA:1163,12
DA:1164,12
DA:1165,12
DA:1166,12
DA:1167,12
DA:1168,12
DA:1169,12
DA:1170,12
DA:1171,12
DA:1172,12
DA:1173,12
DA:1174,12
DA:1175,12
DA:1176,12
DA:1177,12
DA:1178,12
DA:1179,12
DA:1180,12
DA:1181,12
DA:1182,12
DA:1183,12
DA:1184,12
DA:1185,12
DA:1186,12
DA:1187,12
DA:1188,12
DA:1189,12
DA:1190,12
DA:1191,12
DA:1192,12
DA:1193,12
DA:1194,12
DA:1195,12
DA:1196,12
DA:1197,12
DA:1198,12
DA:1199,12
DA:1200,12
DA:1201,12
DA:1202,12
DA:1203,12
DA:1204,12
DA:1205,12
DA:1206,12
DA:1207,12
DA:1208,12
DA:1209,12
DA:1210,12
DA:1211,12
DA:1212,12
DA:1213,12
DA:1214,12
DA:1215,12
DA:1216,12
DA:1217,12
DA:1218,12
DA:1219,12
DA:1220,12
DA:1221,12
DA:1222,12
DA:1223,12
DA:1224,12
DA:1225,12
DA:1226,12
DA:1227,12
DA:1228,12
DA:1229,12
DA:1230,12
DA:1231,12
DA:1232,12
DA:1233,12
DA:1234,12
DA:1235,12
DA:1236,12
DA:1237,12
DA:1238,12
DA:1239,12
DA:1240,12
DA:1241,12
DA:1242,12
DA:1243,12
DA:1244,12
DA:1245,12
DA:1246,12
DA:1247,12
DA:1248,12
DA:1249,12
DA:1250,12
DA:1251,12
DA:1252,12
DA:1253,12
DA:1254,12
DA:1255,12
DA:1256,12
DA:1257,12
DA:1258,12
DA:1259,12
DA:1260,12
DA:1261,12
DA:1262,12
DA:1263,12
DA:1264,12
DA:1265,12
DA:1266,12
DA:1267,12
DA:1268,12
DA:1269,12
DA:1270,12
DA:1271,12
DA:1272,12
DA:1273,12
DA:1274,12
DA:1275,12
DA:1276,12
DA:1277,12
DA:1278,12
DA:1279,12
DA:1280,12
DA:1281,12
DA:1282,12
DA:1283,12
DA:1284,12
DA:1285,12
DA:1286,12
DA:1287,12
DA:1288,12
DA:1289,12
DA:1290,12
DA:1291,12
DA:1292,12
DA:1293,12
DA:1294,12
DA:1295,12
DA:1296,12
DA:1297,12
DA:1298,12
DA:1299,12
DA:1300,12
DA:1301,12
DA:1302,12
DA:1303,12
DA:1304,12
DA:1305,12
DA:1306,12
DA:1307,12
DA:1308,12
DA:1309,12
DA:1310,12
DA:1311,12
DA:1312,12
DA:1313,12
DA:1314,12
DA:1315,12
DA:1316,12
DA:1317,12
DA:1318,12
DA:1319,12
DA:1320,12
DA:1321,12
DA:1322,12
DA:1323,12
DA:1324,12
DA:1325,12
DA:1326,12
DA:1327,12
DA:1328,12
DA:1329,12
DA:1330,12
DA:1331,12
DA:1332,12
DA:1333,12
DA:1334,12
DA:1335,12
DA:1336,12
DA:1337,12
DA:1338,24
DA:1339,12
DA:1340,12
DA:1341,12
DA:1342,12
DA:1343,12
DA:1344,12
DA:1345,12
DA:1346,12
DA:1347,36
DA:1348,12
DA:1349,12
DA:1350,12
DA:1351,12
DA:1352,12
DA:1353,12
DA:1354,12
DA:1355,12
DA:1356,12
DA:1357,12
DA:1358,12
DA:1359,12
DA:1360,12
DA:1361,12
DA:1362,12
DA:1363,12
DA:1364,12
DA:1365,12
DA:1366,12
DA:1367,12
DA:1368,12
DA:1369,12
DA:1370,12
DA:1371,12
DA:1372,12
DA:1373,12
DA:1374,12
DA:1375,12
DA:1376,12
DA:1377,12
DA:1378,12
DA:1379,12
DA:1380,12
DA:1381,12
DA:1382,12
DA:1383,12
DA:1384,12
DA:1385,12
DA:1386,12
DA:1387,12
DA:1388,12
DA:1389,24
DA:1390,12
DA:1391,12
DA:1392,12
DA:1393,12
DA:1394,12
DA:1395,12
DA:1396,12
DA:1397,12
DA:1398,12
DA:1399,12
DA:1400,12
DA:1401,12
DA:1402,12
DA:1403,12
DA:1404,12
DA:1405,12
DA:1406,12
DA:1407,12
DA:1408,12
DA:1409,12
DA:1410,12
DA:1411,12
DA:1412,12
DA:1413,108
DA:1414,12
DA:1415,12
DA:1416,12
DA:1417,12
DA:1418,12
DA:1419,12
DA:1420,12
DA:1421,12
DA:1422,12
DA:1423,12
DA:1424,12
DA:1425,12
DA:1426,12
DA:1427,12
DA:1428,12
DA:1429,12
DA:1430,12
DA:1431,12
DA:1432,12
DA:1433,12
DA:1434,12
DA:1435,12
DA:1436,12
DA:1437,12
DA:1438,12
DA:1439,12
DA:1440,12
DA:1441,12
DA:1442,12
DA:1443,12
DA:1444,12
DA:1445,12
DA:1446,12
DA:1447,12
DA:1448,12
DA:1449,12
DA:1450,12
DA:1451,12
DA:1452,12
DA:1453,12
DA:1454,12
DA:1455,12
DA:1456,12
DA:1457,12
DA:1458,12
DA:1459,12
DA:1460,12
DA:1461,12
DA:1462,12
DA:1463,12
DA:1464,12
DA:1465,12
DA:1466,12
DA:1467,12
DA:1468,12
DA:1469,12
DA:1470,12
DA:1471,12
DA:1472,12
DA:1473,12
DA:1474,12
DA:1475,12
DA:1476,12
DA:1477,12
DA:1478,12
DA:1479,12
DA:1480,12
DA:1481,12
DA:1482,12
DA:1483,12
DA:1484,12
DA:1485,12
DA:1486,12
DA:1487,12
DA:1488,12
DA:1489,12
DA:1490,12
DA:1491,12
DA:1492,12
DA:1493,12
DA:1494,12
DA:1495,12
DA:1496,12
DA:1497,12
DA:1498,12
DA:1499,12
DA:1500,12
DA:1501,12
DA:1502,12
DA:1503,12
DA:1504,12
DA:1505,12
DA:1506,12
DA:1507,12
DA:1508,12
DA:1509,12
DA:1510,12
DA:1511,12
DA:1512,12
DA:1513,12
DA:1514,24
DA:1515,12
DA:1516,12
DA:1517,12
DA:1518,12
DA:1519,12
DA:1520,12
DA:1521,12
DA:1522,12
DA:1523,12
DA:1524,12
DA:1525,12
DA:1526,12
DA:1527,12
DA:1528,12
DA:1529,12
DA:1530,12
DA:1531,12
DA:1532,12
DA:1533,12
DA:1534,12
DA:1535,12
DA:1536,12
DA:1537,12
DA:1538,12
DA:1539,12
DA:1540,12
DA:1541,12
DA:1542,12
DA:1543,12
DA:1544,12
DA:1545,12
DA:1546,12
DA:1547,12
DA:1548,12
DA:1549,12
DA:1550,12
DA:1551,12
DA:1552,12
DA:1553,12
DA:1554,12
DA:1555,12
DA:1556,12
DA:1557,12
DA:1558,12
DA:1559,12
DA:1560,12
DA:1561,12
DA:1562,12
DA:1563,12
DA:1564,12
DA:1565,12
DA:1566,12
DA:1567,12
DA:1568,12
DA:1569,12
DA:1570,12
DA:1571,12
DA:1572,12
DA:1573,12
DA:1574,12
DA:1575,12
DA:1576,12
DA:1577,12
DA:1578,12
DA:1579,24
DA:1580,12
DA:1581,12
DA:1582,12
DA:1583,12
DA:1584,12
DA:1585,12
DA:1586,12
DA:1587,12
DA:1588,12
DA:1589,12
DA:1590,12
DA:1591,12
DA:1592,12
DA:1593,12
DA:1594,12
DA:1595,12
DA:1596,12
DA:1597,12
DA:1598,12
DA:1599,12
DA:1600,12
DA:1601,12
DA:1602,12
DA:1603,12
DA:1604,12
DA:1605,12
DA:1606,12
DA:1607,12
DA:1608,12
DA:1609,12
DA:1610,12
DA:1611,12
DA:1612,12
DA:1613,12
DA:1614,12
DA:1615,12
DA:1616,12
DA:1617,12
DA:1618,12
DA:1619,12
DA:1620,12
DA:1621,12
DA:1622,36
DA:1623,36
DA:1624,36
DA:1625,12
DA:1626,12
DA:1627,12
DA:1628,12
DA:1629,12
DA:1630,12
DA:1631,12
DA:1632,12
DA:1633,12
DA:1634,12
DA:1635,12
DA:1636,12
DA:1637,12
DA:1638,12
DA:1639,12
DA:1640,12
DA:1641,12
DA:1642,12
DA:1643,12
DA:1644,12
DA:1645,12
DA:1646,12
DA:1647,12
DA:1648,12
DA:1649,12
DA:1650,36
DA:1651,36
DA:1652,36
DA:1653,12
DA:1654,12
DA:1655,12
DA:1656,12
DA:1657,12
DA:1658,36
DA:1659,12
DA:1660,12
DA:1661,12
DA:1662,12
DA:1663,12
DA:1664,12
DA:1665,12
DA:1666,12
DA:1667,12
DA:1668,12
DA:1669,12
DA:1670,12
DA:1671,12
DA:1672,12
DA:1673,2
DA:1674,2
LF:1674
LH:1674
BRDA:12,0,0,2
BRDA:15,1,0,2
BRDA:16,2,0,2
BRDA:34,3,0,56
BRDA:47,4,0,56
BRDA:52,5,0,56
BRDA:53,6,0,56
BRDA:64,7,0,56
BRDA:69,8,0,56
BRDA:71,9,0,56
BRDA:85,10,0,56
BRDA:90,11,0,56
BRDA:92,12,0,56
BRDA:94,13,0,56
BRDA:106,14,0,56
BRDA:112,15,0,112
BRDA:114,16,0,56
BRDA:114,17,0,56
BRDA:119,18,0,56
BRDA:124,19,0,12
BRDA:125,20,0,12
BRDA:135,21,0,12
BRDA:136,22,0,12
BRDA:137,23,0,12
BRDA:138,24,0,12
BRDA:141,25,0,12
BRDA:152,26,0,12
BRDA:157,27,0,12
BRDA:163,28,0,12
BRDA:174,29,0,12
BRDA:180,30,0,12
BRDA:186,31,0,12
BRDA:195,32,0,12
BRDA:207,33,0,12
BRDA:217,34,0,12
BRDA:218,35,0,12
BRDA:223,36,0,12
BRDA:224,37,0,12
BRDA:229,38,0,12
BRDA:230,39,0,12
BRDA:236,40,0,12
BRDA:243,41,0,12
BRDA:255,42,0,12
BRDA:265,43,0,12
BRDA:266,44,0,12
BRDA:271,45,0,12
BRDA:272,46,0,12
BRDA:277,47,0,12
BRDA:280,48,0,12
BRDA:285,49,0,12
BRDA:288,50,0,12
BRDA:293,51,0,12
BRDA:296,52,0,12
BRDA:301,53,0,12
BRDA:304,54,0,12
BRDA:310,55,0,12
BRDA:321,56,0,12
BRDA:333,57,0,12
BRDA:343,58,0,12
BRDA:346,59,0,12
BRDA:351,60,0,12
BRDA:356,61,0,12
BRDA:362,62,0,12
BRDA:377,63,0,12
BRDA:389,64,0,12
BRDA:396,65,0,12
BRDA:402,66,0,12
BRDA:408,67,0,12
BRDA:415,68,0,12
BRDA:421,69,0,12
BRDA:423,70,0,12
BRDA:430,71,0,12
BRDA:432,72,0,12
BRDA:441,73,0,12
BRDA:454,74,0,12
BRDA:456,75,0,12
BRDA:467,76,0,12
BRDA:469,77,0,12
BRDA:476,78,0,12
BRDA:478,79,0,12
BRDA:485,80,0,12
BRDA:487,81,0,12
BRDA:494,82,0,12
BRDA:496,83,0,12
BRDA:503,84,0,12
BRDA:512,85,0,12
BRDA:514,86,0,12
BRDA:521,87,0,12
BRDA:527,88,0,12
BRDA:538,89,0,12
BRDA:543,90,0,48
BRDA:547,91,0,48
BRDA:562,92,0,12
BRDA:567,93,0,12
BRDA:572,94,0,12
BRDA:579,95,0,12
BRDA:584,96,0,12
BRDA:591,97,0,12
BRDA:602,98,0,12
BRDA:607,99,0,36
BRDA:611,100,0,12
BRDA:617,101,0,48
BRDA:638,102,0,12
BRDA:645,103,0,12
BRDA:652,104,0,12
BRDA:661,105,0,12
BRDA:668,106,0,12
BRDA:676,107,0,12
BRDA:687,108,0,12
BRDA:692,109,0,12
BRDA:696,110,0,48
BRDA:700,111,0,48
BRDA:719,112,0,12
BRDA:724,113,0,12
BRDA:729,114,0,12
BRDA:736,115,0,12
BRDA:741,116,0,12
BRDA:748,117,0,12
BRDA:759,118,0,12
BRDA:764,119,0,12
BRDA:768,120,0,12
BRDA:774,121,0,60
BRDA:786,122,0,36
BRDA:790,123,0,12
BRDA:817,124,0,12
BRDA:824,125,0,12
BRDA:831,126,0,12
BRDA:840,127,0,12
BRDA:847,128,0,12
BRDA:855,129,0,12
BRDA:861,130,0,12
BRDA:868,131,0,12
BRDA:872,132,0,12
BRDA:878,133,0,24
BRDA:905,134,0,12
BRDA:911,135,0,12
BRDA:918,136,0,12
BRDA:922,137,0,12
BRDA:929,138,0,48
BRDA:958,139,0,12
BRDA:962,140,0,12
BRDA:981,141,0,12
BRDA:992,142,0,12
BRDA:997,143,0,12
BRDA:1001,144,0,12
BRDA:1007,145,0,48
BRDA:1019,146,0,24
BRDA:1023,147,0,12
BRDA:1036,148,0,24
BRDA:1040,149,0,12
BRDA:1047,150,0,36
BRDA:1132,151,0,12
BRDA:1139,152,0,36
BRDA:1141,153,0,48
BRDA:1157,154,0,24
BRDA:1179,155,0,12
BRDA:1185,156,0,48
BRDA:1186,157,0,12
BRDA:1188,158,0,60
BRDA:1195,159,0,12
BRDA:1205,160,0,12
BRDA:1215,161,0,12
BRDA:1225,162,0,12
BRDA:1235,163,0,12
BRDA:1243,164,0,12
BRDA:1250,165,0,12
BRDA:1252,166,0,12
BRDA:1253,167,0,12
BRDA:1259,168,0,12
BRDA:1265,169,0,12
BRDA:1271,170,0,12
BRDA:1273,171,0,12
BRDA:1277,172,0,12
BRDA:1285,173,0,60
BRDA:1287,174,0,36
BRDA:1307,175,0,12
BRDA:1316,176,0,24
BRDA:1324,177,0,12
BRDA:1332,178,0,60
BRDA:1337,179,0,24
BRDA:1346,180,0,36
BRDA:1381,181,0,12
BRDA:1388,182,0,24
BRDA:1402,183,0,12
BRDA:1412,184,0,108
BRDA:1416,185,0,72
BRDA:1437,186,0,36
BRDA:1501,187,0,12
BRDA:1509,188,0,36
BRDA:1513,189,0,24
BRDA:1551,190,0,12
BRDA:1562,191,0,12
BRDA:1570,192,0,24
BRDA:1578,193,0,24
BRDA:1590,194,0,12
BRDA:1598,195,0,24
BRDA:1613,196,0,12
BRDA:1621,197,0,36
BRDA:1641,198,0,12
BRDA:1649,199,0,36
BRDA:1657,200,0,36
BRF:201
BRH:201
end_of_record
TN:
SF:src\__tests__\nestedLayers.testcases.ts
FN:13,compositeMedamaWithNestedLayers
FN:24,describe.each.args.readState.readState
FN:37,describe.each.args.subscribeToState.subscribeToState
FN:54,describe.each.args.subscribeToState.subscribeToState
FN:75,describe.each.args.subscribeToState.subscribeToState
FN:102,setState.a.a.a
FN:245,fooSelector.mock.calls
FN:910,fooSelector.mock.calls
FN:1011,fooSelector.mock.calls
FN:1946,levelDown
FN:1961,selector
FNF:11
FNH:8
FNDA:2,compositeMedamaWithNestedLayers
FNDA:80,describe.each.args.readState.readState
FNDA:80,describe.each.args.subscribeToState.subscribeToState
FNDA:80,describe.each.args.subscribeToState.subscribeToState
FNDA:80,describe.each.args.subscribeToState.subscribeToState
FNDA:160,setState.a.a.a
FNDA:0,fooSelector.mock.calls
FNDA:0,fooSelector.mock.calls
FNDA:0,fooSelector.mock.calls
FNDA:48,levelDown
FNDA:12,selector
DA:1,1
DA:2,1
DA:3,1
DA:4,1
DA:5,1
DA:6,1
DA:7,1
DA:8,1
DA:9,1
DA:10,1
DA:11,1
DA:12,1
DA:13,1
DA:14,2
DA:15,2
DA:16,2
DA:17,2
DA:18,2
DA:19,2
DA:20,2
DA:21,2
DA:22,2
DA:23,2
DA:24,2
DA:25,80
DA:26,80
DA:27,80
DA:28,80
DA:29,80
DA:30,80
DA:31,80
DA:32,2
DA:33,2
DA:34,2
DA:35,2
DA:36,2
DA:37,2
DA:38,80
DA:39,80
DA:40,80
DA:41,80
DA:42,80
DA:43,80
DA:44,80
DA:45,80
DA:46,80
DA:47,80
DA:48,80
DA:49,2
DA:50,2
DA:51,2
DA:52,2
DA:53,2
DA:54,2
DA:55,80
DA:56,80
DA:57,80
DA:58,80
DA:59,80
DA:60,80
DA:61,80
DA:62,80
DA:63,80
DA:64,80
DA:65,80
DA:66,80
DA:67,80
DA:68,80
DA:69,80
DA:70,2
DA:71,2
DA:72,2
DA:73,2
DA:74,2
DA:75,2
DA:76,80
DA:77,80
DA:78,80
DA:79,80
DA:80,80
DA:81,80
DA:82,80
DA:83,80
DA:84,80
DA:85,80
DA:86,80
DA:87,80
DA:88,80
DA:89,80
DA:90,80
DA:91,2
DA:92,2
DA:93,2
DA:94,2
DA:95,2
DA:96,2
DA:97,80
DA:98,80
DA:99,80
DA:100,80
DA:101,80
DA:102,80
DA:103,80
DA:104,80
DA:105,80
DA:106,80
DA:107,80
DA:108,80
DA:109,80
DA:110,80
DA:111,80
DA:112,2
DA:113,2
DA:114,2
DA:115,12
DA:116,12
DA:117,12
DA:118,12
DA:119,12
DA:120,12
DA:121,12
DA:122,12
DA:123,12
DA:124,12
DA:125,12
DA:126,12
DA:127,12
DA:128,12
DA:129,12
DA:130,12
DA:131,12
DA:132,12
DA:133,12
DA:134,12
DA:135,12
DA:136,12
DA:137,12
DA:138,12
DA:139,12
DA:140,12
DA:141,12
DA:142,12
DA:143,12
DA:144,12
DA:145,12
DA:146,12
DA:147,12
DA:148,12
DA:149,12
DA:150,12
DA:151,12
DA:152,12
DA:153,12
DA:154,12
DA:155,12
DA:156,12
DA:157,12
DA:158,12
DA:159,12
DA:160,12
DA:161,12
DA:162,12
DA:163,12
DA:164,12
DA:165,12
DA:166,12
DA:167,12
DA:168,12
DA:169,12
DA:170,12
DA:171,12
DA:172,12
DA:173,12
DA:174,12
DA:175,12
DA:176,12
DA:177,12
DA:178,12
DA:179,12
DA:180,12
DA:181,12
DA:182,12
DA:183,12
DA:184,12
DA:185,12
DA:186,12
DA:187,12
DA:188,12
DA:189,12
DA:190,12
DA:191,12
DA:192,12
DA:193,12
DA:194,12
DA:195,12
DA:196,12
DA:197,12
DA:198,12
DA:199,12
DA:200,12
DA:201,12
DA:202,12
DA:203,12
DA:204,12
DA:205,12
DA:206,12
DA:207,24
DA:208,24
DA:209,24
DA:210,24
DA:211,24
DA:212,24
DA:213,24
DA:214,24
DA:215,12
DA:216,12
DA:217,12
DA:218,12
DA:219,12
DA:220,12
DA:221,12
DA:222,12
DA:223,12
DA:224,12
DA:225,12
DA:226,12
DA:227,12
DA:228,12
DA:229,12
DA:230,12
DA:231,12
DA:232,12
DA:233,12
DA:234,12
DA:235,12
DA:236,12
DA:237,12
DA:238,12
DA:239,12
DA:240,12
DA:241,12
DA:242,12
DA:243,12
DA:244,12
DA:245,12
DA:246,12
DA:247,12
DA:248,12
DA:249,12
DA:250,12
DA:251,12
DA:252,12
DA:253,12
DA:254,12
DA:255,12
DA:256,12
DA:257,12
DA:258,12
DA:259,12
DA:260,12
DA:261,12
DA:262,12
DA:263,12
DA:264,12
DA:265,12
DA:266,12
DA:267,12
DA:268,12
DA:269,12
DA:270,12
DA:271,12
DA:272,12
DA:273,12
DA:274,12
DA:275,12
DA:276,12
DA:277,12
DA:278,12
DA:279,12
DA:280,12
DA:281,12
DA:282,12
DA:283,12
DA:284,12
DA:285,12
DA:286,12
DA:287,12
DA:288,12
DA:289,12
DA:290,12
DA:291,12
DA:292,12
DA:293,12
DA:294,12
DA:295,12
DA:296,12
DA:297,12
DA:298,12
DA:299,12
DA:300,72
DA:301,72
DA:302,72
DA:303,12
DA:304,12
DA:305,12
DA:306,12
DA:307,12
DA:308,12
DA:309,12
DA:310,12
DA:311,12
DA:312,12
DA:313,12
DA:314,12
DA:315,36
DA:316,12
DA:317,12
DA:318,12
DA:319,12
DA:320,12
DA:321,12
DA:322,12
DA:323,12
DA:324,12
DA:325,12
DA:326,12
DA:327,12
DA:328,12
DA:329,12
DA:330,12
DA:331,12
DA:332,12
DA:333,12
DA:334,12
DA:335,12
DA:336,12
DA:337,12
DA:338,12
DA:339,12
DA:340,12
DA:341,12
DA:342,12
DA:343,12
DA:344,12
DA:345,12
DA:346,12
DA:347,12
DA:348,12
DA:349,12
DA:350,12
DA:351,12
DA:352,12
DA:353,12
DA:354,12
DA:355,12
DA:356,12
DA:357,12
DA:358,12
DA:359,12
DA:360,12
DA:361,12
DA:362,12
DA:363,12
DA:364,12
DA:365,12
DA:366,12
DA:367,12
DA:368,12
DA:369,12
DA:370,12
DA:371,12
DA:372,12
DA:373,12
DA:374,12
DA:375,12
DA:376,12
DA:377,12
DA:378,12
DA:379,12
DA:380,12
DA:381,12
DA:382,12
DA:383,12
DA:384,12
DA:385,12
DA:386,12
DA:387,12
DA:388,12
DA:389,12
DA:390,12
DA:391,12
DA:392,12
DA:393,12
DA:394,12
DA:395,12
DA:396,12
DA:397,12
DA:398,12
DA:399,12
DA:400,12
DA:401,12
DA:402,12
DA:403,12
DA:404,12
DA:405,12
DA:406,12
DA:407,12
DA:408,12
DA:409,12
DA:410,12
DA:411,12
DA:412,12
DA:413,12
DA:414,12
DA:415,12
DA:416,12
DA:417,12
DA:418,12
DA:419,12
DA:420,12
DA:421,12
DA:422,12
DA:423,12
DA:424,12
DA:425,12
DA:426,12
DA:427,12
DA:428,12
DA:429,12
DA:430,12
DA:431,12
DA:432,12
DA:433,12
DA:434,12
DA:435,12
DA:436,12
DA:437,12
DA:438,12
DA:439,12
DA:440,12
DA:441,12
DA:442,12
DA:443,12
DA:444,12
DA:445,12
DA:446,12
DA:447,12
DA:448,12
DA:449,12
DA:450,12
DA:451,12
DA:452,12
DA:453,12
DA:454,12
DA:455,12
DA:456,12
DA:457,12
DA:458,12
DA:459,12
DA:460,12
DA:461,12
DA:462,12
DA:463,12
DA:464,12
DA:465,12
DA:466,12
DA:467,12
DA:468,12
DA:469,12
DA:470,12
DA:471,12
DA:472,12
DA:473,12
DA:474,12
DA:475,12
DA:476,12
DA:477,12
DA:478,12
DA:479,12
DA:480,12
DA:481,12
DA:482,12
DA:483,12
DA:484,12
DA:485,12
DA:486,12
DA:487,12
DA:488,12
DA:489,12
DA:490,12
DA:491,12
DA:492,12
DA:493,12
DA:494,12
DA:495,12
DA:496,12
DA:497,12
DA:498,12
DA:499,12
DA:500,12
DA:501,12
DA:502,12
DA:503,12
DA:504,12
DA:505,12
DA:506,12
DA:507,12
DA:508,12
DA:509,12
DA:510,12
DA:511,72
DA:512,72
DA:513,72
DA:514,60
DA:515,60
DA:516,60
DA:517,12
DA:518,12
DA:519,12
DA:520,12
DA:521,12
DA:522,12
DA:523,12
DA:524,12
DA:525,12
DA:526,72
DA:527,72
DA:528,72
DA:529,60
DA:530,60
DA:531,12
DA:532,12
DA:533,12
DA:534,12
DA:535,12
DA:536,12
DA:537,12
DA:538,12
DA:539,12
DA:540,12
DA:541,12
DA:542,12
DA:543,12
DA:544,12
DA:545,12
DA:546,12
DA:547,12
DA:548,12
DA:549,84
DA:550,84
DA:551,12
DA:552,12
DA:553,12
DA:554,12
DA:555,12
DA:556,12
DA:557,12
DA:558,12
DA:559,12
DA:560,60
DA:561,60
DA:562,12
DA:563,12
DA:564,12
DA:565,12
DA:566,12
DA:567,12
DA:568,12
DA:569,12
DA:570,12
DA:571,12
DA:572,84
DA:573,12
DA:574,12
DA:575,12
DA:576,12
DA:577,60
DA:578,60
DA:579,60
DA:580,60
DA:581,60
DA:582,60
DA:583,60
DA:584,60
DA:585,60
DA:586,60
DA:587,60
DA:588,12
DA:589,12
DA:590,12
DA:591,12
DA:592,12
DA:593,12
DA:594,12
DA:595,12
DA:596,12
DA:597,12
DA:598,12
DA:599,12
DA:600,12
DA:601,12
DA:602,12
DA:603,12
DA:604,12
DA:605,12
DA:606,12
DA:607,12
DA:608,12
DA:609,12
DA:610,12
DA:611,12
DA:612,12
DA:613,12
DA:614,12
DA:615,12
DA:616,12
DA:617,12
DA:618,12
DA:619,12
DA:620,12
DA:621,12
DA:622,12
DA:623,12
DA:624,12
DA:625,12
DA:626,12
DA:627,12
DA:628,12
DA:629,12
DA:630,12
DA:631,12
DA:632,12
DA:633,12
DA:634,12
DA:635,12
DA:636,12
DA:637,12
DA:638,12
DA:639,12
DA:640,12
DA:641,12
DA:642,12
DA:643,12
DA:644,12
DA:645,12
DA:646,12
DA:647,12
DA:648,12
DA:649,12
DA:650,12
DA:651,12
DA:652,12
DA:653,12
DA:654,12
DA:655,12
DA:656,12
DA:657,12
DA:658,12
DA:659,12
DA:660,12
DA:661,12
DA:662,12
DA:663,12
DA:664,12
DA:665,12
DA:666,12
DA:667,12
DA:668,12
DA:669,12
DA:670,12
DA:671,12
DA:672,12
DA:673,12
DA:674,12
DA:675,12
DA:676,12
DA:677,12
DA:678,12
DA:679,12
DA:680,12
DA:681,12
DA:682,12
DA:683,12
DA:684,12
DA:685,12
DA:686,12
DA:687,12
DA:688,12
DA:689,12
DA:690,12
DA:691,12
DA:692,12
DA:693,12
DA:694,12
DA:695,12
DA:696,12
DA:697,12
DA:698,12
DA:699,12
DA:700,12
DA:701,12
DA:702,12
DA:703,12
DA:704,12
DA:705,12
DA:706,12
DA:707,12
DA:708,12
DA:709,12
DA:710,12
DA:711,12
DA:712,12
DA:713,12
DA:714,12
DA:715,12
DA:716,12
DA:717,12
DA:718,12
DA:719,12
DA:720,12
DA:721,12
DA:722,12
DA:723,12
DA:724,12
DA:725,12
DA:726,12
DA:727,12
DA:728,12
DA:729,12
DA:730,12
DA:731,12
DA:732,12
DA:733,12
DA:734,12
DA:735,12
DA:736,12
DA:737,12
DA:738,12
DA:739,12
DA:740,12
DA:741,12
DA:742,12
DA:743,12
DA:744,12
DA:745,12
DA:746,12
DA:747,12
DA:748,12
DA:749,12
DA:750,12
DA:751,12
DA:752,12
DA:753,12
DA:754,12
DA:755,12
DA:756,12
DA:757,12
DA:758,12
DA:759,12
DA:760,12
DA:761,12
DA:762,12
DA:763,12
DA:764,12
DA:765,12
DA:766,12
DA:767,12
DA:768,12
DA:769,12
DA:770,12
DA:771,12
DA:772,12
DA:773,12
DA:774,12
DA:775,12
DA:776,12
DA:777,12
DA:778,12
DA:779,12
DA:780,12
DA:781,12
DA:782,12
DA:783,12
DA:784,12
DA:785,12
DA:786,12
DA:787,12
DA:788,12
DA:789,12
DA:790,12
DA:791,24
DA:792,24
DA:793,24
DA:794,24
DA:795,24
DA:796,24
DA:797,24
DA:798,24
DA:799,24
DA:800,12
DA:801,12
DA:802,12
DA:803,12
DA:804,12
DA:805,12
DA:806,12
DA:807,12
DA:808,12
DA:809,12
DA:810,12
DA:811,12
DA:812,12
DA:813,12
DA:814,12
DA:815,12
DA:816,12
DA:817,12
DA:818,12
DA:819,12
DA:820,12
DA:821,12
DA:822,12
DA:823,12
DA:824,12
DA:825,12
DA:826,12
DA:827,12
DA:828,12
DA:829,12
DA:830,12
DA:831,12
DA:832,12
DA:833,12
DA:834,12
DA:835,12
DA:836,12
DA:837,12
DA:838,12
DA:839,12
DA:840,12
DA:841,12
DA:842,12
DA:843,12
DA:844,12
DA:845,12
DA:846,12
DA:847,12
DA:848,12
DA:849,12
DA:850,12
DA:851,12
DA:852,12
DA:853,12
DA:854,12
DA:855,12
DA:856,12
DA:857,12
DA:858,12
DA:859,12
DA:860,12
DA:861,12
DA:862,12
DA:863,12
DA:864,12
DA:865,12
DA:866,12
DA:867,12
DA:868,12
DA:869,12
DA:870,12
DA:871,12
DA:872,48
DA:873,48
DA:874,48
DA:875,48
DA:876,48
DA:877,48
DA:878,48
DA:879,48
DA:880,12
DA:881,12
DA:882,12
DA:883,12
DA:884,12
DA:885,12
DA:886,12
DA:887,12
DA:888,12
DA:889,12
DA:890,12
DA:891,12
DA:892,12
DA:893,12
DA:894,12
DA:895,12
DA:896,12
DA:897,12
DA:898,12
DA:899,12
DA:900,12
DA:901,12
DA:902,12
DA:903,12
DA:904,12
DA:905,12
DA:906,12
DA:907,12
DA:908,12
DA:909,12
DA:910,12
DA:911,12
DA:912,12
DA:913,12
DA:914,12
DA:915,12
DA:916,12
DA:917,12
DA:918,12
DA:919,12
DA:920,12
DA:921,12
DA:922,12
DA:923,12
DA:924,12
DA:925,12
DA:926,12
DA:927,12
DA:928,12
DA:929,12
DA:930,12
DA:931,12
DA:932,12
DA:933,12
DA:934,12
DA:935,12
DA:936,12
DA:937,12
DA:938,12
DA:939,12
DA:940,12
DA:941,12
DA:942,12
DA:943,12
DA:944,12
DA:945,12
DA:946,12
DA:947,12
DA:948,12
DA:949,12
DA:950,12
DA:951,12
DA:952,12
DA:953,12
DA:954,12
DA:955,12
DA:956,12
DA:957,12
DA:958,12
DA:959,12
DA:960,12
DA:961,12
DA:962,12
DA:963,12
DA:964,12
DA:965,12
DA:966,12
DA:967,12
DA:968,12
DA:969,12
DA:970,12
DA:971,12
DA:972,12
DA:973,12
DA:974,12
DA:975,12
DA:976,12
DA:977,12
DA:978,12
DA:979,12
DA:980,12
DA:981,12
DA:982,12
DA:983,12
DA:984,12
DA:985,12
DA:986,12
DA:987,12
DA:988,12
DA:989,12
DA:990,12
DA:991,12
DA:992,12
DA:993,12
DA:994,12
DA:995,12
DA:996,12
DA:997,12
DA:998,12
DA:999,12
DA:1000,12
DA:1001,12
DA:1002,12
DA:1003,12
DA:1004,12
DA:1005,12
DA:1006,12
DA:1007,12
DA:1008,12
DA:1009,12
DA:1010,12
DA:1011,12
DA:1012,12
DA:1013,12
DA:1014,12
DA:1015,12
DA:1016,12
DA:1017,12
DA:1018,12
DA:1019,12
DA:1020,12
DA:1021,12
DA:1022,12
DA:1023,12
DA:1024,12
DA:1025,12
DA:1026,12
DA:1027,12
DA:1028,12
DA:1029,12
DA:1030,12
DA:1031,12
DA:1032,12
DA:1033,12
DA:1034,12
DA:1035,12
DA:1036,12
DA:1037,12
DA:1038,12
DA:1039,12
DA:1040,12
DA:1041,12
DA:1042,12
DA:1043,12
DA:1044,12
DA:1045,12
DA:1046,12
DA:1047,12
DA:1048,12
DA:1049,12
DA:1050,12
DA:1051,12
DA:1052,12
DA:1053,12
DA:1054,12
DA:1055,12
DA:1056,12
DA:1057,12
DA:1058,12
DA:1059,12
DA:1060,12
DA:1061,12
DA:1062,12
DA:1063,12
DA:1064,12
DA:1065,12
DA:1066,12
DA:1067,12
DA:1068,12
DA:1069,12
DA:1070,12
DA:1071,12
DA:1072,12
DA:1073,12
DA:1074,12
DA:1075,12
DA:1076,12
DA:1077,12
DA:1078,12
DA:1079,144
DA:1080,144
DA:1081,144
DA:1082,12
DA:1083,12
DA:1084,12
DA:1085,12
DA:1086,12
DA:1087,12
DA:1088,12
DA:1089,12
DA:1090,12
DA:1091,12
DA:1092,12
DA:1093,12
DA:1094,72
DA:1095,12
DA:1096,12
DA:1097,12
DA:1098,12
DA:1099,12
DA:1100,12
DA:1101,12
DA:1102,12
DA:1103,12
DA:1104,12
DA:1105,12
DA:1106,12
DA:1107,12
DA:1108,12
DA:1109,12
DA:1110,12
DA:1111,12
DA:1112,12
DA:1113,12
DA:1114,12
DA:1115,12
DA:1116,12
DA:1117,12
DA:1118,12
DA:1119,12
DA:1120,12
DA:1121,12
DA:1122,12
DA:1123,12
DA:1124,12
DA:1125,12
DA:1126,12
DA:1127,12
DA:1128,12
DA:1129,12
DA:1130,12
DA:1131,12
DA:1132,12
DA:1133,12
DA:1134,12
DA:1135,12
DA:1136,12
DA:1137,12
DA:1138,12
DA:1139,12
DA:1140,12
DA:1141,12
DA:1142,12
DA:1143,12
DA:1144,12
DA:1145,12
DA:1146,12
DA:1147,12
DA:1148,12
DA:1149,12
DA:1150,12
DA:1151,12
DA:1152,12
DA:1153,12
DA:1154,12
DA:1155,12
DA:1156,12
DA:1157,24
DA:1158,12
DA:1159,12
DA:1160,24
DA:1161,24
DA:1162,24
DA:1163,12
DA:1164,12
DA:1165,12
DA:1166,12
DA:1167,12
DA:1168,12
DA:1169,12
DA:1170,12
DA:1171,12
DA:1172,12
DA:1173,12
DA:1174,12
DA:1175,12
DA:1176,12
DA:1177,12
DA:1178,12
DA:1179,12
DA:1180,12
DA:1181,12
DA:1182,12
DA:1183,12
DA:1184,12
DA:1185,12
DA:1186,12
DA:1187,12
DA:1188,12
DA:1189,12
DA:1190,12
DA:1191,12
DA:1192,12
DA:1193,12
DA:1194,12
DA:1195,12
DA:1196,12
DA:1197,12
DA:1198,12
DA:1199,12
DA:1200,12
DA:1201,12
DA:1202,12
DA:1203,12
DA:1204,12
DA:1205,12
DA:1206,12
DA:1207,12
DA:1208,12
DA:1209,12
DA:1210,12
DA:1211,12
DA:1212,12
DA:1213,12
DA:1214,12
DA:1215,12
DA:1216,12
DA:1217,12
DA:1218,12
DA:1219,12
DA:1220,12
DA:1221,12
DA:1222,12
DA:1223,12
DA:1224,12
DA:1225,12
DA:1226,12
DA:1227,12
DA:1228,12
DA:1229,12
DA:1230,12
DA:1231,12
DA:1232,12
DA:1233,24
DA:1234,12
DA:1235,12
DA:1236,24
DA:1237,24
DA:1238,24
DA:1239,12
DA:1240,12
DA:1241,12
DA:1242,12
DA:1243,12
DA:1244,12
DA:1245,12
DA:1246,12
DA:1247,12
DA:1248,12
DA:1249,12
DA:1250,12
DA:1251,12
DA:1252,12
DA:1253,12
DA:1254,12
DA:1255,12
DA:1256,12
DA:1257,12
DA:1258,12
DA:1259,12
DA:1260,12
DA:1261,12
DA:1262,12
DA:1263,12
DA:1264,12
DA:1265,12
DA:1266,12
DA:1267,12
DA:1268,12
DA:1269,12
DA:1270,12
DA:1271,12
DA:1272,12
DA:1273,12
DA:1274,12
DA:1275,12
DA:1276,12
DA:1277,12
DA:1278,12
DA:1279,12
DA:1280,12
DA:1281,12
DA:1282,12
DA:1283,12
DA:1284,12
DA:1285,12
DA:1286,12
DA:1287,12
DA:1288,12
DA:1289,12
DA:1290,12
DA:1291,12
DA:1292,12
DA:1293,12
DA:1294,12
DA:1295,12
DA:1296,12
DA:1297,12
DA:1298,12
DA:1299,12
DA:1300,12
DA:1301,12
DA:1302,12
DA:1303,12
DA:1304,12
DA:1305,12
DA:1306,12
DA:1307,12
DA:1308,12
DA:1309,12
DA:1310,12
DA:1311,12
DA:1312,12
DA:1313,12
DA:1314,12
DA:1315,12
DA:1316,12
DA:1317,12
DA:1318,12
DA:1319,12
DA:1320,12
DA:1321,12
DA:1322,12
DA:1323,12
DA:1324,12
DA:1325,12
DA:1326,12
DA:1327,12
DA:1328,12
DA:1329,12
DA:1330,12
DA:1331,12
DA:1332,12
DA:1333,12
DA:1334,12
DA:1335,12
DA:1336,12
DA:1337,12
DA:1338,12
DA:1339,12
DA:1340,12
DA:1341,12
DA:1342,12
DA:1343,12
DA:1344,12
DA:1345,12
DA:1346,12
DA:1347,12
DA:1348,12
DA:1349,12
DA:1350,12
DA:1351,12
DA:1352,12
DA:1353,12
DA:1354,12
DA:1355,12
DA:1356,12
DA:1357,12
DA:1358,12
DA:1359,12
DA:1360,12
DA:1361,12
DA:1362,12
DA:1363,12
DA:1364,12
DA:1365,12
DA:1366,12
DA:1367,12
DA:1368,12
DA:1369,12
DA:1370,12
DA:1371,12
DA:1372,12
DA:1373,12
DA:1374,12
DA:1375,12
DA:1376,12
DA:1377,12
DA:1378,12
DA:1379,12
DA:1380,12
DA:1381,12
DA:1382,12
DA:1383,12
DA:1384,12
DA:1385,12
DA:1386,12
DA:1387,12
DA:1388,12
DA:1389,12
DA:1390,12
DA:1391,12
DA:1392,12
DA:1393,12
DA:1394,12
DA:1395,12
DA:1396,12
DA:1397,12
DA:1398,12
DA:1399,12
DA:1400,12
DA:1401,12
DA:1402,12
DA:1403,12
DA:1404,12
DA:1405,12
DA:1406,12
DA:1407,12
DA:1408,12
DA:1409,12
DA:1410,12
DA:1411,12
DA:1412,12
DA:1413,12
DA:1414,12
DA:1415,12
DA:1416,12
DA:1417,12
DA:1418,12
DA:1419,12
DA:1420,12
DA:1421,12
DA:1422,12
DA:1423,12
DA:1424,12
DA:1425,12
DA:1426,12
DA:1427,12
DA:1428,12
DA:1429,12
DA:1430,12
DA:1431,12
DA:1432,12
DA:1433,12
DA:1434,12
DA:1435,12
DA:1436,12
DA:1437,12
DA:1438,12
DA:1439,12
DA:1440,12
DA:1441,12
DA:1442,12
DA:1443,12
DA:1444,12
DA:1445,12
DA:1446,12
DA:1447,12
DA:1448,12
DA:1449,12
DA:1450,12
DA:1451,12
DA:1452,12
DA:1453,12
DA:1454,12
DA:1455,12
DA:1456,12
DA:1457,12
DA:1458,12
DA:1459,12
DA:1460,12
DA:1461,12
DA:1462,12
DA:1463,12
DA:1464,12
DA:1465,12
DA:1466,12
DA:1467,12
DA:1468,12
DA:1469,12
DA:1470,12
DA:1471,12
DA:1472,12
DA:1473,12
DA:1474,12
DA:1475,12
DA:1476,12
DA:1477,12
DA:1478,12
DA:1479,12
DA:1480,12
DA:1481,12
DA:1482,12
DA:1483,12
DA:1484,12
DA:1485,12
DA:1486,12
DA:1487,12
DA:1488,12
DA:1489,12
DA:1490,12
DA:1491,12
DA:1492,12
DA:1493,12
DA:1494,12
DA:1495,12
DA:1496,12
DA:1497,12
DA:1498,12
DA:1499,12
DA:1500,12
DA:1501,12
DA:1502,12
DA:1503,168
DA:1504,168
DA:1505,12
DA:1506,12
DA:1507,12
DA:1508,12
DA:1509,12
DA:1510,12
DA:1511,12
DA:1512,12
DA:1513,12
DA:1514,120
DA:1515,120
DA:1516,12
DA:1517,12
DA:1518,12
DA:1519,12
DA:1520,12
DA:1521,12
DA:1522,12
DA:1523,12
DA:1524,12
DA:1525,12
DA:1526,168
DA:1527,12
DA:1528,12
DA:1529,12
DA:1530,12
DA:1531,60
DA:1532,60
DA:1533,60
DA:1534,60
DA:1535,60
DA:1536,60
DA:1537,60
DA:1538,60
DA:1539,60
DA:1540,60
DA:1541,60
DA:1542,12
DA:1543,12
DA:1544,12
DA:1545,12
DA:1546,12
DA:1547,12
DA:1548,12
DA:1549,12
DA:1550,12
DA:1551,12
DA:1552,12
DA:1553,12
DA:1554,12
DA:1555,12
DA:1556,12
DA:1557,12
DA:1558,12
DA:1559,12
DA:1560,12
DA:1561,12
DA:1562,12
DA:1563,12
DA:1564,12
DA:1565,12
DA:1566,12
DA:1567,12
DA:1568,12
DA:1569,12
DA:1570,12
DA:1571,12
DA:1572,12
DA:1573,12
DA:1574,12
DA:1575,12
DA:1576,12
DA:1577,12
DA:1578,12
DA:1579,12
DA:1580,12
DA:1581,12
DA:1582,12
DA:1583,12
DA:1584,12
DA:1585,12
DA:1586,12
DA:1587,12
DA:1588,12
DA:1589,12
DA:1590,12
DA:1591,12
DA:1592,12
DA:1593,12
DA:1594,12
DA:1595,12
DA:1596,12
DA:1597,12
DA:1598,12
DA:1599,12
DA:1600,12
DA:1601,12
DA:1602,12
DA:1603,12
DA:1604,12
DA:1605,12
DA:1606,12
DA:1607,12
DA:1608,12
DA:1609,12
DA:1610,12
DA:1611,12
DA:1612,12
DA:1613,12
DA:1614,12
DA:1615,12
DA:1616,12
DA:1617,12
DA:1618,12
DA:1619,12
DA:1620,12
DA:1621,12
DA:1622,12
DA:1623,12
DA:1624,12
DA:1625,12
DA:1626,12
DA:1627,12
DA:1628,12
DA:1629,12
DA:1630,12
DA:1631,12
DA:1632,12
DA:1633,12
DA:1634,12
DA:1635,12
DA:1636,12
DA:1637,12
DA:1638,12
DA:1639,12
DA:1640,12
DA:1641,12
DA:1642,12
DA:1643,12
DA:1644,12
DA:1645,12
DA:1646,12
DA:1647,12
DA:1648,12
DA:1649,12
DA:1650,12
DA:1651,12
DA:1652,12
DA:1653,12
DA:1654,12
DA:1655,12
DA:1656,12
DA:1657,12
DA:1658,12
DA:1659,12
DA:1660,12
DA:1661,12
DA:1662,12
DA:1663,12
DA:1664,12
DA:1665,12
DA:1666,12
DA:1667,12
DA:1668,12
DA:1669,12
DA:1670,12
DA:1671,12
DA:1672,12
DA:1673,12
DA:1674,12
DA:1675,12
DA:1676,12
DA:1677,12
DA:1678,12
DA:1679,12
DA:1680,12
DA:1681,12
DA:1682,12
DA:1683,12
DA:1684,12
DA:1685,12
DA:1686,12
DA:1687,12
DA:1688,12
DA:1689,12
DA:1690,12
DA:1691,12
DA:1692,12
DA:1693,12
DA:1694,12
DA:1695,12
DA:1696,12
DA:1697,12
DA:1698,12
DA:1699,12
DA:1700,12
DA:1701,12
DA:1702,12
DA:1703,12
DA:1704,12
DA:1705,12
DA:1706,12
DA:1707,12
DA:1708,12
DA:1709,12
DA:1710,12
DA:1711,12
DA:1712,12
DA:1713,12
DA:1714,12
DA:1715,12
DA:1716,12
DA:1717,12
DA:1718,12
DA:1719,12
DA:1720,12
DA:1721,12
DA:1722,12
DA:1723,12
DA:1724,12
DA:1725,12
DA:1726,12
DA:1727,12
DA:1728,12
DA:1729,12
DA:1730,12
DA:1731,12
DA:1732,12
DA:1733,12
DA:1734,12
DA:1735,12
DA:1736,12
DA:1737,12
DA:1738,12
DA:1739,12
DA:1740,12
DA:1741,60
DA:1742,60
DA:1743,60
DA:1744,60
DA:1745,60
DA:1746,60
DA:1747,60
DA:1748,60
DA:1749,60
DA:1750,60
DA:1751,60
DA:1752,12
DA:1753,12
DA:1754,12
DA:1755,12
DA:1756,12
DA:1757,12
DA:1758,12
DA:1759,12
DA:1760,12
DA:1761,12
DA:1762,12
DA:1763,12
DA:1764,12
DA:1765,12
DA:1766,12
DA:1767,12
DA:1768,12
DA:1769,12
DA:1770,12
DA:1771,12
DA:1772,12
DA:1773,12
DA:1774,12
DA:1775,12
DA:1776,12
DA:1777,12
DA:1778,12
DA:1779,12
DA:1780,12
DA:1781,12
DA:1782,12
DA:1783,12
DA:1784,12
DA:1785,12
DA:1786,12
DA:1787,12
DA:1788,12
DA:1789,12
DA:1790,12
DA:1791,12
DA:1792,12
DA:1793,12
DA:1794,12
DA:1795,12
DA:1796,12
DA:1797,12
DA:1798,12
DA:1799,12
DA:1800,12
DA:1801,12
DA:1802,12
DA:1803,12
DA:1804,12
DA:1805,12
DA:1806,12
DA:1807,12
DA:1808,12
DA:1809,12
DA:1810,12
DA:1811,12
DA:1812,12
DA:1813,12
DA:1814,12
DA:1815,12
DA:1816,12
DA:1817,12
DA:1818,12
DA:1819,12
DA:1820,12
DA:1821,12
DA:1822,12
DA:1823,12
DA:1824,12
DA:1825,12
DA:1826,12
DA:1827,12
DA:1828,12
DA:1829,12
DA:1830,12
DA:1831,12
DA:1832,12
DA:1833,12
DA:1834,12
DA:1835,12
DA:1836,12
DA:1837,12
DA:1838,12
DA:1839,12
DA:1840,12
DA:1841,12
DA:1842,12
DA:1843,12
DA:1844,12
DA:1845,12
DA:1846,12
DA:1847,12
DA:1848,12
DA:1849,12
DA:1850,12
DA:1851,12
DA:1852,12
DA:1853,12
DA:1854,12
DA:1855,12
DA:1856,12
DA:1857,12
DA:1858,12
DA:1859,12
DA:1860,12
DA:1861,12
DA:1862,12
DA:1863,12
DA:1864,12
DA:1865,12
DA:1866,12
DA:1867,12
DA:1868,12
DA:1869,12
DA:1870,12
DA:1871,12
DA:1872,12
DA:1873,12
DA:1874,12
DA:1875,12
DA:1876,12
DA:1877,12
DA:1878,12
DA:1879,12
DA:1880,12
DA:1881,12
DA:1882,12
DA:1883,12
DA:1884,12
DA:1885,12
DA:1886,12
DA:1887,12
DA:1888,12
DA:1889,12
DA:1890,12
DA:1891,12
DA:1892,12
DA:1893,12
DA:1894,12
DA:1895,12
DA:1896,12
DA:1897,12
DA:1898,12
DA:1899,12
DA:1900,12
DA:1901,12
DA:1902,12
DA:1903,12
DA:1904,12
DA:1905,12
DA:1906,12
DA:1907,12
DA:1908,12
DA:1909,12
DA:1910,12
DA:1911,12
DA:1912,12
DA:1913,12
DA:1914,12
DA:1915,12
DA:1916,12
DA:1917,12
DA:1918,12
DA:1919,12
DA:1920,12
DA:1921,12
DA:1922,12
DA:1923,12
DA:1924,12
DA:1925,12
DA:1926,12
DA:1927,12
DA:1928,12
DA:1929,12
DA:1930,12
DA:1931,12
DA:1932,12
DA:1933,12
DA:1934,12
DA:1935,12
DA:1936,12
DA:1937,12
DA:1938,12
DA:1939,12
DA:1940,12
DA:1941,12
DA:1942,12
DA:1943,12
DA:1944,12
DA:1945,12
DA:1946,12
DA:1947,48
DA:1948,48
DA:1949,48
DA:1950,48
DA:1951,120
DA:1952,120
DA:1953,120
DA:1954,120
DA:1955,120
DA:1956,120
DA:1957,120
DA:1958,120
DA:1959,12
DA:1960,12
DA:1961,12
DA:1962,12
DA:1963,12
DA:1964,12
DA:1965,12
DA:1966,12
DA:1967,12
DA:1968,12
DA:1969,12
DA:1970,12
DA:1971,12
DA:1972,12
DA:1973,12
DA:1974,2
DA:1975,2
LF:1975
LH:1975
BRDA:13,0,0,2
BRDA:24,1,0,80
BRDA:37,2,0,80
BRDA:42,3,0,80
BRDA:43,4,0,80
BRDA:54,5,0,80
BRDA:59,6,0,80
BRDA:61,7,0,80
BRDA:75,8,0,80
BRDA:80,9,0,80
BRDA:82,10,0,80
BRDA:84,11,0,80
BRDA:96,12,0,80
BRDA:102,13,0,160
BRDA:104,14,0,80
BRDA:104,15,0,80
BRDA:109,16,0,80
BRDA:114,17,0,12
BRDA:115,18,0,12
BRDA:143,19,0,12
BRDA:161,20,0,12
BRDA:188,21,0,12
BRDA:196,22,0,12
BRDA:206,23,0,24
BRDA:252,24,0,12
BRDA:286,25,0,12
BRDA:299,26,0,72
BRDA:314,27,0,36
BRDA:374,28,0,12
BRDA:377,29,0,12
BRDA:450,30,0,12
BRDA:453,31,0,12
BRDA:499,32,0,12
BRDA:508,33,0,144
BRDA:510,34,0,12
BRDA:510,35,0,72
BRDA:513,36,0,12
BRDA:514,37,0,60
BRDA:525,38,0,72
BRDA:528,39,0,12
BRDA:529,40,0,60
BRDA:535,41,0,12
BRDA:548,42,0,84
BRDA:559,43,0,60
BRDA:571,44,0,84
BRDA:576,45,0,60
BRDA:580,46,0,60
BRDA:753,47,0,12
BRDA:790,48,0,24
BRDA:815,49,0,12
BRDA:853,50,0,24
BRDA:861,51,0,24
BRDA:871,52,0,48
BRDA:917,53,0,12
BRDA:1018,54,0,12
BRDA:1052,55,0,12
BRDA:1078,56,0,144
BRDA:1093,57,0,72
BRDA:1156,58,0,24
BRDA:1159,59,0,24
BRDA:1232,60,0,24
BRDA:1235,61,0,24
BRDA:1476,62,0,12
BRDA:1502,63,0,168
BRDA:1513,64,0,120
BRDA:1525,65,0,168
BRDA:1530,66,0,60
BRDA:1534,67,0,60
BRDA:1740,68,0,60
BRDA:1744,69,0,60
BRDA:1919,70,0,12
BRDA:1946,71,0,48
BRDA:1950,72,0,120
BRDA:1955,73,0,36
BRDA:1956,74,0,84
BRDA:1957,75,0,0
BRDA:1961,76,0,12
BRF:77
BRH:76
end_of_record
