<?xml version="1.0" encoding="UTF-8"?>
<coverage generated="1725511513577" clover="3.2.0">
  <project timestamp="1725511513577" name="All files">
    <metrics statements="397" coveredstatements="397" conditionals="69" coveredconditionals="68" methods="34" coveredmethods="34" elements="500" coveredelements="499" complexity="0" loc="397" ncloc="397" packages="1" files="4" classes="4"/>
    <file name="index.ts" path="C:\@turtlefly\Code\medama\src\index.ts">
      <metrics statements="2" coveredstatements="2" conditionals="1" coveredconditionals="1" methods="1" coveredmethods="1"/>
      <line num="1" count="1" type="cond" truecount="1" falsecount="0"/>
      <line num="2" count="1" type="stmt"/>
    </file>
    <file name="medama.ts" path="C:\@turtlefly\Code\medama\src\medama.ts">
      <metrics statements="69" coveredstatements="69" conditionals="15" coveredconditionals="14" methods="8" coveredmethods="8"/>
      <line num="1" count="1" type="stmt"/>
      <line num="2" count="1" type="stmt"/>
      <line num="3" count="1" type="stmt"/>
      <line num="4" count="1" type="stmt"/>
      <line num="5" count="1" type="stmt"/>
      <line num="6" count="1" type="stmt"/>
      <line num="7" count="1" type="stmt"/>
      <line num="8" count="1" type="stmt"/>
      <line num="9" count="1" type="stmt"/>
      <line num="10" count="1" type="stmt"/>
      <line num="11" count="1" type="stmt"/>
      <line num="12" count="1" type="stmt"/>
      <line num="13" count="1" type="stmt"/>
      <line num="14" count="1" type="cond" truecount="1" falsecount="0"/>
      <line num="15" count="47" type="stmt"/>
      <line num="16" count="47" type="stmt"/>
      <line num="17" count="47" type="stmt"/>
      <line num="18" count="47" type="stmt"/>
      <line num="19" count="47" type="cond" truecount="1" falsecount="0"/>
      <line num="20" count="46" type="stmt"/>
      <line num="21" count="46" type="stmt"/>
      <line num="22" count="46" type="stmt"/>
      <line num="23" count="46" type="cond" truecount="1" falsecount="0"/>
      <line num="24" count="68" type="stmt"/>
      <line num="25" count="46" type="stmt"/>
      <line num="26" count="46" type="stmt"/>
      <line num="27" count="46" type="stmt"/>
      <line num="28" count="46" type="stmt"/>
      <line num="29" count="46" type="stmt"/>
      <line num="30" count="47" type="stmt"/>
      <line num="31" count="47" type="stmt"/>
      <line num="32" count="47" type="cond" truecount="1" falsecount="0"/>
      <line num="33" count="47" type="stmt"/>
      <line num="34" count="47" type="cond" truecount="1" falsecount="0"/>
      <line num="35" count="162" type="stmt"/>
      <line num="36" count="162" type="cond" truecount="2" falsecount="0"/>
      <line num="37" count="162" type="stmt"/>
      <line num="38" count="162" type="stmt"/>
      <line num="39" count="162" type="stmt"/>
      <line num="40" count="162" type="stmt"/>
      <line num="41" count="47" type="stmt"/>
      <line num="42" count="47" type="stmt"/>
      <line num="43" count="47" type="cond" truecount="1" falsecount="0"/>
      <line num="44" count="23" type="stmt"/>
      <line num="45" count="23" type="stmt"/>
      <line num="46" count="23" type="stmt"/>
      <line num="47" count="23" type="stmt"/>
      <line num="48" count="47" type="stmt"/>
      <line num="49" count="47" type="stmt"/>
      <line num="50" count="47" type="stmt"/>
      <line num="51" count="47" type="stmt"/>
      <line num="52" count="47" type="stmt"/>
      <line num="53" count="47" type="stmt"/>
      <line num="54" count="1" type="stmt"/>
      <line num="55" count="1" type="cond" truecount="1" falsecount="0"/>
      <line num="56" count="46" type="stmt"/>
      <line num="57" count="46" type="stmt"/>
      <line num="58" count="46" type="cond" truecount="1" falsecount="0"/>
      <line num="59" count="18" type="cond" truecount="0" falsecount="1"/>
      <line num="60" count="18" type="stmt"/>
      <line num="61" count="46" type="stmt"/>
      <line num="62" count="46" type="stmt"/>
      <line num="63" count="46" type="cond" truecount="1" falsecount="0"/>
      <line num="64" count="68" type="cond" truecount="3" falsecount="0"/>
      <line num="65" count="68" type="stmt"/>
      <line num="66" count="46" type="stmt"/>
      <line num="67" count="46" type="stmt"/>
      <line num="68" count="46" type="stmt"/>
      <line num="69" count="46" type="stmt"/>
    </file>
    <file name="selectorStore.ts" path="C:\@turtlefly\Code\medama\src\selectorStore.ts">
      <metrics statements="149" coveredstatements="149" conditionals="22" coveredconditionals="22" methods="10" coveredmethods="10"/>
      <line num="1" count="1" type="stmt"/>
      <line num="2" count="1" type="stmt"/>
      <line num="3" count="1" type="stmt"/>
      <line num="4" count="1" type="stmt"/>
      <line num="5" count="1" type="stmt"/>
      <line num="6" count="1" type="stmt"/>
      <line num="7" count="1" type="stmt"/>
      <line num="8" count="1" type="stmt"/>
      <line num="9" count="1" type="cond" truecount="1" falsecount="0"/>
      <line num="10" count="70" type="stmt"/>
      <line num="11" count="70" type="stmt"/>
      <line num="12" count="70" type="stmt"/>
      <line num="13" count="70" type="stmt"/>
      <line num="14" count="70" type="stmt"/>
      <line num="15" count="70" type="stmt"/>
      <line num="16" count="70" type="stmt"/>
      <line num="17" count="70" type="stmt"/>
      <line num="18" count="70" type="stmt"/>
      <line num="19" count="70" type="stmt"/>
      <line num="20" count="70" type="cond" truecount="1" falsecount="0"/>
      <line num="21" count="236" type="cond" truecount="1" falsecount="0"/>
      <line num="22" count="236" type="stmt"/>
      <line num="23" count="236" type="cond" truecount="2" falsecount="0"/>
      <line num="24" count="236" type="stmt"/>
      <line num="25" count="236" type="stmt"/>
      <line num="26" count="236" type="stmt"/>
      <line num="27" count="236" type="stmt"/>
      <line num="28" count="236" type="stmt"/>
      <line num="29" count="236" type="stmt"/>
      <line num="30" count="236" type="stmt"/>
      <line num="31" count="236" type="stmt"/>
      <line num="32" count="236" type="stmt"/>
      <line num="33" count="70" type="stmt"/>
      <line num="34" count="70" type="stmt"/>
      <line num="35" count="70" type="stmt"/>
      <line num="36" count="70" type="stmt"/>
      <line num="37" count="70" type="stmt"/>
      <line num="38" count="70" type="cond" truecount="1" falsecount="0"/>
      <line num="39" count="68" type="stmt"/>
      <line num="40" count="68" type="cond" truecount="2" falsecount="0"/>
      <line num="41" count="68" type="stmt"/>
      <line num="42" count="68" type="stmt"/>
      <line num="43" count="68" type="stmt"/>
      <line num="44" count="68" type="stmt"/>
      <line num="45" count="68" type="stmt"/>
      <line num="46" count="70" type="stmt"/>
      <line num="47" count="70" type="stmt"/>
      <line num="48" count="70" type="cond" truecount="1" falsecount="0"/>
      <line num="49" count="68" type="stmt"/>
      <line num="50" count="68" type="stmt"/>
      <line num="51" count="68" type="stmt"/>
      <line num="52" count="68" type="stmt"/>
      <line num="53" count="68" type="stmt"/>
      <line num="54" count="68" type="stmt"/>
      <line num="55" count="68" type="cond" truecount="2" falsecount="0"/>
      <line num="56" count="70" type="stmt"/>
      <line num="57" count="70" type="stmt"/>
      <line num="58" count="70" type="stmt"/>
      <line num="59" count="70" type="stmt"/>
      <line num="60" count="1" type="stmt"/>
      <line num="61" count="1" type="stmt"/>
      <line num="62" count="1" type="stmt"/>
      <line num="63" count="1" type="stmt"/>
      <line num="64" count="1" type="stmt"/>
      <line num="65" count="1" type="stmt"/>
      <line num="66" count="1" type="stmt"/>
      <line num="67" count="1" type="stmt"/>
      <line num="68" count="1" type="stmt"/>
      <line num="69" count="1" type="stmt"/>
      <line num="70" count="1" type="stmt"/>
      <line num="71" count="1" type="stmt"/>
      <line num="72" count="1" type="stmt"/>
      <line num="73" count="1" type="cond" truecount="1" falsecount="0"/>
      <line num="74" count="270" type="stmt"/>
      <line num="75" count="270" type="stmt"/>
      <line num="76" count="270" type="stmt"/>
      <line num="77" count="270" type="stmt"/>
      <line num="78" count="270" type="stmt"/>
      <line num="79" count="270" type="stmt"/>
      <line num="80" count="270" type="stmt"/>
      <line num="81" count="270" type="stmt"/>
      <line num="82" count="270" type="stmt"/>
      <line num="83" count="270" type="stmt"/>
      <line num="84" count="270" type="stmt"/>
      <line num="85" count="270" type="stmt"/>
      <line num="86" count="270" type="stmt"/>
      <line num="87" count="270" type="stmt"/>
      <line num="88" count="270" type="stmt"/>
      <line num="89" count="270" type="stmt"/>
      <line num="90" count="270" type="stmt"/>
      <line num="91" count="270" type="stmt"/>
      <line num="92" count="270" type="stmt"/>
      <line num="93" count="270" type="cond" truecount="1" falsecount="0"/>
      <line num="94" count="270" type="stmt"/>
      <line num="95" count="270" type="cond" truecount="1" falsecount="0"/>
      <line num="96" count="68" type="stmt"/>
      <line num="97" count="68" type="stmt"/>
      <line num="98" count="68" type="cond" truecount="1" falsecount="0"/>
      <line num="99" count="32" type="stmt"/>
      <line num="100" count="68" type="stmt"/>
      <line num="101" count="270" type="stmt"/>
      <line num="102" count="270" type="stmt"/>
      <line num="103" count="270" type="cond" truecount="1" falsecount="0"/>
      <line num="104" count="304" type="stmt"/>
      <line num="105" count="304" type="stmt"/>
      <line num="106" count="304" type="stmt"/>
      <line num="107" count="304" type="stmt"/>
      <line num="108" count="304" type="stmt"/>
      <line num="109" count="304" type="stmt"/>
      <line num="110" count="304" type="cond" truecount="1" falsecount="0"/>
      <line num="111" count="8" type="stmt"/>
      <line num="112" count="8" type="stmt"/>
      <line num="113" count="8" type="stmt"/>
      <line num="114" count="304" type="stmt"/>
      <line num="115" count="304" type="cond" truecount="1" falsecount="0"/>
      <line num="116" count="304" type="stmt"/>
      <line num="117" count="304" type="stmt"/>
      <line num="118" count="304" type="stmt"/>
      <line num="119" count="270" type="stmt"/>
      <line num="120" count="270" type="stmt"/>
      <line num="121" count="270" type="stmt"/>
      <line num="122" count="270" type="stmt"/>
      <line num="123" count="270" type="stmt"/>
      <line num="124" count="270" type="stmt"/>
      <line num="125" count="270" type="stmt"/>
      <line num="126" count="270" type="cond" truecount="1" falsecount="0"/>
      <line num="127" count="188" type="stmt"/>
      <line num="128" count="188" type="stmt"/>
      <line num="129" count="188" type="stmt"/>
      <line num="130" count="188" type="cond" truecount="1" falsecount="0"/>
      <line num="131" count="120" type="stmt"/>
      <line num="132" count="120" type="stmt"/>
      <line num="133" count="120" type="stmt"/>
      <line num="134" count="120" type="stmt"/>
      <line num="135" count="120" type="stmt"/>
      <line num="136" count="68" type="cond" truecount="1" falsecount="0"/>
      <line num="137" count="68" type="stmt"/>
      <line num="138" count="68" type="stmt"/>
      <line num="139" count="68" type="cond" truecount="1" falsecount="0"/>
      <line num="140" count="70" type="stmt"/>
      <line num="141" count="68" type="stmt"/>
      <line num="142" count="68" type="stmt"/>
      <line num="143" count="68" type="stmt"/>
      <line num="144" count="270" type="stmt"/>
      <line num="145" count="270" type="stmt"/>
      <line num="146" count="270" type="stmt"/>
      <line num="147" count="270" type="stmt"/>
      <line num="148" count="270" type="stmt"/>
      <line num="149" count="270" type="stmt"/>
    </file>
    <file name="state.ts" path="C:\@turtlefly\Code\medama\src\state.ts">
      <metrics statements="177" coveredstatements="177" conditionals="31" coveredconditionals="31" methods="15" coveredmethods="15"/>
      <line num="1" count="1" type="stmt"/>
      <line num="2" count="1" type="stmt"/>
      <line num="3" count="1" type="stmt"/>
      <line num="4" count="1" type="stmt"/>
      <line num="5" count="1" type="stmt"/>
      <line num="6" count="1" type="stmt"/>
      <line num="7" count="1" type="stmt"/>
      <line num="8" count="1" type="stmt"/>
      <line num="9" count="1" type="stmt"/>
      <line num="10" count="1" type="stmt"/>
      <line num="11" count="1" type="stmt"/>
      <line num="12" count="1" type="stmt"/>
      <line num="13" count="1" type="stmt"/>
      <line num="14" count="1" type="stmt"/>
      <line num="15" count="1" type="stmt"/>
      <line num="16" count="1" type="stmt"/>
      <line num="17" count="1" type="stmt"/>
      <line num="18" count="1" type="stmt"/>
      <line num="19" count="1" type="stmt"/>
      <line num="20" count="1" type="stmt"/>
      <line num="21" count="1" type="stmt"/>
      <line num="22" count="1" type="stmt"/>
      <line num="23" count="1" type="cond" truecount="1" falsecount="0"/>
      <line num="24" count="70" type="stmt"/>
      <line num="25" count="70" type="stmt"/>
      <line num="26" count="70" type="stmt"/>
      <line num="27" count="70" type="stmt"/>
      <line num="28" count="70" type="stmt"/>
      <line num="29" count="70" type="stmt"/>
      <line num="30" count="70" type="stmt"/>
      <line num="31" count="70" type="stmt"/>
      <line num="32" count="70" type="stmt"/>
      <line num="33" count="70" type="stmt"/>
      <line num="34" count="70" type="stmt"/>
      <line num="35" count="70" type="stmt"/>
      <line num="36" count="70" type="stmt"/>
      <line num="37" count="70" type="stmt"/>
      <line num="38" count="70" type="stmt"/>
      <line num="39" count="70" type="stmt"/>
      <line num="40" count="70" type="stmt"/>
      <line num="41" count="70" type="cond" truecount="1" falsecount="0"/>
      <line num="42" count="702" type="stmt"/>
      <line num="43" count="702" type="cond" truecount="1" falsecount="0"/>
      <line num="44" count="70" type="stmt"/>
      <line num="45" count="70" type="stmt"/>
      <line num="46" count="70" type="cond" truecount="1" falsecount="0"/>
      <line num="47" count="508" type="stmt"/>
      <line num="48" count="508" type="stmt"/>
      <line num="49" count="508" type="stmt"/>
      <line num="50" count="70" type="stmt"/>
      <line num="51" count="70" type="stmt"/>
      <line num="52" count="70" type="cond" truecount="1" falsecount="0"/>
      <line num="53" count="70" type="cond" truecount="1" falsecount="0"/>
      <line num="54" count="70" type="stmt"/>
      <line num="55" count="70" type="cond" truecount="1" falsecount="0"/>
      <line num="56" count="162" type="cond" truecount="1" falsecount="0"/>
      <line num="57" count="162" type="stmt"/>
      <line num="58" count="162" type="stmt"/>
      <line num="59" count="162" type="stmt"/>
      <line num="60" count="162" type="stmt"/>
      <line num="61" count="70" type="stmt"/>
      <line num="62" count="70" type="stmt"/>
      <line num="63" count="70" type="cond" truecount="1" falsecount="0"/>
      <line num="64" count="278" type="stmt"/>
      <line num="65" count="278" type="stmt"/>
      <line num="66" count="278" type="stmt"/>
      <line num="67" count="70" type="stmt"/>
      <line num="68" count="70" type="stmt"/>
      <line num="69" count="70" type="stmt"/>
      <line num="70" count="70" type="stmt"/>
      <line num="71" count="70" type="stmt"/>
      <line num="72" count="70" type="stmt"/>
      <line num="73" count="70" type="stmt"/>
      <line num="74" count="70" type="stmt"/>
      <line num="75" count="70" type="stmt"/>
      <line num="76" count="70" type="stmt"/>
      <line num="77" count="70" type="stmt"/>
      <line num="78" count="70" type="cond" truecount="1" falsecount="0"/>
      <line num="79" count="488" type="stmt"/>
      <line num="80" count="488" type="stmt"/>
      <line num="81" count="488" type="stmt"/>
      <line num="82" count="488" type="cond" truecount="1" falsecount="0"/>
      <line num="83" count="390" type="cond" truecount="2" falsecount="0"/>
      <line num="84" count="390" type="stmt"/>
      <line num="85" count="390" type="stmt"/>
      <line num="86" count="484" type="cond" truecount="1" falsecount="0"/>
      <line num="87" count="484" type="stmt"/>
      <line num="88" count="70" type="stmt"/>
      <line num="89" count="70" type="stmt"/>
      <line num="90" count="70" type="cond" truecount="1" falsecount="0"/>
      <line num="91" count="214" type="stmt"/>
      <line num="92" count="214" type="stmt"/>
      <line num="93" count="214" type="stmt"/>
      <line num="94" count="214" type="stmt"/>
      <line num="95" count="214" type="stmt"/>
      <line num="96" count="214" type="cond" truecount="2" falsecount="0"/>
      <line num="97" count="214" type="stmt"/>
      <line num="98" count="214" type="stmt"/>
      <line num="99" count="70" type="stmt"/>
      <line num="100" count="70" type="stmt"/>
      <line num="101" count="70" type="stmt"/>
      <line num="102" count="70" type="stmt"/>
      <line num="103" count="70" type="stmt"/>
      <line num="104" count="70" type="stmt"/>
      <line num="105" count="70" type="stmt"/>
      <line num="106" count="70" type="stmt"/>
      <line num="107" count="70" type="stmt"/>
      <line num="108" count="70" type="stmt"/>
      <line num="109" count="1" type="stmt"/>
      <line num="110" count="1" type="stmt"/>
      <line num="111" count="1" type="stmt"/>
      <line num="112" count="1" type="stmt"/>
      <line num="113" count="1" type="stmt"/>
      <line num="114" count="1" type="stmt"/>
      <line num="115" count="1" type="stmt"/>
      <line num="116" count="1" type="cond" truecount="1" falsecount="0"/>
      <line num="117" count="278" type="stmt"/>
      <line num="118" count="278" type="stmt"/>
      <line num="119" count="278" type="stmt"/>
      <line num="120" count="278" type="stmt"/>
      <line num="121" count="278" type="stmt"/>
      <line num="122" count="278" type="cond" truecount="1" falsecount="0"/>
      <line num="123" count="120" type="cond" truecount="1" falsecount="0"/>
      <line num="124" count="282" type="stmt"/>
      <line num="125" count="120" type="stmt"/>
      <line num="126" count="278" type="stmt"/>
      <line num="127" count="278" type="stmt"/>
      <line num="128" count="278" type="stmt"/>
      <line num="129" count="278" type="stmt"/>
      <line num="130" count="278" type="stmt"/>
      <line num="131" count="278" type="cond" truecount="1" falsecount="0"/>
      <line num="132" count="188" type="cond" truecount="1" falsecount="0"/>
      <line num="133" count="278" type="stmt"/>
      <line num="134" count="278" type="stmt"/>
      <line num="135" count="278" type="stmt"/>
      <line num="136" count="278" type="stmt"/>
      <line num="137" count="278" type="stmt"/>
      <line num="138" count="278" type="stmt"/>
      <line num="139" count="278" type="cond" truecount="1" falsecount="0"/>
      <line num="140" count="390" type="stmt"/>
      <line num="141" count="390" type="stmt"/>
      <line num="142" count="390" type="cond" truecount="1" falsecount="0"/>
      <line num="143" count="282" type="stmt"/>
      <line num="144" count="390" type="stmt"/>
      <line num="145" count="278" type="stmt"/>
      <line num="146" count="278" type="stmt"/>
      <line num="147" count="278" type="stmt"/>
      <line num="148" count="278" type="stmt"/>
      <line num="149" count="1" type="stmt"/>
      <line num="150" count="1" type="stmt"/>
      <line num="151" count="1" type="stmt"/>
      <line num="152" count="1" type="stmt"/>
      <line num="153" count="1" type="stmt"/>
      <line num="154" count="1" type="cond" truecount="1" falsecount="0"/>
      <line num="155" count="70" type="stmt"/>
      <line num="156" count="70" type="stmt"/>
      <line num="157" count="70" type="stmt"/>
      <line num="158" count="70" type="cond" truecount="1" falsecount="0"/>
      <line num="159" count="170" type="stmt"/>
      <line num="160" count="70" type="stmt"/>
      <line num="161" count="70" type="stmt"/>
      <line num="162" count="70" type="cond" truecount="1" falsecount="0"/>
      <line num="163" count="162" type="cond" truecount="1" falsecount="0"/>
      <line num="164" count="170" type="cond" truecount="1" falsecount="0"/>
      <line num="165" count="202" type="cond" truecount="1" falsecount="0"/>
      <line num="166" count="188" type="cond" truecount="1" falsecount="0"/>
      <line num="167" count="188" type="stmt"/>
      <line num="168" count="188" type="stmt"/>
      <line num="169" count="170" type="stmt"/>
      <line num="170" count="162" type="stmt"/>
      <line num="171" count="162" type="stmt"/>
      <line num="172" count="162" type="stmt"/>
      <line num="173" count="162" type="stmt"/>
      <line num="174" count="70" type="stmt"/>
      <line num="175" count="70" type="stmt"/>
      <line num="176" count="70" type="stmt"/>
      <line num="177" count="70" type="stmt"/>
    </file>
  </project>
</coverage>
