<?xml version="1.0" encoding="UTF-8"?>
<coverage generated="1725670134072" clover="3.2.0">
  <project timestamp="1725670134073" name="All files">
    <metrics statements="358" coveredstatements="358" conditionals="70" coveredconditionals="69" methods="33" coveredmethods="33" elements="461" coveredelements="460" complexity="0" loc="358" ncloc="358" packages="1" files="4" classes="4"/>
    <file name="index.ts" path="C:\@turtlefly\Code\medama\src\index.ts">
      <metrics statements="2" coveredstatements="2" conditionals="1" coveredconditionals="1" methods="1" coveredmethods="1"/>
      <line num="1" count="1" type="cond" truecount="1" falsecount="0"/>
      <line num="2" count="1" type="stmt"/>
    </file>
    <file name="medama.ts" path="C:\@turtlefly\Code\medama\src\medama.ts">
      <metrics statements="63" coveredstatements="63" conditionals="15" coveredconditionals="14" methods="8" coveredmethods="8"/>
      <line num="1" count="1" type="stmt"/>
      <line num="2" count="1" type="stmt"/>
      <line num="3" count="1" type="stmt"/>
      <line num="4" count="1" type="stmt"/>
      <line num="5" count="1" type="stmt"/>
      <line num="6" count="1" type="stmt"/>
      <line num="7" count="1" type="stmt"/>
      <line num="8" count="1" type="cond" truecount="1" falsecount="0"/>
      <line num="9" count="46" type="stmt"/>
      <line num="10" count="46" type="stmt"/>
      <line num="11" count="46" type="stmt"/>
      <line num="12" count="1" type="stmt"/>
      <line num="13" count="1" type="stmt"/>
      <line num="14" count="1" type="stmt"/>
      <line num="15" count="1" type="stmt"/>
      <line num="16" count="1" type="cond" truecount="1" falsecount="0"/>
      <line num="17" count="46" type="cond" truecount="1" falsecount="0"/>
      <line num="18" count="68" type="stmt"/>
      <line num="19" count="46" type="stmt"/>
      <line num="20" count="46" type="stmt"/>
      <line num="21" count="46" type="stmt"/>
      <line num="22" count="46" type="stmt"/>
      <line num="23" count="46" type="stmt"/>
      <line num="24" count="46" type="stmt"/>
      <line num="25" count="1" type="stmt"/>
      <line num="26" count="1" type="cond" truecount="1" falsecount="0"/>
      <line num="27" count="90" type="stmt"/>
      <line num="28" count="90" type="stmt"/>
      <line num="29" count="1" type="stmt"/>
      <line num="30" count="1" type="cond" truecount="1" falsecount="0"/>
      <line num="31" count="162" type="stmt"/>
      <line num="32" count="162" type="stmt"/>
      <line num="33" count="162" type="cond" truecount="1" falsecount="0"/>
      <line num="34" count="162" type="cond" truecount="1" falsecount="0"/>
      <line num="35" count="162" type="stmt"/>
      <line num="36" count="162" type="stmt"/>
      <line num="37" count="162" type="stmt"/>
      <line num="38" count="162" type="stmt"/>
      <line num="39" count="162" type="stmt"/>
      <line num="40" count="1" type="stmt"/>
      <line num="41" count="1" type="cond" truecount="1" falsecount="0"/>
      <line num="42" count="23" type="stmt"/>
      <line num="43" count="23" type="stmt"/>
      <line num="44" count="23" type="stmt"/>
      <line num="45" count="1" type="stmt"/>
      <line num="46" count="1" type="stmt"/>
      <line num="47" count="1" type="stmt"/>
      <line num="48" count="1" type="cond" truecount="1" falsecount="0"/>
      <line num="49" count="46" type="cond" truecount="1" falsecount="0"/>
      <line num="50" count="68" type="cond" truecount="3" falsecount="0"/>
      <line num="51" count="68" type="stmt"/>
      <line num="52" count="46" type="stmt"/>
      <line num="53" count="46" type="stmt"/>
      <line num="54" count="1" type="stmt"/>
      <line num="55" count="1" type="stmt"/>
      <line num="56" count="1" type="stmt"/>
      <line num="57" count="1" type="cond" truecount="1" falsecount="0"/>
      <line num="58" count="18" type="cond" truecount="0" falsecount="1"/>
      <line num="59" count="18" type="stmt"/>
      <line num="60" count="18" type="stmt"/>
      <line num="61" count="1" type="stmt"/>
      <line num="62" count="1" type="stmt"/>
      <line num="63" count="1" type="stmt"/>
    </file>
    <file name="selectorStore.ts" path="C:\@turtlefly\Code\medama\src\selectorStore.ts">
      <metrics statements="119" coveredstatements="119" conditionals="20" coveredconditionals="20" methods="9" coveredmethods="9"/>
      <line num="1" count="1" type="stmt"/>
      <line num="2" count="1" type="stmt"/>
      <line num="3" count="1" type="stmt"/>
      <line num="4" count="1" type="stmt"/>
      <line num="5" count="1" type="stmt"/>
      <line num="6" count="1" type="stmt"/>
      <line num="7" count="1" type="stmt"/>
      <line num="8" count="1" type="stmt"/>
      <line num="9" count="1" type="stmt"/>
      <line num="10" count="1" type="cond" truecount="1" falsecount="0"/>
      <line num="11" count="70" type="cond" truecount="1" falsecount="0"/>
      <line num="12" count="317" type="stmt"/>
      <line num="13" count="317" type="cond" truecount="2" falsecount="0"/>
      <line num="14" count="317" type="stmt"/>
      <line num="15" count="317" type="stmt"/>
      <line num="16" count="317" type="stmt"/>
      <line num="17" count="317" type="stmt"/>
      <line num="18" count="70" type="stmt"/>
      <line num="19" count="70" type="stmt"/>
      <line num="20" count="1" type="stmt"/>
      <line num="21" count="1" type="stmt"/>
      <line num="22" count="1" type="stmt"/>
      <line num="23" count="1" type="stmt"/>
      <line num="24" count="1" type="stmt"/>
      <line num="25" count="1" type="stmt"/>
      <line num="26" count="1" type="cond" truecount="1" falsecount="0"/>
      <line num="27" count="246" type="stmt"/>
      <line num="28" count="246" type="stmt"/>
      <line num="29" count="1" type="stmt"/>
      <line num="30" count="1" type="cond" truecount="1" falsecount="0"/>
      <line num="31" count="71" type="stmt"/>
      <line num="32" count="71" type="stmt"/>
      <line num="33" count="71" type="stmt"/>
      <line num="34" count="71" type="cond" truecount="2" falsecount="0"/>
      <line num="35" count="71" type="stmt"/>
      <line num="36" count="1" type="stmt"/>
      <line num="37" count="1" type="stmt"/>
      <line num="38" count="1" type="stmt"/>
      <line num="39" count="1" type="stmt"/>
      <line num="40" count="1" type="stmt"/>
      <line num="41" count="1" type="stmt"/>
      <line num="42" count="1" type="stmt"/>
      <line num="43" count="1" type="stmt"/>
      <line num="44" count="1" type="stmt"/>
      <line num="45" count="1" type="stmt"/>
      <line num="46" count="1" type="stmt"/>
      <line num="47" count="1" type="stmt"/>
      <line num="48" count="1" type="stmt"/>
      <line num="49" count="1" type="cond" truecount="1" falsecount="0"/>
      <line num="50" count="273" type="cond" truecount="1" falsecount="0"/>
      <line num="51" count="206" type="stmt"/>
      <line num="52" count="206" type="stmt"/>
      <line num="53" count="206" type="stmt"/>
      <line num="54" count="206" type="cond" truecount="1" falsecount="0"/>
      <line num="55" count="128" type="stmt"/>
      <line num="56" count="128" type="stmt"/>
      <line num="57" count="128" type="stmt"/>
      <line num="58" count="128" type="stmt"/>
      <line num="59" count="128" type="stmt"/>
      <line num="60" count="78" type="cond" truecount="1" falsecount="0"/>
      <line num="61" count="78" type="stmt"/>
      <line num="62" count="78" type="stmt"/>
      <line num="63" count="78" type="cond" truecount="1" falsecount="0"/>
      <line num="64" count="83" type="stmt"/>
      <line num="65" count="78" type="stmt"/>
      <line num="66" count="78" type="stmt"/>
      <line num="67" count="78" type="stmt"/>
      <line num="68" count="273" type="stmt"/>
      <line num="69" count="273" type="stmt"/>
      <line num="70" count="273" type="stmt"/>
      <line num="71" count="273" type="cond" truecount="1" falsecount="0"/>
      <line num="72" count="273" type="stmt"/>
      <line num="73" count="273" type="cond" truecount="1" falsecount="0"/>
      <line num="74" count="326" type="stmt"/>
      <line num="75" count="326" type="stmt"/>
      <line num="76" count="326" type="stmt"/>
      <line num="77" count="326" type="stmt"/>
      <line num="78" count="326" type="stmt"/>
      <line num="79" count="326" type="stmt"/>
      <line num="80" count="326" type="cond" truecount="1" falsecount="0"/>
      <line num="81" count="15" type="stmt"/>
      <line num="82" count="15" type="stmt"/>
      <line num="83" count="15" type="stmt"/>
      <line num="84" count="326" type="stmt"/>
      <line num="85" count="326" type="cond" truecount="2" falsecount="0"/>
      <line num="86" count="326" type="stmt"/>
      <line num="87" count="326" type="stmt"/>
      <line num="88" count="326" type="stmt"/>
      <line num="89" count="273" type="stmt"/>
      <line num="90" count="273" type="stmt"/>
      <line num="91" count="1" type="stmt"/>
      <line num="92" count="1" type="stmt"/>
      <line num="93" count="1" type="stmt"/>
      <line num="94" count="1" type="stmt"/>
      <line num="95" count="1" type="stmt"/>
      <line num="96" count="1" type="stmt"/>
      <line num="97" count="1" type="stmt"/>
      <line num="98" count="1" type="stmt"/>
      <line num="99" count="1" type="stmt"/>
      <line num="100" count="1" type="stmt"/>
      <line num="101" count="1" type="stmt"/>
      <line num="102" count="1" type="stmt"/>
      <line num="103" count="1" type="stmt"/>
      <line num="104" count="1" type="stmt"/>
      <line num="105" count="1" type="stmt"/>
      <line num="106" count="1" type="stmt"/>
      <line num="107" count="1" type="stmt"/>
      <line num="108" count="1" type="stmt"/>
      <line num="109" count="1" type="stmt"/>
      <line num="110" count="1" type="cond" truecount="1" falsecount="0"/>
      <line num="111" count="73" type="stmt"/>
      <line num="112" count="73" type="stmt"/>
      <line num="113" count="73" type="cond" truecount="1" falsecount="0"/>
      <line num="114" count="37" type="stmt"/>
      <line num="115" count="73" type="stmt"/>
      <line num="116" count="73" type="stmt"/>
      <line num="117" count="1" type="stmt"/>
      <line num="118" count="1" type="stmt"/>
      <line num="119" count="1" type="stmt"/>
    </file>
    <file name="state.ts" path="C:\@turtlefly\Code\medama\src\state.ts">
      <metrics statements="174" coveredstatements="174" conditionals="34" coveredconditionals="34" methods="15" coveredmethods="15"/>
      <line num="1" count="1" type="stmt"/>
      <line num="2" count="1" type="stmt"/>
      <line num="3" count="1" type="stmt"/>
      <line num="4" count="1" type="stmt"/>
      <line num="5" count="1" type="stmt"/>
      <line num="6" count="1" type="stmt"/>
      <line num="7" count="72" type="cond" truecount="1" falsecount="0"/>
      <line num="8" count="72" type="stmt"/>
      <line num="9" count="72" type="stmt"/>
      <line num="10" count="72" type="stmt"/>
      <line num="11" count="72" type="cond" truecount="1" falsecount="0"/>
      <line num="12" count="188" type="stmt"/>
      <line num="13" count="188" type="stmt"/>
      <line num="14" count="72" type="stmt"/>
      <line num="15" count="72" type="cond" truecount="1" falsecount="0"/>
      <line num="16" count="184" type="cond" truecount="1" falsecount="0"/>
      <line num="17" count="188" type="cond" truecount="1" falsecount="0"/>
      <line num="18" count="222" type="cond" truecount="1" falsecount="0"/>
      <line num="19" count="208" type="cond" truecount="1" falsecount="0"/>
      <line num="20" count="208" type="stmt"/>
      <line num="21" count="208" type="stmt"/>
      <line num="22" count="188" type="stmt"/>
      <line num="23" count="184" type="stmt"/>
      <line num="24" count="184" type="stmt"/>
      <line num="25" count="184" type="stmt"/>
      <line num="26" count="184" type="stmt"/>
      <line num="27" count="184" type="stmt"/>
      <line num="28" count="72" type="stmt"/>
      <line num="29" count="1" type="stmt"/>
      <line num="30" count="1" type="stmt"/>
      <line num="31" count="1" type="stmt"/>
      <line num="32" count="1" type="stmt"/>
      <line num="33" count="1" type="stmt"/>
      <line num="34" count="1" type="stmt"/>
      <line num="35" count="1" type="stmt"/>
      <line num="36" count="1" type="stmt"/>
      <line num="37" count="1" type="stmt"/>
      <line num="38" count="1" type="stmt"/>
      <line num="39" count="1" type="stmt"/>
      <line num="40" count="1" type="stmt"/>
      <line num="41" count="1" type="stmt"/>
      <line num="42" count="1" type="stmt"/>
      <line num="43" count="1" type="stmt"/>
      <line num="44" count="1" type="stmt"/>
      <line num="45" count="1" type="stmt"/>
      <line num="46" count="1" type="stmt"/>
      <line num="47" count="1" type="cond" truecount="1" falsecount="0"/>
      <line num="48" count="71" type="stmt"/>
      <line num="49" count="71" type="stmt"/>
      <line num="50" count="71" type="stmt"/>
      <line num="51" count="1" type="stmt"/>
      <line num="52" count="1" type="stmt"/>
      <line num="53" count="1" type="stmt"/>
      <line num="54" count="1" type="stmt"/>
      <line num="55" count="1" type="stmt"/>
      <line num="56" count="1" type="stmt"/>
      <line num="57" count="1" type="stmt"/>
      <line num="58" count="1" type="stmt"/>
      <line num="59" count="1" type="stmt"/>
      <line num="60" count="1" type="stmt"/>
      <line num="61" count="1" type="stmt"/>
      <line num="62" count="1" type="stmt"/>
      <line num="63" count="1" type="stmt"/>
      <line num="64" count="1" type="stmt"/>
      <line num="65" count="1" type="stmt"/>
      <line num="66" count="1" type="stmt"/>
      <line num="67" count="1" type="stmt"/>
      <line num="68" count="1" type="stmt"/>
      <line num="69" count="1" type="stmt"/>
      <line num="70" count="1" type="stmt"/>
      <line num="71" count="1" type="cond" truecount="1" falsecount="0"/>
      <line num="72" count="533" type="stmt"/>
      <line num="73" count="533" type="stmt"/>
      <line num="74" count="533" type="cond" truecount="4" falsecount="0"/>
      <line num="75" count="395" type="cond" truecount="2" falsecount="0"/>
      <line num="76" count="395" type="stmt"/>
      <line num="77" count="395" type="stmt"/>
      <line num="78" count="528" type="cond" truecount="1" falsecount="0"/>
      <line num="79" count="528" type="stmt"/>
      <line num="80" count="1" type="stmt"/>
      <line num="81" count="1" type="stmt"/>
      <line num="82" count="1" type="cond" truecount="1" falsecount="0"/>
      <line num="83" count="240" type="stmt"/>
      <line num="84" count="240" type="stmt"/>
      <line num="85" count="240" type="stmt"/>
      <line num="86" count="240" type="stmt"/>
      <line num="87" count="240" type="stmt"/>
      <line num="88" count="240" type="cond" truecount="2" falsecount="0"/>
      <line num="89" count="240" type="stmt"/>
      <line num="90" count="240" type="stmt"/>
      <line num="91" count="1" type="stmt"/>
      <line num="92" count="1" type="stmt"/>
      <line num="93" count="1" type="stmt"/>
      <line num="94" count="1" type="stmt"/>
      <line num="95" count="1" type="stmt"/>
      <line num="96" count="1" type="stmt"/>
      <line num="97" count="1" type="stmt"/>
      <line num="98" count="1" type="stmt"/>
      <line num="99" count="1" type="stmt"/>
      <line num="100" count="1" type="stmt"/>
      <line num="101" count="1" type="stmt"/>
      <line num="102" count="1" type="stmt"/>
      <line num="103" count="1" type="stmt"/>
      <line num="104" count="1" type="stmt"/>
      <line num="105" count="1" type="cond" truecount="1" falsecount="0"/>
      <line num="106" count="773" type="stmt"/>
      <line num="107" count="773" type="cond" truecount="1" falsecount="0"/>
      <line num="108" count="773" type="stmt"/>
      <line num="109" count="1" type="stmt"/>
      <line num="110" count="1" type="cond" truecount="1" falsecount="0"/>
      <line num="111" count="565" type="stmt"/>
      <line num="112" count="565" type="stmt"/>
      <line num="113" count="565" type="stmt"/>
      <line num="114" count="565" type="stmt"/>
      <line num="115" count="565" type="stmt"/>
      <line num="116" count="565" type="stmt"/>
      <line num="117" count="1" type="stmt"/>
      <line num="118" count="1" type="cond" truecount="1" falsecount="0"/>
      <line num="119" count="1" type="cond" truecount="1" falsecount="0"/>
      <line num="120" count="1" type="stmt"/>
      <line num="121" count="1" type="cond" truecount="1" falsecount="0"/>
      <line num="122" count="175" type="cond" truecount="1" falsecount="0"/>
      <line num="123" count="175" type="stmt"/>
      <line num="124" count="175" type="stmt"/>
      <line num="125" count="175" type="stmt"/>
      <line num="126" count="175" type="stmt"/>
      <line num="127" count="175" type="stmt"/>
      <line num="128" count="1" type="stmt"/>
      <line num="129" count="1" type="cond" truecount="1" falsecount="0"/>
      <line num="130" count="282" type="stmt"/>
      <line num="131" count="282" type="stmt"/>
      <line num="132" count="282" type="stmt"/>
      <line num="133" count="282" type="stmt"/>
      <line num="134" count="1" type="stmt"/>
      <line num="135" count="1" type="stmt"/>
      <line num="136" count="1" type="stmt"/>
      <line num="137" count="1" type="stmt"/>
      <line num="138" count="1" type="stmt"/>
      <line num="139" count="1" type="stmt"/>
      <line num="140" count="1" type="stmt"/>
      <line num="141" count="1" type="cond" truecount="1" falsecount="0"/>
      <line num="142" count="286" type="cond" truecount="1" falsecount="0"/>
      <line num="143" count="209" type="cond" truecount="1" falsecount="0"/>
      <line num="144" count="286" type="stmt"/>
      <line num="145" count="286" type="stmt"/>
      <line num="146" count="286" type="cond" truecount="1" falsecount="0"/>
      <line num="147" count="400" type="stmt"/>
      <line num="148" count="400" type="stmt"/>
      <line num="149" count="400" type="stmt"/>
      <line num="150" count="400" type="stmt"/>
      <line num="151" count="400" type="stmt"/>
      <line num="152" count="400" type="cond" truecount="1" falsecount="0"/>
      <line num="153" count="291" type="stmt"/>
      <line num="154" count="400" type="stmt"/>
      <line num="155" count="286" type="stmt"/>
      <line num="156" count="286" type="stmt"/>
      <line num="157" count="1" type="stmt"/>
      <line num="158" count="1" type="stmt"/>
      <line num="159" count="1" type="stmt"/>
      <line num="160" count="1" type="stmt"/>
      <line num="161" count="1" type="stmt"/>
      <line num="162" count="1" type="stmt"/>
      <line num="163" count="1" type="stmt"/>
      <line num="164" count="1" type="stmt"/>
      <line num="165" count="1" type="stmt"/>
      <line num="166" count="1" type="stmt"/>
      <line num="167" count="1" type="stmt"/>
      <line num="168" count="1" type="stmt"/>
      <line num="169" count="1" type="cond" truecount="1" falsecount="0"/>
      <line num="170" count="127" type="cond" truecount="1" falsecount="0"/>
      <line num="171" count="291" type="stmt"/>
      <line num="172" count="127" type="stmt"/>
      <line num="173" count="127" type="stmt"/>
      <line num="174" count="1" type="stmt"/>
    </file>
  </project>
</coverage>
