{"C:\\@turtlefly\\Code\\medama\\src\\index.ts": {"path":"C:\\@turtlefly\\Code\\medama\\src\\index.ts","all":false,"statementMap":{"0":{"start":{"line":1,"column":0},"end":{"line":1,"column":40}},"1":{"start":{"line":2,"column":0},"end":{"line":2,"column":86}}},"s":{"0":1,"1":1},"branchMap":{"0":{"type":"branch","line":1,"loc":{"start":{"line":1,"column":9},"end":{"line":1,"column":40}},"locations":[{"start":{"line":1,"column":9},"end":{"line":1,"column":40}}]}},"b":{"0":[25]},"fnMap":{"0":{"name":"get","decl":{"start":{"line":1,"column":9},"end":{"line":1,"column":40}},"loc":{"start":{"line":1,"column":9},"end":{"line":1,"column":40}},"line":1}},"f":{"0":25}}
,"C:\\@turtlefly\\Code\\medama\\src\\medama.ts": {"path":"C:\\@turtlefly\\Code\\medama\\src\\medama.ts","all":false,"statementMap":{"0":{"start":{"line":1,"column":0},"end":{"line":1,"column":41}},"1":{"start":{"line":2,"column":0},"end":{"line":2,"column":13}},"2":{"start":{"line":3,"column":0},"end":{"line":3,"column":15}},"3":{"start":{"line":4,"column":0},"end":{"line":4,"column":16}},"4":{"start":{"line":5,"column":0},"end":{"line":5,"column":12}},"5":{"start":{"line":6,"column":0},"end":{"line":6,"column":15}},"6":{"start":{"line":7,"column":0},"end":{"line":7,"column":22}},"7":{"start":{"line":8,"column":0},"end":{"line":8,"column":24}},"8":{"start":{"line":9,"column":0},"end":{"line":9,"column":92}},"9":{"start":{"line":10,"column":0},"end":{"line":10,"column":73}},"10":{"start":{"line":11,"column":0},"end":{"line":11,"column":0}},"11":{"start":{"line":12,"column":0},"end":{"line":12,"column":95}},"12":{"start":{"line":13,"column":0},"end":{"line":13,"column":10}},"13":{"start":{"line":14,"column":0},"end":{"line":14,"column":5}},"14":{"start":{"line":15,"column":0},"end":{"line":15,"column":14}},"15":{"start":{"line":16,"column":0},"end":{"line":16,"column":54}},"16":{"start":{"line":17,"column":0},"end":{"line":17,"column":64}},"17":{"start":{"line":18,"column":0},"end":{"line":18,"column":8}},"18":{"start":{"line":19,"column":0},"end":{"line":19,"column":0}},"19":{"start":{"line":20,"column":0},"end":{"line":20,"column":22}},"20":{"start":{"line":21,"column":0},"end":{"line":21,"column":43}},"21":{"start":{"line":22,"column":0},"end":{"line":22,"column":80}},"22":{"start":{"line":23,"column":0},"end":{"line":23,"column":8}},"23":{"start":{"line":24,"column":0},"end":{"line":24,"column":6}},"24":{"start":{"line":25,"column":0},"end":{"line":25,"column":25}},"25":{"start":{"line":26,"column":0},"end":{"line":26,"column":35}},"26":{"start":{"line":27,"column":0},"end":{"line":27,"column":4}},"27":{"start":{"line":28,"column":0},"end":{"line":28,"column":5}},"28":{"start":{"line":29,"column":0},"end":{"line":29,"column":41}},"29":{"start":{"line":30,"column":0},"end":{"line":30,"column":0}},"30":{"start":{"line":31,"column":0},"end":{"line":31,"column":42}},"31":{"start":{"line":32,"column":0},"end":{"line":32,"column":64}},"32":{"start":{"line":33,"column":0},"end":{"line":33,"column":8}},"33":{"start":{"line":34,"column":0},"end":{"line":34,"column":6}},"34":{"start":{"line":35,"column":0},"end":{"line":35,"column":0}},"35":{"start":{"line":36,"column":0},"end":{"line":36,"column":5}},"36":{"start":{"line":37,"column":0},"end":{"line":37,"column":72}},"37":{"start":{"line":38,"column":0},"end":{"line":38,"column":56}},"38":{"start":{"line":39,"column":0},"end":{"line":39,"column":76}},"39":{"start":{"line":40,"column":0},"end":{"line":40,"column":10}},"40":{"start":{"line":41,"column":0},"end":{"line":41,"column":0}},"41":{"start":{"line":42,"column":0},"end":{"line":42,"column":43}},"42":{"start":{"line":43,"column":0},"end":{"line":43,"column":0}},"43":{"start":{"line":44,"column":0},"end":{"line":44,"column":24}},"44":{"start":{"line":45,"column":0},"end":{"line":45,"column":8}},"45":{"start":{"line":46,"column":0},"end":{"line":46,"column":0}},"46":{"start":{"line":47,"column":0},"end":{"line":47,"column":97}},"47":{"start":{"line":48,"column":0},"end":{"line":48,"column":0}},"48":{"start":{"line":49,"column":0},"end":{"line":49,"column":60}},"49":{"start":{"line":50,"column":0},"end":{"line":50,"column":28}},"50":{"start":{"line":51,"column":0},"end":{"line":51,"column":43}},"51":{"start":{"line":52,"column":0},"end":{"line":52,"column":63}},"52":{"start":{"line":53,"column":0},"end":{"line":53,"column":26}},"53":{"start":{"line":54,"column":0},"end":{"line":54,"column":0}},"54":{"start":{"line":55,"column":0},"end":{"line":55,"column":45}},"55":{"start":{"line":56,"column":0},"end":{"line":56,"column":0}},"56":{"start":{"line":57,"column":0},"end":{"line":57,"column":28}},"57":{"start":{"line":58,"column":0},"end":{"line":58,"column":8}},"58":{"start":{"line":59,"column":0},"end":{"line":59,"column":0}},"59":{"start":{"line":60,"column":0},"end":{"line":60,"column":60}},"60":{"start":{"line":61,"column":0},"end":{"line":61,"column":53}},"61":{"start":{"line":62,"column":0},"end":{"line":62,"column":87}},"62":{"start":{"line":63,"column":0},"end":{"line":63,"column":28}},"63":{"start":{"line":64,"column":0},"end":{"line":64,"column":44}},"64":{"start":{"line":65,"column":0},"end":{"line":65,"column":8}},"65":{"start":{"line":66,"column":0},"end":{"line":66,"column":6}},"66":{"start":{"line":67,"column":0},"end":{"line":67,"column":0}},"67":{"start":{"line":68,"column":0},"end":{"line":68,"column":5}},"68":{"start":{"line":69,"column":0},"end":{"line":69,"column":81}},"69":{"start":{"line":70,"column":0},"end":{"line":70,"column":25}},"70":{"start":{"line":71,"column":0},"end":{"line":71,"column":18}},"71":{"start":{"line":72,"column":0},"end":{"line":72,"column":17}},"72":{"start":{"line":73,"column":0},"end":{"line":73,"column":19}},"73":{"start":{"line":74,"column":0},"end":{"line":74,"column":10}},"74":{"start":{"line":75,"column":0},"end":{"line":75,"column":5}},"75":{"start":{"line":76,"column":0},"end":{"line":76,"column":4}},"76":{"start":{"line":77,"column":0},"end":{"line":77,"column":0}},"77":{"start":{"line":78,"column":0},"end":{"line":78,"column":95}},"78":{"start":{"line":79,"column":0},"end":{"line":79,"column":94}},"79":{"start":{"line":80,"column":0},"end":{"line":80,"column":5}},"80":{"start":{"line":81,"column":0},"end":{"line":81,"column":46}},"81":{"start":{"line":82,"column":0},"end":{"line":82,"column":6}},"82":{"start":{"line":83,"column":0},"end":{"line":83,"column":0}},"83":{"start":{"line":84,"column":0},"end":{"line":84,"column":5}},"84":{"start":{"line":85,"column":0},"end":{"line":85,"column":63}},"85":{"start":{"line":86,"column":0},"end":{"line":86,"column":56}},"86":{"start":{"line":87,"column":0},"end":{"line":87,"column":8}},"87":{"start":{"line":88,"column":0},"end":{"line":88,"column":0}},"88":{"start":{"line":89,"column":0},"end":{"line":89,"column":77}},"89":{"start":{"line":90,"column":0},"end":{"line":90,"column":52}},"90":{"start":{"line":91,"column":0},"end":{"line":91,"column":71}},"91":{"start":{"line":92,"column":0},"end":{"line":92,"column":8}},"92":{"start":{"line":93,"column":0},"end":{"line":93,"column":5}},"93":{"start":{"line":94,"column":0},"end":{"line":94,"column":4}}},"s":{"0":1,"1":1,"2":1,"3":1,"4":1,"5":1,"6":1,"7":1,"8":1,"9":1,"10":1,"11":1,"12":47,"13":47,"14":47,"15":47,"16":47,"17":47,"18":47,"19":47,"20":47,"21":47,"22":47,"23":47,"24":47,"25":47,"26":47,"27":47,"28":47,"29":47,"30":47,"31":23,"32":47,"33":47,"34":47,"35":47,"36":47,"37":46,"38":68,"39":46,"40":46,"41":46,"42":46,"43":46,"44":47,"45":47,"46":47,"47":47,"48":47,"49":162,"50":162,"51":162,"52":162,"53":162,"54":162,"55":162,"56":162,"57":47,"58":47,"59":47,"60":23,"61":23,"62":23,"63":23,"64":47,"65":47,"66":47,"67":47,"68":47,"69":1,"70":1,"71":1,"72":1,"73":47,"74":47,"75":1,"76":1,"77":1,"78":46,"79":46,"80":46,"81":46,"82":46,"83":46,"84":46,"85":18,"86":46,"87":46,"88":46,"89":68,"90":68,"91":46,"92":46,"93":1},"branchMap":{"0":{"type":"branch","line":12,"loc":{"start":{"line":12,"column":42},"end":{"line":75,"column":5}},"locations":[{"start":{"line":12,"column":42},"end":{"line":75,"column":5}}]},"1":{"type":"branch","line":31,"loc":{"start":{"line":31,"column":28},"end":{"line":32,"column":64}},"locations":[{"start":{"line":31,"column":28},"end":{"line":32,"column":64}}]},"2":{"type":"branch","line":37,"loc":{"start":{"line":37,"column":24},"end":{"line":45,"column":7}},"locations":[{"start":{"line":37,"column":24},"end":{"line":45,"column":7}}]},"3":{"type":"branch","line":38,"loc":{"start":{"line":38,"column":48},"end":{"line":39,"column":76}},"locations":[{"start":{"line":38,"column":48},"end":{"line":39,"column":76}}]},"4":{"type":"branch","line":47,"loc":{"start":{"line":47,"column":17},"end":{"line":47,"column":96}},"locations":[{"start":{"line":47,"column":17},"end":{"line":47,"column":96}}]},"5":{"type":"branch","line":49,"loc":{"start":{"line":49,"column":16},"end":{"line":58,"column":7}},"locations":[{"start":{"line":49,"column":16},"end":{"line":58,"column":7}}]},"6":{"type":"branch","line":52,"loc":{"start":{"line":52,"column":12},"end":{"line":52,"column":63}},"locations":[{"start":{"line":52,"column":12},"end":{"line":52,"column":63}}]},"7":{"type":"branch","line":53,"loc":{"start":{"line":53,"column":12},"end":{"line":53,"column":25}},"locations":[{"start":{"line":53,"column":12},"end":{"line":53,"column":25}}]},"8":{"type":"branch","line":60,"loc":{"start":{"line":60,"column":18},"end":{"line":65,"column":7}},"locations":[{"start":{"line":60,"column":18},"end":{"line":65,"column":7}}]},"9":{"type":"branch","line":69,"loc":{"start":{"line":69,"column":20},"end":{"line":74,"column":8}},"locations":[{"start":{"line":69,"column":20},"end":{"line":74,"column":8}}]},"10":{"type":"branch","line":78,"loc":{"start":{"line":78,"column":31},"end":{"line":93,"column":5}},"locations":[{"start":{"line":78,"column":31},"end":{"line":93,"column":5}}]},"11":{"type":"branch","line":85,"loc":{"start":{"line":85,"column":19},"end":{"line":87,"column":7}},"locations":[{"start":{"line":85,"column":19},"end":{"line":87,"column":7}}]},"12":{"type":"branch","line":86,"loc":{"start":{"line":86,"column":51},"end":{"line":86,"column":55}},"locations":[{"start":{"line":86,"column":51},"end":{"line":86,"column":55}}]},"13":{"type":"branch","line":89,"loc":{"start":{"line":89,"column":19},"end":{"line":92,"column":7}},"locations":[{"start":{"line":89,"column":19},"end":{"line":92,"column":7}}]},"14":{"type":"branch","line":90,"loc":{"start":{"line":90,"column":47},"end":{"line":90,"column":51}},"locations":[{"start":{"line":90,"column":47},"end":{"line":90,"column":51}}]},"15":{"type":"branch","line":90,"loc":{"start":{"line":90,"column":47},"end":{"line":90,"column":51}},"locations":[{"start":{"line":90,"column":47},"end":{"line":90,"column":51}}]},"16":{"type":"branch","line":90,"loc":{"start":{"line":90,"column":47},"end":{"line":90,"column":51}},"locations":[{"start":{"line":90,"column":47},"end":{"line":90,"column":51}}]}},"b":{"0":[47],"1":[23],"2":[46],"3":[68],"4":[90],"5":[162],"6":[146],"7":[16],"8":[23],"9":[1],"10":[46],"11":[18],"12":[0],"13":[68],"14":[14],"15":[54],"16":[14]},"fnMap":{"0":{"name":"createMedama","decl":{"start":{"line":12,"column":42},"end":{"line":75,"column":5}},"loc":{"start":{"line":12,"column":42},"end":{"line":75,"column":5}},"line":12},"1":{"name":"subscribeToState","decl":{"start":{"line":37,"column":24},"end":{"line":45,"column":7}},"loc":{"start":{"line":37,"column":24},"end":{"line":45,"column":7}},"line":37},"2":{"name":"readState","decl":{"start":{"line":47,"column":17},"end":{"line":47,"column":96}},"loc":{"start":{"line":47,"column":17},"end":{"line":47,"column":96}},"line":47},"3":{"name":"setState","decl":{"start":{"line":49,"column":16},"end":{"line":58,"column":7}},"loc":{"start":{"line":49,"column":16},"end":{"line":58,"column":7}},"line":49},"4":{"name":"resetState","decl":{"start":{"line":60,"column":18},"end":{"line":65,"column":7}},"loc":{"start":{"line":60,"column":18},"end":{"line":65,"column":7}},"line":60},"5":{"name":"createResubscribeStore","decl":{"start":{"line":78,"column":31},"end":{"line":93,"column":5}},"loc":{"start":{"line":78,"column":31},"end":{"line":93,"column":5}},"line":78},"6":{"name":"unsubscribe","decl":{"start":{"line":85,"column":19},"end":{"line":87,"column":7}},"loc":{"start":{"line":85,"column":19},"end":{"line":87,"column":7}},"line":85},"7":{"name":"resubscribe","decl":{"start":{"line":89,"column":19},"end":{"line":92,"column":7}},"loc":{"start":{"line":89,"column":19},"end":{"line":92,"column":7}},"line":89}},"f":{"0":47,"1":46,"2":90,"3":162,"4":23,"5":46,"6":18,"7":68}}
,"C:\\@turtlefly\\Code\\medama\\src\\selectorStore.ts": {"path":"C:\\@turtlefly\\Code\\medama\\src\\selectorStore.ts","all":false,"statementMap":{"0":{"start":{"line":1,"column":0},"end":{"line":1,"column":41}},"1":{"start":{"line":2,"column":0},"end":{"line":2,"column":13}},"2":{"start":{"line":3,"column":0},"end":{"line":3,"column":12}},"3":{"start":{"line":4,"column":0},"end":{"line":4,"column":11}},"4":{"start":{"line":5,"column":0},"end":{"line":5,"column":15}},"5":{"start":{"line":6,"column":0},"end":{"line":6,"column":18}},"6":{"start":{"line":7,"column":0},"end":{"line":7,"column":23}},"7":{"start":{"line":8,"column":0},"end":{"line":8,"column":24}},"8":{"start":{"line":9,"column":0},"end":{"line":9,"column":72}},"9":{"start":{"line":10,"column":0},"end":{"line":10,"column":0}},"10":{"start":{"line":11,"column":0},"end":{"line":11,"column":72}},"11":{"start":{"line":12,"column":0},"end":{"line":12,"column":31}},"12":{"start":{"line":13,"column":0},"end":{"line":13,"column":31}},"13":{"start":{"line":14,"column":0},"end":{"line":14,"column":26}},"14":{"start":{"line":15,"column":0},"end":{"line":15,"column":0}},"15":{"start":{"line":16,"column":0},"end":{"line":16,"column":3}},"16":{"start":{"line":17,"column":0},"end":{"line":17,"column":100}},"17":{"start":{"line":18,"column":0},"end":{"line":18,"column":91}},"18":{"start":{"line":19,"column":0},"end":{"line":19,"column":57}},"19":{"start":{"line":20,"column":0},"end":{"line":20,"column":3}},"20":{"start":{"line":21,"column":0},"end":{"line":21,"column":58}},"21":{"start":{"line":22,"column":0},"end":{"line":22,"column":57}},"22":{"start":{"line":23,"column":0},"end":{"line":23,"column":6}},"23":{"start":{"line":24,"column":0},"end":{"line":24,"column":72}},"24":{"start":{"line":25,"column":0},"end":{"line":25,"column":7}},"25":{"start":{"line":26,"column":0},"end":{"line":26,"column":5}},"26":{"start":{"line":27,"column":0},"end":{"line":27,"column":41}},"27":{"start":{"line":28,"column":0},"end":{"line":28,"column":78}},"28":{"start":{"line":29,"column":0},"end":{"line":29,"column":80}},"29":{"start":{"line":30,"column":0},"end":{"line":30,"column":6}},"30":{"start":{"line":31,"column":0},"end":{"line":31,"column":5}},"31":{"start":{"line":32,"column":0},"end":{"line":32,"column":92}},"32":{"start":{"line":33,"column":0},"end":{"line":33,"column":5}},"33":{"start":{"line":34,"column":0},"end":{"line":34,"column":4}},"34":{"start":{"line":35,"column":0},"end":{"line":35,"column":7}},"35":{"start":{"line":36,"column":0},"end":{"line":36,"column":0}},"36":{"start":{"line":37,"column":0},"end":{"line":37,"column":5}},"37":{"start":{"line":38,"column":0},"end":{"line":38,"column":62}},"38":{"start":{"line":39,"column":0},"end":{"line":39,"column":57}},"39":{"start":{"line":40,"column":0},"end":{"line":40,"column":0}},"40":{"start":{"line":41,"column":0},"end":{"line":41,"column":26}},"41":{"start":{"line":42,"column":0},"end":{"line":42,"column":8}},"42":{"start":{"line":43,"column":0},"end":{"line":43,"column":0}},"43":{"start":{"line":44,"column":0},"end":{"line":44,"column":91}},"44":{"start":{"line":45,"column":0},"end":{"line":45,"column":74}},"45":{"start":{"line":46,"column":0},"end":{"line":46,"column":65}},"46":{"start":{"line":47,"column":0},"end":{"line":47,"column":0}},"47":{"start":{"line":48,"column":0},"end":{"line":48,"column":72}},"48":{"start":{"line":49,"column":0},"end":{"line":49,"column":8}},"49":{"start":{"line":50,"column":0},"end":{"line":50,"column":0}},"50":{"start":{"line":51,"column":0},"end":{"line":51,"column":71}},"51":{"start":{"line":52,"column":0},"end":{"line":52,"column":30}},"52":{"start":{"line":53,"column":0},"end":{"line":53,"column":52}},"53":{"start":{"line":54,"column":0},"end":{"line":54,"column":66}},"54":{"start":{"line":55,"column":0},"end":{"line":55,"column":0}},"55":{"start":{"line":56,"column":0},"end":{"line":56,"column":64}},"56":{"start":{"line":57,"column":0},"end":{"line":57,"column":0}},"57":{"start":{"line":58,"column":0},"end":{"line":58,"column":30}},"58":{"start":{"line":59,"column":0},"end":{"line":59,"column":8}},"59":{"start":{"line":60,"column":0},"end":{"line":60,"column":6}},"60":{"start":{"line":61,"column":0},"end":{"line":61,"column":0}},"61":{"start":{"line":62,"column":0},"end":{"line":62,"column":48}},"62":{"start":{"line":63,"column":0},"end":{"line":63,"column":4}},"63":{"start":{"line":64,"column":0},"end":{"line":64,"column":0}},"64":{"start":{"line":65,"column":0},"end":{"line":65,"column":63}},"65":{"start":{"line":66,"column":0},"end":{"line":66,"column":2}},"66":{"start":{"line":67,"column":0},"end":{"line":67,"column":0}},"67":{"start":{"line":68,"column":0},"end":{"line":68,"column":26}},"68":{"start":{"line":69,"column":0},"end":{"line":69,"column":71}},"69":{"start":{"line":70,"column":0},"end":{"line":70,"column":20}},"70":{"start":{"line":71,"column":0},"end":{"line":71,"column":2}},"71":{"start":{"line":72,"column":0},"end":{"line":72,"column":0}},"72":{"start":{"line":73,"column":0},"end":{"line":73,"column":3}},"73":{"start":{"line":74,"column":0},"end":{"line":74,"column":95}},"74":{"start":{"line":75,"column":0},"end":{"line":75,"column":96}},"75":{"start":{"line":76,"column":0},"end":{"line":76,"column":49}},"76":{"start":{"line":77,"column":0},"end":{"line":77,"column":3}},"77":{"start":{"line":78,"column":0},"end":{"line":78,"column":62}},"78":{"start":{"line":79,"column":0},"end":{"line":79,"column":31}},"79":{"start":{"line":80,"column":0},"end":{"line":80,"column":57}},"80":{"start":{"line":81,"column":0},"end":{"line":81,"column":6}},"81":{"start":{"line":82,"column":0},"end":{"line":82,"column":48}},"82":{"start":{"line":83,"column":0},"end":{"line":83,"column":38}},"83":{"start":{"line":84,"column":0},"end":{"line":84,"column":25}},"84":{"start":{"line":85,"column":0},"end":{"line":85,"column":9}},"85":{"start":{"line":86,"column":0},"end":{"line":86,"column":95}},"86":{"start":{"line":87,"column":0},"end":{"line":87,"column":96}},"87":{"start":{"line":88,"column":0},"end":{"line":88,"column":20}},"88":{"start":{"line":89,"column":0},"end":{"line":89,"column":9}},"89":{"start":{"line":90,"column":0},"end":{"line":90,"column":39}},"90":{"start":{"line":91,"column":0},"end":{"line":91,"column":6}},"91":{"start":{"line":92,"column":0},"end":{"line":92,"column":5}},"92":{"start":{"line":93,"column":0},"end":{"line":93,"column":9}},"93":{"start":{"line":94,"column":0},"end":{"line":94,"column":70}},"94":{"start":{"line":95,"column":0},"end":{"line":95,"column":9}},"95":{"start":{"line":96,"column":0},"end":{"line":96,"column":36}},"96":{"start":{"line":97,"column":0},"end":{"line":97,"column":30}},"97":{"start":{"line":98,"column":0},"end":{"line":98,"column":5}},"98":{"start":{"line":99,"column":0},"end":{"line":99,"column":4}},"99":{"start":{"line":100,"column":0},"end":{"line":100,"column":5}},"100":{"start":{"line":101,"column":0},"end":{"line":101,"column":9}},"101":{"start":{"line":102,"column":0},"end":{"line":102,"column":96}},"102":{"start":{"line":103,"column":0},"end":{"line":103,"column":23}},"103":{"start":{"line":104,"column":0},"end":{"line":104,"column":9}},"104":{"start":{"line":105,"column":0},"end":{"line":105,"column":62}},"105":{"start":{"line":106,"column":0},"end":{"line":106,"column":0}},"106":{"start":{"line":107,"column":0},"end":{"line":107,"column":9}},"107":{"start":{"line":108,"column":0},"end":{"line":108,"column":59}},"108":{"start":{"line":109,"column":0},"end":{"line":109,"column":9}},"109":{"start":{"line":110,"column":0},"end":{"line":110,"column":23}},"110":{"start":{"line":111,"column":0},"end":{"line":111,"column":6}},"111":{"start":{"line":112,"column":0},"end":{"line":112,"column":0}},"112":{"start":{"line":113,"column":0},"end":{"line":113,"column":5}},"113":{"start":{"line":114,"column":0},"end":{"line":114,"column":50}},"114":{"start":{"line":115,"column":0},"end":{"line":115,"column":34}},"115":{"start":{"line":116,"column":0},"end":{"line":116,"column":0}},"116":{"start":{"line":117,"column":0},"end":{"line":117,"column":22}},"117":{"start":{"line":118,"column":0},"end":{"line":118,"column":39}},"118":{"start":{"line":119,"column":0},"end":{"line":119,"column":10}},"119":{"start":{"line":120,"column":0},"end":{"line":120,"column":8}},"120":{"start":{"line":121,"column":0},"end":{"line":121,"column":0}},"121":{"start":{"line":122,"column":0},"end":{"line":122,"column":61}},"122":{"start":{"line":123,"column":0},"end":{"line":123,"column":11}},"123":{"start":{"line":124,"column":0},"end":{"line":124,"column":96}},"124":{"start":{"line":125,"column":0},"end":{"line":125,"column":95}},"125":{"start":{"line":126,"column":0},"end":{"line":126,"column":100}},"126":{"start":{"line":127,"column":0},"end":{"line":127,"column":40}},"127":{"start":{"line":128,"column":0},"end":{"line":128,"column":11}},"128":{"start":{"line":129,"column":0},"end":{"line":129,"column":32}},"129":{"start":{"line":130,"column":0},"end":{"line":130,"column":51}},"130":{"start":{"line":131,"column":0},"end":{"line":131,"column":31}},"131":{"start":{"line":132,"column":0},"end":{"line":132,"column":9}},"132":{"start":{"line":133,"column":0},"end":{"line":133,"column":0}},"133":{"start":{"line":134,"column":0},"end":{"line":134,"column":27}},"134":{"start":{"line":135,"column":0},"end":{"line":135,"column":8}},"135":{"start":{"line":136,"column":0},"end":{"line":136,"column":0}},"136":{"start":{"line":137,"column":0},"end":{"line":137,"column":73}},"137":{"start":{"line":138,"column":0},"end":{"line":138,"column":11}},"138":{"start":{"line":139,"column":0},"end":{"line":139,"column":95}},"139":{"start":{"line":140,"column":0},"end":{"line":140,"column":11}},"140":{"start":{"line":141,"column":0},"end":{"line":141,"column":30}},"141":{"start":{"line":142,"column":0},"end":{"line":142,"column":70}},"142":{"start":{"line":143,"column":0},"end":{"line":143,"column":32}},"143":{"start":{"line":144,"column":0},"end":{"line":144,"column":0}},"144":{"start":{"line":145,"column":0},"end":{"line":145,"column":23}},"145":{"start":{"line":146,"column":0},"end":{"line":146,"column":9}},"146":{"start":{"line":147,"column":0},"end":{"line":147,"column":0}},"147":{"start":{"line":148,"column":0},"end":{"line":148,"column":49}},"148":{"start":{"line":149,"column":0},"end":{"line":149,"column":35}},"149":{"start":{"line":150,"column":0},"end":{"line":150,"column":0}},"150":{"start":{"line":151,"column":0},"end":{"line":151,"column":31}},"151":{"start":{"line":152,"column":0},"end":{"line":152,"column":31}},"152":{"start":{"line":153,"column":0},"end":{"line":153,"column":11}},"153":{"start":{"line":154,"column":0},"end":{"line":154,"column":0}},"154":{"start":{"line":155,"column":0},"end":{"line":155,"column":20}},"155":{"start":{"line":156,"column":0},"end":{"line":156,"column":8}},"156":{"start":{"line":157,"column":0},"end":{"line":157,"column":6}},"157":{"start":{"line":158,"column":0},"end":{"line":158,"column":0}},"158":{"start":{"line":159,"column":0},"end":{"line":159,"column":5}},"159":{"start":{"line":160,"column":0},"end":{"line":160,"column":22}},"160":{"start":{"line":161,"column":0},"end":{"line":161,"column":0}},"161":{"start":{"line":162,"column":0},"end":{"line":162,"column":54}},"162":{"start":{"line":163,"column":0},"end":{"line":163,"column":67}},"163":{"start":{"line":164,"column":0},"end":{"line":164,"column":29}},"164":{"start":{"line":165,"column":0},"end":{"line":165,"column":0}},"165":{"start":{"line":166,"column":0},"end":{"line":166,"column":61}},"166":{"start":{"line":167,"column":0},"end":{"line":167,"column":9}},"167":{"start":{"line":168,"column":0},"end":{"line":168,"column":5}},"168":{"start":{"line":169,"column":0},"end":{"line":169,"column":4}},"169":{"start":{"line":170,"column":0},"end":{"line":170,"column":0}},"170":{"start":{"line":171,"column":0},"end":{"line":171,"column":39}},"171":{"start":{"line":172,"column":0},"end":{"line":172,"column":2}}},"s":{"0":1,"1":1,"2":1,"3":1,"4":1,"5":1,"6":1,"7":1,"8":1,"9":1,"10":1,"11":1,"12":1,"13":1,"14":1,"15":1,"16":1,"17":1,"18":1,"19":1,"20":1,"21":47,"22":47,"23":47,"24":47,"25":47,"26":47,"27":47,"28":47,"29":47,"30":47,"31":47,"32":47,"33":47,"34":47,"35":47,"36":47,"37":47,"38":246,"39":246,"40":246,"41":47,"42":47,"43":47,"44":71,"45":71,"46":71,"47":71,"48":47,"49":47,"50":47,"51":317,"52":317,"53":317,"54":317,"55":317,"56":317,"57":317,"58":47,"59":47,"60":47,"61":47,"62":47,"63":47,"64":47,"65":47,"66":1,"67":1,"68":1,"69":1,"70":1,"71":1,"72":1,"73":1,"74":1,"75":1,"76":1,"77":1,"78":273,"79":273,"80":273,"81":273,"82":273,"83":273,"84":273,"85":273,"86":273,"87":273,"88":273,"89":273,"90":273,"91":273,"92":273,"93":273,"94":273,"95":273,"96":273,"97":273,"98":273,"99":273,"100":273,"101":273,"102":273,"103":273,"104":273,"105":273,"106":273,"107":273,"108":273,"109":273,"110":273,"111":273,"112":273,"113":273,"114":73,"115":73,"116":73,"117":37,"118":73,"119":273,"120":273,"121":273,"122":326,"123":326,"124":326,"125":326,"126":326,"127":326,"128":326,"129":15,"130":15,"131":15,"132":326,"133":326,"134":273,"135":273,"136":273,"137":206,"138":206,"139":206,"140":206,"141":128,"142":128,"143":128,"144":128,"145":128,"146":78,"147":78,"148":78,"149":78,"150":78,"151":83,"152":78,"153":78,"154":78,"155":273,"156":273,"157":273,"158":273,"159":273,"160":273,"161":273,"162":273,"163":273,"164":273,"165":273,"166":273,"167":273,"168":273,"169":273,"170":273,"171":273},"branchMap":{"0":{"type":"branch","line":21,"loc":{"start":{"line":21,"column":35},"end":{"line":66,"column":2}},"locations":[{"start":{"line":21,"column":35},"end":{"line":66,"column":2}}]},"1":{"type":"branch","line":38,"loc":{"start":{"line":38,"column":24},"end":{"line":42,"column":7}},"locations":[{"start":{"line":38,"column":24},"end":{"line":42,"column":7}}]},"2":{"type":"branch","line":44,"loc":{"start":{"line":44,"column":39},"end":{"line":49,"column":7}},"locations":[{"start":{"line":44,"column":39},"end":{"line":49,"column":7}}]},"3":{"type":"branch","line":48,"loc":{"start":{"line":48,"column":54},"end":{"line":48,"column":53}},"locations":[{"start":{"line":48,"column":54},"end":{"line":48,"column":53}}]},"4":{"type":"branch","line":48,"loc":{"start":{"line":48,"column":54},"end":{"line":48,"column":70}},"locations":[{"start":{"line":48,"column":54},"end":{"line":48,"column":70}}]},"5":{"type":"branch","line":51,"loc":{"start":{"line":51,"column":25},"end":{"line":59,"column":7}},"locations":[{"start":{"line":51,"column":25},"end":{"line":59,"column":7}}]},"6":{"type":"branch","line":53,"loc":{"start":{"line":53,"column":49},"end":{"line":53,"column":52}},"locations":[{"start":{"line":53,"column":49},"end":{"line":53,"column":52}}]},"7":{"type":"branch","line":53,"loc":{"start":{"line":53,"column":49},"end":{"line":54,"column":65}},"locations":[{"start":{"line":53,"column":49},"end":{"line":54,"column":65}}]},"8":{"type":"branch","line":78,"loc":{"start":{"line":78,"column":36},"end":{"line":172,"column":2}},"locations":[{"start":{"line":78,"column":36},"end":{"line":172,"column":2}}]},"9":{"type":"branch","line":105,"loc":{"start":{"line":105,"column":20},"end":{"line":105,"column":60}},"locations":[{"start":{"line":105,"column":20},"end":{"line":105,"column":60}}]},"10":{"type":"branch","line":114,"loc":{"start":{"line":114,"column":6},"end":{"line":120,"column":7}},"locations":[{"start":{"line":114,"column":6},"end":{"line":120,"column":7}}]},"11":{"type":"branch","line":117,"loc":{"start":{"line":117,"column":15},"end":{"line":119,"column":9}},"locations":[{"start":{"line":117,"column":15},"end":{"line":119,"column":9}}]},"12":{"type":"branch","line":122,"loc":{"start":{"line":122,"column":16},"end":{"line":135,"column":7}},"locations":[{"start":{"line":122,"column":16},"end":{"line":135,"column":7}}]},"13":{"type":"branch","line":129,"loc":{"start":{"line":129,"column":31},"end":{"line":132,"column":9}},"locations":[{"start":{"line":129,"column":31},"end":{"line":132,"column":9}}]},"14":{"type":"branch","line":137,"loc":{"start":{"line":137,"column":23},"end":{"line":156,"column":7}},"locations":[{"start":{"line":137,"column":23},"end":{"line":156,"column":7}}]},"15":{"type":"branch","line":141,"loc":{"start":{"line":141,"column":29},"end":{"line":146,"column":9}},"locations":[{"start":{"line":141,"column":29},"end":{"line":146,"column":9}}]},"16":{"type":"branch","line":147,"loc":{"start":{"line":147,"column":-1},"end":{"line":156,"column":7}},"locations":[{"start":{"line":147,"column":-1},"end":{"line":156,"column":7}}]},"17":{"type":"branch","line":142,"loc":{"start":{"line":142,"column":27},"end":{"line":142,"column":67}},"locations":[{"start":{"line":142,"column":27},"end":{"line":142,"column":67}}]},"18":{"type":"branch","line":151,"loc":{"start":{"line":151,"column":21},"end":{"line":153,"column":9}},"locations":[{"start":{"line":151,"column":21},"end":{"line":153,"column":9}}]},"19":{"type":"branch","line":162,"loc":{"start":{"line":162,"column":16},"end":{"line":167,"column":7}},"locations":[{"start":{"line":162,"column":16},"end":{"line":167,"column":7}}]},"20":{"type":"branch","line":166,"loc":{"start":{"line":166,"column":33},"end":{"line":166,"column":58}},"locations":[{"start":{"line":166,"column":33},"end":{"line":166,"column":58}}]}},"b":{"0":[47],"1":[246],"2":[71],"3":[24],"4":[47],"5":[317],"6":[45],"7":[272],"8":[273],"9":[273],"10":[73],"11":[37],"12":[326],"13":[15],"14":[206],"15":[128],"16":[78],"17":[15],"18":[83],"19":[273],"20":[366]},"fnMap":{"0":{"name":"createSelectorStore","decl":{"start":{"line":21,"column":35},"end":{"line":66,"column":2}},"loc":{"start":{"line":21,"column":35},"end":{"line":66,"column":2}},"line":21},"1":{"name":"getSelectorValue","decl":{"start":{"line":38,"column":24},"end":{"line":42,"column":7}},"loc":{"start":{"line":38,"column":24},"end":{"line":42,"column":7}},"line":38},"2":{"name":"subscribeToStateInSelectorStore","decl":{"start":{"line":44,"column":39},"end":{"line":49,"column":7}},"loc":{"start":{"line":44,"column":39},"end":{"line":49,"column":7}},"line":44},"3":{"name":"getSelectorRecord","decl":{"start":{"line":51,"column":25},"end":{"line":59,"column":7}},"loc":{"start":{"line":51,"column":25},"end":{"line":59,"column":7}},"line":51},"4":{"name":"createSelectorRecord","decl":{"start":{"line":78,"column":36},"end":{"line":172,"column":2}},"loc":{"start":{"line":78,"column":36},"end":{"line":172,"column":2}},"line":78},"5":{"name":"addSubscription","decl":{"start":{"line":114,"column":6},"end":{"line":120,"column":7}},"loc":{"start":{"line":114,"column":6},"end":{"line":120,"column":7}},"line":114},"6":{"name":"getValue","decl":{"start":{"line":122,"column":16},"end":{"line":135,"column":7}},"loc":{"start":{"line":122,"column":16},"end":{"line":135,"column":7}},"line":122},"7":{"name":"selectorTrigger","decl":{"start":{"line":137,"column":23},"end":{"line":156,"column":7}},"loc":{"start":{"line":137,"column":23},"end":{"line":156,"column":7}},"line":137},"8":{"name":"calculateValue","decl":{"start":{"line":166,"column":33},"end":{"line":166,"column":58}},"loc":{"start":{"line":166,"column":33},"end":{"line":166,"column":58}},"line":166}},"f":{"0":47,"1":246,"2":71,"3":317,"4":273,"5":73,"6":326,"7":206,"8":366}}
,"C:\\@turtlefly\\Code\\medama\\src\\state.ts": {"path":"C:\\@turtlefly\\Code\\medama\\src\\state.ts","all":false,"statementMap":{"0":{"start":{"line":1,"column":0},"end":{"line":1,"column":41}},"1":{"start":{"line":2,"column":0},"end":{"line":2,"column":48}},"2":{"start":{"line":3,"column":0},"end":{"line":3,"column":0}},"3":{"start":{"line":4,"column":0},"end":{"line":4,"column":3}},"4":{"start":{"line":5,"column":0},"end":{"line":5,"column":98}},"5":{"start":{"line":6,"column":0},"end":{"line":6,"column":11}},"6":{"start":{"line":7,"column":0},"end":{"line":7,"column":3}},"7":{"start":{"line":8,"column":0},"end":{"line":8,"column":44}},"8":{"start":{"line":9,"column":0},"end":{"line":9,"column":0}},"9":{"start":{"line":10,"column":0},"end":{"line":10,"column":57}},"10":{"start":{"line":11,"column":0},"end":{"line":11,"column":0}},"11":{"start":{"line":12,"column":0},"end":{"line":12,"column":61}},"12":{"start":{"line":13,"column":0},"end":{"line":13,"column":34}},"13":{"start":{"line":14,"column":0},"end":{"line":14,"column":22}},"14":{"start":{"line":15,"column":0},"end":{"line":15,"column":0}},"15":{"start":{"line":16,"column":0},"end":{"line":16,"column":48}},"16":{"start":{"line":17,"column":0},"end":{"line":17,"column":34}},"17":{"start":{"line":18,"column":0},"end":{"line":18,"column":53}},"18":{"start":{"line":19,"column":0},"end":{"line":19,"column":39}},"19":{"start":{"line":20,"column":0},"end":{"line":20,"column":48}},"20":{"start":{"line":21,"column":0},"end":{"line":21,"column":58}},"21":{"start":{"line":22,"column":0},"end":{"line":22,"column":2}},"22":{"start":{"line":23,"column":0},"end":{"line":23,"column":0}},"23":{"start":{"line":24,"column":0},"end":{"line":24,"column":28}},"24":{"start":{"line":25,"column":0},"end":{"line":25,"column":82}},"25":{"start":{"line":26,"column":0},"end":{"line":26,"column":98}},"26":{"start":{"line":27,"column":0},"end":{"line":27,"column":2}},"27":{"start":{"line":28,"column":0},"end":{"line":28,"column":0}},"28":{"start":{"line":29,"column":0},"end":{"line":29,"column":3}},"29":{"start":{"line":30,"column":0},"end":{"line":30,"column":97}},"30":{"start":{"line":31,"column":0},"end":{"line":31,"column":96}},"31":{"start":{"line":32,"column":0},"end":{"line":32,"column":31}},"32":{"start":{"line":33,"column":0},"end":{"line":33,"column":3}},"33":{"start":{"line":34,"column":0},"end":{"line":34,"column":87}},"34":{"start":{"line":35,"column":0},"end":{"line":35,"column":58}},"35":{"start":{"line":36,"column":0},"end":{"line":36,"column":5}},"36":{"start":{"line":37,"column":0},"end":{"line":37,"column":9}},"37":{"start":{"line":38,"column":0},"end":{"line":38,"column":50}},"38":{"start":{"line":39,"column":0},"end":{"line":39,"column":9}},"39":{"start":{"line":40,"column":0},"end":{"line":40,"column":34}},"40":{"start":{"line":41,"column":0},"end":{"line":41,"column":0}},"41":{"start":{"line":42,"column":0},"end":{"line":42,"column":9}},"42":{"start":{"line":43,"column":0},"end":{"line":43,"column":100}},"43":{"start":{"line":44,"column":0},"end":{"line":44,"column":9}},"44":{"start":{"line":45,"column":0},"end":{"line":45,"column":51}},"45":{"start":{"line":46,"column":0},"end":{"line":46,"column":6}},"46":{"start":{"line":47,"column":0},"end":{"line":47,"column":29}},"47":{"start":{"line":48,"column":0},"end":{"line":48,"column":5}},"48":{"start":{"line":49,"column":0},"end":{"line":49,"column":9}},"49":{"start":{"line":50,"column":0},"end":{"line":50,"column":99}},"50":{"start":{"line":51,"column":0},"end":{"line":51,"column":79}},"51":{"start":{"line":52,"column":0},"end":{"line":52,"column":96}},"52":{"start":{"line":53,"column":0},"end":{"line":53,"column":22}},"53":{"start":{"line":54,"column":0},"end":{"line":54,"column":95}},"54":{"start":{"line":55,"column":0},"end":{"line":55,"column":22}},"55":{"start":{"line":56,"column":0},"end":{"line":56,"column":9}},"56":{"start":{"line":57,"column":0},"end":{"line":57,"column":40}},"57":{"start":{"line":58,"column":0},"end":{"line":58,"column":0}},"58":{"start":{"line":59,"column":0},"end":{"line":59,"column":9}},"59":{"start":{"line":60,"column":0},"end":{"line":60,"column":58}},"60":{"start":{"line":61,"column":0},"end":{"line":61,"column":9}},"61":{"start":{"line":62,"column":0},"end":{"line":62,"column":19}},"62":{"start":{"line":63,"column":0},"end":{"line":63,"column":0}},"63":{"start":{"line":64,"column":0},"end":{"line":64,"column":9}},"64":{"start":{"line":65,"column":0},"end":{"line":65,"column":95}},"65":{"start":{"line":66,"column":0},"end":{"line":66,"column":40}},"66":{"start":{"line":67,"column":0},"end":{"line":67,"column":9}},"67":{"start":{"line":68,"column":0},"end":{"line":68,"column":69}},"68":{"start":{"line":69,"column":0},"end":{"line":69,"column":22}},"69":{"start":{"line":70,"column":0},"end":{"line":70,"column":4}},"70":{"start":{"line":71,"column":0},"end":{"line":71,"column":59}},"71":{"start":{"line":72,"column":0},"end":{"line":72,"column":0}},"72":{"start":{"line":73,"column":0},"end":{"line":73,"column":5}},"73":{"start":{"line":74,"column":0},"end":{"line":74,"column":56}},"74":{"start":{"line":75,"column":0},"end":{"line":75,"column":38}},"75":{"start":{"line":76,"column":0},"end":{"line":76,"column":86}},"76":{"start":{"line":77,"column":0},"end":{"line":77,"column":8}},"77":{"start":{"line":78,"column":0},"end":{"line":78,"column":0}},"78":{"start":{"line":79,"column":0},"end":{"line":79,"column":87}},"79":{"start":{"line":80,"column":0},"end":{"line":80,"column":37}},"80":{"start":{"line":81,"column":0},"end":{"line":81,"column":0}},"81":{"start":{"line":82,"column":0},"end":{"line":82,"column":99}},"82":{"start":{"line":83,"column":0},"end":{"line":83,"column":8}},"83":{"start":{"line":84,"column":0},"end":{"line":84,"column":0}},"84":{"start":{"line":85,"column":0},"end":{"line":85,"column":76}},"85":{"start":{"line":86,"column":0},"end":{"line":86,"column":56}},"86":{"start":{"line":87,"column":0},"end":{"line":87,"column":0}},"87":{"start":{"line":88,"column":0},"end":{"line":88,"column":78}},"88":{"start":{"line":89,"column":0},"end":{"line":89,"column":40}},"89":{"start":{"line":90,"column":0},"end":{"line":90,"column":40}},"90":{"start":{"line":91,"column":0},"end":{"line":91,"column":11}},"91":{"start":{"line":92,"column":0},"end":{"line":92,"column":0}},"92":{"start":{"line":93,"column":0},"end":{"line":93,"column":18}},"93":{"start":{"line":94,"column":0},"end":{"line":94,"column":8}},"94":{"start":{"line":95,"column":0},"end":{"line":95,"column":0}},"95":{"start":{"line":96,"column":0},"end":{"line":96,"column":96}},"96":{"start":{"line":97,"column":0},"end":{"line":97,"column":73}},"97":{"start":{"line":98,"column":0},"end":{"line":98,"column":0}},"98":{"start":{"line":99,"column":0},"end":{"line":99,"column":34}},"99":{"start":{"line":100,"column":0},"end":{"line":100,"column":8}},"100":{"start":{"line":101,"column":0},"end":{"line":101,"column":6}},"101":{"start":{"line":102,"column":0},"end":{"line":102,"column":0}},"102":{"start":{"line":103,"column":0},"end":{"line":103,"column":5}},"103":{"start":{"line":104,"column":0},"end":{"line":104,"column":27}},"104":{"start":{"line":105,"column":0},"end":{"line":105,"column":86}},"105":{"start":{"line":106,"column":0},"end":{"line":106,"column":31}},"106":{"start":{"line":107,"column":0},"end":{"line":107,"column":34}},"107":{"start":{"line":108,"column":0},"end":{"line":108,"column":63}},"108":{"start":{"line":109,"column":0},"end":{"line":109,"column":0}},"109":{"start":{"line":110,"column":0},"end":{"line":110,"column":37}},"110":{"start":{"line":111,"column":0},"end":{"line":111,"column":99}},"111":{"start":{"line":112,"column":0},"end":{"line":112,"column":50}},"112":{"start":{"line":113,"column":0},"end":{"line":113,"column":13}},"113":{"start":{"line":114,"column":0},"end":{"line":114,"column":0}},"114":{"start":{"line":115,"column":0},"end":{"line":115,"column":55}},"115":{"start":{"line":116,"column":0},"end":{"line":116,"column":12}},"116":{"start":{"line":117,"column":0},"end":{"line":117,"column":0}},"117":{"start":{"line":118,"column":0},"end":{"line":118,"column":41}},"118":{"start":{"line":119,"column":0},"end":{"line":119,"column":34}},"119":{"start":{"line":120,"column":0},"end":{"line":120,"column":65}},"120":{"start":{"line":121,"column":0},"end":{"line":121,"column":59}},"121":{"start":{"line":122,"column":0},"end":{"line":122,"column":69}},"122":{"start":{"line":123,"column":0},"end":{"line":123,"column":0}},"123":{"start":{"line":124,"column":0},"end":{"line":124,"column":70}},"124":{"start":{"line":125,"column":0},"end":{"line":125,"column":0}},"125":{"start":{"line":126,"column":0},"end":{"line":126,"column":24}},"126":{"start":{"line":127,"column":0},"end":{"line":127,"column":12}},"127":{"start":{"line":128,"column":0},"end":{"line":128,"column":10}},"128":{"start":{"line":129,"column":0},"end":{"line":129,"column":8}},"129":{"start":{"line":130,"column":0},"end":{"line":130,"column":0}},"130":{"start":{"line":131,"column":0},"end":{"line":131,"column":94}},"131":{"start":{"line":132,"column":0},"end":{"line":132,"column":0}},"132":{"start":{"line":133,"column":0},"end":{"line":133,"column":26}},"133":{"start":{"line":134,"column":0},"end":{"line":134,"column":0}},"134":{"start":{"line":135,"column":0},"end":{"line":135,"column":25}},"135":{"start":{"line":136,"column":0},"end":{"line":136,"column":5}},"136":{"start":{"line":137,"column":0},"end":{"line":137,"column":4}},"137":{"start":{"line":138,"column":0},"end":{"line":138,"column":0}},"138":{"start":{"line":139,"column":0},"end":{"line":139,"column":49}},"139":{"start":{"line":140,"column":0},"end":{"line":140,"column":2}},"140":{"start":{"line":141,"column":0},"end":{"line":141,"column":0}},"141":{"start":{"line":142,"column":0},"end":{"line":142,"column":67}},"142":{"start":{"line":143,"column":0},"end":{"line":143,"column":0}},"143":{"start":{"line":144,"column":0},"end":{"line":144,"column":3}},"144":{"start":{"line":145,"column":0},"end":{"line":145,"column":97}},"145":{"start":{"line":146,"column":0},"end":{"line":146,"column":40}},"146":{"start":{"line":147,"column":0},"end":{"line":147,"column":3}},"147":{"start":{"line":148,"column":0},"end":{"line":148,"column":77}},"148":{"start":{"line":149,"column":0},"end":{"line":149,"column":10}},"149":{"start":{"line":150,"column":0},"end":{"line":150,"column":7}},"150":{"start":{"line":151,"column":0},"end":{"line":151,"column":5}},"151":{"start":{"line":152,"column":0},"end":{"line":152,"column":9}},"152":{"start":{"line":153,"column":0},"end":{"line":153,"column":100}},"153":{"start":{"line":154,"column":0},"end":{"line":154,"column":99}},"154":{"start":{"line":155,"column":0},"end":{"line":155,"column":9}},"155":{"start":{"line":156,"column":0},"end":{"line":156,"column":45}},"156":{"start":{"line":157,"column":0},"end":{"line":157,"column":0}},"157":{"start":{"line":158,"column":0},"end":{"line":158,"column":9}},"158":{"start":{"line":159,"column":0},"end":{"line":159,"column":77}},"159":{"start":{"line":160,"column":0},"end":{"line":160,"column":9}},"160":{"start":{"line":161,"column":0},"end":{"line":161,"column":29}},"161":{"start":{"line":162,"column":0},"end":{"line":162,"column":0}},"162":{"start":{"line":163,"column":0},"end":{"line":163,"column":9}},"163":{"start":{"line":164,"column":0},"end":{"line":164,"column":73}},"164":{"start":{"line":165,"column":0},"end":{"line":165,"column":9}},"165":{"start":{"line":166,"column":0},"end":{"line":166,"column":32}},"166":{"start":{"line":167,"column":0},"end":{"line":167,"column":6}},"167":{"start":{"line":168,"column":0},"end":{"line":168,"column":39}},"168":{"start":{"line":169,"column":0},"end":{"line":169,"column":4}},"169":{"start":{"line":170,"column":0},"end":{"line":170,"column":7}},"170":{"start":{"line":171,"column":0},"end":{"line":171,"column":0}},"171":{"start":{"line":172,"column":0},"end":{"line":172,"column":5}},"172":{"start":{"line":173,"column":0},"end":{"line":173,"column":78}},"173":{"start":{"line":174,"column":0},"end":{"line":174,"column":38}},"174":{"start":{"line":175,"column":0},"end":{"line":175,"column":0}},"175":{"start":{"line":176,"column":0},"end":{"line":176,"column":34}},"176":{"start":{"line":177,"column":0},"end":{"line":177,"column":43}},"177":{"start":{"line":178,"column":0},"end":{"line":178,"column":11}},"178":{"start":{"line":179,"column":0},"end":{"line":179,"column":8}},"179":{"start":{"line":180,"column":0},"end":{"line":180,"column":0}},"180":{"start":{"line":181,"column":0},"end":{"line":181,"column":42}},"181":{"start":{"line":182,"column":0},"end":{"line":182,"column":76}},"182":{"start":{"line":183,"column":0},"end":{"line":183,"column":45}},"183":{"start":{"line":184,"column":0},"end":{"line":184,"column":8}},"184":{"start":{"line":185,"column":0},"end":{"line":185,"column":0}},"185":{"start":{"line":186,"column":0},"end":{"line":186,"column":46}},"186":{"start":{"line":187,"column":0},"end":{"line":187,"column":46}},"187":{"start":{"line":188,"column":0},"end":{"line":188,"column":21}},"188":{"start":{"line":189,"column":0},"end":{"line":189,"column":11}},"189":{"start":{"line":190,"column":0},"end":{"line":190,"column":8}},"190":{"start":{"line":191,"column":0},"end":{"line":191,"column":6}},"191":{"start":{"line":192,"column":0},"end":{"line":192,"column":0}},"192":{"start":{"line":193,"column":0},"end":{"line":193,"column":33}},"193":{"start":{"line":194,"column":0},"end":{"line":194,"column":23}},"194":{"start":{"line":195,"column":0},"end":{"line":195,"column":0}},"195":{"start":{"line":196,"column":0},"end":{"line":196,"column":23}},"196":{"start":{"line":197,"column":0},"end":{"line":197,"column":45}},"197":{"start":{"line":198,"column":0},"end":{"line":198,"column":22}},"198":{"start":{"line":199,"column":0},"end":{"line":199,"column":2}},"199":{"start":{"line":200,"column":0},"end":{"line":200,"column":0}},"200":{"start":{"line":201,"column":0},"end":{"line":201,"column":3}},"201":{"start":{"line":202,"column":0},"end":{"line":202,"column":99}},"202":{"start":{"line":203,"column":0},"end":{"line":203,"column":54}},"203":{"start":{"line":204,"column":0},"end":{"line":204,"column":3}},"204":{"start":{"line":205,"column":0},"end":{"line":205,"column":36}},"205":{"start":{"line":206,"column":0},"end":{"line":206,"column":41}},"206":{"start":{"line":207,"column":0},"end":{"line":207,"column":7}},"207":{"start":{"line":208,"column":0},"end":{"line":208,"column":19}},"208":{"start":{"line":209,"column":0},"end":{"line":209,"column":71}},"209":{"start":{"line":210,"column":0},"end":{"line":210,"column":4}},"210":{"start":{"line":211,"column":0},"end":{"line":211,"column":7}},"211":{"start":{"line":212,"column":0},"end":{"line":212,"column":0}},"212":{"start":{"line":213,"column":0},"end":{"line":213,"column":5}},"213":{"start":{"line":214,"column":0},"end":{"line":214,"column":38}},"214":{"start":{"line":215,"column":0},"end":{"line":215,"column":23}},"215":{"start":{"line":216,"column":0},"end":{"line":216,"column":8}},"216":{"start":{"line":217,"column":0},"end":{"line":217,"column":0}},"217":{"start":{"line":218,"column":0},"end":{"line":218,"column":50}},"218":{"start":{"line":219,"column":0},"end":{"line":219,"column":33}},"219":{"start":{"line":220,"column":0},"end":{"line":220,"column":34}},"220":{"start":{"line":221,"column":0},"end":{"line":221,"column":52}},"221":{"start":{"line":222,"column":0},"end":{"line":222,"column":0}},"222":{"start":{"line":223,"column":0},"end":{"line":223,"column":18}},"223":{"start":{"line":224,"column":0},"end":{"line":224,"column":40}},"224":{"start":{"line":225,"column":0},"end":{"line":225,"column":13}},"225":{"start":{"line":226,"column":0},"end":{"line":226,"column":11}},"226":{"start":{"line":227,"column":0},"end":{"line":227,"column":0}},"227":{"start":{"line":228,"column":0},"end":{"line":228,"column":21}},"228":{"start":{"line":229,"column":0},"end":{"line":229,"column":35}},"229":{"start":{"line":230,"column":0},"end":{"line":230,"column":8}},"230":{"start":{"line":231,"column":0},"end":{"line":231,"column":6}},"231":{"start":{"line":232,"column":0},"end":{"line":232,"column":0}},"232":{"start":{"line":233,"column":0},"end":{"line":233,"column":5}},"233":{"start":{"line":234,"column":0},"end":{"line":234,"column":22}},"234":{"start":{"line":235,"column":0},"end":{"line":235,"column":36}},"235":{"start":{"line":236,"column":0},"end":{"line":236,"column":5}},"236":{"start":{"line":237,"column":0},"end":{"line":237,"column":4}},"237":{"start":{"line":238,"column":0},"end":{"line":238,"column":0}},"238":{"start":{"line":239,"column":0},"end":{"line":239,"column":32}},"239":{"start":{"line":240,"column":0},"end":{"line":240,"column":2}}},"s":{"0":1,"1":1,"2":1,"3":1,"4":1,"5":1,"6":1,"7":1,"8":1,"9":1,"10":1,"11":1,"12":1,"13":1,"14":1,"15":1,"16":1,"17":1,"18":1,"19":1,"20":1,"21":1,"22":1,"23":1,"24":1,"25":1,"26":1,"27":1,"28":1,"29":1,"30":1,"31":1,"32":1,"33":1,"34":72,"35":72,"36":72,"37":72,"38":72,"39":72,"40":72,"41":72,"42":72,"43":72,"44":72,"45":72,"46":72,"47":72,"48":72,"49":72,"50":72,"51":72,"52":72,"53":72,"54":72,"55":72,"56":72,"57":72,"58":72,"59":72,"60":72,"61":72,"62":72,"63":72,"64":72,"65":72,"66":72,"67":72,"68":72,"69":72,"70":72,"71":72,"72":72,"73":72,"74":773,"75":773,"76":72,"77":72,"78":72,"79":565,"80":565,"81":565,"82":72,"83":72,"84":72,"85":72,"86":72,"87":72,"88":175,"89":175,"90":175,"91":175,"92":175,"93":72,"94":72,"95":72,"96":282,"97":282,"98":282,"99":72,"100":72,"101":72,"102":72,"103":72,"104":72,"105":48,"106":533,"107":533,"108":533,"109":533,"110":395,"111":395,"112":395,"113":528,"114":528,"115":48,"116":48,"117":48,"118":240,"119":240,"120":240,"121":240,"122":240,"123":240,"124":240,"125":240,"126":48,"127":48,"128":72,"129":72,"130":72,"131":72,"132":72,"133":72,"134":72,"135":72,"136":72,"137":72,"138":72,"139":72,"140":1,"141":1,"142":1,"143":1,"144":1,"145":1,"146":1,"147":1,"148":286,"149":286,"150":286,"151":286,"152":286,"153":286,"154":286,"155":286,"156":286,"157":286,"158":286,"159":286,"160":286,"161":286,"162":286,"163":286,"164":286,"165":286,"166":286,"167":286,"168":286,"169":286,"170":286,"171":286,"172":286,"173":400,"174":400,"175":400,"176":291,"177":400,"178":286,"179":286,"180":286,"181":209,"182":209,"183":286,"184":286,"185":286,"186":127,"187":291,"188":127,"189":286,"190":286,"191":286,"192":286,"193":1,"194":1,"195":1,"196":1,"197":1,"198":1,"199":1,"200":1,"201":1,"202":1,"203":1,"204":1,"205":73,"206":73,"207":73,"208":73,"209":73,"210":73,"211":73,"212":73,"213":73,"214":188,"215":73,"216":73,"217":73,"218":184,"219":188,"220":222,"221":208,"222":208,"223":208,"224":188,"225":184,"226":184,"227":184,"228":184,"229":73,"230":73,"231":73,"232":73,"233":73,"234":73,"235":73,"236":73,"237":73,"238":73,"239":73},"branchMap":{"0":{"type":"branch","line":34,"loc":{"start":{"line":34,"column":32},"end":{"line":140,"column":2}},"locations":[{"start":{"line":34,"column":32},"end":{"line":140,"column":2}}]},"1":{"type":"branch","line":74,"loc":{"start":{"line":74,"column":27},"end":{"line":77,"column":7}},"locations":[{"start":{"line":74,"column":27},"end":{"line":77,"column":7}}]},"2":{"type":"branch","line":76,"loc":{"start":{"line":76,"column":10},"end":{"line":76,"column":86}},"locations":[{"start":{"line":76,"column":10},"end":{"line":76,"column":86}}]},"3":{"type":"branch","line":79,"loc":{"start":{"line":79,"column":32},"end":{"line":83,"column":7}},"locations":[{"start":{"line":79,"column":32},"end":{"line":83,"column":7}}]},"4":{"type":"branch","line":85,"loc":{"start":{"line":85,"column":26},"end":{"line":86,"column":55}},"locations":[{"start":{"line":85,"column":26},"end":{"line":86,"column":55}}]},"5":{"type":"branch","line":86,"loc":{"start":{"line":86,"column":33},"end":{"line":86,"column":54}},"locations":[{"start":{"line":86,"column":33},"end":{"line":86,"column":54}}]},"6":{"type":"branch","line":88,"loc":{"start":{"line":88,"column":18},"end":{"line":94,"column":7}},"locations":[{"start":{"line":88,"column":18},"end":{"line":94,"column":7}}]},"7":{"type":"branch","line":89,"loc":{"start":{"line":89,"column":33},"end":{"line":91,"column":9}},"locations":[{"start":{"line":89,"column":33},"end":{"line":91,"column":9}}]},"8":{"type":"branch","line":96,"loc":{"start":{"line":96,"column":31},"end":{"line":100,"column":7}},"locations":[{"start":{"line":96,"column":31},"end":{"line":100,"column":7}}]},"9":{"type":"branch","line":105,"loc":{"start":{"line":105,"column":8},"end":{"line":128,"column":10}},"locations":[{"start":{"line":105,"column":8},"end":{"line":128,"column":10}}]},"10":{"type":"branch","line":106,"loc":{"start":{"line":106,"column":15},"end":{"line":116,"column":11}},"locations":[{"start":{"line":106,"column":15},"end":{"line":116,"column":11}}]},"11":{"type":"branch","line":110,"loc":{"start":{"line":110,"column":36},"end":{"line":113,"column":13}},"locations":[{"start":{"line":110,"column":36},"end":{"line":113,"column":13}}]},"12":{"type":"branch","line":111,"loc":{"start":{"line":111,"column":82},"end":{"line":111,"column":88}},"locations":[{"start":{"line":111,"column":82},"end":{"line":111,"column":88}}]},"13":{"type":"branch","line":111,"loc":{"start":{"line":111,"column":82},"end":{"line":111,"column":98}},"locations":[{"start":{"line":111,"column":82},"end":{"line":111,"column":98}}]},"14":{"type":"branch","line":114,"loc":{"start":{"line":114,"column":-1},"end":{"line":116,"column":11}},"locations":[{"start":{"line":114,"column":-1},"end":{"line":116,"column":11}}]},"15":{"type":"branch","line":118,"loc":{"start":{"line":118,"column":15},"end":{"line":127,"column":11}},"locations":[{"start":{"line":118,"column":15},"end":{"line":127,"column":11}}]},"16":{"type":"branch","line":124,"loc":{"start":{"line":124,"column":19},"end":{"line":124,"column":53}},"locations":[{"start":{"line":124,"column":19},"end":{"line":124,"column":53}}]},"17":{"type":"branch","line":124,"loc":{"start":{"line":124,"column":55},"end":{"line":124,"column":70}},"locations":[{"start":{"line":124,"column":55},"end":{"line":124,"column":70}}]},"18":{"type":"branch","line":131,"loc":{"start":{"line":131,"column":20},"end":{"line":131,"column":92}},"locations":[{"start":{"line":131,"column":20},"end":{"line":131,"column":92}}]},"19":{"type":"branch","line":148,"loc":{"start":{"line":148,"column":40},"end":{"line":194,"column":22}},"locations":[{"start":{"line":148,"column":40},"end":{"line":194,"column":22}}]},"20":{"type":"branch","line":173,"loc":{"start":{"line":173,"column":26},"end":{"line":179,"column":7}},"locations":[{"start":{"line":173,"column":26},"end":{"line":179,"column":7}}]},"21":{"type":"branch","line":176,"loc":{"start":{"line":176,"column":27},"end":{"line":178,"column":9}},"locations":[{"start":{"line":176,"column":27},"end":{"line":178,"column":9}}]},"22":{"type":"branch","line":181,"loc":{"start":{"line":181,"column":18},"end":{"line":184,"column":7}},"locations":[{"start":{"line":181,"column":18},"end":{"line":184,"column":7}}]},"23":{"type":"branch","line":183,"loc":{"start":{"line":183,"column":25},"end":{"line":183,"column":44}},"locations":[{"start":{"line":183,"column":25},"end":{"line":183,"column":44}}]},"24":{"type":"branch","line":186,"loc":{"start":{"line":186,"column":21},"end":{"line":190,"column":7}},"locations":[{"start":{"line":186,"column":21},"end":{"line":190,"column":7}}]},"25":{"type":"branch","line":187,"loc":{"start":{"line":187,"column":31},"end":{"line":189,"column":9}},"locations":[{"start":{"line":187,"column":31},"end":{"line":189,"column":9}}]},"26":{"type":"branch","line":205,"loc":{"start":{"line":205,"column":29},"end":{"line":240,"column":2}},"locations":[{"start":{"line":205,"column":29},"end":{"line":240,"column":2}}]},"27":{"type":"branch","line":214,"loc":{"start":{"line":214,"column":17},"end":{"line":216,"column":7}},"locations":[{"start":{"line":214,"column":17},"end":{"line":216,"column":7}}]},"28":{"type":"branch","line":218,"loc":{"start":{"line":218,"column":15},"end":{"line":230,"column":7}},"locations":[{"start":{"line":218,"column":15},"end":{"line":230,"column":7}}]},"29":{"type":"branch","line":219,"loc":{"start":{"line":219,"column":21},"end":{"line":226,"column":9}},"locations":[{"start":{"line":219,"column":21},"end":{"line":226,"column":9}}]},"30":{"type":"branch","line":220,"loc":{"start":{"line":220,"column":24},"end":{"line":225,"column":11}},"locations":[{"start":{"line":220,"column":24},"end":{"line":225,"column":11}}]},"31":{"type":"branch","line":221,"loc":{"start":{"line":221,"column":45},"end":{"line":221,"column":52}},"locations":[{"start":{"line":221,"column":45},"end":{"line":221,"column":52}}]},"32":{"type":"branch","line":222,"loc":{"start":{"line":222,"column":-1},"end":{"line":225,"column":11}},"locations":[{"start":{"line":222,"column":-1},"end":{"line":225,"column":11}}]}},"b":{"0":[72],"1":[773],"2":[5],"3":[565],"4":[390],"5":[390],"6":[175],"7":[175],"8":[282],"9":[48],"10":[533],"11":[395],"12":[275],"13":[120],"14":[528],"15":[240],"16":[208],"17":[185],"18":[48],"19":[286],"20":[400],"21":[291],"22":[209],"23":[127],"24":[127],"25":[291],"26":[73],"27":[188],"28":[184],"29":[188],"30":[222],"31":[14],"32":[208]},"fnMap":{"0":{"name":"createStateImage","decl":{"start":{"line":34,"column":32},"end":{"line":140,"column":2}},"loc":{"start":{"line":34,"column":32},"end":{"line":140,"column":2}},"line":34},"1":{"name":"restrictCalculation","decl":{"start":{"line":74,"column":27},"end":{"line":77,"column":7}},"loc":{"start":{"line":74,"column":27},"end":{"line":77,"column":7}},"line":74},"2":{"name":"runWithRestrictionLifted","decl":{"start":{"line":79,"column":32},"end":{"line":83,"column":7}},"loc":{"start":{"line":79,"column":32},"end":{"line":83,"column":7}},"line":79},"3":{"name":"readStateFromImage","decl":{"start":{"line":85,"column":26},"end":{"line":86,"column":55}},"loc":{"start":{"line":85,"column":26},"end":{"line":86,"column":55}},"line":85},"4":{"name":"writeState","decl":{"start":{"line":88,"column":18},"end":{"line":94,"column":7}},"loc":{"start":{"line":88,"column":18},"end":{"line":94,"column":7}},"line":88},"5":{"name":"registerSelectorTrigger","decl":{"start":{"line":96,"column":31},"end":{"line":100,"column":7}},"loc":{"start":{"line":96,"column":31},"end":{"line":100,"column":7}},"line":96},"6":{"name":"get","decl":{"start":{"line":106,"column":15},"end":{"line":116,"column":11}},"loc":{"start":{"line":106,"column":15},"end":{"line":116,"column":11}},"line":106},"7":{"name":"set","decl":{"start":{"line":118,"column":15},"end":{"line":127,"column":11}},"loc":{"start":{"line":118,"column":15},"end":{"line":127,"column":11}},"line":118},"8":{"name":"createRegisterTriggerJob","decl":{"start":{"line":148,"column":40},"end":{"line":194,"column":22}},"loc":{"start":{"line":148,"column":40},"end":{"line":194,"column":22}},"line":148},"9":{"name":"registerTriggerJob","decl":{"start":{"line":173,"column":26},"end":{"line":179,"column":7}},"loc":{"start":{"line":173,"column":26},"end":{"line":179,"column":7}},"line":173},"10":{"name":"triggerJob","decl":{"start":{"line":181,"column":18},"end":{"line":184,"column":7}},"loc":{"start":{"line":181,"column":18},"end":{"line":184,"column":7}},"line":181},"11":{"name":"runUnregister","decl":{"start":{"line":186,"column":21},"end":{"line":190,"column":7}},"loc":{"start":{"line":186,"column":21},"end":{"line":190,"column":7}},"line":186},"12":{"name":"createJobPool","decl":{"start":{"line":205,"column":29},"end":{"line":240,"column":2}},"loc":{"start":{"line":205,"column":29},"end":{"line":240,"column":2}},"line":205},"13":{"name":"addToPool","decl":{"start":{"line":214,"column":17},"end":{"line":216,"column":7}},"loc":{"start":{"line":214,"column":17},"end":{"line":216,"column":7}},"line":214},"14":{"name":"runPool","decl":{"start":{"line":218,"column":15},"end":{"line":230,"column":7}},"loc":{"start":{"line":218,"column":15},"end":{"line":230,"column":7}},"line":218}},"f":{"0":72,"1":773,"2":565,"3":390,"4":175,"5":282,"6":533,"7":240,"8":286,"9":400,"10":209,"11":127,"12":73,"13":188,"14":184}}
}
