TN:
SF:src\index.ts
FN:1,get
FNF:1
FNH:1
FNDA:2,get
DA:1,1
DA:2,1
LF:2
LH:2
BRDA:1,0,0,2
BRF:1
BRH:1
end_of_record
TN:
SF:src\medama.ts
FN:8,Medama
FN:16,subscribeToState
FN:26,readState
FN:30,setState
FN:41,resetState
FN:48,ManageSubscription
FN:49,ManageSubscription.resubscribe
FN:57,unsubscribe
FNF:8
FNH:8
FNDA:46,Medama
FNDA:46,subscribeToState
FNDA:90,readState
FNDA:162,setState
FNDA:23,resetState
FNDA:46,ManageSubscription
FNDA:68,ManageSubscription.resubscribe
FNDA:18,unsubscribe
DA:1,1
DA:2,1
DA:3,1
DA:4,1
DA:5,1
DA:6,1
DA:7,1
DA:8,1
DA:9,46
DA:10,46
DA:11,46
DA:12,1
DA:13,1
DA:14,1
DA:15,1
DA:16,1
DA:17,46
DA:18,68
DA:19,46
DA:20,46
DA:21,46
DA:22,46
DA:23,46
DA:24,46
DA:25,1
DA:26,1
DA:27,90
DA:28,90
DA:29,1
DA:30,1
DA:31,162
DA:32,162
DA:33,162
DA:34,162
DA:35,162
DA:36,162
DA:37,162
DA:38,162
DA:39,162
DA:40,1
DA:41,1
DA:42,23
DA:43,23
DA:44,23
DA:45,1
DA:46,1
DA:47,1
DA:48,1
DA:49,46
DA:50,68
DA:51,68
DA:52,46
DA:53,46
DA:54,1
DA:55,1
DA:56,1
DA:57,1
DA:58,18
DA:59,18
DA:60,18
DA:61,1
DA:62,1
DA:63,1
LF:63
LH:63
BRDA:8,0,0,46
BRDA:16,1,0,46
BRDA:17,2,0,68
BRDA:26,3,0,90
BRDA:30,4,0,162
BRDA:33,5,0,146
BRDA:34,6,0,16
BRDA:41,7,0,23
BRDA:48,8,0,46
BRDA:49,9,0,68
BRDA:50,10,0,14
BRDA:50,11,0,54
BRDA:50,12,0,14
BRDA:57,13,0,18
BRDA:58,14,0,0
BRF:15
BRH:14
end_of_record
TN:
SF:src\selectorStore.ts
FN:10,SelectorStore
FN:11,SelectorStore.getSelectorRecord
FN:26,getSelectorValue
FN:30,subscribeToStateInSelectorStore
FN:49,SelectorRecord
FN:50,selectorTrigger
FN:71,SelectorRecord.calculateValue
FN:73,SelectorRecord.getValue
FN:110,addSubscription
FNF:9
FNH:9
FNDA:70,SelectorStore
FNDA:317,SelectorStore.getSelectorRecord
FNDA:246,getSelectorValue
FNDA:71,subscribeToStateInSelectorStore
FNDA:273,SelectorRecord
FNDA:206,selectorTrigger
FNDA:366,SelectorRecord.calculateValue
FNDA:326,SelectorRecord.getValue
FNDA:73,addSubscription
DA:1,1
DA:2,1
DA:3,1
DA:4,1
DA:5,1
DA:6,1
DA:7,1
DA:8,1
DA:9,1
DA:10,1
DA:11,70
DA:12,317
DA:13,317
DA:14,317
DA:15,317
DA:16,317
DA:17,317
DA:18,70
DA:19,70
DA:20,1
DA:21,1
DA:22,1
DA:23,1
DA:24,1
DA:25,1
DA:26,1
DA:27,246
DA:28,246
DA:29,1
DA:30,1
DA:31,71
DA:32,71
DA:33,71
DA:34,71
DA:35,71
DA:36,1
DA:37,1
DA:38,1
DA:39,1
DA:40,1
DA:41,1
DA:42,1
DA:43,1
DA:44,1
DA:45,1
DA:46,1
DA:47,1
DA:48,1
DA:49,1
DA:50,273
DA:51,206
DA:52,206
DA:53,206
DA:54,206
DA:55,128
DA:56,128
DA:57,128
DA:58,128
DA:59,128
DA:60,78
DA:61,78
DA:62,78
DA:63,78
DA:64,83
DA:65,78
DA:66,78
DA:67,78
DA:68,273
DA:69,273
DA:70,273
DA:71,273
DA:72,273
DA:73,273
DA:74,326
DA:75,326
DA:76,326
DA:77,326
DA:78,326
DA:79,326
DA:80,326
DA:81,15
DA:82,15
DA:83,15
DA:84,326
DA:85,326
DA:86,326
DA:87,326
DA:88,326
DA:89,273
DA:90,273
DA:91,1
DA:92,1
DA:93,1
DA:94,1
DA:95,1
DA:96,1
DA:97,1
DA:98,1
DA:99,1
DA:100,1
DA:101,1
DA:102,1
DA:103,1
DA:104,1
DA:105,1
DA:106,1
DA:107,1
DA:108,1
DA:109,1
DA:110,1
DA:111,73
DA:112,73
DA:113,73
DA:114,37
DA:115,73
DA:116,73
DA:117,1
DA:118,1
DA:119,1
LF:119
LH:119
BRDA:10,0,0,70
BRDA:11,1,0,317
BRDA:13,2,0,45
BRDA:13,3,0,272
BRDA:26,4,0,246
BRDA:30,5,0,71
BRDA:34,6,0,24
BRDA:34,7,0,47
BRDA:49,8,0,273
BRDA:50,9,0,206
BRDA:54,10,0,128
BRDA:60,11,0,78
BRDA:63,12,0,83
BRDA:71,13,0,366
BRDA:73,14,0,326
BRDA:80,15,0,15
BRDA:85,16,0,288
BRDA:85,17,0,38
BRDA:110,18,0,73
BRDA:113,19,0,37
BRF:20
BRH:20
end_of_record
TN:
SF:src\state.ts
FN:7,JobPool
FN:11,addToPool
FN:15,runPool
FN:47,StateImage
FN:71,get
FN:82,set
FN:118,StateImage.readStateFromImage
FN:105,restrictCalculation
FN:110,runWithRestrictionLifted
FN:121,writeState
FN:129,registerSelectorTrigger
FN:141,TriggerJob
FN:142,triggerJob
FN:146,TriggerJob.registerTriggerJob
FN:169,runUnregister
FNF:15
FNH:15
FNDA:72,JobPool
FNDA:188,addToPool
FNDA:184,runPool
FNDA:71,StateImage
FNDA:533,get
FNDA:240,set
FNDA:390,StateImage.readStateFromImage
FNDA:773,restrictCalculation
FNDA:565,runWithRestrictionLifted
FNDA:175,writeState
FNDA:282,registerSelectorTrigger
FNDA:286,TriggerJob
FNDA:209,triggerJob
FNDA:400,TriggerJob.registerTriggerJob
FNDA:127,runUnregister
DA:1,1
DA:2,1
DA:3,1
DA:4,1
DA:5,1
DA:6,1
DA:7,72
DA:8,72
DA:9,72
DA:10,72
DA:11,72
DA:12,188
DA:13,188
DA:14,72
DA:15,72
DA:16,184
DA:17,188
DA:18,222
DA:19,208
DA:20,208
DA:21,208
DA:22,188
DA:23,184
DA:24,184
DA:25,184
DA:26,184
DA:27,184
DA:28,72
DA:29,1
DA:30,1
DA:31,1
DA:32,1
DA:33,1
DA:34,1
DA:35,1
DA:36,1
DA:37,1
DA:38,1
DA:39,1
DA:40,1
DA:41,1
DA:42,1
DA:43,1
DA:44,1
DA:45,1
DA:46,1
DA:47,1
DA:48,71
DA:49,71
DA:50,71
DA:51,1
DA:52,1
DA:53,1
DA:54,1
DA:55,1
DA:56,1
DA:57,1
DA:58,1
DA:59,1
DA:60,1
DA:61,1
DA:62,1
DA:63,1
DA:64,1
DA:65,1
DA:66,1
DA:67,1
DA:68,1
DA:69,1
DA:70,1
DA:71,1
DA:72,533
DA:73,533
DA:74,533
DA:75,395
DA:76,395
DA:77,395
DA:78,528
DA:79,528
DA:80,1
DA:81,1
DA:82,1
DA:83,240
DA:84,240
DA:85,240
DA:86,240
DA:87,240
DA:88,240
DA:89,240
DA:90,240
DA:91,1
DA:92,1
DA:93,1
DA:94,1
DA:95,1
DA:96,1
DA:97,1
DA:98,1
DA:99,1
DA:100,1
DA:101,1
DA:102,1
DA:103,1
DA:104,1
DA:105,1
DA:106,773
DA:107,773
DA:108,773
DA:109,1
DA:110,1
DA:111,565
DA:112,565
DA:113,565
DA:114,565
DA:115,565
DA:116,565
DA:117,1
DA:118,1
DA:119,1
DA:120,1
DA:121,1
DA:122,175
DA:123,175
DA:124,175
DA:125,175
DA:126,175
DA:127,175
DA:128,1
DA:129,1
DA:130,282
DA:131,282
DA:132,282
DA:133,282
DA:134,1
DA:135,1
DA:136,1
DA:137,1
DA:138,1
DA:139,1
DA:140,1
DA:141,1
DA:142,286
DA:143,209
DA:144,286
DA:145,286
DA:146,286
DA:147,400
DA:148,400
DA:149,400
DA:150,400
DA:151,400
DA:152,400
DA:153,291
DA:154,400
DA:155,286
DA:156,286
DA:157,1
DA:158,1
DA:159,1
DA:160,1
DA:161,1
DA:162,1
DA:163,1
DA:164,1
DA:165,1
DA:166,1
DA:167,1
DA:168,1
DA:169,1
DA:170,127
DA:171,291
DA:172,127
DA:173,127
DA:174,1
LF:174
LH:174
BRDA:7,0,0,72
BRDA:11,1,0,188
BRDA:15,2,0,184
BRDA:16,3,0,188
BRDA:17,4,0,222
BRDA:18,5,0,14
BRDA:19,6,0,208
BRDA:47,7,0,71
BRDA:71,8,0,533
BRDA:74,9,0,395
BRDA:74,10,0,133
BRDA:74,11,0,395
BRDA:74,12,0,395
BRDA:75,13,0,275
BRDA:75,14,0,120
BRDA:78,15,0,528
BRDA:82,16,0,240
BRDA:88,17,0,208
BRDA:88,18,0,185
BRDA:118,19,0,390
BRDA:119,20,0,390
BRDA:105,21,0,773
BRDA:107,22,0,5
BRDA:110,23,0,565
BRDA:121,24,0,175
BRDA:122,25,0,175
BRDA:129,26,0,282
BRDA:141,27,0,286
BRDA:142,28,0,209
BRDA:143,29,0,127
BRDA:146,30,0,400
BRDA:152,31,0,291
BRDA:169,32,0,127
BRDA:170,33,0,291
BRF:34
BRH:34
end_of_record
