TN:
SF:src\index.ts
FN:1,get
FNF:1
FNH:1
FNDA:25,get
DA:1,1
DA:2,1
LF:2
LH:2
BRDA:1,0,0,25
BRF:1
BRH:1
end_of_record
TN:
SF:src\medama.ts
FN:14,createMedama
FN:19,subscribeToState
FN:32,readState
FN:34,setState
FN:43,resetState
FN:55,createResubscribeStore
FN:58,unsubscribe
FN:63,resubscribe
FNF:8
FNH:8
FNDA:47,createMedama
FNDA:46,subscribeToState
FNDA:90,readState
FNDA:162,setState
FNDA:23,resetState
FNDA:46,createResubscribeStore
FNDA:18,unsubscribe
FNDA:68,resubscribe
DA:1,1
DA:2,1
DA:3,1
DA:4,1
DA:5,1
DA:6,1
DA:7,1
DA:8,1
DA:9,1
DA:10,1
DA:11,1
DA:12,1
DA:13,1
DA:14,1
DA:15,47
DA:16,47
DA:17,47
DA:18,47
DA:19,47
DA:20,46
DA:21,46
DA:22,46
DA:23,46
DA:24,68
DA:25,46
DA:26,46
DA:27,46
DA:28,46
DA:29,46
DA:30,47
DA:31,47
DA:32,47
DA:33,47
DA:34,47
DA:35,162
DA:36,162
DA:37,162
DA:38,162
DA:39,162
DA:40,162
DA:41,47
DA:42,47
DA:43,47
DA:44,23
DA:45,23
DA:46,23
DA:47,23
DA:48,47
DA:49,47
DA:50,47
DA:51,47
DA:52,47
DA:53,47
DA:54,1
DA:55,1
DA:56,46
DA:57,46
DA:58,46
DA:59,18
DA:60,18
DA:61,46
DA:62,46
DA:63,46
DA:64,68
DA:65,68
DA:66,46
DA:67,46
DA:68,46
DA:69,46
LF:69
LH:69
BRDA:14,0,0,47
BRDA:19,1,0,46
BRDA:23,2,0,68
BRDA:32,3,0,90
BRDA:34,4,0,162
BRDA:36,5,0,146
BRDA:36,6,0,16
BRDA:43,7,0,23
BRDA:55,8,0,46
BRDA:58,9,0,18
BRDA:59,10,0,0
BRDA:63,11,0,68
BRDA:64,12,0,14
BRDA:64,13,0,54
BRDA:64,14,0,14
BRF:15
BRH:14
end_of_record
TN:
SF:src\selectorStore.ts
FN:9,createSelectorStore
FN:20,getSelectorValue
FN:21,getSelectorRecord
FN:38,getSelectorRecord
FN:48,subscribeToStateInSelectorStore
FN:73,createSelectorRecord
FN:93,calculateValue
FN:95,addSubscription
FN:103,getValue
FN:126,selectorTrigger
FNF:10
FNH:10
FNDA:70,createSelectorStore
FNDA:236,getSelectorValue
FNDA:236,getSelectorRecord
FNDA:68,getSelectorRecord
FNDA:68,subscribeToStateInSelectorStore
FNDA:270,createSelectorRecord
FNDA:346,calculateValue
FNDA:68,addSubscription
FNDA:304,getValue
FNDA:188,selectorTrigger
DA:1,1
DA:2,1
DA:3,1
DA:4,1
DA:5,1
DA:6,1
DA:7,1
DA:8,1
DA:9,1
DA:10,70
DA:11,70
DA:12,70
DA:13,70
DA:14,70
DA:15,70
DA:16,70
DA:17,70
DA:18,70
DA:19,70
DA:20,70
DA:21,236
DA:22,236
DA:23,236
DA:24,236
DA:25,236
DA:26,236
DA:27,236
DA:28,236
DA:29,236
DA:30,236
DA:31,236
DA:32,236
DA:33,70
DA:34,70
DA:35,70
DA:36,70
DA:37,70
DA:38,70
DA:39,68
DA:40,68
DA:41,68
DA:42,68
DA:43,68
DA:44,68
DA:45,68
DA:46,70
DA:47,70
DA:48,70
DA:49,68
DA:50,68
DA:51,68
DA:52,68
DA:53,68
DA:54,68
DA:55,68
DA:56,70
DA:57,70
DA:58,70
DA:59,70
DA:60,1
DA:61,1
DA:62,1
DA:63,1
DA:64,1
DA:65,1
DA:66,1
DA:67,1
DA:68,1
DA:69,1
DA:70,1
DA:71,1
DA:72,1
DA:73,1
DA:74,270
DA:75,270
DA:76,270
DA:77,270
DA:78,270
DA:79,270
DA:80,270
DA:81,270
DA:82,270
DA:83,270
DA:84,270
DA:85,270
DA:86,270
DA:87,270
DA:88,270
DA:89,270
DA:90,270
DA:91,270
DA:92,270
DA:93,270
DA:94,270
DA:95,270
DA:96,68
DA:97,68
DA:98,68
DA:99,32
DA:100,68
DA:101,270
DA:102,270
DA:103,270
DA:104,304
DA:105,304
DA:106,304
DA:107,304
DA:108,304
DA:109,304
DA:110,304
DA:111,8
DA:112,8
DA:113,8
DA:114,304
DA:115,304
DA:116,304
DA:117,304
DA:118,304
DA:119,270
DA:120,270
DA:121,270
DA:122,270
DA:123,270
DA:124,270
DA:125,270
DA:126,270
DA:127,188
DA:128,188
DA:129,188
DA:130,188
DA:131,120
DA:132,120
DA:133,120
DA:134,120
DA:135,120
DA:136,68
DA:137,68
DA:138,68
DA:139,68
DA:140,70
DA:141,68
DA:142,68
DA:143,68
DA:144,270
DA:145,270
DA:146,270
DA:147,270
DA:148,270
DA:149,270
LF:149
LH:149
BRDA:9,0,0,70
BRDA:20,1,0,236
BRDA:21,2,0,236
BRDA:23,3,0,10
BRDA:23,4,0,226
BRDA:38,5,0,68
BRDA:40,6,0,24
BRDA:40,7,0,44
BRDA:48,8,0,68
BRDA:55,9,0,22
BRDA:55,10,0,46
BRDA:73,11,0,270
BRDA:93,12,0,346
BRDA:95,13,0,68
BRDA:98,14,0,32
BRDA:103,15,0,304
BRDA:110,16,0,8
BRDA:115,17,0,278
BRDA:126,18,0,188
BRDA:130,19,0,120
BRDA:136,20,0,68
BRDA:139,21,0,70
BRF:22
BRH:22
end_of_record
TN:
SF:src\state.ts
FN:23,createStateImage
FN:41,restrictCalculation
FN:46,runWithRestrictionLifted
FN:52,readStateFromImage
FN:55,writeState
FN:63,registerSelectorTrigger
FN:78,get
FN:90,set
FN:116,createRegisterTriggerJob
FN:122,runUnregister
FN:131,triggerJob
FN:139,registerTriggerJob
FN:154,createJobPool
FN:158,addToPool
FN:162,runPool
FNF:15
FNH:15
FNDA:70,createStateImage
FNDA:702,restrictCalculation
FNDA:508,runWithRestrictionLifted
FNDA:346,readStateFromImage
FNDA:162,writeState
FNDA:278,registerSelectorTrigger
FNDA:488,get
FNDA:214,set
FNDA:278,createRegisterTriggerJob
FNDA:120,runUnregister
FNDA:188,triggerJob
FNDA:390,registerTriggerJob
FNDA:70,createJobPool
FNDA:170,addToPool
FNDA:162,runPool
DA:1,1
DA:2,1
DA:3,1
DA:4,1
DA:5,1
DA:6,1
DA:7,1
DA:8,1
DA:9,1
DA:10,1
DA:11,1
DA:12,1
DA:13,1
DA:14,1
DA:15,1
DA:16,1
DA:17,1
DA:18,1
DA:19,1
DA:20,1
DA:21,1
DA:22,1
DA:23,1
DA:24,70
DA:25,70
DA:26,70
DA:27,70
DA:28,70
DA:29,70
DA:30,70
DA:31,70
DA:32,70
DA:33,70
DA:34,70
DA:35,70
DA:36,70
DA:37,70
DA:38,70
DA:39,70
DA:40,70
DA:41,70
DA:42,702
DA:43,702
DA:44,70
DA:45,70
DA:46,70
DA:47,508
DA:48,508
DA:49,508
DA:50,70
DA:51,70
DA:52,70
DA:53,70
DA:54,70
DA:55,70
DA:56,162
DA:57,162
DA:58,162
DA:59,162
DA:60,162
DA:61,70
DA:62,70
DA:63,70
DA:64,278
DA:65,278
DA:66,278
DA:67,70
DA:68,70
DA:69,70
DA:70,70
DA:71,70
DA:72,70
DA:73,70
DA:74,70
DA:75,70
DA:76,70
DA:77,70
DA:78,70
DA:79,488
DA:80,488
DA:81,488
DA:82,488
DA:83,390
DA:84,390
DA:85,390
DA:86,484
DA:87,484
DA:88,70
DA:89,70
DA:90,70
DA:91,214
DA:92,214
DA:93,214
DA:94,214
DA:95,214
DA:96,214
DA:97,214
DA:98,214
DA:99,70
DA:100,70
DA:101,70
DA:102,70
DA:103,70
DA:104,70
DA:105,70
DA:106,70
DA:107,70
DA:108,70
DA:109,1
DA:110,1
DA:111,1
DA:112,1
DA:113,1
DA:114,1
DA:115,1
DA:116,1
DA:117,278
DA:118,278
DA:119,278
DA:120,278
DA:121,278
DA:122,278
DA:123,120
DA:124,282
DA:125,120
DA:126,278
DA:127,278
DA:128,278
DA:129,278
DA:130,278
DA:131,278
DA:132,188
DA:133,278
DA:134,278
DA:135,278
DA:136,278
DA:137,278
DA:138,278
DA:139,278
DA:140,390
DA:141,390
DA:142,390
DA:143,282
DA:144,390
DA:145,278
DA:146,278
DA:147,278
DA:148,278
DA:149,1
DA:150,1
DA:151,1
DA:152,1
DA:153,1
DA:154,1
DA:155,70
DA:156,70
DA:157,70
DA:158,70
DA:159,170
DA:160,70
DA:161,70
DA:162,70
DA:163,162
DA:164,170
DA:165,202
DA:166,188
DA:167,188
DA:168,188
DA:169,170
DA:170,162
DA:171,162
DA:172,162
DA:173,162
DA:174,70
DA:175,70
DA:176,70
DA:177,70
LF:177
LH:177
BRDA:23,0,0,70
BRDA:41,1,0,702
BRDA:43,2,0,4
BRDA:46,3,0,508
BRDA:52,4,0,346
BRDA:53,5,0,346
BRDA:55,6,0,162
BRDA:56,7,0,162
BRDA:63,8,0,278
BRDA:78,9,0,488
BRDA:82,10,0,390
BRDA:83,11,0,274
BRDA:83,12,0,116
BRDA:86,13,0,484
BRDA:90,14,0,214
BRDA:96,15,0,190
BRDA:96,16,0,170
BRDA:116,17,0,278
BRDA:122,18,0,120
BRDA:123,19,0,282
BRDA:131,20,0,188
BRDA:132,21,0,120
BRDA:139,22,0,390
BRDA:142,23,0,282
BRDA:154,24,0,70
BRDA:158,25,0,170
BRDA:162,26,0,162
BRDA:163,27,0,170
BRDA:164,28,0,202
BRDA:165,29,0,14
BRDA:166,30,0,188
BRF:31
BRH:31
end_of_record
